[Log] Serializing /root/app/workdir/0-epochlogs.epochlog
[Log] Serializing /root/app/workdir/0-model.h5
[Log] Serializing /root/app/workdir/0-results.csv
[Log] Serializing /root/app/workdir/datadefinitions/__pycache__/generic.cpython-35.pyc
[Log] Serializing /root/app/workdir/datadefinitions/__pycache__/bpi2012.cpython-35.pyc
[Log] Serializing /root/app/workdir/utility/__pycache__/hyperparameteroptimization.cpython-35.pyc
[Log] Serializing /root/app/workdir/utility/__pycache__/generator.cpython-35.pyc
[Log] Serializing /root/app/workdir/utility/__pycache__/preprocessing.cpython-35.pyc
[Log] Serializing /root/app/workdir/utility/__pycache__/configuration.cpython-35.pyc
[Log] Serializing /root/app/workdir/utility/__pycache__/run.cpython-35.pyc
[Log] Serializing /root/app/workdir/utility/__pycache__/enums.cpython-35.pyc
[Log] Serializing /root/app/workdir/utility/__pycache__/regularization.cpython-35.pyc
[Log] Serializing /root/app/workdir/utility/__pycache__/exceptions.cpython-35.pyc
[Log] Serializing /root/app/workdir/utility/__pycache__/dataoperations.cpython-35.pyc
[Log] Serializing /root/app/workdir/utility/__pycache__/models.cpython-35.pyc
Send training results
[Log] Cleaned working directory
[Log] Finished work package
[Log] Fetch work.
Results sent.
[Log] Training Work package received from server: caise2019_bpic2012 9162e441-1b5d-48a5-bad5-174b84e5a71f
[Log] Cleaned working directory
[Log] Deserializing 26 files 
[Log] Deserializing /root/app/workdir/caise2019_bpic2012.py
[Log] Deserializing /root/app/workdir/caise2019_bpic2017.py
[Log] Deserializing /root/app/workdir/caise2019_bpic2018.py
[Log] Deserializing /root/app/workdir/caise2019_c2k.py
[Log] Deserializing /root/app/workdir/caise2019_tt.py
[Log] Deserializing /root/app/workdir/requirements.txt
[Log] Deserializing /root/app/workdir/requirements_gpu.txt
[Log] Deserializing /root/app/workdir/version.xml
[Log] Deserializing /root/app/workdir/datadefinitions/bpi2012.py
[Log] Deserializing /root/app/workdir/datadefinitions/bpi2017.py
[Log] Deserializing /root/app/workdir/datadefinitions/bpi2018.py
[Log] Deserializing /root/app/workdir/datadefinitions/cargo2000.py
[Log] Deserializing /root/app/workdir/datadefinitions/cargo2000generic.py
[Log] Deserializing /root/app/workdir/datadefinitions/generic.py
[Log] Deserializing /root/app/workdir/datadefinitions/transformingtransport.py
[Log] Deserializing /root/app/workdir/datasets/bpi2012.csv
[Log] Deserializing /root/app/workdir/utility/configuration.py
[Log] Deserializing /root/app/workdir/utility/dataoperations.py
[Log] Deserializing /root/app/workdir/utility/enums.py
[Log] Deserializing /root/app/workdir/utility/exceptions.py
[Log] Deserializing /root/app/workdir/utility/generator.py
[Log] Deserializing /root/app/workdir/utility/hyperparameteroptimization.py
[Log] Deserializing /root/app/workdir/utility/models.py
[Log] Deserializing /root/app/workdir/utility/preprocessing.py
[Log] Deserializing /root/app/workdir/utility/regularization.py
[Log] Deserializing /root/app/workdir/utility/run.py
[Log] Deserialized 26 files
[Log] Processing training work package
[Log] Create worker process.
[Log] Create process for: /bin/bash -c "python3 caise2019_bpic2012.py" in /root/app/workdir
[Log] Starting process for: /bin/bash -c "python3 caise2019_bpic2012.py"
2019-02-26 04:25:00.507199: I tensorflow/core/platform/cpu_feature_guard.cc:141] Your CPU supports instructions that this TensorFlow binary was not compiled to use: AVX2 FMA
2019-02-26 04:25:00.579267: I tensorflow/stream_executor/cuda/cuda_gpu_executor.cc:897] successful NUMA node read from SysFS had negative value (-1), but there must be at least one NUMA node, so returning NUMA node zero
2019-02-26 04:25:00.579847: I tensorflow/core/common_runtime/gpu/gpu_device.cc:1392] Found device 0 with properties: 
name: GeForce GTX 1060 6GB major: 6 minor: 1 memoryClockRate(GHz): 1.7715
pciBusID: 0000:01:00.0
totalMemory: 5.93GiB freeMemory: 5.49GiB
2019-02-26 04:25:00.579867: I tensorflow/core/common_runtime/gpu/gpu_device.cc:1471] Adding visible gpu devices: 0
2019-02-26 04:25:01.171042: I tensorflow/core/common_runtime/gpu/gpu_device.cc:952] Device interconnect StreamExecutor with strength 1 edge matrix:
2019-02-26 04:25:01.171064: I tensorflow/core/common_runtime/gpu/gpu_device.cc:958]      0 
2019-02-26 04:25:01.171070: I tensorflow/core/common_runtime/gpu/gpu_device.cc:971] 0:   N 
2019-02-26 04:25:01.171207: I tensorflow/core/common_runtime/gpu/gpu_device.cc:1084] Created TensorFlow device (/job:localhost/replica:0/task:0/device:GPU:0 with 5259 MB memory) -> physical GPU (device: 0, name: GeForce GTX 1060 6GB, pci bus id: 0000:01:00.0, compute capability: 6.1)
bagging_putback defined: True
tensorboard defined: False
testdata_split defined: 0.3333
bidirectional defined: False
neurons defined: 100
bagging defined: True
max_epochs defined: 500
patience_reducelr defined: 10
gradientclipvalue defined: 3
datageneration_pattern defined: DataGenerationPattern.Generator
datadefinition defined: <datadefinitions.bpi2012.BPI2012 object at 0x7f0b5186ae10>
traindata_split_index defined: 0
traindata_duplicate defined: 0
traindata_split defined: 1
bagging_size defined: 0.6
cudnn defined: True
layers defined: 2
patience_earlystopping defined: 40
running defined: 0
batch_size defined: 64
traindata_shuffle defined: False
processor defined: Processor.GPU
dropout defined: 0.1
verbose defined: False
learningrate defined: 0.002
validationdata_split defined: 0.2
max_sequencelength defined: 150000
save_model defined: True
rnntype defined: RnnType.LSTM
keras version: 2.2.2
tensorflow version: 1.9.0
tensorflow session cleaned
multi process gpu usage: enabled
tensorflow configured
no value found for datadefinition.featureweight at index 4, setting default value
no value found for datadefinition.featureweight at index 5, setting default value
read 190827 rows
sequences truncated to 150000
offset0: null
offset1: null
offset2: 0
offset3: 0
offset4: null
offset5: null
divisor0: null
divisor1: null
divisor2: 4.770425059696304
divisor3: 9547.828404708018
divisor4: null
divisor5: null
maxlen 106 
total chars: 23, target chars: 24
characters:  ['A', 'B', 'C', 'D', 'E', 'F', 'G', 'H', 'I', 'J', 'K', 'L', 'M', 'N', 'O', 'P', 'Q', 'R', 'S', 'T', 'U', 'V', 'W']
unique characters:  ['A', 'B', 'C', 'D', 'E', 'F', 'G', 'H', 'I', 'J', 'K', 'L', 'M', 'N', 'O', 'P', 'Q', 'R', 'S', 'T', 'U', 'V', 'W']
total chars: 68, target chars: 69
characters:  ['10124', '10125', '10138', '10188', '10228', '10609', '10629', '10779', '10789', '10809', '10821', '10859', '10861', '10862', '10863', '10880', '10881', '10889', '10899', '10909', '10910', '10912', '10913', '10914', '10929', '10931', '10932', '10933', '10935', '10939', '10971', '10972', '10982', '11000', '11001', '11002', '11003', '11009', '11019', '11029', '11049', '11079', '11111', '11119', '11120', '11121', '11122', '11169', '11179', '11180', '11181', '11189', '112', '11200', '11201', '11202', '11203', '11254', '11259', '11269', '11289', '11299', '11300', '11302', '11304', '11309', '11319', '11339']
unique characters:  ['0', '1', '2', '3', '4', '5', '6', '7', '8', '9']
total chars: 2, target chars: 3
characters:  ['False', 'True']
unique characters:  ['F', 'T', 'a', 'e', 'l', 'r', 's', 'u']
category vectors length: 91
num features: 94
6980 sequences in train data
4362 sequences in test data
1745 sequences in validation data
6980 elements before bagging with putback True
4188 elements after bagging with putback True
created generator with with 4188 sequences and 60835 sentences
created generator with with 1745 sequences and 26772 sentences
created sentence generators
Generators detected: Vectorization will be performed during runtime
Build model...
imported keras API for model creation
creating stateless cudnn lstm model
_________________________________________________________________
Layer (type)                 Output Shape              Param #   
=================================================================
cu_dnnlstm_1 (CuDNNLSTM)     (None, 106, 100)          78400     
_________________________________________________________________
batch_normalization_1 (Batch (None, 106, 100)          400       
_________________________________________________________________
cu_dnnlstm_2 (CuDNNLSTM)     (None, 100)               80800     
_________________________________________________________________
batch_normalization_2 (Batch (None, 100)               400       
_________________________________________________________________
time_output (Dense)          (None, 1)                 101       
=================================================================
Total params: 160,101
Trainable params: 159,701
Non-trainable params: 400
_________________________________________________________________
Epoch 1/500
 - 62s - loss: 0.4487 - val_loss: 0.4985
Epoch 2/500
 - 61s - loss: 0.4006 - val_loss: 0.3727
Epoch 3/500
 - 61s - loss: 0.3789 - val_loss: 0.3628
Epoch 4/500
 - 61s - loss: 0.3783 - val_loss: 0.3965
Epoch 5/500
 - 61s - loss: 0.3742 - val_loss: 0.4503
Epoch 6/500
 - 61s - loss: 0.3775 - val_loss: 0.3184
Epoch 7/500
 - 61s - loss: 0.3668 - val_loss: 0.3022
Epoch 8/500
 - 61s - loss: 0.3680 - val_loss: 0.3527
Epoch 9/500
 - 61s - loss: 0.3659 - val_loss: 0.2815
Epoch 10/500
 - 61s - loss: 0.3639 - val_loss: 0.3851
Epoch 11/500
 - 61s - loss: 0.3590 - val_loss: 0.2945
Epoch 12/500
 - 61s - loss: 0.3577 - val_loss: 0.3017
Epoch 13/500
 - 61s - loss: 0.3677 - val_loss: 0.3063
Epoch 14/500
 - 61s - loss: 0.3633 - val_loss: 0.2944
Epoch 15/500
 - 61s - loss: 0.3595 - val_loss: 0.3025
Epoch 16/500
 - 61s - loss: 0.3561 - val_loss: 0.3014
Epoch 17/500
 - 61s - loss: 0.3587 - val_loss: 0.2896
Epoch 18/500
 - 61s - loss: 0.3572 - val_loss: 0.3521
Epoch 19/500
 - 61s - loss: 0.3562 - val_loss: 0.2948
Epoch 20/500
 - 61s - loss: 0.3549 - val_loss: 0.2863
Epoch 21/500
 - 61s - loss: 0.3486 - val_loss: 0.3083
Epoch 22/500
 - 61s - loss: 0.3517 - val_loss: 0.2868
Epoch 23/500
 - 50s - loss: 0.3468 - val_loss: 0.2945
Epoch 24/500
 - 61s - loss: 0.3480 - val_loss: 0.2891
Epoch 25/500
 - 61s - loss: 0.3467 - val_loss: 0.2919
Epoch 26/500
 - 61s - loss: 0.3513 - val_loss: 0.2809
Epoch 27/500
 - 59s - loss: 0.3494 - val_loss: 0.3070
Epoch 28/500
 - 59s - loss: 0.3483 - val_loss: 0.3263
Epoch 29/500
 - 60s - loss: 0.3528 - val_loss: 0.3069
Epoch 30/500
 - 59s - loss: 0.3460 - val_loss: 0.2917
Epoch 31/500
 - 59s - loss: 0.3471 - val_loss: 0.3109
Epoch 32/500
 - 59s - loss: 0.3470 - val_loss: 0.3177
Epoch 33/500
 - 59s - loss: 0.3498 - val_loss: 0.2882
Epoch 34/500
 - 59s - loss: 0.3494 - val_loss: 0.2987
Epoch 35/500
 - 59s - loss: 0.3507 - val_loss: 0.3077
Epoch 36/500
 - 59s - loss: 0.3480 - val_loss: 0.2969
Epoch 37/500
 - 61s - loss: 0.3489 - val_loss: 0.2890
Epoch 38/500
 - 61s - loss: 0.3471 - val_loss: 0.2999
Epoch 39/500
 - 61s - loss: 0.3426 - val_loss: 0.3018
Epoch 40/500
 - 61s - loss: 0.3432 - val_loss: 0.2934
Epoch 41/500
 - 61s - loss: 0.3427 - val_loss: 0.2921
Epoch 42/500
 - 61s - loss: 0.3441 - val_loss: 0.2933
Epoch 43/500
 - 61s - loss: 0.3439 - val_loss: 0.2923
Epoch 44/500
 - 61s - loss: 0.3440 - val_loss: 0.2935
Epoch 45/500
 - 61s - loss: 0.3412 - val_loss: 0.3058
Epoch 46/500
 - 61s - loss: 0.3378 - val_loss: 0.2990
Epoch 47/500
 - 61s - loss: 0.3377 - val_loss: 0.3026
Epoch 48/500
 - 61s - loss: 0.3398 - val_loss: 0.3114
Epoch 49/500
 - 61s - loss: 0.3386 - val_loss: 0.2951
Epoch 50/500
 - 59s - loss: 0.3397 - val_loss: 0.2988
Epoch 51/500
 - 51s - loss: 0.3401 - val_loss: 0.2988
Epoch 52/500
 - 61s - loss: 0.3338 - val_loss: 0.3099
Epoch 53/500
 - 61s - loss: 0.3382 - val_loss: 0.3152
Epoch 54/500
 - 60s - loss: 0.3341 - val_loss: 0.3087
Epoch 55/500
 - 61s - loss: 0.3369 - val_loss: 0.3017
Epoch 56/500
 - 61s - loss: 0.3321 - val_loss: 0.3172
Epoch 57/500
 - 61s - loss: 0.3327 - val_loss: 0.3043
Epoch 58/500
 - 61s - loss: 0.3359 - val_loss: 0.3083
Epoch 59/500
 - 61s - loss: 0.3395 - val_loss: 0.3118
Epoch 60/500
 - 61s - loss: 0.3340 - val_loss: 0.3106
Epoch 61/500
 - 61s - loss: 0.3309 - val_loss: 0.3109
Epoch 62/500
 - 61s - loss: 0.3285 - val_loss: 0.3131
Epoch 63/500
 - 61s - loss: 0.3277 - val_loss: 0.3039
Epoch 64/500
 - 61s - loss: 0.3330 - val_loss: 0.3176
Epoch 65/500
 - 61s - loss: 0.3384 - val_loss: 0.3126
Epoch 66/500
 - 60s - loss: 0.3308 - val_loss: 0.3108
/usr/lib/python3.5/importlib/_bootstrap.py:222: RuntimeWarning: numpy.dtype size changed, may indicate binary incompatibility. Expected 96, got 88
Load model for predictions...
  return f(*args, **kwds)
Using TensorFlow backend.
/usr/lib/python3.5/importlib/_bootstrap.py:222: RuntimeWarning: numpy.dtype size changed, may indicate binary incompatibility. Expected 96, got 88
  return f(*args, **kwds)
/usr/lib/python3.5/importlib/_bootstrap.py:222: RuntimeWarning: numpy.dtype size changed, may indicate binary incompatibility. Expected 96, got 88
  return f(*args, **kwds)
imported keras API for model creation
creating stateless cudnn lstm model
Model loaded from checkpoint
_________________________________________________________________
Layer (type)                 Output Shape              Param #   
=================================================================
cu_dnnlstm_3 (CuDNNLSTM)     (None, 106, 100)          78400     
_________________________________________________________________
batch_normalization_3 (Batch (None, 106, 100)          400       
_________________________________________________________________
cu_dnnlstm_4 (CuDNNLSTM)     (None, 100)               80800     
_________________________________________________________________
batch_normalization_4 (Batch (None, 100)               400       
_________________________________________________________________
time_output (Dense)          (None, 1)                 101       
=================================================================
Total params: 160,101
Trainable params: 159,701
Non-trainable params: 400
_________________________________________________________________
Make predictions...
sequences: 4362
finished prediction
tensorflow session cleaned
[Log] Finished process for: /bin/bash -c "python3 caise2019_bpic2012.py"
[Log] Process finished.
