[Log] Serializing /root/app/workdir/0-epochlogs.epochlog
[Log] Serializing /root/app/workdir/0-model.h5
[Log] Serializing /root/app/workdir/0-results.csv
[Log] Serializing /root/app/workdir/datadefinitions/__pycache__/generic.cpython-35.pyc
[Log] Serializing /root/app/workdir/datadefinitions/__pycache__/bpi2012.cpython-35.pyc
[Log] Serializing /root/app/workdir/utility/__pycache__/hyperparameteroptimization.cpython-35.pyc
[Log] Serializing /root/app/workdir/utility/__pycache__/generator.cpython-35.pyc
[Log] Serializing /root/app/workdir/utility/__pycache__/preprocessing.cpython-35.pyc
[Log] Serializing /root/app/workdir/utility/__pycache__/configuration.cpython-35.pyc
[Log] Serializing /root/app/workdir/utility/__pycache__/run.cpython-35.pyc
[Log] Serializing /root/app/workdir/utility/__pycache__/enums.cpython-35.pyc
[Log] Serializing /root/app/workdir/utility/__pycache__/regularization.cpython-35.pyc
[Log] Serializing /root/app/workdir/utility/__pycache__/exceptions.cpython-35.pyc
[Log] Serializing /root/app/workdir/utility/__pycache__/dataoperations.cpython-35.pyc
[Log] Serializing /root/app/workdir/utility/__pycache__/models.cpython-35.pyc
Send training results
[Log] Cleaned working directory
[Log] Finished work package
[Log] Fetch work.
Results sent.
[Log] Training Work package received from server: caise2019_bpic2012 2ac7f6a6-1f89-419c-a903-d28b4e47250c
[Log] Cleaned working directory
[Log] Deserializing 26 files 
[Log] Deserializing /root/app/workdir/caise2019_bpic2012.py
[Log] Deserializing /root/app/workdir/caise2019_bpic2017.py
[Log] Deserializing /root/app/workdir/caise2019_bpic2018.py
[Log] Deserializing /root/app/workdir/caise2019_c2k.py
[Log] Deserializing /root/app/workdir/caise2019_tt.py
[Log] Deserializing /root/app/workdir/requirements.txt
[Log] Deserializing /root/app/workdir/requirements_gpu.txt
[Log] Deserializing /root/app/workdir/version.xml
[Log] Deserializing /root/app/workdir/datadefinitions/bpi2012.py
[Log] Deserializing /root/app/workdir/datadefinitions/bpi2017.py
[Log] Deserializing /root/app/workdir/datadefinitions/bpi2018.py
[Log] Deserializing /root/app/workdir/datadefinitions/cargo2000.py
[Log] Deserializing /root/app/workdir/datadefinitions/cargo2000generic.py
[Log] Deserializing /root/app/workdir/datadefinitions/generic.py
[Log] Deserializing /root/app/workdir/datadefinitions/transformingtransport.py
[Log] Deserializing /root/app/workdir/datasets/bpi2012.csv
[Log] Deserializing /root/app/workdir/utility/configuration.py
[Log] Deserializing /root/app/workdir/utility/dataoperations.py
[Log] Deserializing /root/app/workdir/utility/enums.py
[Log] Deserializing /root/app/workdir/utility/exceptions.py
[Log] Deserializing /root/app/workdir/utility/generator.py
[Log] Deserializing /root/app/workdir/utility/hyperparameteroptimization.py
[Log] Deserializing /root/app/workdir/utility/models.py
[Log] Deserializing /root/app/workdir/utility/preprocessing.py
[Log] Deserializing /root/app/workdir/utility/regularization.py
[Log] Deserializing /root/app/workdir/utility/run.py
[Log] Deserialized 26 files
[Log] Processing training work package
[Log] Create worker process.
[Log] Create process for: /bin/bash -c "python3 caise2019_bpic2012.py" in /root/app/workdir
[Log] Starting process for: /bin/bash -c "python3 caise2019_bpic2012.py"
2019-02-25 07:18:32.928322: I tensorflow/core/platform/cpu_feature_guard.cc:141] Your CPU supports instructions that this TensorFlow binary was not compiled to use: AVX2 FMA
2019-02-25 07:18:33.006031: I tensorflow/stream_executor/cuda/cuda_gpu_executor.cc:897] successful NUMA node read from SysFS had negative value (-1), but there must be at least one NUMA node, so returning NUMA node zero
2019-02-25 07:18:33.006620: I tensorflow/core/common_runtime/gpu/gpu_device.cc:1392] Found device 0 with properties: 
name: GeForce GTX 1060 6GB major: 6 minor: 1 memoryClockRate(GHz): 1.7715
pciBusID: 0000:01:00.0
totalMemory: 5.93GiB freeMemory: 5.49GiB
2019-02-25 07:18:33.006815: I tensorflow/core/common_runtime/gpu/gpu_device.cc:1471] Adding visible gpu devices: 0
2019-02-25 07:18:33.590791: I tensorflow/core/common_runtime/gpu/gpu_device.cc:952] Device interconnect StreamExecutor with strength 1 edge matrix:
2019-02-25 07:18:33.590812: I tensorflow/core/common_runtime/gpu/gpu_device.cc:958]      0 
2019-02-25 07:18:33.590817: I tensorflow/core/common_runtime/gpu/gpu_device.cc:971] 0:   N 
2019-02-25 07:18:33.590955: I tensorflow/core/common_runtime/gpu/gpu_device.cc:1084] Created TensorFlow device (/job:localhost/replica:0/task:0/device:GPU:0 with 5259 MB memory) -> physical GPU (device: 0, name: GeForce GTX 1060 6GB, pci bus id: 0000:01:00.0, compute capability: 6.1)
datageneration_pattern defined: DataGenerationPattern.Generator
processor defined: Processor.GPU
bagging_putback defined: True
validationdata_split defined: 0.2
dropout defined: 0.1
neurons defined: 100
patience_reducelr defined: 10
traindata_shuffle defined: False
save_model defined: True
max_sequencelength defined: 150000
traindata_duplicate defined: 0
running defined: 0
gradientclipvalue defined: 3
batch_size defined: 64
max_epochs defined: 500
tensorboard defined: False
traindata_split defined: 1
learningrate defined: 0.002
datadefinition defined: <datadefinitions.bpi2012.BPI2012 object at 0x7f8775d2fe10>
layers defined: 2
verbose defined: False
traindata_split_index defined: 0
rnntype defined: RnnType.LSTM
patience_earlystopping defined: 40
testdata_split defined: 0.3333
cudnn defined: True
bagging_size defined: 0.6
bidirectional defined: False
bagging defined: True
keras version: 2.2.2
tensorflow version: 1.9.0
tensorflow session cleaned
multi process gpu usage: enabled
tensorflow configured
no value found for datadefinition.featureweight at index 4, setting default value
no value found for datadefinition.featureweight at index 5, setting default value
read 190827 rows
sequences truncated to 150000
offset0: null
offset1: null
offset2: 0
offset3: 0
offset4: null
offset5: null
divisor0: null
divisor1: null
divisor2: 4.770425059696304
divisor3: 9547.828404708018
divisor4: null
divisor5: null
maxlen 106 
total chars: 23, target chars: 24
characters:  ['A', 'B', 'C', 'D', 'E', 'F', 'G', 'H', 'I', 'J', 'K', 'L', 'M', 'N', 'O', 'P', 'Q', 'R', 'S', 'T', 'U', 'V', 'W']
unique characters:  ['A', 'B', 'C', 'D', 'E', 'F', 'G', 'H', 'I', 'J', 'K', 'L', 'M', 'N', 'O', 'P', 'Q', 'R', 'S', 'T', 'U', 'V', 'W']
total chars: 68, target chars: 69
characters:  ['10124', '10125', '10138', '10188', '10228', '10609', '10629', '10779', '10789', '10809', '10821', '10859', '10861', '10862', '10863', '10880', '10881', '10889', '10899', '10909', '10910', '10912', '10913', '10914', '10929', '10931', '10932', '10933', '10935', '10939', '10971', '10972', '10982', '11000', '11001', '11002', '11003', '11009', '11019', '11029', '11049', '11079', '11111', '11119', '11120', '11121', '11122', '11169', '11179', '11180', '11181', '11189', '112', '11200', '11201', '11202', '11203', '11254', '11259', '11269', '11289', '11299', '11300', '11302', '11304', '11309', '11319', '11339']
unique characters:  ['0', '1', '2', '3', '4', '5', '6', '7', '8', '9']
total chars: 2, target chars: 3
characters:  ['False', 'True']
unique characters:  ['F', 'T', 'a', 'e', 'l', 'r', 's', 'u']
category vectors length: 91
num features: 94
6980 sequences in train data
4362 sequences in test data
1745 sequences in validation data
6980 elements before bagging with putback True
4188 elements after bagging with putback True
created generator with with 4188 sequences and 61858 sentences
created generator with with 1745 sequences and 26772 sentences
created sentence generators
Generators detected: Vectorization will be performed during runtime
Build model...
imported keras API for model creation
creating stateless cudnn lstm model
_________________________________________________________________
Layer (type)                 Output Shape              Param #   
=================================================================
cu_dnnlstm_1 (CuDNNLSTM)     (None, 106, 100)          78400     
_________________________________________________________________
batch_normalization_1 (Batch (None, 106, 100)          400       
_________________________________________________________________
cu_dnnlstm_2 (CuDNNLSTM)     (None, 100)               80800     
_________________________________________________________________
batch_normalization_2 (Batch (None, 100)               400       
_________________________________________________________________
time_output (Dense)          (None, 1)                 101       
=================================================================
Total params: 160,101
Trainable params: 159,701
Non-trainable params: 400
_________________________________________________________________
Epoch 1/500
 - 63s - loss: 0.4473 - val_loss: 0.3197
Epoch 2/500
 - 61s - loss: 0.4110 - val_loss: 0.3387
Epoch 3/500
 - 61s - loss: 0.3915 - val_loss: 0.3867
Epoch 4/500
 - 50s - loss: 0.3777 - val_loss: 0.3222
Epoch 5/500
 - 61s - loss: 0.3767 - val_loss: 0.3584
Epoch 6/500
 - 61s - loss: 0.3757 - val_loss: 0.3335
Epoch 7/500
 - 61s - loss: 0.3737 - val_loss: 0.3188
Epoch 8/500
 - 61s - loss: 0.3812 - val_loss: 0.3416
Epoch 9/500
 - 61s - loss: 0.3737 - val_loss: 0.3171
Epoch 10/500
 - 61s - loss: 0.3691 - val_loss: 0.3183
Epoch 11/500
 - 61s - loss: 0.3663 - val_loss: 0.3597
Epoch 12/500
 - 61s - loss: 0.3688 - val_loss: 0.2907
Epoch 13/500
 - 61s - loss: 0.3660 - val_loss: 0.2995
Epoch 14/500
 - 61s - loss: 0.3624 - val_loss: 0.3242
Epoch 15/500
 - 61s - loss: 0.3621 - val_loss: 0.2985
Epoch 16/500
 - 61s - loss: 0.3634 - val_loss: 0.3414
Epoch 17/500
 - 61s - loss: 0.3634 - val_loss: 0.3044
Epoch 18/500
 - 61s - loss: 0.3617 - val_loss: 0.2997
Epoch 19/500
 - 61s - loss: 0.3614 - val_loss: 0.3065
Epoch 20/500
 - 61s - loss: 0.3640 - val_loss: 0.2967
Epoch 21/500
 - 61s - loss: 0.3587 - val_loss: 0.2894
Epoch 22/500
 - 61s - loss: 0.3638 - val_loss: 0.2873
Epoch 23/500
 - 61s - loss: 0.3654 - val_loss: 0.3520
Epoch 24/500
 - 61s - loss: 0.3601 - val_loss: 0.2981
Epoch 25/500
 - 61s - loss: 0.3641 - val_loss: 0.2964
Epoch 26/500
 - 61s - loss: 0.3588 - val_loss: 0.3086
Epoch 27/500
 - 61s - loss: 0.3603 - val_loss: 0.2897
Epoch 28/500
 - 61s - loss: 0.3619 - val_loss: 0.3019
Epoch 29/500
 - 61s - loss: 0.3586 - val_loss: 0.3230
Epoch 30/500
 - 59s - loss: 0.3602 - val_loss: 0.3615
Epoch 31/500
 - 52s - loss: 0.3547 - val_loss: 0.3107
Epoch 32/500
 - 61s - loss: 0.3597 - val_loss: 0.2896
Epoch 33/500
 - 61s - loss: 0.3553 - val_loss: 0.2985
Epoch 34/500
 - 61s - loss: 0.3556 - val_loss: 0.2921
Epoch 35/500
 - 61s - loss: 0.3524 - val_loss: 0.2949
Epoch 36/500
 - 61s - loss: 0.3607 - val_loss: 0.3049
Epoch 37/500
 - 61s - loss: 0.3573 - val_loss: 0.2982
Epoch 38/500
 - 61s - loss: 0.3512 - val_loss: 0.3135
Epoch 39/500
 - 61s - loss: 0.3532 - val_loss: 0.2871
Epoch 40/500
 - 61s - loss: 0.3549 - val_loss: 0.2851
Epoch 41/500
 - 61s - loss: 0.3556 - val_loss: 0.2889
Epoch 42/500
 - 61s - loss: 0.3540 - val_loss: 0.2909
Epoch 43/500
 - 61s - loss: 0.3583 - val_loss: 0.2915
Epoch 44/500
 - 61s - loss: 0.3579 - val_loss: 0.2867
Epoch 45/500
 - 61s - loss: 0.3535 - val_loss: 0.2939
Epoch 46/500
 - 61s - loss: 0.3545 - val_loss: 0.2862
Epoch 47/500
 - 61s - loss: 0.3519 - val_loss: 0.2884
Epoch 48/500
 - 61s - loss: 0.3528 - val_loss: 0.2881
Epoch 49/500
 - 61s - loss: 0.3567 - val_loss: 0.2926
Epoch 50/500
 - 61s - loss: 0.3566 - val_loss: 0.2843
Epoch 51/500
 - 61s - loss: 0.3486 - val_loss: 0.2916
Epoch 52/500
 - 61s - loss: 0.3544 - val_loss: 0.2832
Epoch 53/500
 - 61s - loss: 0.3554 - val_loss: 0.2838
Epoch 54/500
 - 61s - loss: 0.3531 - val_loss: 0.2948
Epoch 55/500
 - 61s - loss: 0.3519 - val_loss: 0.2930
Epoch 56/500
 - 61s - loss: 0.3586 - val_loss: 0.2934
Epoch 57/500
 - 61s - loss: 0.3513 - val_loss: 0.2967
Epoch 58/500
 - 61s - loss: 0.3531 - val_loss: 0.2859
Epoch 59/500
 - 57s - loss: 0.3540 - val_loss: 0.2893
Epoch 60/500
 - 54s - loss: 0.3561 - val_loss: 0.2920
Epoch 61/500
 - 61s - loss: 0.3533 - val_loss: 0.2932
Epoch 62/500
 - 61s - loss: 0.3533 - val_loss: 0.2907
Epoch 63/500
 - 61s - loss: 0.3485 - val_loss: 0.2951
Epoch 64/500
 - 61s - loss: 0.3464 - val_loss: 0.3022
Epoch 65/500
 - 61s - loss: 0.3526 - val_loss: 0.2898
Epoch 66/500
 - 61s - loss: 0.3456 - val_loss: 0.2927
Epoch 67/500
 - 61s - loss: 0.3478 - val_loss: 0.2905
Epoch 68/500
 - 61s - loss: 0.3494 - val_loss: 0.2926
Epoch 69/500
 - 61s - loss: 0.3509 - val_loss: 0.2876
Epoch 70/500
 - 61s - loss: 0.3479 - val_loss: 0.2943
Epoch 71/500
 - 61s - loss: 0.3504 - val_loss: 0.2894
Epoch 72/500
 - 61s - loss: 0.3536 - val_loss: 0.2971
Epoch 73/500
 - 61s - loss: 0.3491 - val_loss: 0.2906
Epoch 74/500
 - 61s - loss: 0.3499 - val_loss: 0.2881
Epoch 75/500
 - 61s - loss: 0.3483 - val_loss: 0.2920
Epoch 76/500
 - 61s - loss: 0.3485 - val_loss: 0.2926
Epoch 77/500
 - 61s - loss: 0.3496 - val_loss: 0.2891
Epoch 78/500
 - 61s - loss: 0.3500 - val_loss: 0.2949
Epoch 79/500
 - 61s - loss: 0.3491 - val_loss: 0.2964
Epoch 80/500
 - 61s - loss: 0.3500 - val_loss: 0.2938
Epoch 81/500
 - 61s - loss: 0.3500 - val_loss: 0.2911
Epoch 82/500
 - 60s - loss: 0.3460 - val_loss: 0.2913
Epoch 83/500
 - 59s - loss: 0.3480 - val_loss: 0.2909
Epoch 84/500
 - 49s - loss: 0.3501 - val_loss: 0.2934
Epoch 85/500
 - 60s - loss: 0.3401 - val_loss: 0.2948
Epoch 86/500
 - 60s - loss: 0.3445 - val_loss: 0.2919
Epoch 87/500
 - 59s - loss: 0.3467 - val_loss: 0.2988
Epoch 88/500
 - 59s - loss: 0.3453 - val_loss: 0.2942
Epoch 89/500
 - 60s - loss: 0.3434 - val_loss: 0.2925
Epoch 90/500
 - 60s - loss: 0.3531 - val_loss: 0.2919
Epoch 91/500
 - 60s - loss: 0.3435 - val_loss: 0.2912
Epoch 92/500
 - 59s - loss: 0.3456 - val_loss: 0.2932
/usr/lib/python3.5/importlib/_bootstrap.py:222: RuntimeWarning: numpy.dtype size changed, may indicate binary incompatibility. Expected 96, got 88
Load model for predictions...
  return f(*args, **kwds)
Using TensorFlow backend.
/usr/lib/python3.5/importlib/_bootstrap.py:222: RuntimeWarning: numpy.dtype size changed, may indicate binary incompatibility. Expected 96, got 88
  return f(*args, **kwds)
/usr/lib/python3.5/importlib/_bootstrap.py:222: RuntimeWarning: numpy.dtype size changed, may indicate binary incompatibility. Expected 96, got 88
  return f(*args, **kwds)
imported keras API for model creation
creating stateless cudnn lstm model
Model loaded from checkpoint
_________________________________________________________________
Layer (type)                 Output Shape              Param #   
=================================================================
cu_dnnlstm_3 (CuDNNLSTM)     (None, 106, 100)          78400     
_________________________________________________________________
batch_normalization_3 (Batch (None, 106, 100)          400       
_________________________________________________________________
cu_dnnlstm_4 (CuDNNLSTM)     (None, 100)               80800     
_________________________________________________________________
batch_normalization_4 (Batch (None, 100)               400       
_________________________________________________________________
time_output (Dense)          (None, 1)                 101       
=================================================================
Total params: 160,101
Trainable params: 159,701
Non-trainable params: 400
_________________________________________________________________
Make predictions...
sequences: 4362
finished prediction
tensorflow session cleaned
[Log] Finished process for: /bin/bash -c "python3 caise2019_bpic2012.py"
[Log] Process finished.
