[Log] Serializing /root/app/workdir/0-model.h5
[Log] Serializing /root/app/workdir/0-epochlogs.epochlog
[Log] Serializing /root/app/workdir/0-results.csv
[Log] Serializing /root/app/workdir/utility/__pycache__/enums.cpython-35.pyc
[Log] Serializing /root/app/workdir/utility/__pycache__/preprocessing.cpython-35.pyc
[Log] Serializing /root/app/workdir/utility/__pycache__/generator.cpython-35.pyc
[Log] Serializing /root/app/workdir/utility/__pycache__/hyperparameteroptimization.cpython-35.pyc
[Log] Serializing /root/app/workdir/utility/__pycache__/exceptions.cpython-35.pyc
[Log] Serializing /root/app/workdir/utility/__pycache__/dataoperations.cpython-35.pyc
[Log] Serializing /root/app/workdir/utility/__pycache__/models.cpython-35.pyc
[Log] Serializing /root/app/workdir/utility/__pycache__/regularization.cpython-35.pyc
[Log] Serializing /root/app/workdir/utility/__pycache__/run.cpython-35.pyc
[Log] Serializing /root/app/workdir/utility/__pycache__/configuration.cpython-35.pyc
[Log] Serializing /root/app/workdir/datadefinitions/__pycache__/cargo2000.cpython-35.pyc
[Log] Serializing /root/app/workdir/datadefinitions/__pycache__/generic.cpython-35.pyc
Send training results
[Log] Cleaned working directory
[Log] Finished work package
[Log] Fetch work.
Results sent.
[Log] Training Work package received from server: caise2019_cargo2000 5f4b205b-d4df-4e19-b293-70b8d376eaa6
[Log] Cleaned working directory
[Log] Deserializing 26 files 
[Log] Deserializing /root/app/workdir/caise2019_bpic2012.py
[Log] Deserializing /root/app/workdir/caise2019_bpic2017.py
[Log] Deserializing /root/app/workdir/caise2019_bpic2018.py
[Log] Deserializing /root/app/workdir/caise2019_c2k.py
[Log] Deserializing /root/app/workdir/caise2019_tt.py
[Log] Deserializing /root/app/workdir/requirements.txt
[Log] Deserializing /root/app/workdir/requirements_gpu.txt
[Log] Deserializing /root/app/workdir/version.xml
[Log] Deserializing /root/app/workdir/datadefinitions/bpi2012.py
[Log] Deserializing /root/app/workdir/datadefinitions/bpi2017.py
[Log] Deserializing /root/app/workdir/datadefinitions/bpi2018.py
[Log] Deserializing /root/app/workdir/datadefinitions/cargo2000.py
[Log] Deserializing /root/app/workdir/datadefinitions/cargo2000generic.py
[Log] Deserializing /root/app/workdir/datadefinitions/generic.py
[Log] Deserializing /root/app/workdir/datadefinitions/transformingtransport.py
[Log] Deserializing /root/app/workdir/datasets/cargo2000.csv
[Log] Deserializing /root/app/workdir/utility/configuration.py
[Log] Deserializing /root/app/workdir/utility/dataoperations.py
[Log] Deserializing /root/app/workdir/utility/enums.py
[Log] Deserializing /root/app/workdir/utility/exceptions.py
[Log] Deserializing /root/app/workdir/utility/generator.py
[Log] Deserializing /root/app/workdir/utility/hyperparameteroptimization.py
[Log] Deserializing /root/app/workdir/utility/models.py
[Log] Deserializing /root/app/workdir/utility/preprocessing.py
[Log] Deserializing /root/app/workdir/utility/regularization.py
[Log] Deserializing /root/app/workdir/utility/run.py
[Log] Deserialized 26 files
[Log] Processing training work package
[Log] Create worker process.
[Log] Create process for: /bin/bash -c "python3 caise2019_c2k.py" in /root/app/workdir
[Log] Starting process for: /bin/bash -c "python3 caise2019_c2k.py"
2019-02-26 07:10:48.556260: I tensorflow/core/platform/cpu_feature_guard.cc:141] Your CPU supports instructions that this TensorFlow binary was not compiled to use: AVX2 FMA
2019-02-26 07:10:48.627271: I tensorflow/stream_executor/cuda/cuda_gpu_executor.cc:897] successful NUMA node read from SysFS had negative value (-1), but there must be at least one NUMA node, so returning NUMA node zero
2019-02-26 07:10:48.627929: I tensorflow/core/common_runtime/gpu/gpu_device.cc:1392] Found device 0 with properties: 
name: GeForce GTX 1060 6GB major: 6 minor: 1 memoryClockRate(GHz): 1.7715
pciBusID: 0000:01:00.0
totalMemory: 5.93GiB freeMemory: 5.55GiB
2019-02-26 07:10:48.627948: I tensorflow/core/common_runtime/gpu/gpu_device.cc:1471] Adding visible gpu devices: 0
2019-02-26 07:10:49.219176: I tensorflow/core/common_runtime/gpu/gpu_device.cc:952] Device interconnect StreamExecutor with strength 1 edge matrix:
2019-02-26 07:10:49.219197: I tensorflow/core/common_runtime/gpu/gpu_device.cc:958]      0 
2019-02-26 07:10:49.219202: I tensorflow/core/common_runtime/gpu/gpu_device.cc:971] 0:   N 
2019-02-26 07:10:49.219407: I tensorflow/core/common_runtime/gpu/gpu_device.cc:1084] Created TensorFlow device (/job:localhost/replica:0/task:0/device:GPU:0 with 5323 MB memory) -> physical GPU (device: 0, name: GeForce GTX 1060 6GB, pci bus id: 0000:01:00.0, compute capability: 6.1)
bagging_putback defined: True
gradientclipvalue defined: 3
traindata_duplicate defined: 0
bidirectional defined: False
neurons defined: 100
batch_size defined: 64
verbose defined: False
rnntype defined: RnnType.LSTM
datageneration_pattern defined: DataGenerationPattern.Fit
dropout defined: 0.1
traindata_split_index defined: 0
max_epochs defined: 500
running defined: 0
learningrate defined: 0.002
validationdata_split defined: 0.2
datadefinition defined: <datadefinitions.cargo2000.Cargo2000 object at 0x7fca8e487e10>
testdata_split defined: 0.3333
traindata_shuffle defined: False
bagging_size defined: 0.6
layers defined: 2
processor defined: Processor.GPU
tensorboard defined: False
max_sequencelength defined: 150000
bagging defined: True
traindata_split defined: 1
patience_reducelr defined: 10
save_model defined: True
patience_earlystopping defined: 40
cudnn defined: True
keras version: 2.2.2
tensorflow version: 1.9.0
tensorflow session cleaned
multi process gpu usage: enabled
tensorflow configured
read 56082 rows
sequences truncated to 150000
offset0: null
offset1: 0
offset2: 0
offset3: 0
offset4: 0
offset5: 0
offset6: 0
offset7: 0
offset8: 0
divisor0: null
divisor1: 1153.615438108484
divisor2: 6666.367996861738
divisor3: 1412.8796226953389
divisor4: 1638.5187047537534
divisor5: 7332.0577368852755
divisor6: 17233.036482293785
divisor7: 17819.202310901892
divisor8: 1988.1400092721371
maxlen 28 
total chars: 16, target chars: 17
characters:  ['1', '10', '11', '12', '13', '14', '15', '16', '2', '3', '4', '5', '6', '7', '8', '9']
unique characters:  ['0', '1', '2', '3', '4', '5', '6', '7', '8', '9']
category vectors length: 16
num features: 22
2102 sequences in train data
1314 sequences in test data
526 sequences in validation data
2102 elements before bagging with putback True
1261 elements after bagging with putback True
perform full in-memory sentence generation
train_sentences: 17912
validation_sentences: 7440
Vectorization...
Build model...
imported keras API for model creation
creating stateless cudnn lstm model
_________________________________________________________________
Layer (type)                 Output Shape              Param #   
=================================================================
cu_dnnlstm_1 (CuDNNLSTM)     (None, 28, 100)           49600     
_________________________________________________________________
batch_normalization_1 (Batch (None, 28, 100)           400       
_________________________________________________________________
cu_dnnlstm_2 (CuDNNLSTM)     (None, 100)               80800     
_________________________________________________________________
batch_normalization_2 (Batch (None, 100)               400       
_________________________________________________________________
time_output (Dense)          (None, 1)                 101       
=================================================================
Total params: 131,301
Trainable params: 130,901
Non-trainable params: 400
_________________________________________________________________
Train on 17912 samples, validate on 7440 samples
Epoch 1/500
 - 9s - loss: 0.4285 - val_loss: 0.4290
Epoch 2/500
 - 7s - loss: 0.3500 - val_loss: 0.3763
Epoch 3/500
 - 7s - loss: 0.3428 - val_loss: 0.3862
Epoch 4/500
 - 7s - loss: 0.3375 - val_loss: 0.5245
Epoch 5/500
 - 7s - loss: 0.3355 - val_loss: 0.3876
Epoch 6/500
 - 7s - loss: 0.3322 - val_loss: 0.3785
Epoch 7/500
 - 7s - loss: 0.3301 - val_loss: 0.3778
Epoch 8/500
 - 7s - loss: 0.3256 - val_loss: 0.3776
Epoch 9/500
 - 7s - loss: 0.3238 - val_loss: 0.4074
Epoch 10/500
 - 7s - loss: 0.3222 - val_loss: 0.4253
Epoch 11/500
 - 7s - loss: 0.3193 - val_loss: 0.3817
Epoch 12/500
 - 7s - loss: 0.3166 - val_loss: 0.3966
Epoch 13/500
 - 7s - loss: 0.3058 - val_loss: 0.3854
Epoch 14/500
 - 7s - loss: 0.3031 - val_loss: 0.3964
Epoch 15/500
 - 7s - loss: 0.3001 - val_loss: 0.3946
Epoch 16/500
 - 7s - loss: 0.2946 - val_loss: 0.3902
Epoch 17/500
 - 7s - loss: 0.2937 - val_loss: 0.3893
Epoch 18/500
 - 7s - loss: 0.2910 - val_loss: 0.3939
Epoch 19/500
 - 7s - loss: 0.2871 - val_loss: 0.3881
Epoch 20/500
 - 7s - loss: 0.2835 - val_loss: 0.3929
Epoch 21/500
 - 7s - loss: 0.2838 - val_loss: 0.3871
Epoch 22/500
 - 7s - loss: 0.2798 - val_loss: 0.3987
Epoch 23/500
 - 7s - loss: 0.2689 - val_loss: 0.3903
Epoch 24/500
 - 7s - loss: 0.2645 - val_loss: 0.3886
Epoch 25/500
 - 7s - loss: 0.2601 - val_loss: 0.4013
Epoch 26/500
 - 7s - loss: 0.2588 - val_loss: 0.3986
Epoch 27/500
 - 7s - loss: 0.2546 - val_loss: 0.3997
Epoch 28/500
 - 7s - loss: 0.2512 - val_loss: 0.4060
Epoch 29/500
 - 7s - loss: 0.2474 - val_loss: 0.4024
Epoch 30/500
 - 7s - loss: 0.2441 - val_loss: 0.3961
Epoch 31/500
 - 7s - loss: 0.2384 - val_loss: 0.3998
Epoch 32/500
 - 7s - loss: 0.2359 - val_loss: 0.4154
Epoch 33/500
 - 7s - loss: 0.2302 - val_loss: 0.4059
Epoch 34/500
 - 7s - loss: 0.2264 - val_loss: 0.4076
Epoch 35/500
 - 7s - loss: 0.2247 - val_loss: 0.4058
Epoch 36/500
 - 6s - loss: 0.2247 - val_loss: 0.4104
Epoch 37/500
 - 5s - loss: 0.2232 - val_loss: 0.4070
Epoch 38/500
 - 5s - loss: 0.2203 - val_loss: 0.4183
Epoch 39/500
 - 3s - loss: 0.2192 - val_loss: 0.4234
Epoch 40/500
 - 3s - loss: 0.2156 - val_loss: 0.4124
Epoch 41/500
 - 7s - loss: 0.2168 - val_loss: 0.4185
Epoch 42/500
 - 7s - loss: 0.2132 - val_loss: 0.4211
/usr/lib/python3.5/importlib/_bootstrap.py:222: RuntimeWarning: numpy.dtype size changed, may indicate binary incompatibility. Expected 96, got 88
  return f(*args, **kwds)
Using TensorFlow backend.
/usr/lib/python3.5/importlib/_bootstrap.py:222: RuntimeWarning: numpy.dtype size changed, may indicate binary incompatibility. Expected 96, got 88
  return f(*args, **kwds)
/usr/lib/python3.5/importlib/_bootstrap.py:222: RuntimeWarning: numpy.dtype size changed, may indicate binary incompatibility. Expected 96, got 88
  return f(*args, **kwds)
Load model for predictions...
imported keras API for model creation
creating stateless cudnn lstm model
Model loaded from checkpoint
_________________________________________________________________
Layer (type)                 Output Shape              Param #   
=================================================================
cu_dnnlstm_3 (CuDNNLSTM)     (None, 28, 100)           49600     
_________________________________________________________________
batch_normalization_3 (Batch (None, 28, 100)           400       
_________________________________________________________________
cu_dnnlstm_4 (CuDNNLSTM)     (None, 100)               80800     
_________________________________________________________________
batch_normalization_4 (Batch (None, 100)               400       
_________________________________________________________________
time_output (Dense)          (None, 1)                 101       
=================================================================
Total params: 131,301
Trainable params: 130,901
Non-trainable params: 400
_________________________________________________________________
Make predictions...
sequences: 1314
finished prediction
tensorflow session cleaned
[Log] Finished process for: /bin/bash -c "python3 caise2019_c2k.py"
[Log] Process finished.
