[Log] Serializing /root/app/workdir/0-epochlogs.epochlog
[Log] Serializing /root/app/workdir/0-model.h5
[Log] Serializing /root/app/workdir/0-results.csv
[Log] Serializing /root/app/workdir/utility/__pycache__/exceptions.cpython-35.pyc
[Log] Serializing /root/app/workdir/utility/__pycache__/regularization.cpython-35.pyc
[Log] Serializing /root/app/workdir/utility/__pycache__/run.cpython-35.pyc
[Log] Serializing /root/app/workdir/utility/__pycache__/configuration.cpython-35.pyc
[Log] Serializing /root/app/workdir/utility/__pycache__/models.cpython-35.pyc
[Log] Serializing /root/app/workdir/utility/__pycache__/generator.cpython-35.pyc
[Log] Serializing /root/app/workdir/utility/__pycache__/preprocessing.cpython-35.pyc
[Log] Serializing /root/app/workdir/utility/__pycache__/hyperparameteroptimization.cpython-35.pyc
[Log] Serializing /root/app/workdir/utility/__pycache__/enums.cpython-35.pyc
[Log] Serializing /root/app/workdir/utility/__pycache__/dataoperations.cpython-35.pyc
[Log] Serializing /root/app/workdir/datadefinitions/__pycache__/cargo2000.cpython-35.pyc
[Log] Serializing /root/app/workdir/datadefinitions/__pycache__/generic.cpython-35.pyc
Send training results
[Log] Cleaned working directory
[Log] Finished work package
[Log] Fetch work.
Results sent.
[Log] Training Work package received from server: caise2019_cargo2000 df4e6992-e0fe-45c9-a718-58bdd41ce6d4
[Log] Cleaned working directory
[Log] Deserializing 26 files 
[Log] Deserializing /root/app/workdir/caise2019_bpic2012.py
[Log] Deserializing /root/app/workdir/caise2019_bpic2017.py
[Log] Deserializing /root/app/workdir/caise2019_bpic2018.py
[Log] Deserializing /root/app/workdir/caise2019_c2k.py
[Log] Deserializing /root/app/workdir/caise2019_tt.py
[Log] Deserializing /root/app/workdir/requirements.txt
[Log] Deserializing /root/app/workdir/requirements_gpu.txt
[Log] Deserializing /root/app/workdir/version.xml
[Log] Deserializing /root/app/workdir/datadefinitions/bpi2012.py
[Log] Deserializing /root/app/workdir/datadefinitions/bpi2017.py
[Log] Deserializing /root/app/workdir/datadefinitions/bpi2018.py
[Log] Deserializing /root/app/workdir/datadefinitions/cargo2000.py
[Log] Deserializing /root/app/workdir/datadefinitions/cargo2000generic.py
[Log] Deserializing /root/app/workdir/datadefinitions/generic.py
[Log] Deserializing /root/app/workdir/datadefinitions/transformingtransport.py
[Log] Deserializing /root/app/workdir/datasets/cargo2000.csv
[Log] Deserializing /root/app/workdir/utility/configuration.py
[Log] Deserializing /root/app/workdir/utility/dataoperations.py
[Log] Deserializing /root/app/workdir/utility/enums.py
[Log] Deserializing /root/app/workdir/utility/exceptions.py
[Log] Deserializing /root/app/workdir/utility/generator.py
[Log] Deserializing /root/app/workdir/utility/hyperparameteroptimization.py
[Log] Deserializing /root/app/workdir/utility/models.py
[Log] Deserializing /root/app/workdir/utility/preprocessing.py
[Log] Deserializing /root/app/workdir/utility/regularization.py
[Log] Deserializing /root/app/workdir/utility/run.py
[Log] Deserialized 26 files
[Log] Processing training work package
[Log] Create worker process.
[Log] Create process for: /bin/bash -c "python3 caise2019_c2k.py" in /root/app/workdir
[Log] Starting process for: /bin/bash -c "python3 caise2019_c2k.py"
2019-02-26 06:55:42.891577: I tensorflow/core/platform/cpu_feature_guard.cc:141] Your CPU supports instructions that this TensorFlow binary was not compiled to use: AVX2 FMA
2019-02-26 06:55:42.954380: I tensorflow/stream_executor/cuda/cuda_gpu_executor.cc:897] successful NUMA node read from SysFS had negative value (-1), but there must be at least one NUMA node, so returning NUMA node zero
2019-02-26 06:55:42.954954: I tensorflow/core/common_runtime/gpu/gpu_device.cc:1392] Found device 0 with properties: 
name: GeForce GTX 1060 6GB major: 6 minor: 1 memoryClockRate(GHz): 1.7715
pciBusID: 0000:01:00.0
totalMemory: 5.93GiB freeMemory: 5.63GiB
2019-02-26 06:55:42.954968: I tensorflow/core/common_runtime/gpu/gpu_device.cc:1471] Adding visible gpu devices: 0
2019-02-26 06:55:43.409394: I tensorflow/core/common_runtime/gpu/gpu_device.cc:952] Device interconnect StreamExecutor with strength 1 edge matrix:
2019-02-26 06:55:43.409416: I tensorflow/core/common_runtime/gpu/gpu_device.cc:958]      0 
2019-02-26 06:55:43.409421: I tensorflow/core/common_runtime/gpu/gpu_device.cc:971] 0:   N 
2019-02-26 06:55:43.409612: I tensorflow/core/common_runtime/gpu/gpu_device.cc:1084] Created TensorFlow device (/job:localhost/replica:0/task:0/device:GPU:0 with 5381 MB memory) -> physical GPU (device: 0, name: GeForce GTX 1060 6GB, pci bus id: 0000:01:00.0, compute capability: 6.1)
batch_size defined: 64
gradientclipvalue defined: 3
dropout defined: 0.1
patience_earlystopping defined: 40
datadefinition defined: <datadefinitions.cargo2000.Cargo2000 object at 0x7f8c89d49e10>
bidirectional defined: False
bagging defined: True
layers defined: 2
traindata_split defined: 1
traindata_duplicate defined: 0
testdata_split defined: 0.3333
save_model defined: True
neurons defined: 100
datageneration_pattern defined: DataGenerationPattern.Fit
validationdata_split defined: 0.2
running defined: 0
cudnn defined: True
verbose defined: False
tensorboard defined: False
bagging_putback defined: True
bagging_size defined: 0.6
traindata_split_index defined: 0
patience_reducelr defined: 10
traindata_shuffle defined: False
max_sequencelength defined: 150000
learningrate defined: 0.002
max_epochs defined: 500
processor defined: Processor.GPU
rnntype defined: RnnType.LSTM
keras version: 2.2.2
tensorflow version: 1.9.0
tensorflow session cleaned
multi process gpu usage: enabled
tensorflow configured
read 56082 rows
sequences truncated to 150000
offset0: null
offset1: 0
offset2: 0
offset3: 0
offset4: 0
offset5: 0
offset6: 0
offset7: 0
offset8: 0
divisor0: null
divisor1: 1153.615438108484
divisor2: 6666.367996861738
divisor3: 1412.8796226953389
divisor4: 1638.5187047537534
divisor5: 7332.0577368852755
divisor6: 17233.036482293785
divisor7: 17819.202310901892
divisor8: 1988.1400092721371
maxlen 28 
total chars: 16, target chars: 17
characters:  ['1', '10', '11', '12', '13', '14', '15', '16', '2', '3', '4', '5', '6', '7', '8', '9']
unique characters:  ['0', '1', '2', '3', '4', '5', '6', '7', '8', '9']
category vectors length: 16
num features: 22
2102 sequences in train data
1314 sequences in test data
526 sequences in validation data
2102 elements before bagging with putback True
1261 elements after bagging with putback True
perform full in-memory sentence generation
train_sentences: 18038
validation_sentences: 7440
Vectorization...
Build model...
imported keras API for model creation
creating stateless cudnn lstm model
_________________________________________________________________
Layer (type)                 Output Shape              Param #   
=================================================================
cu_dnnlstm_1 (CuDNNLSTM)     (None, 28, 100)           49600     
_________________________________________________________________
batch_normalization_1 (Batch (None, 28, 100)           400       
_________________________________________________________________
cu_dnnlstm_2 (CuDNNLSTM)     (None, 100)               80800     
_________________________________________________________________
batch_normalization_2 (Batch (None, 100)               400       
_________________________________________________________________
time_output (Dense)          (None, 1)                 101       
=================================================================
Total params: 131,301
Trainable params: 130,901
Non-trainable params: 400
_________________________________________________________________
Train on 18038 samples, validate on 7440 samples
Epoch 1/500
 - 9s - loss: 0.4405 - val_loss: 0.4296
Epoch 2/500
 - 7s - loss: 0.3609 - val_loss: 0.4366
Epoch 3/500
 - 7s - loss: 0.3580 - val_loss: 0.3991
Epoch 4/500
 - 7s - loss: 0.3522 - val_loss: 0.4226
Epoch 5/500
 - 7s - loss: 0.3499 - val_loss: 0.3968
Epoch 6/500
 - 7s - loss: 0.3488 - val_loss: 0.3833
Epoch 7/500
 - 7s - loss: 0.3442 - val_loss: 0.3801
Epoch 8/500
 - 7s - loss: 0.3434 - val_loss: 0.4146
Epoch 9/500
 - 7s - loss: 0.3416 - val_loss: 0.3786
Epoch 10/500
 - 7s - loss: 0.3397 - val_loss: 0.3927
Epoch 11/500
 - 7s - loss: 0.3374 - val_loss: 0.3773
Epoch 12/500
 - 7s - loss: 0.3334 - val_loss: 0.3780
Epoch 13/500
 - 7s - loss: 0.3311 - val_loss: 0.3959
Epoch 14/500
 - 7s - loss: 0.3293 - val_loss: 0.4062
Epoch 15/500
 - 7s - loss: 0.3257 - val_loss: 0.4040
Epoch 16/500
 - 7s - loss: 0.3247 - val_loss: 0.3763
Epoch 17/500
 - 7s - loss: 0.3202 - val_loss: 0.3827
Epoch 18/500
 - 7s - loss: 0.3167 - val_loss: 0.3954
Epoch 19/500
 - 7s - loss: 0.3121 - val_loss: 0.4174
Epoch 20/500
 - 7s - loss: 0.3074 - val_loss: 0.3902
Epoch 21/500
 - 7s - loss: 0.3019 - val_loss: 0.4153
Epoch 22/500
 - 7s - loss: 0.3008 - val_loss: 0.4185
Epoch 23/500
 - 7s - loss: 0.2949 - val_loss: 0.4129
Epoch 24/500
 - 7s - loss: 0.2908 - val_loss: 0.4353
Epoch 25/500
 - 7s - loss: 0.2874 - val_loss: 0.3972
Epoch 26/500
 - 7s - loss: 0.2827 - val_loss: 0.4088
Epoch 27/500
 - 7s - loss: 0.2691 - val_loss: 0.4004
Epoch 28/500
 - 7s - loss: 0.2654 - val_loss: 0.4242
Epoch 29/500
 - 7s - loss: 0.2600 - val_loss: 0.4251
Epoch 30/500
 - 7s - loss: 0.2546 - val_loss: 0.4131
Epoch 31/500
 - 7s - loss: 0.2510 - val_loss: 0.4174
Epoch 32/500
 - 7s - loss: 0.2462 - val_loss: 0.4103
Epoch 33/500
 - 7s - loss: 0.2457 - val_loss: 0.4468
Epoch 34/500
 - 7s - loss: 0.2424 - val_loss: 0.4325
Epoch 35/500
 - 7s - loss: 0.2389 - val_loss: 0.4396
Epoch 36/500
 - 7s - loss: 0.2378 - val_loss: 0.4262
Epoch 37/500
 - 7s - loss: 0.2295 - val_loss: 0.4388
Epoch 38/500
 - 7s - loss: 0.2247 - val_loss: 0.4310
Epoch 39/500
 - 7s - loss: 0.2238 - val_loss: 0.4379
Epoch 40/500
 - 7s - loss: 0.2206 - val_loss: 0.4493
Epoch 41/500
 - 7s - loss: 0.2174 - val_loss: 0.4416
Epoch 42/500
 - 7s - loss: 0.2164 - val_loss: 0.4434
Epoch 43/500
 - 7s - loss: 0.2141 - val_loss: 0.4451
Epoch 44/500
 - 7s - loss: 0.2132 - val_loss: 0.4472
Epoch 45/500
 - 7s - loss: 0.2117 - val_loss: 0.4499
Epoch 46/500
 - 7s - loss: 0.2101 - val_loss: 0.4363
Epoch 47/500
 - 7s - loss: 0.2014 - val_loss: 0.4543
Epoch 48/500
 - 7s - loss: 0.2024 - val_loss: 0.4569
Epoch 49/500
 - 7s - loss: 0.2021 - val_loss: 0.4524
Epoch 50/500
 - 7s - loss: 0.2010 - val_loss: 0.4537
Epoch 51/500
 - 7s - loss: 0.2012 - val_loss: 0.4475
Epoch 52/500
 - 7s - loss: 0.1986 - val_loss: 0.4595
Epoch 53/500
 - 7s - loss: 0.1985 - val_loss: 0.4528
Epoch 54/500
 - 7s - loss: 0.1963 - val_loss: 0.4485
Epoch 55/500
 - 7s - loss: 0.1968 - val_loss: 0.4584
Epoch 56/500
 - 7s - loss: 0.1947 - val_loss: 0.4574
/usr/lib/python3.5/importlib/_bootstrap.py:222: RuntimeWarning: numpy.dtype size changed, may indicate binary incompatibility. Expected 96, got 88
  return f(*args, **kwds)
Using TensorFlow backend.
Load model for predictions...
imported keras API for model creation
creating stateless cudnn lstm model
Model loaded from checkpoint
/usr/lib/python3.5/importlib/_bootstrap.py:222: RuntimeWarning: numpy.dtype size changed, may indicate binary incompatibility. Expected 96, got 88
_________________________________________________________________
  return f(*args, **kwds)
Layer (type)                 Output Shape              Param #   
/usr/lib/python3.5/importlib/_bootstrap.py:222: RuntimeWarning: numpy.dtype size changed, may indicate binary incompatibility. Expected 96, got 88
=================================================================
  return f(*args, **kwds)
cu_dnnlstm_3 (CuDNNLSTM)     (None, 28, 100)           49600     
_________________________________________________________________
batch_normalization_3 (Batch (None, 28, 100)           400       
_________________________________________________________________
cu_dnnlstm_4 (CuDNNLSTM)     (None, 100)               80800     
_________________________________________________________________
batch_normalization_4 (Batch (None, 100)               400       
_________________________________________________________________
time_output (Dense)          (None, 1)                 101       
=================================================================
Total params: 131,301
Trainable params: 130,901
Non-trainable params: 400
_________________________________________________________________
Make predictions...
sequences: 1314
finished prediction
tensorflow session cleaned
[Log] Finished process for: /bin/bash -c "python3 caise2019_c2k.py"
[Log] Process finished.
