[Log] Serializing /root/app/workdir/0-epochlogs.epochlog
[Log] Serializing /root/app/workdir/0-model.h5
[Log] Serializing /root/app/workdir/0-results.csv
[Log] Serializing /root/app/workdir/datadefinitions/__pycache__/generic.cpython-35.pyc
[Log] Serializing /root/app/workdir/datadefinitions/__pycache__/cargo2000.cpython-35.pyc
[Log] Serializing /root/app/workdir/utility/__pycache__/hyperparameteroptimization.cpython-35.pyc
[Log] Serializing /root/app/workdir/utility/__pycache__/generator.cpython-35.pyc
[Log] Serializing /root/app/workdir/utility/__pycache__/preprocessing.cpython-35.pyc
[Log] Serializing /root/app/workdir/utility/__pycache__/configuration.cpython-35.pyc
[Log] Serializing /root/app/workdir/utility/__pycache__/run.cpython-35.pyc
[Log] Serializing /root/app/workdir/utility/__pycache__/enums.cpython-35.pyc
[Log] Serializing /root/app/workdir/utility/__pycache__/regularization.cpython-35.pyc
[Log] Serializing /root/app/workdir/utility/__pycache__/exceptions.cpython-35.pyc
[Log] Serializing /root/app/workdir/utility/__pycache__/dataoperations.cpython-35.pyc
[Log] Serializing /root/app/workdir/utility/__pycache__/models.cpython-35.pyc
Send training results
[Log] Cleaned working directory
[Log] Finished work package
[Log] Fetch work.
Results sent.
[Log] Training Work package received from server: caise2019_cargo2000 33f09894-2e97-4340-bb09-c6225f93056b
[Log] Cleaned working directory
[Log] Deserializing 26 files 
[Log] Deserializing /root/app/workdir/caise2019_bpic2012.py
[Log] Deserializing /root/app/workdir/caise2019_bpic2017.py
[Log] Deserializing /root/app/workdir/caise2019_bpic2018.py
[Log] Deserializing /root/app/workdir/caise2019_c2k.py
[Log] Deserializing /root/app/workdir/caise2019_tt.py
[Log] Deserializing /root/app/workdir/requirements.txt
[Log] Deserializing /root/app/workdir/requirements_gpu.txt
[Log] Deserializing /root/app/workdir/version.xml
[Log] Deserializing /root/app/workdir/datadefinitions/bpi2012.py
[Log] Deserializing /root/app/workdir/datadefinitions/bpi2017.py
[Log] Deserializing /root/app/workdir/datadefinitions/bpi2018.py
[Log] Deserializing /root/app/workdir/datadefinitions/cargo2000.py
[Log] Deserializing /root/app/workdir/datadefinitions/cargo2000generic.py
[Log] Deserializing /root/app/workdir/datadefinitions/generic.py
[Log] Deserializing /root/app/workdir/datadefinitions/transformingtransport.py
[Log] Deserializing /root/app/workdir/datasets/cargo2000.csv
[Log] Deserializing /root/app/workdir/utility/configuration.py
[Log] Deserializing /root/app/workdir/utility/dataoperations.py
[Log] Deserializing /root/app/workdir/utility/enums.py
[Log] Deserializing /root/app/workdir/utility/exceptions.py
[Log] Deserializing /root/app/workdir/utility/generator.py
[Log] Deserializing /root/app/workdir/utility/hyperparameteroptimization.py
[Log] Deserializing /root/app/workdir/utility/models.py
[Log] Deserializing /root/app/workdir/utility/preprocessing.py
[Log] Deserializing /root/app/workdir/utility/regularization.py
[Log] Deserializing /root/app/workdir/utility/run.py
[Log] Deserialized 26 files
[Log] Processing training work package
[Log] Create worker process.
[Log] Create process for: /bin/bash -c "python3 caise2019_c2k.py" in /root/app/workdir
[Log] Starting process for: /bin/bash -c "python3 caise2019_c2k.py"
2019-02-26 07:24:14.798027: I tensorflow/core/platform/cpu_feature_guard.cc:141] Your CPU supports instructions that this TensorFlow binary was not compiled to use: AVX2 FMA
2019-02-26 07:24:14.873209: I tensorflow/stream_executor/cuda/cuda_gpu_executor.cc:897] successful NUMA node read from SysFS had negative value (-1), but there must be at least one NUMA node, so returning NUMA node zero
2019-02-26 07:24:14.873741: I tensorflow/core/common_runtime/gpu/gpu_device.cc:1392] Found device 0 with properties: 
name: GeForce GTX 1060 6GB major: 6 minor: 1 memoryClockRate(GHz): 1.7715
pciBusID: 0000:01:00.0
totalMemory: 5.93GiB freeMemory: 5.49GiB
2019-02-26 07:24:14.873757: I tensorflow/core/common_runtime/gpu/gpu_device.cc:1471] Adding visible gpu devices: 0
2019-02-26 07:24:15.467042: I tensorflow/core/common_runtime/gpu/gpu_device.cc:952] Device interconnect StreamExecutor with strength 1 edge matrix:
2019-02-26 07:24:15.467065: I tensorflow/core/common_runtime/gpu/gpu_device.cc:958]      0 
2019-02-26 07:24:15.467071: I tensorflow/core/common_runtime/gpu/gpu_device.cc:971] 0:   N 
2019-02-26 07:24:15.467239: I tensorflow/core/common_runtime/gpu/gpu_device.cc:1084] Created TensorFlow device (/job:localhost/replica:0/task:0/device:GPU:0 with 5259 MB memory) -> physical GPU (device: 0, name: GeForce GTX 1060 6GB, pci bus id: 0000:01:00.0, compute capability: 6.1)
rnntype defined: RnnType.LSTM
traindata_shuffle defined: False
testdata_split defined: 0.3333
bagging_size defined: 0.6
patience_earlystopping defined: 40
patience_reducelr defined: 10
tensorboard defined: False
bidirectional defined: False
running defined: 0
dropout defined: 0.1
cudnn defined: True
gradientclipvalue defined: 3
bagging defined: True
processor defined: Processor.GPU
max_epochs defined: 500
traindata_duplicate defined: 0
datageneration_pattern defined: DataGenerationPattern.Fit
neurons defined: 100
traindata_split_index defined: 0
validationdata_split defined: 0.2
bagging_putback defined: True
layers defined: 2
save_model defined: True
learningrate defined: 0.002
batch_size defined: 64
max_sequencelength defined: 150000
datadefinition defined: <datadefinitions.cargo2000.Cargo2000 object at 0x7f2f04f6be10>
verbose defined: False
traindata_split defined: 1
keras version: 2.2.2
tensorflow version: 1.9.0
tensorflow session cleaned
multi process gpu usage: enabled
tensorflow configured
read 56082 rows
sequences truncated to 150000
offset0: null
offset1: 0
offset2: 0
offset3: 0
offset4: 0
offset5: 0
offset6: 0
offset7: 0
offset8: 0
divisor0: null
divisor1: 1153.615438108484
divisor2: 6666.367996861738
divisor3: 1412.8796226953389
divisor4: 1638.5187047537534
divisor5: 7332.0577368852755
divisor6: 17233.036482293785
divisor7: 17819.202310901892
divisor8: 1988.1400092721371
maxlen 28 
total chars: 16, target chars: 17
characters:  ['1', '10', '11', '12', '13', '14', '15', '16', '2', '3', '4', '5', '6', '7', '8', '9']
unique characters:  ['0', '1', '2', '3', '4', '5', '6', '7', '8', '9']
category vectors length: 16
num features: 22
2102 sequences in train data
1314 sequences in test data
526 sequences in validation data
2102 elements before bagging with putback True
1261 elements after bagging with putback True
perform full in-memory sentence generation
train_sentences: 17554
validation_sentences: 7440
Vectorization...
Build model...
imported keras API for model creation
creating stateless cudnn lstm model
_________________________________________________________________
Layer (type)                 Output Shape              Param #   
=================================================================
cu_dnnlstm_1 (CuDNNLSTM)     (None, 28, 100)           49600     
_________________________________________________________________
batch_normalization_1 (Batch (None, 28, 100)           400       
_________________________________________________________________
cu_dnnlstm_2 (CuDNNLSTM)     (None, 100)               80800     
_________________________________________________________________
batch_normalization_2 (Batch (None, 100)               400       
_________________________________________________________________
time_output (Dense)          (None, 1)                 101       
=================================================================
Total params: 131,301
Trainable params: 130,901
Non-trainable params: 400
_________________________________________________________________
Train on 17554 samples, validate on 7440 samples
Epoch 1/500
 - 9s - loss: 0.4835 - val_loss: 0.5208
Epoch 2/500
 - 7s - loss: 0.4006 - val_loss: 0.4674
Epoch 3/500
 - 7s - loss: 0.3925 - val_loss: 0.4049
Epoch 4/500
 - 7s - loss: 0.3889 - val_loss: 0.3932
Epoch 5/500
 - 7s - loss: 0.3824 - val_loss: 0.3964
Epoch 6/500
 - 7s - loss: 0.3846 - val_loss: 0.3776
Epoch 7/500
 - 7s - loss: 0.3822 - val_loss: 0.4148
Epoch 8/500
 - 7s - loss: 0.3793 - val_loss: 0.4287
Epoch 9/500
 - 7s - loss: 0.3782 - val_loss: 0.3791
Epoch 10/500
 - 7s - loss: 0.3776 - val_loss: 0.3892
Epoch 11/500
 - 7s - loss: 0.3770 - val_loss: 0.4194
Epoch 12/500
 - 7s - loss: 0.3729 - val_loss: 0.3848
Epoch 13/500
 - 7s - loss: 0.3726 - val_loss: 0.3948
Epoch 14/500
 - 7s - loss: 0.3687 - val_loss: 0.3882
Epoch 15/500
 - 7s - loss: 0.3651 - val_loss: 0.4519
Epoch 16/500
 - 7s - loss: 0.3610 - val_loss: 0.4198
Epoch 17/500
 - 7s - loss: 0.3530 - val_loss: 0.3850
Epoch 18/500
 - 7s - loss: 0.3493 - val_loss: 0.4063
Epoch 19/500
 - 7s - loss: 0.3478 - val_loss: 0.3867
Epoch 20/500
 - 7s - loss: 0.3429 - val_loss: 0.4107
Epoch 21/500
 - 7s - loss: 0.3372 - val_loss: 0.4410
Epoch 22/500
 - 7s - loss: 0.3340 - val_loss: 0.4316
Epoch 23/500
 - 7s - loss: 0.3312 - val_loss: 0.3975
Epoch 24/500
 - 7s - loss: 0.3282 - val_loss: 0.4196
Epoch 25/500
 - 7s - loss: 0.3231 - val_loss: 0.4321
Epoch 26/500
 - 7s - loss: 0.3174 - val_loss: 0.4298
Epoch 27/500
 - 7s - loss: 0.3090 - val_loss: 0.4278
Epoch 28/500
 - 7s - loss: 0.3054 - val_loss: 0.4392
Epoch 29/500
 - 7s - loss: 0.3015 - val_loss: 0.4408
Epoch 30/500
 - 7s - loss: 0.3001 - val_loss: 0.4313
Epoch 31/500
 - 7s - loss: 0.2976 - val_loss: 0.4542
Epoch 32/500
 - 7s - loss: 0.2919 - val_loss: 0.4452
Epoch 33/500
 - 7s - loss: 0.2910 - val_loss: 0.4342
Epoch 34/500
 - 7s - loss: 0.2853 - val_loss: 0.4650
Epoch 35/500
 - 7s - loss: 0.2843 - val_loss: 0.4488
Epoch 36/500
 - 7s - loss: 0.2812 - val_loss: 0.4511
Epoch 37/500
 - 7s - loss: 0.2753 - val_loss: 0.4543
Epoch 38/500
 - 7s - loss: 0.2733 - val_loss: 0.4500
Epoch 39/500
 - 7s - loss: 0.2732 - val_loss: 0.4643
Epoch 40/500
 - 7s - loss: 0.2694 - val_loss: 0.4650
Epoch 41/500
 - 7s - loss: 0.2704 - val_loss: 0.4631
Epoch 42/500
 - 7s - loss: 0.2689 - val_loss: 0.4486
Epoch 43/500
 - 7s - loss: 0.2654 - val_loss: 0.4649
Epoch 44/500
 - 7s - loss: 0.2626 - val_loss: 0.4630
Epoch 45/500
 - 7s - loss: 0.2614 - val_loss: 0.4614
Epoch 46/500
 - 7s - loss: 0.2617 - val_loss: 0.4580
/usr/lib/python3.5/importlib/_bootstrap.py:222: RuntimeWarning: numpy.dtype size changed, may indicate binary incompatibility. Expected 96, got 88
  return f(*args, **kwds)
Using TensorFlow backend.
/usr/lib/python3.5/importlib/_bootstrap.py:222: RuntimeWarning: numpy.dtype size changed, may indicate binary incompatibility. Expected 96, got 88
  return f(*args, **kwds)
/usr/lib/python3.5/importlib/_bootstrap.py:222: RuntimeWarning: numpy.dtype size changed, may indicate binary incompatibility. Expected 96, got 88
  return f(*args, **kwds)
Load model for predictions...
imported keras API for model creation
creating stateless cudnn lstm model
Model loaded from checkpoint
_________________________________________________________________
Layer (type)                 Output Shape              Param #   
=================================================================
cu_dnnlstm_3 (CuDNNLSTM)     (None, 28, 100)           49600     
_________________________________________________________________
batch_normalization_3 (Batch (None, 28, 100)           400       
_________________________________________________________________
cu_dnnlstm_4 (CuDNNLSTM)     (None, 100)               80800     
_________________________________________________________________
batch_normalization_4 (Batch (None, 100)               400       
_________________________________________________________________
time_output (Dense)          (None, 1)                 101       
=================================================================
Total params: 131,301
Trainable params: 130,901
Non-trainable params: 400
_________________________________________________________________
Make predictions...
sequences: 1314
finished prediction
tensorflow session cleaned
[Log] Finished process for: /bin/bash -c "python3 caise2019_c2k.py"
[Log] Process finished.
