[Log] Serializing /root/app/workdir/0-model.h5
[Log] Serializing /root/app/workdir/0-epochlogs.epochlog
[Log] Serializing /root/app/workdir/0-results.csv
[Log] Serializing /root/app/workdir/utility/__pycache__/enums.cpython-35.pyc
[Log] Serializing /root/app/workdir/utility/__pycache__/preprocessing.cpython-35.pyc
[Log] Serializing /root/app/workdir/utility/__pycache__/generator.cpython-35.pyc
[Log] Serializing /root/app/workdir/utility/__pycache__/hyperparameteroptimization.cpython-35.pyc
[Log] Serializing /root/app/workdir/utility/__pycache__/exceptions.cpython-35.pyc
[Log] Serializing /root/app/workdir/utility/__pycache__/dataoperations.cpython-35.pyc
[Log] Serializing /root/app/workdir/utility/__pycache__/models.cpython-35.pyc
[Log] Serializing /root/app/workdir/utility/__pycache__/regularization.cpython-35.pyc
[Log] Serializing /root/app/workdir/utility/__pycache__/run.cpython-35.pyc
[Log] Serializing /root/app/workdir/utility/__pycache__/configuration.cpython-35.pyc
[Log] Serializing /root/app/workdir/datadefinitions/__pycache__/cargo2000.cpython-35.pyc
[Log] Serializing /root/app/workdir/datadefinitions/__pycache__/generic.cpython-35.pyc
Send training results
[Log] Cleaned working directory
[Log] Finished work package
[Log] Fetch work.
Results sent.
[Log] Training Work package received from server: caise2019_cargo2000 6bec32ec-f92a-442e-aec4-d38ccb8ee1d0
[Log] Cleaned working directory
[Log] Deserializing 26 files 
[Log] Deserializing /root/app/workdir/caise2019_bpic2012.py
[Log] Deserializing /root/app/workdir/caise2019_bpic2017.py
[Log] Deserializing /root/app/workdir/caise2019_bpic2018.py
[Log] Deserializing /root/app/workdir/caise2019_c2k.py
[Log] Deserializing /root/app/workdir/caise2019_tt.py
[Log] Deserializing /root/app/workdir/requirements.txt
[Log] Deserializing /root/app/workdir/requirements_gpu.txt
[Log] Deserializing /root/app/workdir/version.xml
[Log] Deserializing /root/app/workdir/datadefinitions/bpi2012.py
[Log] Deserializing /root/app/workdir/datadefinitions/bpi2017.py
[Log] Deserializing /root/app/workdir/datadefinitions/bpi2018.py
[Log] Deserializing /root/app/workdir/datadefinitions/cargo2000.py
[Log] Deserializing /root/app/workdir/datadefinitions/cargo2000generic.py
[Log] Deserializing /root/app/workdir/datadefinitions/generic.py
[Log] Deserializing /root/app/workdir/datadefinitions/transformingtransport.py
[Log] Deserializing /root/app/workdir/datasets/cargo2000.csv
[Log] Deserializing /root/app/workdir/utility/configuration.py
[Log] Deserializing /root/app/workdir/utility/dataoperations.py
[Log] Deserializing /root/app/workdir/utility/enums.py
[Log] Deserializing /root/app/workdir/utility/exceptions.py
[Log] Deserializing /root/app/workdir/utility/generator.py
[Log] Deserializing /root/app/workdir/utility/hyperparameteroptimization.py
[Log] Deserializing /root/app/workdir/utility/models.py
[Log] Deserializing /root/app/workdir/utility/preprocessing.py
[Log] Deserializing /root/app/workdir/utility/regularization.py
[Log] Deserializing /root/app/workdir/utility/run.py
[Log] Deserialized 26 files
[Log] Processing training work package
[Log] Create worker process.
[Log] Create process for: /bin/bash -c "python3 caise2019_c2k.py" in /root/app/workdir
[Log] Starting process for: /bin/bash -c "python3 caise2019_c2k.py"
2019-02-26 08:22:54.430506: I tensorflow/core/platform/cpu_feature_guard.cc:141] Your CPU supports instructions that this TensorFlow binary was not compiled to use: AVX2 FMA
2019-02-26 08:22:54.501788: I tensorflow/stream_executor/cuda/cuda_gpu_executor.cc:897] successful NUMA node read from SysFS had negative value (-1), but there must be at least one NUMA node, so returning NUMA node zero
2019-02-26 08:22:54.502370: I tensorflow/core/common_runtime/gpu/gpu_device.cc:1392] Found device 0 with properties: 
name: GeForce GTX 1060 6GB major: 6 minor: 1 memoryClockRate(GHz): 1.7715
pciBusID: 0000:01:00.0
totalMemory: 5.93GiB freeMemory: 5.55GiB
2019-02-26 08:22:54.502384: I tensorflow/core/common_runtime/gpu/gpu_device.cc:1471] Adding visible gpu devices: 0
2019-02-26 08:22:55.096705: I tensorflow/core/common_runtime/gpu/gpu_device.cc:952] Device interconnect StreamExecutor with strength 1 edge matrix:
2019-02-26 08:22:55.096742: I tensorflow/core/common_runtime/gpu/gpu_device.cc:958]      0 
2019-02-26 08:22:55.096747: I tensorflow/core/common_runtime/gpu/gpu_device.cc:971] 0:   N 
2019-02-26 08:22:55.096984: I tensorflow/core/common_runtime/gpu/gpu_device.cc:1084] Created TensorFlow device (/job:localhost/replica:0/task:0/device:GPU:0 with 5323 MB memory) -> physical GPU (device: 0, name: GeForce GTX 1060 6GB, pci bus id: 0000:01:00.0, compute capability: 6.1)
bagging_putback defined: True
verbose defined: False
tensorboard defined: False
patience_earlystopping defined: 40
datadefinition defined: <datadefinitions.cargo2000.Cargo2000 object at 0x7f478e670e10>
traindata_shuffle defined: False
running defined: 0
learningrate defined: 0.002
traindata_split_index defined: 0
datageneration_pattern defined: DataGenerationPattern.Fit
validationdata_split defined: 0.2
bagging_size defined: 0.6
dropout defined: 0.1
save_model defined: True
max_epochs defined: 500
testdata_split defined: 0.3333
cudnn defined: True
neurons defined: 100
rnntype defined: RnnType.LSTM
bagging defined: True
gradientclipvalue defined: 3
patience_reducelr defined: 10
layers defined: 2
bidirectional defined: False
processor defined: Processor.GPU
max_sequencelength defined: 150000
traindata_split defined: 1
traindata_duplicate defined: 0
batch_size defined: 64
keras version: 2.2.2
tensorflow version: 1.9.0
tensorflow session cleaned
multi process gpu usage: enabled
tensorflow configured
read 56082 rows
sequences truncated to 150000
offset0: null
offset1: 0
offset2: 0
offset3: 0
offset4: 0
offset5: 0
offset6: 0
offset7: 0
offset8: 0
divisor0: null
divisor1: 1153.615438108484
divisor2: 6666.367996861738
divisor3: 1412.8796226953389
divisor4: 1638.5187047537534
divisor5: 7332.0577368852755
divisor6: 17233.036482293785
divisor7: 17819.202310901892
divisor8: 1988.1400092721371
maxlen 28 
total chars: 16, target chars: 17
characters:  ['1', '10', '11', '12', '13', '14', '15', '16', '2', '3', '4', '5', '6', '7', '8', '9']
unique characters:  ['0', '1', '2', '3', '4', '5', '6', '7', '8', '9']
category vectors length: 16
num features: 22
2102 sequences in train data
1314 sequences in test data
526 sequences in validation data
2102 elements before bagging with putback True
1261 elements after bagging with putback True
perform full in-memory sentence generation
train_sentences: 17438
validation_sentences: 7440
Vectorization...
Build model...
imported keras API for model creation
creating stateless cudnn lstm model
_________________________________________________________________
Layer (type)                 Output Shape              Param #   
=================================================================
cu_dnnlstm_1 (CuDNNLSTM)     (None, 28, 100)           49600     
_________________________________________________________________
batch_normalization_1 (Batch (None, 28, 100)           400       
_________________________________________________________________
cu_dnnlstm_2 (CuDNNLSTM)     (None, 100)               80800     
_________________________________________________________________
batch_normalization_2 (Batch (None, 100)               400       
_________________________________________________________________
time_output (Dense)          (None, 1)                 101       
=================================================================
Total params: 131,301
Trainable params: 130,901
Non-trainable params: 400
_________________________________________________________________
Train on 17438 samples, validate on 7440 samples
Epoch 1/500
 - 8s - loss: 0.4305 - val_loss: 0.4640
Epoch 2/500
 - 7s - loss: 0.3531 - val_loss: 0.4214
Epoch 3/500
 - 7s - loss: 0.3440 - val_loss: 0.3999
Epoch 4/500
 - 7s - loss: 0.3416 - val_loss: 0.4021
Epoch 5/500
 - 7s - loss: 0.3351 - val_loss: 0.3967
Epoch 6/500
 - 7s - loss: 0.3328 - val_loss: 0.4114
Epoch 7/500
 - 7s - loss: 0.3295 - val_loss: 0.3991
Epoch 8/500
 - 7s - loss: 0.3279 - val_loss: 0.4409
Epoch 9/500
 - 7s - loss: 0.3244 - val_loss: 0.3922
Epoch 10/500
 - 7s - loss: 0.3214 - val_loss: 0.4118
Epoch 11/500
 - 7s - loss: 0.3183 - val_loss: 0.4372
Epoch 12/500
 - 7s - loss: 0.3144 - val_loss: 0.4301
Epoch 13/500
 - 7s - loss: 0.3122 - val_loss: 0.3919
Epoch 14/500
 - 7s - loss: 0.3080 - val_loss: 0.3848
Epoch 15/500
 - 7s - loss: 0.3033 - val_loss: 0.4195
Epoch 16/500
 - 7s - loss: 0.2963 - val_loss: 0.4028
Epoch 17/500
 - 7s - loss: 0.2917 - val_loss: 0.4198
Epoch 18/500
 - 7s - loss: 0.2860 - val_loss: 0.4630
Epoch 19/500
 - 7s - loss: 0.2792 - val_loss: 0.4169
Epoch 20/500
 - 7s - loss: 0.2737 - val_loss: 0.4094
Epoch 21/500
 - 7s - loss: 0.2714 - val_loss: 0.4201
Epoch 22/500
 - 7s - loss: 0.2660 - val_loss: 0.4324
Epoch 23/500
 - 7s - loss: 0.2580 - val_loss: 0.4305
Epoch 24/500
 - 7s - loss: 0.2556 - val_loss: 0.4278
Epoch 25/500
 - 7s - loss: 0.2441 - val_loss: 0.4372
Epoch 26/500
 - 7s - loss: 0.2387 - val_loss: 0.4371
Epoch 27/500
 - 7s - loss: 0.2359 - val_loss: 0.4336
Epoch 28/500
 - 7s - loss: 0.2356 - val_loss: 0.4484
Epoch 29/500
 - 7s - loss: 0.2313 - val_loss: 0.4304
Epoch 30/500
 - 7s - loss: 0.2289 - val_loss: 0.4436
Epoch 31/500
 - 7s - loss: 0.2274 - val_loss: 0.4443
Epoch 32/500
 - 7s - loss: 0.2262 - val_loss: 0.4528
Epoch 33/500
 - 7s - loss: 0.2223 - val_loss: 0.4450
Epoch 34/500
 - 7s - loss: 0.2217 - val_loss: 0.4460
Epoch 35/500
 - 7s - loss: 0.2118 - val_loss: 0.4517
Epoch 36/500
 - 7s - loss: 0.2100 - val_loss: 0.4577
Epoch 37/500
 - 7s - loss: 0.2095 - val_loss: 0.4567
Epoch 38/500
 - 7s - loss: 0.2071 - val_loss: 0.4517
Epoch 39/500
 - 7s - loss: 0.2058 - val_loss: 0.4619
Epoch 40/500
 - 7s - loss: 0.2021 - val_loss: 0.4568
Epoch 41/500
 - 7s - loss: 0.1991 - val_loss: 0.4567
Epoch 42/500
 - 7s - loss: 0.2015 - val_loss: 0.4583
Epoch 43/500
 - 7s - loss: 0.1975 - val_loss: 0.4593
Epoch 44/500
 - 5s - loss: 0.1979 - val_loss: 0.4614
Epoch 45/500
 - 5s - loss: 0.1945 - val_loss: 0.4645
Epoch 46/500
 - 5s - loss: 0.1936 - val_loss: 0.4624
Epoch 47/500
 - 2s - loss: 0.1901 - val_loss: 0.4630
Epoch 48/500
 - 3s - loss: 0.1900 - val_loss: 0.4653
Epoch 49/500
 - 7s - loss: 0.1891 - val_loss: 0.4708
Epoch 50/500
 - 7s - loss: 0.1875 - val_loss: 0.4637
Epoch 51/500
 - 7s - loss: 0.1905 - val_loss: 0.4694
Epoch 52/500
 - 7s - loss: 0.1869 - val_loss: 0.4628
Epoch 53/500
 - 7s - loss: 0.1879 - val_loss: 0.4678
Epoch 54/500
 - 7s - loss: 0.1892 - val_loss: 0.4624
/usr/lib/python3.5/importlib/_bootstrap.py:222: RuntimeWarning: numpy.dtype size changed, may indicate binary incompatibility. Expected 96, got 88
  return f(*args, **kwds)
Using TensorFlow backend.
/usr/lib/python3.5/importlib/_bootstrap.py:222: RuntimeWarning: numpy.dtype size changed, may indicate binary incompatibility. Expected 96, got 88
  return f(*args, **kwds)
/usr/lib/python3.5/importlib/_bootstrap.py:222: RuntimeWarning: numpy.dtype size changed, may indicate binary incompatibility. Expected 96, got 88
  return f(*args, **kwds)
Load model for predictions...
imported keras API for model creation
creating stateless cudnn lstm model
Model loaded from checkpoint
_________________________________________________________________
Layer (type)                 Output Shape              Param #   
=================================================================
cu_dnnlstm_3 (CuDNNLSTM)     (None, 28, 100)           49600     
_________________________________________________________________
batch_normalization_3 (Batch (None, 28, 100)           400       
_________________________________________________________________
cu_dnnlstm_4 (CuDNNLSTM)     (None, 100)               80800     
_________________________________________________________________
batch_normalization_4 (Batch (None, 100)               400       
_________________________________________________________________
time_output (Dense)          (None, 1)                 101       
=================================================================
Total params: 131,301
Trainable params: 130,901
Non-trainable params: 400
_________________________________________________________________
Make predictions...
sequences: 1314
finished prediction
tensorflow session cleaned
[Log] Finished process for: /bin/bash -c "python3 caise2019_c2k.py"
[Log] Process finished.
