[Log] Serializing /root/app/workdir/0-epochlogs.epochlog
[Log] Serializing /root/app/workdir/0-model.h5
[Log] Serializing /root/app/workdir/0-results.csv
[Log] Serializing /root/app/workdir/utility/__pycache__/exceptions.cpython-35.pyc
[Log] Serializing /root/app/workdir/utility/__pycache__/regularization.cpython-35.pyc
[Log] Serializing /root/app/workdir/utility/__pycache__/run.cpython-35.pyc
[Log] Serializing /root/app/workdir/utility/__pycache__/configuration.cpython-35.pyc
[Log] Serializing /root/app/workdir/utility/__pycache__/models.cpython-35.pyc
[Log] Serializing /root/app/workdir/utility/__pycache__/generator.cpython-35.pyc
[Log] Serializing /root/app/workdir/utility/__pycache__/preprocessing.cpython-35.pyc
[Log] Serializing /root/app/workdir/utility/__pycache__/hyperparameteroptimization.cpython-35.pyc
[Log] Serializing /root/app/workdir/utility/__pycache__/enums.cpython-35.pyc
[Log] Serializing /root/app/workdir/utility/__pycache__/dataoperations.cpython-35.pyc
[Log] Serializing /root/app/workdir/datadefinitions/__pycache__/bpi2012.cpython-35.pyc
[Log] Serializing /root/app/workdir/datadefinitions/__pycache__/generic.cpython-35.pyc
Send training results
[Log] Cleaned working directory
[Log] Finished work package
[Log] Fetch work.
Results sent.
[Log] Training Work package received from server: caise2019_bpic2012 92f9882a-a4a4-406e-b0c3-be34502388d3
[Log] Cleaned working directory
[Log] Deserializing 26 files 
[Log] Deserializing /root/app/workdir/caise2019_bpic2012.py
[Log] Deserializing /root/app/workdir/caise2019_bpic2017.py
[Log] Deserializing /root/app/workdir/caise2019_bpic2018.py
[Log] Deserializing /root/app/workdir/caise2019_c2k.py
[Log] Deserializing /root/app/workdir/caise2019_tt.py
[Log] Deserializing /root/app/workdir/requirements.txt
[Log] Deserializing /root/app/workdir/requirements_gpu.txt
[Log] Deserializing /root/app/workdir/version.xml
[Log] Deserializing /root/app/workdir/datadefinitions/bpi2012.py
[Log] Deserializing /root/app/workdir/datadefinitions/bpi2017.py
[Log] Deserializing /root/app/workdir/datadefinitions/bpi2018.py
[Log] Deserializing /root/app/workdir/datadefinitions/cargo2000.py
[Log] Deserializing /root/app/workdir/datadefinitions/cargo2000generic.py
[Log] Deserializing /root/app/workdir/datadefinitions/generic.py
[Log] Deserializing /root/app/workdir/datadefinitions/transformingtransport.py
[Log] Deserializing /root/app/workdir/datasets/bpi2012.csv
[Log] Deserializing /root/app/workdir/utility/configuration.py
[Log] Deserializing /root/app/workdir/utility/dataoperations.py
[Log] Deserializing /root/app/workdir/utility/enums.py
[Log] Deserializing /root/app/workdir/utility/exceptions.py
[Log] Deserializing /root/app/workdir/utility/generator.py
[Log] Deserializing /root/app/workdir/utility/hyperparameteroptimization.py
[Log] Deserializing /root/app/workdir/utility/models.py
[Log] Deserializing /root/app/workdir/utility/preprocessing.py
[Log] Deserializing /root/app/workdir/utility/regularization.py
[Log] Deserializing /root/app/workdir/utility/run.py
[Log] Deserialized 26 files
[Log] Processing training work package
[Log] Create worker process.
[Log] Create process for: /bin/bash -c "python3 caise2019_bpic2012.py" in /root/app/workdir
[Log] Starting process for: /bin/bash -c "python3 caise2019_bpic2012.py"
2019-02-25 15:22:39.578950: I tensorflow/core/platform/cpu_feature_guard.cc:141] Your CPU supports instructions that this TensorFlow binary was not compiled to use: AVX2 FMA
2019-02-25 15:22:39.649745: I tensorflow/stream_executor/cuda/cuda_gpu_executor.cc:897] successful NUMA node read from SysFS had negative value (-1), but there must be at least one NUMA node, so returning NUMA node zero
2019-02-25 15:22:39.650254: I tensorflow/core/common_runtime/gpu/gpu_device.cc:1392] Found device 0 with properties: 
name: GeForce GTX 1060 6GB major: 6 minor: 1 memoryClockRate(GHz): 1.7715
pciBusID: 0000:01:00.0
totalMemory: 5.93GiB freeMemory: 5.55GiB
2019-02-25 15:22:39.650269: I tensorflow/core/common_runtime/gpu/gpu_device.cc:1471] Adding visible gpu devices: 0
2019-02-25 15:22:40.251520: I tensorflow/core/common_runtime/gpu/gpu_device.cc:952] Device interconnect StreamExecutor with strength 1 edge matrix:
2019-02-25 15:22:40.251550: I tensorflow/core/common_runtime/gpu/gpu_device.cc:958]      0 
2019-02-25 15:22:40.251569: I tensorflow/core/common_runtime/gpu/gpu_device.cc:971] 0:   N 
2019-02-25 15:22:40.251734: I tensorflow/core/common_runtime/gpu/gpu_device.cc:1084] Created TensorFlow device (/job:localhost/replica:0/task:0/device:GPU:0 with 5323 MB memory) -> physical GPU (device: 0, name: GeForce GTX 1060 6GB, pci bus id: 0000:01:00.0, compute capability: 6.1)
validationdata_split defined: 0.2
patience_reducelr defined: 10
tensorboard defined: False
datageneration_pattern defined: DataGenerationPattern.Generator
rnntype defined: RnnType.LSTM
traindata_shuffle defined: False
learningrate defined: 0.002
bagging defined: True
processor defined: Processor.GPU
running defined: 0
batch_size defined: 64
bagging_size defined: 0.6
bidirectional defined: False
traindata_split defined: 1
save_model defined: True
max_epochs defined: 500
dropout defined: 0.1
bagging_putback defined: True
gradientclipvalue defined: 3
patience_earlystopping defined: 40
testdata_split defined: 0.3333
traindata_duplicate defined: 0
max_sequencelength defined: 150000
layers defined: 2
neurons defined: 100
verbose defined: False
datadefinition defined: <datadefinitions.bpi2012.BPI2012 object at 0x7f940af05e10>
traindata_split_index defined: 0
cudnn defined: True
keras version: 2.2.2
tensorflow version: 1.9.0
tensorflow session cleaned
multi process gpu usage: enabled
tensorflow configured
no value found for datadefinition.featureweight at index 4, setting default value
no value found for datadefinition.featureweight at index 5, setting default value
read 190827 rows
sequences truncated to 150000
offset0: null
offset1: null
offset2: 0
offset3: 0
offset4: null
offset5: null
divisor0: null
divisor1: null
divisor2: 4.770425059696304
divisor3: 9547.828404708018
divisor4: null
divisor5: null
maxlen 106 
total chars: 23, target chars: 24
characters:  ['A', 'B', 'C', 'D', 'E', 'F', 'G', 'H', 'I', 'J', 'K', 'L', 'M', 'N', 'O', 'P', 'Q', 'R', 'S', 'T', 'U', 'V', 'W']
unique characters:  ['A', 'B', 'C', 'D', 'E', 'F', 'G', 'H', 'I', 'J', 'K', 'L', 'M', 'N', 'O', 'P', 'Q', 'R', 'S', 'T', 'U', 'V', 'W']
total chars: 68, target chars: 69
characters:  ['10124', '10125', '10138', '10188', '10228', '10609', '10629', '10779', '10789', '10809', '10821', '10859', '10861', '10862', '10863', '10880', '10881', '10889', '10899', '10909', '10910', '10912', '10913', '10914', '10929', '10931', '10932', '10933', '10935', '10939', '10971', '10972', '10982', '11000', '11001', '11002', '11003', '11009', '11019', '11029', '11049', '11079', '11111', '11119', '11120', '11121', '11122', '11169', '11179', '11180', '11181', '11189', '112', '11200', '11201', '11202', '11203', '11254', '11259', '11269', '11289', '11299', '11300', '11302', '11304', '11309', '11319', '11339']
unique characters:  ['0', '1', '2', '3', '4', '5', '6', '7', '8', '9']
total chars: 2, target chars: 3
characters:  ['False', 'True']
unique characters:  ['F', 'T', 'a', 'e', 'l', 'r', 's', 'u']
category vectors length: 91
num features: 94
6980 sequences in train data
4362 sequences in test data
1745 sequences in validation data
6980 elements before bagging with putback True
4188 elements after bagging with putback True
created generator with with 4188 sequences and 59283 sentences
created generator with with 1745 sequences and 26772 sentences
created sentence generators
Generators detected: Vectorization will be performed during runtime
Build model...
imported keras API for model creation
creating stateless cudnn lstm model
_________________________________________________________________
Layer (type)                 Output Shape              Param #   
=================================================================
cu_dnnlstm_1 (CuDNNLSTM)     (None, 106, 100)          78400     
_________________________________________________________________
batch_normalization_1 (Batch (None, 106, 100)          400       
_________________________________________________________________
cu_dnnlstm_2 (CuDNNLSTM)     (None, 100)               80800     
_________________________________________________________________
batch_normalization_2 (Batch (None, 100)               400       
_________________________________________________________________
time_output (Dense)          (None, 1)                 101       
=================================================================
Total params: 160,101
Trainable params: 159,701
Non-trainable params: 400
_________________________________________________________________
Epoch 1/500
 - 60s - loss: 0.4331 - val_loss: 0.4273
Epoch 2/500
 - 59s - loss: 0.3848 - val_loss: 0.3688
Epoch 3/500
 - 58s - loss: 0.3853 - val_loss: 0.3050
Epoch 4/500
 - 59s - loss: 0.3769 - val_loss: 0.3165
Epoch 5/500
 - 59s - loss: 0.3675 - val_loss: 0.3699
Epoch 6/500
 - 59s - loss: 0.3670 - val_loss: 0.3726
Epoch 7/500
 - 59s - loss: 0.3630 - val_loss: 0.6543
Epoch 8/500
 - 59s - loss: 0.3660 - val_loss: 0.5699
Epoch 9/500
 - 59s - loss: 0.3626 - val_loss: 0.3825
Epoch 10/500
 - 59s - loss: 0.3563 - val_loss: 0.4133
Epoch 11/500
 - 59s - loss: 0.3480 - val_loss: 0.3248
Epoch 12/500
 - 59s - loss: 0.3528 - val_loss: 0.3076
Epoch 13/500
 - 58s - loss: 0.3565 - val_loss: 0.3047
Epoch 14/500
 - 59s - loss: 0.3555 - val_loss: 0.3778
Epoch 15/500
 - 58s - loss: 0.3569 - val_loss: 0.3054
Epoch 16/500
 - 58s - loss: 0.3556 - val_loss: 0.2899
Epoch 17/500
 - 58s - loss: 0.3518 - val_loss: 0.3307
Epoch 18/500
 - 48s - loss: 0.3567 - val_loss: 0.3019
Epoch 19/500
 - 58s - loss: 0.3536 - val_loss: 0.2891
Epoch 20/500
 - 58s - loss: 0.3519 - val_loss: 0.2999
Epoch 21/500
 - 58s - loss: 0.3532 - val_loss: 0.3059
Epoch 22/500
 - 59s - loss: 0.3489 - val_loss: 0.2865
Epoch 23/500
 - 58s - loss: 0.3476 - val_loss: 0.3278
Epoch 24/500
 - 58s - loss: 0.3481 - val_loss: 0.2948
Epoch 25/500
 - 59s - loss: 0.3486 - val_loss: 0.2990
Epoch 26/500
 - 59s - loss: 0.3492 - val_loss: 0.3834
Epoch 27/500
 - 59s - loss: 0.3457 - val_loss: 0.2857
Epoch 28/500
 - 59s - loss: 0.3437 - val_loss: 0.2874
Epoch 29/500
 - 59s - loss: 0.3464 - val_loss: 0.2954
Epoch 30/500
 - 59s - loss: 0.3430 - val_loss: 0.2854
Epoch 31/500
 - 59s - loss: 0.3450 - val_loss: 0.2920
Epoch 32/500
 - 59s - loss: 0.3417 - val_loss: 0.2892
Epoch 33/500
 - 58s - loss: 0.3499 - val_loss: 0.2793
Epoch 34/500
 - 59s - loss: 0.3415 - val_loss: 0.3064
Epoch 35/500
 - 59s - loss: 0.3480 - val_loss: 0.3037
Epoch 36/500
 - 58s - loss: 0.3432 - val_loss: 0.3005
Epoch 37/500
 - 59s - loss: 0.3456 - val_loss: 0.3021
Epoch 38/500
 - 59s - loss: 0.3374 - val_loss: 0.2970
Epoch 39/500
 - 58s - loss: 0.3468 - val_loss: 0.2910
Epoch 40/500
 - 58s - loss: 0.3465 - val_loss: 0.3094
Epoch 41/500
 - 58s - loss: 0.3414 - val_loss: 0.2943
Epoch 42/500
 - 59s - loss: 0.3395 - val_loss: 0.2911
Epoch 43/500
 - 59s - loss: 0.3430 - val_loss: 0.2895
Epoch 44/500
 - 58s - loss: 0.3393 - val_loss: 0.2992
Epoch 45/500
 - 59s - loss: 0.3416 - val_loss: 0.2886
Epoch 46/500
 - 59s - loss: 0.3423 - val_loss: 0.2924
Epoch 47/500
 - 47s - loss: 0.3396 - val_loss: 0.2863
Epoch 48/500
 - 59s - loss: 0.3373 - val_loss: 0.2843
Epoch 49/500
 - 59s - loss: 0.3417 - val_loss: 0.2979
Epoch 50/500
 - 58s - loss: 0.3400 - val_loss: 0.2885
Epoch 51/500
 - 59s - loss: 0.3362 - val_loss: 0.2977
Epoch 52/500
 - 59s - loss: 0.3394 - val_loss: 0.2942
Epoch 53/500
 - 59s - loss: 0.3402 - val_loss: 0.3050
Epoch 54/500
 - 59s - loss: 0.3381 - val_loss: 0.2972
Epoch 55/500
 - 59s - loss: 0.3324 - val_loss: 0.2900
Epoch 56/500
 - 59s - loss: 0.3368 - val_loss: 0.2915
Epoch 57/500
 - 59s - loss: 0.3356 - val_loss: 0.2871
Epoch 58/500
 - 59s - loss: 0.3396 - val_loss: 0.2887
Epoch 59/500
 - 59s - loss: 0.3359 - val_loss: 0.2933
Epoch 60/500
 - 59s - loss: 0.3399 - val_loss: 0.2925
Epoch 61/500
 - 59s - loss: 0.3358 - val_loss: 0.2971
Epoch 62/500
 - 58s - loss: 0.3327 - val_loss: 0.3008
Epoch 63/500
 - 59s - loss: 0.3322 - val_loss: 0.2953
Epoch 64/500
 - 59s - loss: 0.3309 - val_loss: 0.2931
Epoch 65/500
 - 58s - loss: 0.3354 - val_loss: 0.2943
Epoch 66/500
 - 59s - loss: 0.3331 - val_loss: 0.2900
Epoch 67/500
 - 58s - loss: 0.3408 - val_loss: 0.2948
Epoch 68/500
 - 59s - loss: 0.3354 - val_loss: 0.2936
Epoch 69/500
 - 59s - loss: 0.3299 - val_loss: 0.2857
Epoch 70/500
 - 59s - loss: 0.3289 - val_loss: 0.2878
Epoch 71/500
 - 59s - loss: 0.3325 - val_loss: 0.2888
Epoch 72/500
 - 59s - loss: 0.3313 - val_loss: 0.2896
Epoch 73/500
 - 59s - loss: 0.3364 - val_loss: 0.2895
/usr/lib/python3.5/importlib/_bootstrap.py:222: RuntimeWarning: numpy.dtype size changed, may indicate binary incompatibility. Expected 96, got 88
Load model for predictions...
  return f(*args, **kwds)
Using TensorFlow backend.
/usr/lib/python3.5/importlib/_bootstrap.py:222: RuntimeWarning: numpy.dtype size changed, may indicate binary incompatibility. Expected 96, got 88
  return f(*args, **kwds)
/usr/lib/python3.5/importlib/_bootstrap.py:222: RuntimeWarning: numpy.dtype size changed, may indicate binary incompatibility. Expected 96, got 88
  return f(*args, **kwds)
imported keras API for model creation
creating stateless cudnn lstm model
Model loaded from checkpoint
_________________________________________________________________
Layer (type)                 Output Shape              Param #   
=================================================================
cu_dnnlstm_3 (CuDNNLSTM)     (None, 106, 100)          78400     
_________________________________________________________________
batch_normalization_3 (Batch (None, 106, 100)          400       
_________________________________________________________________
cu_dnnlstm_4 (CuDNNLSTM)     (None, 100)               80800     
_________________________________________________________________
batch_normalization_4 (Batch (None, 100)               400       
_________________________________________________________________
time_output (Dense)          (None, 1)                 101       
=================================================================
Total params: 160,101
Trainable params: 159,701
Non-trainable params: 400
_________________________________________________________________
Make predictions...
sequences: 4362
finished prediction
tensorflow session cleaned
[Log] Finished process for: /bin/bash -c "python3 caise2019_bpic2012.py"
[Log] Process finished.
