[Log] Serializing /root/app/workdir/0-epochlogs.epochlog
[Log] Serializing /root/app/workdir/0-model.h5
[Log] Serializing /root/app/workdir/0-results.csv
[Log] Serializing /root/app/workdir/datadefinitions/__pycache__/bpi2012.cpython-35.pyc
[Log] Serializing /root/app/workdir/datadefinitions/__pycache__/generic.cpython-35.pyc
[Log] Serializing /root/app/workdir/utility/__pycache__/hyperparameteroptimization.cpython-35.pyc
[Log] Serializing /root/app/workdir/utility/__pycache__/run.cpython-35.pyc
[Log] Serializing /root/app/workdir/utility/__pycache__/exceptions.cpython-35.pyc
[Log] Serializing /root/app/workdir/utility/__pycache__/configuration.cpython-35.pyc
[Log] Serializing /root/app/workdir/utility/__pycache__/enums.cpython-35.pyc
[Log] Serializing /root/app/workdir/utility/__pycache__/preprocessing.cpython-35.pyc
[Log] Serializing /root/app/workdir/utility/__pycache__/models.cpython-35.pyc
[Log] Serializing /root/app/workdir/utility/__pycache__/generator.cpython-35.pyc
[Log] Serializing /root/app/workdir/utility/__pycache__/dataoperations.cpython-35.pyc
[Log] Serializing /root/app/workdir/utility/__pycache__/regularization.cpython-35.pyc
Send training results
[Log] Cleaned working directory
[Log] Finished work package
[Log] Fetch work.
Results sent.
[Log] Training Work package received from server: caise2019_bpic2012 6c1517df-0e0e-4bd8-b5a1-9102fb3f063b
[Log] Cleaned working directory
[Log] Deserializing 26 files 
[Log] Deserializing /root/app/workdir/caise2019_bpic2012.py
[Log] Deserializing /root/app/workdir/caise2019_bpic2017.py
[Log] Deserializing /root/app/workdir/caise2019_bpic2018.py
[Log] Deserializing /root/app/workdir/caise2019_c2k.py
[Log] Deserializing /root/app/workdir/caise2019_tt.py
[Log] Deserializing /root/app/workdir/requirements.txt
[Log] Deserializing /root/app/workdir/requirements_gpu.txt
[Log] Deserializing /root/app/workdir/version.xml
[Log] Deserializing /root/app/workdir/datadefinitions/bpi2012.py
[Log] Deserializing /root/app/workdir/datadefinitions/bpi2017.py
[Log] Deserializing /root/app/workdir/datadefinitions/bpi2018.py
[Log] Deserializing /root/app/workdir/datadefinitions/cargo2000.py
[Log] Deserializing /root/app/workdir/datadefinitions/cargo2000generic.py
[Log] Deserializing /root/app/workdir/datadefinitions/generic.py
[Log] Deserializing /root/app/workdir/datadefinitions/transformingtransport.py
[Log] Deserializing /root/app/workdir/datasets/bpi2012.csv
[Log] Deserializing /root/app/workdir/utility/configuration.py
[Log] Deserializing /root/app/workdir/utility/dataoperations.py
[Log] Deserializing /root/app/workdir/utility/enums.py
[Log] Deserializing /root/app/workdir/utility/exceptions.py
[Log] Deserializing /root/app/workdir/utility/generator.py
[Log] Deserializing /root/app/workdir/utility/hyperparameteroptimization.py
[Log] Deserializing /root/app/workdir/utility/models.py
[Log] Deserializing /root/app/workdir/utility/preprocessing.py
[Log] Deserializing /root/app/workdir/utility/regularization.py
[Log] Deserializing /root/app/workdir/utility/run.py
[Log] Deserialized 26 files
[Log] Processing training work package
[Log] Create worker process.
[Log] Create process for: /bin/bash -c "python3 caise2019_bpic2012.py" in /root/app/workdir
[Log] Starting process for: /bin/bash -c "python3 caise2019_bpic2012.py"
2019-02-24 16:02:52.761909: I tensorflow/core/platform/cpu_feature_guard.cc:141] Your CPU supports instructions that this TensorFlow binary was not compiled to use: AVX2 FMA
2019-02-24 16:02:52.831933: I tensorflow/stream_executor/cuda/cuda_gpu_executor.cc:897] successful NUMA node read from SysFS had negative value (-1), but there must be at least one NUMA node, so returning NUMA node zero
2019-02-24 16:02:52.832441: I tensorflow/core/common_runtime/gpu/gpu_device.cc:1392] Found device 0 with properties: 
name: GeForce GTX 1060 6GB major: 6 minor: 1 memoryClockRate(GHz): 1.7715
pciBusID: 0000:01:00.0
totalMemory: 5.93GiB freeMemory: 5.55GiB
2019-02-24 16:02:52.832458: I tensorflow/core/common_runtime/gpu/gpu_device.cc:1471] Adding visible gpu devices: 0
2019-02-24 16:02:53.397436: I tensorflow/core/common_runtime/gpu/gpu_device.cc:952] Device interconnect StreamExecutor with strength 1 edge matrix:
2019-02-24 16:02:53.397459: I tensorflow/core/common_runtime/gpu/gpu_device.cc:958]      0 
2019-02-24 16:02:53.397464: I tensorflow/core/common_runtime/gpu/gpu_device.cc:971] 0:   N 
2019-02-24 16:02:53.397612: I tensorflow/core/common_runtime/gpu/gpu_device.cc:1084] Created TensorFlow device (/job:localhost/replica:0/task:0/device:GPU:0 with 5323 MB memory) -> physical GPU (device: 0, name: GeForce GTX 1060 6GB, pci bus id: 0000:01:00.0, compute capability: 6.1)
processor defined: Processor.GPU
running defined: 0
batch_size defined: 64
max_sequencelength defined: 150000
layers defined: 2
dropout defined: 0.1
save_model defined: True
validationdata_split defined: 0.2
testdata_split defined: 0.3333
datageneration_pattern defined: DataGenerationPattern.Generator
cudnn defined: True
patience_earlystopping defined: 40
rnntype defined: RnnType.LSTM
traindata_shuffle defined: False
traindata_duplicate defined: 0
bagging_size defined: 0.6
bagging defined: True
bidirectional defined: False
bagging_putback defined: True
traindata_split_index defined: 0
traindata_split defined: 1
tensorboard defined: False
verbose defined: False
neurons defined: 100
patience_reducelr defined: 10
learningrate defined: 0.002
gradientclipvalue defined: 3
max_epochs defined: 500
datadefinition defined: <datadefinitions.bpi2012.BPI2012 object at 0x7f3848dcee10>
keras version: 2.2.2
tensorflow version: 1.9.0
tensorflow session cleaned
multi process gpu usage: enabled
tensorflow configured
no value found for datadefinition.featureweight at index 4, setting default value
no value found for datadefinition.featureweight at index 5, setting default value
read 190827 rows
sequences truncated to 150000
offset0: null
offset1: null
offset2: 0
offset3: 0
offset4: null
offset5: null
divisor0: null
divisor1: null
divisor2: 4.770425059696304
divisor3: 9547.828404708018
divisor4: null
divisor5: null
maxlen 106 
total chars: 23, target chars: 24
characters:  ['A', 'B', 'C', 'D', 'E', 'F', 'G', 'H', 'I', 'J', 'K', 'L', 'M', 'N', 'O', 'P', 'Q', 'R', 'S', 'T', 'U', 'V', 'W']
unique characters:  ['A', 'B', 'C', 'D', 'E', 'F', 'G', 'H', 'I', 'J', 'K', 'L', 'M', 'N', 'O', 'P', 'Q', 'R', 'S', 'T', 'U', 'V', 'W']
total chars: 68, target chars: 69
characters:  ['10124', '10125', '10138', '10188', '10228', '10609', '10629', '10779', '10789', '10809', '10821', '10859', '10861', '10862', '10863', '10880', '10881', '10889', '10899', '10909', '10910', '10912', '10913', '10914', '10929', '10931', '10932', '10933', '10935', '10939', '10971', '10972', '10982', '11000', '11001', '11002', '11003', '11009', '11019', '11029', '11049', '11079', '11111', '11119', '11120', '11121', '11122', '11169', '11179', '11180', '11181', '11189', '112', '11200', '11201', '11202', '11203', '11254', '11259', '11269', '11289', '11299', '11300', '11302', '11304', '11309', '11319', '11339']
unique characters:  ['0', '1', '2', '3', '4', '5', '6', '7', '8', '9']
total chars: 2, target chars: 3
characters:  ['False', 'True']
unique characters:  ['F', 'T', 'a', 'e', 'l', 'r', 's', 'u']
category vectors length: 91
num features: 94
6980 sequences in train data
4362 sequences in test data
1745 sequences in validation data
6980 elements before bagging with putback True
4188 elements after bagging with putback True
created generator with with 4188 sequences and 62471 sentences
created generator with with 1745 sequences and 26772 sentences
created sentence generators
Generators detected: Vectorization will be performed during runtime
Build model...
imported keras API for model creation
creating stateless cudnn lstm model
_________________________________________________________________
Layer (type)                 Output Shape              Param #   
=================================================================
cu_dnnlstm_1 (CuDNNLSTM)     (None, 106, 100)          78400     
_________________________________________________________________
batch_normalization_1 (Batch (None, 106, 100)          400       
_________________________________________________________________
cu_dnnlstm_2 (CuDNNLSTM)     (None, 100)               80800     
_________________________________________________________________
batch_normalization_2 (Batch (None, 100)               400       
_________________________________________________________________
time_output (Dense)          (None, 1)                 101       
=================================================================
Total params: 160,101
Trainable params: 159,701
Non-trainable params: 400
_________________________________________________________________
Epoch 1/500
 - 64s - loss: 0.4404 - val_loss: 0.3905
Epoch 2/500
 - 62s - loss: 0.3923 - val_loss: 0.8587
Epoch 3/500
 - 63s - loss: 0.3818 - val_loss: 0.3524
Epoch 4/500
 - 63s - loss: 0.3747 - val_loss: 0.4615
Epoch 5/500
 - 63s - loss: 0.3686 - val_loss: 0.3988
Epoch 6/500
 - 62s - loss: 0.3619 - val_loss: 0.3486
Epoch 7/500
 - 62s - loss: 0.3635 - val_loss: 0.3316
Epoch 8/500
 - 62s - loss: 0.3651 - val_loss: 0.3350
Epoch 9/500
 - 62s - loss: 0.3625 - val_loss: 0.3186
Epoch 10/500
 - 62s - loss: 0.3585 - val_loss: 0.2989
Epoch 11/500
 - 62s - loss: 0.3611 - val_loss: 0.3481
Epoch 12/500
 - 62s - loss: 0.3570 - val_loss: 0.3173
Epoch 13/500
 - 62s - loss: 0.3602 - val_loss: 0.3173
Epoch 14/500
 - 62s - loss: 0.3591 - val_loss: 0.3377
Epoch 15/500
 - 62s - loss: 0.3593 - val_loss: 0.3104
Epoch 16/500
 - 62s - loss: 0.3570 - val_loss: 0.3183
Epoch 17/500
 - 62s - loss: 0.3575 - val_loss: 0.3468
Epoch 18/500
 - 62s - loss: 0.3603 - val_loss: 0.3002
Epoch 19/500
 - 62s - loss: 0.3600 - val_loss: 0.2917
Epoch 20/500
 - 63s - loss: 0.3603 - val_loss: 0.2998
Epoch 21/500
 - 62s - loss: 0.3569 - val_loss: 0.2947
Epoch 22/500
 - 62s - loss: 0.3565 - val_loss: 0.3013
Epoch 23/500
 - 62s - loss: 0.3563 - val_loss: 0.3084
Epoch 24/500
 - 62s - loss: 0.3543 - val_loss: 0.4972
Epoch 25/500
 - 51s - loss: 0.3524 - val_loss: 0.3007
Epoch 26/500
 - 62s - loss: 0.3561 - val_loss: 0.2899
Epoch 27/500
 - 62s - loss: 0.3544 - val_loss: 0.3063
Epoch 28/500
 - 62s - loss: 0.3579 - val_loss: 0.3095
Epoch 29/500
 - 62s - loss: 0.3579 - val_loss: 0.3044
Epoch 30/500
 - 62s - loss: 0.3544 - val_loss: 0.2974
Epoch 31/500
 - 63s - loss: 0.3570 - val_loss: 0.3128
Epoch 32/500
 - 62s - loss: 0.3598 - val_loss: 0.3064
Epoch 33/500
 - 62s - loss: 0.3496 - val_loss: 0.3127
Epoch 34/500
 - 62s - loss: 0.3526 - val_loss: 0.2961
Epoch 35/500
 - 62s - loss: 0.3506 - val_loss: 0.3003
Epoch 36/500
 - 62s - loss: 0.3582 - val_loss: 0.3191
Epoch 37/500
 - 62s - loss: 0.3485 - val_loss: 0.2914
Epoch 38/500
 - 62s - loss: 0.3496 - val_loss: 0.3001
Epoch 39/500
 - 62s - loss: 0.3544 - val_loss: 0.3067
Epoch 40/500
 - 62s - loss: 0.3474 - val_loss: 0.2972
Epoch 41/500
 - 62s - loss: 0.3493 - val_loss: 0.3197
Epoch 42/500
 - 62s - loss: 0.3495 - val_loss: 0.2906
Epoch 43/500
 - 62s - loss: 0.3507 - val_loss: 0.3003
Epoch 44/500
 - 62s - loss: 0.3492 - val_loss: 0.3053
Epoch 45/500
 - 62s - loss: 0.3490 - val_loss: 0.3026
Epoch 46/500
 - 62s - loss: 0.3480 - val_loss: 0.3015
Epoch 47/500
 - 62s - loss: 0.3467 - val_loss: 0.3082
Epoch 48/500
 - 62s - loss: 0.3494 - val_loss: 0.3002
Epoch 49/500
 - 62s - loss: 0.3456 - val_loss: 0.2933
Epoch 50/500
 - 53s - loss: 0.3442 - val_loss: 0.2929
Epoch 51/500
 - 62s - loss: 0.3417 - val_loss: 0.2947
Epoch 52/500
 - 62s - loss: 0.3398 - val_loss: 0.3065
Epoch 53/500
 - 62s - loss: 0.3438 - val_loss: 0.2863
Epoch 54/500
 - 63s - loss: 0.3437 - val_loss: 0.2987
Epoch 55/500
 - 62s - loss: 0.3423 - val_loss: 0.3219
Epoch 56/500
 - 62s - loss: 0.3463 - val_loss: 0.3047
Epoch 57/500
 - 62s - loss: 0.3414 - val_loss: 0.3064
Epoch 58/500
 - 62s - loss: 0.3416 - val_loss: 0.2908
Epoch 59/500
 - 62s - loss: 0.3421 - val_loss: 0.3087
Epoch 60/500
 - 62s - loss: 0.3371 - val_loss: 0.3113
Epoch 61/500
 - 62s - loss: 0.3407 - val_loss: 0.2977
Epoch 62/500
 - 62s - loss: 0.3441 - val_loss: 0.3100
Epoch 63/500
 - 62s - loss: 0.3471 - val_loss: 0.2951
Epoch 64/500
 - 62s - loss: 0.3440 - val_loss: 0.2921
Epoch 65/500
 - 62s - loss: 0.3433 - val_loss: 0.2958
Epoch 66/500
 - 62s - loss: 0.3424 - val_loss: 0.2960
Epoch 67/500
 - 62s - loss: 0.3446 - val_loss: 0.2970
Epoch 68/500
 - 62s - loss: 0.3416 - val_loss: 0.2885
Epoch 69/500
 - 62s - loss: 0.3352 - val_loss: 0.2917
Epoch 70/500
 - 62s - loss: 0.3410 - val_loss: 0.2997
Epoch 71/500
 - 62s - loss: 0.3406 - val_loss: 0.3030
Epoch 72/500
 - 62s - loss: 0.3457 - val_loss: 0.2919
Epoch 73/500
 - 62s - loss: 0.3455 - val_loss: 0.2965
Epoch 74/500
 - 62s - loss: 0.3412 - val_loss: 0.3060
Epoch 75/500
 - 62s - loss: 0.3383 - val_loss: 0.3024
Epoch 76/500
 - 51s - loss: 0.3410 - val_loss: 0.3002
Epoch 77/500
 - 62s - loss: 0.3403 - val_loss: 0.3004
Epoch 78/500
 - 62s - loss: 0.3421 - val_loss: 0.3008
Epoch 79/500
 - 62s - loss: 0.3397 - val_loss: 0.2968
Epoch 80/500
 - 63s - loss: 0.3370 - val_loss: 0.3036
Epoch 81/500
 - 62s - loss: 0.3385 - val_loss: 0.3022
Epoch 82/500
 - 62s - loss: 0.3435 - val_loss: 0.3017
Epoch 83/500
 - 62s - loss: 0.3392 - val_loss: 0.2942
Epoch 84/500
 - 62s - loss: 0.3410 - val_loss: 0.3000
Epoch 85/500
 - 62s - loss: 0.3373 - val_loss: 0.3034
Epoch 86/500
 - 62s - loss: 0.3407 - val_loss: 0.3047
Epoch 87/500
 - 62s - loss: 0.3424 - val_loss: 0.3009
Epoch 88/500
 - 62s - loss: 0.3354 - val_loss: 0.2992
Epoch 89/500
 - 62s - loss: 0.3363 - val_loss: 0.3022
Epoch 90/500
 - 62s - loss: 0.3345 - val_loss: 0.2975
Epoch 91/500
 - 62s - loss: 0.3410 - val_loss: 0.2997
Epoch 92/500
 - 63s - loss: 0.3404 - val_loss: 0.3012
Epoch 93/500
 - 62s - loss: 0.3432 - val_loss: 0.3030
/usr/lib/python3.5/importlib/_bootstrap.py:222: RuntimeWarning: numpy.dtype size changed, may indicate binary incompatibility. Expected 96, got 88
Load model for predictions...
imported keras API for model creation
creating stateless cudnn lstm model
Model loaded from checkpoint
_________________________________________________________________
Layer (type)                 Output Shape              Param #   
=================================================================
  return f(*args, **kwds)
cu_dnnlstm_3 (CuDNNLSTM)     (None, 106, 100)          78400     
Using TensorFlow backend.
/usr/lib/python3.5/importlib/_bootstrap.py:222: RuntimeWarning: numpy.dtype size changed, may indicate binary incompatibility. Expected 96, got 88
_________________________________________________________________
batch_normalization_3 (Batch (None, 106, 100)          400       
_________________________________________________________________
cu_dnnlstm_4 (CuDNNLSTM)     (None, 100)               80800     
_________________________________________________________________
batch_normalization_4 (Batch (None, 100)               400       
_________________________________________________________________
time_output (Dense)          (None, 1)                 101       
=================================================================
Total params: 160,101
  return f(*args, **kwds)
/usr/lib/python3.5/importlib/_bootstrap.py:222: RuntimeWarning: numpy.dtype size changed, may indicate binary incompatibility. Expected 96, got 88
  return f(*args, **kwds)
Trainable params: 159,701
Non-trainable params: 400
_________________________________________________________________
Make predictions...
sequences: 4362
finished prediction
tensorflow session cleaned
[Log] Finished process for: /bin/bash -c "python3 caise2019_bpic2012.py"
[Log] Process finished.
