[Log] Serializing /root/app/workdir/0-model.h5
[Log] Serializing /root/app/workdir/0-results.csv
[Log] Serializing /root/app/workdir/0-epochlogs.epochlog
[Log] Serializing /root/app/workdir/datadefinitions/__pycache__/generic.cpython-35.pyc
[Log] Serializing /root/app/workdir/datadefinitions/__pycache__/cargo2000.cpython-35.pyc
[Log] Serializing /root/app/workdir/utility/__pycache__/exceptions.cpython-35.pyc
[Log] Serializing /root/app/workdir/utility/__pycache__/models.cpython-35.pyc
[Log] Serializing /root/app/workdir/utility/__pycache__/run.cpython-35.pyc
[Log] Serializing /root/app/workdir/utility/__pycache__/configuration.cpython-35.pyc
[Log] Serializing /root/app/workdir/utility/__pycache__/regularization.cpython-35.pyc
[Log] Serializing /root/app/workdir/utility/__pycache__/generator.cpython-35.pyc
[Log] Serializing /root/app/workdir/utility/__pycache__/enums.cpython-35.pyc
[Log] Serializing /root/app/workdir/utility/__pycache__/dataoperations.cpython-35.pyc
[Log] Serializing /root/app/workdir/utility/__pycache__/preprocessing.cpython-35.pyc
[Log] Serializing /root/app/workdir/utility/__pycache__/hyperparameteroptimization.cpython-35.pyc
Send training results
[Log] Cleaned working directory
[Log] Finished work package
[Log] Fetch work.
Results sent.
[Log] Training Work package received from server: caise2019_cargo2000 6b4ce6e1-0c8e-4028-b06f-02bbd731fc62
[Log] Cleaned working directory
[Log] Deserializing 26 files 
[Log] Deserializing /root/app/workdir/caise2019_bpic2012.py
[Log] Deserializing /root/app/workdir/caise2019_bpic2017.py
[Log] Deserializing /root/app/workdir/caise2019_bpic2018.py
[Log] Deserializing /root/app/workdir/caise2019_c2k.py
[Log] Deserializing /root/app/workdir/caise2019_tt.py
[Log] Deserializing /root/app/workdir/requirements.txt
[Log] Deserializing /root/app/workdir/requirements_gpu.txt
[Log] Deserializing /root/app/workdir/version.xml
[Log] Deserializing /root/app/workdir/datadefinitions/bpi2012.py
[Log] Deserializing /root/app/workdir/datadefinitions/bpi2017.py
[Log] Deserializing /root/app/workdir/datadefinitions/bpi2018.py
[Log] Deserializing /root/app/workdir/datadefinitions/cargo2000.py
[Log] Deserializing /root/app/workdir/datadefinitions/cargo2000generic.py
[Log] Deserializing /root/app/workdir/datadefinitions/generic.py
[Log] Deserializing /root/app/workdir/datadefinitions/transformingtransport.py
[Log] Deserializing /root/app/workdir/datasets/cargo2000.csv
[Log] Deserializing /root/app/workdir/utility/configuration.py
[Log] Deserializing /root/app/workdir/utility/dataoperations.py
[Log] Deserializing /root/app/workdir/utility/enums.py
[Log] Deserializing /root/app/workdir/utility/exceptions.py
[Log] Deserializing /root/app/workdir/utility/generator.py
[Log] Deserializing /root/app/workdir/utility/hyperparameteroptimization.py
[Log] Deserializing /root/app/workdir/utility/models.py
[Log] Deserializing /root/app/workdir/utility/preprocessing.py
[Log] Deserializing /root/app/workdir/utility/regularization.py
[Log] Deserializing /root/app/workdir/utility/run.py
[Log] Deserialized 26 files
[Log] Processing training work package
[Log] Create worker process.
[Log] Create process for: /bin/bash -c "python3 caise2019_c2k.py" in /root/app/workdir
[Log] Starting process for: /bin/bash -c "python3 caise2019_c2k.py"
2019-02-26 06:54:51.056444: I tensorflow/core/platform/cpu_feature_guard.cc:141] Your CPU supports instructions that this TensorFlow binary was not compiled to use: AVX2 FMA
2019-02-26 06:54:51.131565: I tensorflow/stream_executor/cuda/cuda_gpu_executor.cc:897] successful NUMA node read from SysFS had negative value (-1), but there must be at least one NUMA node, so returning NUMA node zero
2019-02-26 06:54:51.132173: I tensorflow/core/common_runtime/gpu/gpu_device.cc:1392] Found device 0 with properties: 
name: GeForce GTX 1060 6GB major: 6 minor: 1 memoryClockRate(GHz): 1.7715
pciBusID: 0000:01:00.0
totalMemory: 5.92GiB freeMemory: 5.52GiB
2019-02-26 06:54:51.132191: I tensorflow/core/common_runtime/gpu/gpu_device.cc:1471] Adding visible gpu devices: 0
2019-02-26 06:54:51.718375: I tensorflow/core/common_runtime/gpu/gpu_device.cc:952] Device interconnect StreamExecutor with strength 1 edge matrix:
2019-02-26 06:54:51.718399: I tensorflow/core/common_runtime/gpu/gpu_device.cc:958]      0 
2019-02-26 06:54:51.718405: I tensorflow/core/common_runtime/gpu/gpu_device.cc:971] 0:   N 
2019-02-26 06:54:51.718552: I tensorflow/core/common_runtime/gpu/gpu_device.cc:1084] Created TensorFlow device (/job:localhost/replica:0/task:0/device:GPU:0 with 5289 MB memory) -> physical GPU (device: 0, name: GeForce GTX 1060 6GB, pci bus id: 0000:01:00.0, compute capability: 6.1)
batch_size defined: 64
traindata_duplicate defined: 0
max_sequencelength defined: 150000
layers defined: 2
traindata_split defined: 1
processor defined: Processor.GPU
traindata_shuffle defined: False
gradientclipvalue defined: 3
bagging defined: True
datageneration_pattern defined: DataGenerationPattern.Fit
bagging_size defined: 0.6
neurons defined: 100
patience_reducelr defined: 10
bidirectional defined: False
testdata_split defined: 0.3333
max_epochs defined: 500
cudnn defined: True
learningrate defined: 0.002
bagging_putback defined: True
running defined: 0
traindata_split_index defined: 0
save_model defined: True
tensorboard defined: False
dropout defined: 0.1
datadefinition defined: <datadefinitions.cargo2000.Cargo2000 object at 0x7f7582a30e48>
patience_earlystopping defined: 40
rnntype defined: RnnType.LSTM
validationdata_split defined: 0.2
verbose defined: False
keras version: 2.2.2
tensorflow version: 1.9.0
tensorflow session cleaned
multi process gpu usage: enabled
tensorflow configured
read 56082 rows
sequences truncated to 150000
offset0: null
offset1: 0
offset2: 0
offset3: 0
offset4: 0
offset5: 0
offset6: 0
offset7: 0
offset8: 0
divisor0: null
divisor1: 1153.615438108484
divisor2: 6666.367996861738
divisor3: 1412.8796226953389
divisor4: 1638.5187047537534
divisor5: 7332.0577368852755
divisor6: 17233.036482293785
divisor7: 17819.202310901892
divisor8: 1988.1400092721371
maxlen 28 
total chars: 16, target chars: 17
characters:  ['1', '10', '11', '12', '13', '14', '15', '16', '2', '3', '4', '5', '6', '7', '8', '9']
unique characters:  ['0', '1', '2', '3', '4', '5', '6', '7', '8', '9']
category vectors length: 16
num features: 22
2102 sequences in train data
1314 sequences in test data
526 sequences in validation data
2102 elements before bagging with putback True
1261 elements after bagging with putback True
perform full in-memory sentence generation
train_sentences: 17662
validation_sentences: 7440
Vectorization...
Build model...
imported keras API for model creation
creating stateless cudnn lstm model
_________________________________________________________________
Layer (type)                 Output Shape              Param #   
=================================================================
cu_dnnlstm_1 (CuDNNLSTM)     (None, 28, 100)           49600     
_________________________________________________________________
batch_normalization_1 (Batch (None, 28, 100)           400       
_________________________________________________________________
cu_dnnlstm_2 (CuDNNLSTM)     (None, 100)               80800     
_________________________________________________________________
batch_normalization_2 (Batch (None, 100)               400       
_________________________________________________________________
time_output (Dense)          (None, 1)                 101       
=================================================================
Total params: 131,301
Trainable params: 130,901
Non-trainable params: 400
_________________________________________________________________
Train on 17662 samples, validate on 7440 samples
Epoch 1/500
 - 9s - loss: 0.4595 - val_loss: 0.4318
Epoch 2/500
 - 7s - loss: 0.3671 - val_loss: 0.3948
Epoch 3/500
 - 5s - loss: 0.3600 - val_loss: 0.4658
Epoch 4/500
 - 5s - loss: 0.3527 - val_loss: 0.4223
Epoch 5/500
 - 5s - loss: 0.3507 - val_loss: 0.3840
Epoch 6/500
 - 2s - loss: 0.3516 - val_loss: 0.3913
Epoch 7/500
 - 3s - loss: 0.3451 - val_loss: 0.3936
Epoch 8/500
 - 7s - loss: 0.3426 - val_loss: 0.4055
Epoch 9/500
 - 7s - loss: 0.3395 - val_loss: 0.3957
Epoch 10/500
 - 7s - loss: 0.3361 - val_loss: 0.3817
Epoch 11/500
 - 7s - loss: 0.3335 - val_loss: 0.3936
Epoch 12/500
 - 7s - loss: 0.3311 - val_loss: 0.3886
Epoch 13/500
 - 7s - loss: 0.3246 - val_loss: 0.4009
Epoch 14/500
 - 7s - loss: 0.3198 - val_loss: 0.3979
Epoch 15/500
 - 7s - loss: 0.3151 - val_loss: 0.4011
Epoch 16/500
 - 7s - loss: 0.3093 - val_loss: 0.4069
Epoch 17/500
 - 7s - loss: 0.3028 - val_loss: 0.3988
Epoch 18/500
 - 7s - loss: 0.3003 - val_loss: 0.4174
Epoch 19/500
 - 7s - loss: 0.2932 - val_loss: 0.4206
Epoch 20/500
 - 7s - loss: 0.2893 - val_loss: 0.3941
Epoch 21/500
 - 7s - loss: 0.2708 - val_loss: 0.4075
Epoch 22/500
 - 7s - loss: 0.2683 - val_loss: 0.4070
Epoch 23/500
 - 7s - loss: 0.2630 - val_loss: 0.4043
Epoch 24/500
 - 7s - loss: 0.2595 - val_loss: 0.4151
Epoch 25/500
 - 7s - loss: 0.2541 - val_loss: 0.4109
Epoch 26/500
 - 7s - loss: 0.2500 - val_loss: 0.4349
Epoch 27/500
 - 7s - loss: 0.2452 - val_loss: 0.4155
Epoch 28/500
 - 7s - loss: 0.2420 - val_loss: 0.4272
Epoch 29/500
 - 7s - loss: 0.2390 - val_loss: 0.4259
Epoch 30/500
 - 7s - loss: 0.2389 - val_loss: 0.4330
Epoch 31/500
 - 7s - loss: 0.2274 - val_loss: 0.4224
Epoch 32/500
 - 7s - loss: 0.2273 - val_loss: 0.4289
Epoch 33/500
 - 7s - loss: 0.2219 - val_loss: 0.4332
Epoch 34/500
 - 7s - loss: 0.2197 - val_loss: 0.4294
Epoch 35/500
 - 7s - loss: 0.2200 - val_loss: 0.4396
Epoch 36/500
 - 7s - loss: 0.2187 - val_loss: 0.4363
Epoch 37/500
 - 7s - loss: 0.2177 - val_loss: 0.4377
Epoch 38/500
 - 7s - loss: 0.2149 - val_loss: 0.4326
Epoch 39/500
 - 7s - loss: 0.2123 - val_loss: 0.4398
Epoch 40/500
 - 7s - loss: 0.2115 - val_loss: 0.4481
Epoch 41/500
 - 7s - loss: 0.2049 - val_loss: 0.4425
Epoch 42/500
 - 7s - loss: 0.2036 - val_loss: 0.4481
Epoch 43/500
 - 7s - loss: 0.2031 - val_loss: 0.4474
Epoch 44/500
 - 7s - loss: 0.1991 - val_loss: 0.4489
Epoch 45/500
 - 7s - loss: 0.2020 - val_loss: 0.4491
Epoch 46/500
 - 7s - loss: 0.2011 - val_loss: 0.4519
Epoch 47/500
 - 7s - loss: 0.1983 - val_loss: 0.4495
Epoch 48/500
 - 7s - loss: 0.1989 - val_loss: 0.4549
Epoch 49/500
 - 7s - loss: 0.1963 - val_loss: 0.4467
Epoch 50/500
 - 7s - loss: 0.1966 - val_loss: 0.4518
/usr/lib/python3.5/importlib/_bootstrap.py:222: RuntimeWarning: numpy.dtype size changed, may indicate binary incompatibility. Expected 96, got 88
  return f(*args, **kwds)
Using TensorFlow backend.
/usr/lib/python3.5/importlib/_bootstrap.py:222: RuntimeWarning: numpy.dtype size changed, may indicate binary incompatibility. Expected 96, got 88
  return f(*args, **kwds)
/usr/lib/python3.5/importlib/_bootstrap.py:222: RuntimeWarning: numpy.dtype size changed, may indicate binary incompatibility. Expected 96, got 88
  return f(*args, **kwds)
Load model for predictions...
imported keras API for model creation
creating stateless cudnn lstm model
Model loaded from checkpoint
_________________________________________________________________
Layer (type)                 Output Shape              Param #   
=================================================================
cu_dnnlstm_3 (CuDNNLSTM)     (None, 28, 100)           49600     
_________________________________________________________________
batch_normalization_3 (Batch (None, 28, 100)           400       
_________________________________________________________________
cu_dnnlstm_4 (CuDNNLSTM)     (None, 100)               80800     
_________________________________________________________________
batch_normalization_4 (Batch (None, 100)               400       
_________________________________________________________________
time_output (Dense)          (None, 1)                 101       
=================================================================
Total params: 131,301
Trainable params: 130,901
Non-trainable params: 400
_________________________________________________________________
Make predictions...
sequences: 1314
finished prediction
tensorflow session cleaned
[Log] Finished process for: /bin/bash -c "python3 caise2019_c2k.py"
[Log] Process finished.
