[Log] Serializing /root/app/workdir/0-model.h5
[Log] Serializing /root/app/workdir/0-results.csv
[Log] Serializing /root/app/workdir/0-epochlogs.epochlog
[Log] Serializing /root/app/workdir/datadefinitions/__pycache__/generic.cpython-35.pyc
[Log] Serializing /root/app/workdir/datadefinitions/__pycache__/cargo2000.cpython-35.pyc
[Log] Serializing /root/app/workdir/utility/__pycache__/exceptions.cpython-35.pyc
[Log] Serializing /root/app/workdir/utility/__pycache__/models.cpython-35.pyc
[Log] Serializing /root/app/workdir/utility/__pycache__/run.cpython-35.pyc
[Log] Serializing /root/app/workdir/utility/__pycache__/configuration.cpython-35.pyc
[Log] Serializing /root/app/workdir/utility/__pycache__/regularization.cpython-35.pyc
[Log] Serializing /root/app/workdir/utility/__pycache__/generator.cpython-35.pyc
[Log] Serializing /root/app/workdir/utility/__pycache__/enums.cpython-35.pyc
[Log] Serializing /root/app/workdir/utility/__pycache__/dataoperations.cpython-35.pyc
[Log] Serializing /root/app/workdir/utility/__pycache__/preprocessing.cpython-35.pyc
[Log] Serializing /root/app/workdir/utility/__pycache__/hyperparameteroptimization.cpython-35.pyc
Send training results
[Log] Cleaned working directory
[Log] Finished work package
[Log] Fetch work.
Results sent.
[Log] Training Work package received from server: caise2019_cargo2000 4529aaa5-f48a-4b03-b3ab-683c76619da7
[Log] Cleaned working directory
[Log] Deserializing 26 files 
[Log] Deserializing /root/app/workdir/caise2019_bpic2012.py
[Log] Deserializing /root/app/workdir/caise2019_bpic2017.py
[Log] Deserializing /root/app/workdir/caise2019_bpic2018.py
[Log] Deserializing /root/app/workdir/caise2019_c2k.py
[Log] Deserializing /root/app/workdir/caise2019_tt.py
[Log] Deserializing /root/app/workdir/requirements.txt
[Log] Deserializing /root/app/workdir/requirements_gpu.txt
[Log] Deserializing /root/app/workdir/version.xml
[Log] Deserializing /root/app/workdir/datadefinitions/bpi2012.py
[Log] Deserializing /root/app/workdir/datadefinitions/bpi2017.py
[Log] Deserializing /root/app/workdir/datadefinitions/bpi2018.py
[Log] Deserializing /root/app/workdir/datadefinitions/cargo2000.py
[Log] Deserializing /root/app/workdir/datadefinitions/cargo2000generic.py
[Log] Deserializing /root/app/workdir/datadefinitions/generic.py
[Log] Deserializing /root/app/workdir/datadefinitions/transformingtransport.py
[Log] Deserializing /root/app/workdir/datasets/cargo2000.csv
[Log] Deserializing /root/app/workdir/utility/configuration.py
[Log] Deserializing /root/app/workdir/utility/dataoperations.py
[Log] Deserializing /root/app/workdir/utility/enums.py
[Log] Deserializing /root/app/workdir/utility/exceptions.py
[Log] Deserializing /root/app/workdir/utility/generator.py
[Log] Deserializing /root/app/workdir/utility/hyperparameteroptimization.py
[Log] Deserializing /root/app/workdir/utility/models.py
[Log] Deserializing /root/app/workdir/utility/preprocessing.py
[Log] Deserializing /root/app/workdir/utility/regularization.py
[Log] Deserializing /root/app/workdir/utility/run.py
[Log] Deserialized 26 files
[Log] Processing training work package
[Log] Create worker process.
[Log] Create process for: /bin/bash -c "python3 caise2019_c2k.py" in /root/app/workdir
[Log] Starting process for: /bin/bash -c "python3 caise2019_c2k.py"
2019-02-26 06:48:24.829966: I tensorflow/core/platform/cpu_feature_guard.cc:141] Your CPU supports instructions that this TensorFlow binary was not compiled to use: AVX2 FMA
2019-02-26 06:48:24.891990: I tensorflow/stream_executor/cuda/cuda_gpu_executor.cc:897] successful NUMA node read from SysFS had negative value (-1), but there must be at least one NUMA node, so returning NUMA node zero
2019-02-26 06:48:24.892476: I tensorflow/core/common_runtime/gpu/gpu_device.cc:1392] Found device 0 with properties: 
name: GeForce GTX 1060 6GB major: 6 minor: 1 memoryClockRate(GHz): 1.7715
pciBusID: 0000:01:00.0
totalMemory: 5.92GiB freeMemory: 5.70GiB
2019-02-26 06:48:24.892491: I tensorflow/core/common_runtime/gpu/gpu_device.cc:1471] Adding visible gpu devices: 0
2019-02-26 06:48:25.350769: I tensorflow/core/common_runtime/gpu/gpu_device.cc:952] Device interconnect StreamExecutor with strength 1 edge matrix:
2019-02-26 06:48:25.350807: I tensorflow/core/common_runtime/gpu/gpu_device.cc:958]      0 
2019-02-26 06:48:25.350813: I tensorflow/core/common_runtime/gpu/gpu_device.cc:971] 0:   N 
2019-02-26 06:48:25.351002: I tensorflow/core/common_runtime/gpu/gpu_device.cc:1084] Created TensorFlow device (/job:localhost/replica:0/task:0/device:GPU:0 with 5475 MB memory) -> physical GPU (device: 0, name: GeForce GTX 1060 6GB, pci bus id: 0000:01:00.0, compute capability: 6.1)
rnntype defined: RnnType.LSTM
datageneration_pattern defined: DataGenerationPattern.Fit
dropout defined: 0.1
bidirectional defined: False
bagging_size defined: 0.6
patience_reducelr defined: 10
bagging defined: True
patience_earlystopping defined: 40
cudnn defined: True
neurons defined: 100
max_sequencelength defined: 150000
traindata_duplicate defined: 0
running defined: 0
traindata_split_index defined: 0
batch_size defined: 64
testdata_split defined: 0.3333
tensorboard defined: False
gradientclipvalue defined: 3
bagging_putback defined: True
processor defined: Processor.GPU
datadefinition defined: <datadefinitions.cargo2000.Cargo2000 object at 0x7fdd510c9e10>
validationdata_split defined: 0.2
traindata_shuffle defined: False
traindata_split defined: 1
layers defined: 2
verbose defined: False
learningrate defined: 0.002
save_model defined: True
max_epochs defined: 500
keras version: 2.2.2
tensorflow version: 1.9.0
tensorflow session cleaned
multi process gpu usage: enabled
tensorflow configured
read 56082 rows
sequences truncated to 150000
offset0: null
offset1: 0
offset2: 0
offset3: 0
offset4: 0
offset5: 0
offset6: 0
offset7: 0
offset8: 0
divisor0: null
divisor1: 1153.615438108484
divisor2: 6666.367996861738
divisor3: 1412.8796226953389
divisor4: 1638.5187047537534
divisor5: 7332.0577368852755
divisor6: 17233.036482293785
divisor7: 17819.202310901892
divisor8: 1988.1400092721371
maxlen 28 
total chars: 16, target chars: 17
characters:  ['1', '10', '11', '12', '13', '14', '15', '16', '2', '3', '4', '5', '6', '7', '8', '9']
unique characters:  ['0', '1', '2', '3', '4', '5', '6', '7', '8', '9']
category vectors length: 16
num features: 22
2102 sequences in train data
1314 sequences in test data
526 sequences in validation data
2102 elements before bagging with putback True
1261 elements after bagging with putback True
perform full in-memory sentence generation
train_sentences: 17744
validation_sentences: 7440
Vectorization...
Build model...
imported keras API for model creation
creating stateless cudnn lstm model
_________________________________________________________________
Layer (type)                 Output Shape              Param #   
=================================================================
cu_dnnlstm_1 (CuDNNLSTM)     (None, 28, 100)           49600     
_________________________________________________________________
batch_normalization_1 (Batch (None, 28, 100)           400       
_________________________________________________________________
cu_dnnlstm_2 (CuDNNLSTM)     (None, 100)               80800     
_________________________________________________________________
batch_normalization_2 (Batch (None, 100)               400       
_________________________________________________________________
time_output (Dense)          (None, 1)                 101       
=================================================================
Total params: 131,301
Trainable params: 130,901
Non-trainable params: 400
_________________________________________________________________
Train on 17744 samples, validate on 7440 samples
Epoch 1/500
 - 8s - loss: 0.4582 - val_loss: 0.5121
Epoch 2/500
 - 7s - loss: 0.3814 - val_loss: 0.4680
Epoch 3/500
 - 7s - loss: 0.3740 - val_loss: 0.3987
Epoch 4/500
 - 7s - loss: 0.3666 - val_loss: 0.5028
Epoch 5/500
 - 7s - loss: 0.3620 - val_loss: 0.4649
Epoch 6/500
 - 7s - loss: 0.3584 - val_loss: 0.4415
Epoch 7/500
 - 7s - loss: 0.3530 - val_loss: 0.4328
Epoch 8/500
 - 7s - loss: 0.3480 - val_loss: 0.4042
Epoch 9/500
 - 7s - loss: 0.3439 - val_loss: 0.4287
Epoch 10/500
 - 7s - loss: 0.3410 - val_loss: 0.4238
Epoch 11/500
 - 7s - loss: 0.3373 - val_loss: 0.4197
Epoch 12/500
 - 7s - loss: 0.3330 - val_loss: 0.4057
Epoch 13/500
 - 7s - loss: 0.3302 - val_loss: 0.4235
Epoch 14/500
 - 7s - loss: 0.3201 - val_loss: 0.4032
Epoch 15/500
 - 7s - loss: 0.3165 - val_loss: 0.4073
Epoch 16/500
 - 7s - loss: 0.3121 - val_loss: 0.4060
Epoch 17/500
 - 7s - loss: 0.3068 - val_loss: 0.4123
Epoch 18/500
 - 7s - loss: 0.3047 - val_loss: 0.4175
Epoch 19/500
 - 7s - loss: 0.3002 - val_loss: 0.4329
Epoch 20/500
 - 7s - loss: 0.2973 - val_loss: 0.4239
Epoch 21/500
 - 7s - loss: 0.2937 - val_loss: 0.4336
Epoch 22/500
 - 7s - loss: 0.2885 - val_loss: 0.4260
Epoch 23/500
 - 7s - loss: 0.2826 - val_loss: 0.4321
Epoch 24/500
 - 7s - loss: 0.2731 - val_loss: 0.4375
Epoch 25/500
 - 7s - loss: 0.2673 - val_loss: 0.4415
Epoch 26/500
 - 7s - loss: 0.2642 - val_loss: 0.4389
Epoch 27/500
 - 7s - loss: 0.2583 - val_loss: 0.4540
Epoch 28/500
 - 7s - loss: 0.2572 - val_loss: 0.4454
Epoch 29/500
 - 7s - loss: 0.2577 - val_loss: 0.4499
Epoch 30/500
 - 7s - loss: 0.2502 - val_loss: 0.4505
Epoch 31/500
 - 7s - loss: 0.2514 - val_loss: 0.4546
Epoch 32/500
 - 7s - loss: 0.2510 - val_loss: 0.4533
Epoch 33/500
 - 7s - loss: 0.2458 - val_loss: 0.4563
Epoch 34/500
 - 7s - loss: 0.2407 - val_loss: 0.4666
Epoch 35/500
 - 7s - loss: 0.2392 - val_loss: 0.4599
Epoch 36/500
 - 7s - loss: 0.2399 - val_loss: 0.4603
Epoch 37/500
 - 7s - loss: 0.2359 - val_loss: 0.4577
Epoch 38/500
 - 7s - loss: 0.2394 - val_loss: 0.4564
Epoch 39/500
 - 7s - loss: 0.2347 - val_loss: 0.4661
Epoch 40/500
 - 7s - loss: 0.2352 - val_loss: 0.4630
Epoch 41/500
 - 7s - loss: 0.2331 - val_loss: 0.4640
Epoch 42/500
 - 7s - loss: 0.2327 - val_loss: 0.4632
Epoch 43/500
 - 7s - loss: 0.2327 - val_loss: 0.4614
/usr/lib/python3.5/importlib/_bootstrap.py:222: RuntimeWarning: numpy.dtype size changed, may indicate binary incompatibility. Expected 96, got 88
  return f(*args, **kwds)
Using TensorFlow backend.
/usr/lib/python3.5/importlib/_bootstrap.py:222: RuntimeWarning: numpy.dtype size changed, may indicate binary incompatibility. Expected 96, got 88
  return f(*args, **kwds)
/usr/lib/python3.5/importlib/_bootstrap.py:222: RuntimeWarning: numpy.dtype size changed, may indicate binary incompatibility. Expected 96, got 88
  return f(*args, **kwds)
Load model for predictions...
imported keras API for model creation
creating stateless cudnn lstm model
Model loaded from checkpoint
_________________________________________________________________
Layer (type)                 Output Shape              Param #   
=================================================================
cu_dnnlstm_3 (CuDNNLSTM)     (None, 28, 100)           49600     
_________________________________________________________________
batch_normalization_3 (Batch (None, 28, 100)           400       
_________________________________________________________________
cu_dnnlstm_4 (CuDNNLSTM)     (None, 100)               80800     
_________________________________________________________________
batch_normalization_4 (Batch (None, 100)               400       
_________________________________________________________________
time_output (Dense)          (None, 1)                 101       
=================================================================
Total params: 131,301
Trainable params: 130,901
Non-trainable params: 400
_________________________________________________________________
Make predictions...
sequences: 1314
finished prediction
tensorflow session cleaned
[Log] Finished process for: /bin/bash -c "python3 caise2019_c2k.py"
[Log] Process finished.
