[Log] Serializing /root/app/workdir/0-epochlogs.epochlog
[Log] Serializing /root/app/workdir/0-model.h5
[Log] Serializing /root/app/workdir/0-results.csv
[Log] Serializing /root/app/workdir/utility/__pycache__/exceptions.cpython-35.pyc
[Log] Serializing /root/app/workdir/utility/__pycache__/regularization.cpython-35.pyc
[Log] Serializing /root/app/workdir/utility/__pycache__/run.cpython-35.pyc
[Log] Serializing /root/app/workdir/utility/__pycache__/configuration.cpython-35.pyc
[Log] Serializing /root/app/workdir/utility/__pycache__/models.cpython-35.pyc
[Log] Serializing /root/app/workdir/utility/__pycache__/generator.cpython-35.pyc
[Log] Serializing /root/app/workdir/utility/__pycache__/preprocessing.cpython-35.pyc
[Log] Serializing /root/app/workdir/utility/__pycache__/hyperparameteroptimization.cpython-35.pyc
[Log] Serializing /root/app/workdir/utility/__pycache__/enums.cpython-35.pyc
[Log] Serializing /root/app/workdir/utility/__pycache__/dataoperations.cpython-35.pyc
[Log] Serializing /root/app/workdir/datadefinitions/__pycache__/cargo2000.cpython-35.pyc
[Log] Serializing /root/app/workdir/datadefinitions/__pycache__/generic.cpython-35.pyc
Send training results
[Log] Cleaned working directory
[Log] Finished work package
[Log] Fetch work.
Results sent.
[Log] Training Work package received from server: caise2019_cargo2000 f6d24b56-074e-4575-a03d-c0bf889e31bd
[Log] Cleaned working directory
[Log] Deserializing 26 files 
[Log] Deserializing /root/app/workdir/caise2019_bpic2012.py
[Log] Deserializing /root/app/workdir/caise2019_bpic2017.py
[Log] Deserializing /root/app/workdir/caise2019_bpic2018.py
[Log] Deserializing /root/app/workdir/caise2019_c2k.py
[Log] Deserializing /root/app/workdir/caise2019_tt.py
[Log] Deserializing /root/app/workdir/requirements.txt
[Log] Deserializing /root/app/workdir/requirements_gpu.txt
[Log] Deserializing /root/app/workdir/version.xml
[Log] Deserializing /root/app/workdir/datadefinitions/bpi2012.py
[Log] Deserializing /root/app/workdir/datadefinitions/bpi2017.py
[Log] Deserializing /root/app/workdir/datadefinitions/bpi2018.py
[Log] Deserializing /root/app/workdir/datadefinitions/cargo2000.py
[Log] Deserializing /root/app/workdir/datadefinitions/cargo2000generic.py
[Log] Deserializing /root/app/workdir/datadefinitions/generic.py
[Log] Deserializing /root/app/workdir/datadefinitions/transformingtransport.py
[Log] Deserializing /root/app/workdir/datasets/cargo2000.csv
[Log] Deserializing /root/app/workdir/utility/configuration.py
[Log] Deserializing /root/app/workdir/utility/dataoperations.py
[Log] Deserializing /root/app/workdir/utility/enums.py
[Log] Deserializing /root/app/workdir/utility/exceptions.py
[Log] Deserializing /root/app/workdir/utility/generator.py
[Log] Deserializing /root/app/workdir/utility/hyperparameteroptimization.py
[Log] Deserializing /root/app/workdir/utility/models.py
[Log] Deserializing /root/app/workdir/utility/preprocessing.py
[Log] Deserializing /root/app/workdir/utility/regularization.py
[Log] Deserializing /root/app/workdir/utility/run.py
[Log] Deserialized 26 files
[Log] Processing training work package
[Log] Create worker process.
[Log] Create process for: /bin/bash -c "python3 caise2019_c2k.py" in /root/app/workdir
[Log] Starting process for: /bin/bash -c "python3 caise2019_c2k.py"
2019-02-26 07:45:54.830885: I tensorflow/core/platform/cpu_feature_guard.cc:141] Your CPU supports instructions that this TensorFlow binary was not compiled to use: AVX2 FMA
2019-02-26 07:45:54.907051: I tensorflow/stream_executor/cuda/cuda_gpu_executor.cc:897] successful NUMA node read from SysFS had negative value (-1), but there must be at least one NUMA node, so returning NUMA node zero
2019-02-26 07:45:54.907635: I tensorflow/core/common_runtime/gpu/gpu_device.cc:1392] Found device 0 with properties: 
name: GeForce GTX 1060 6GB major: 6 minor: 1 memoryClockRate(GHz): 1.7715
pciBusID: 0000:01:00.0
totalMemory: 5.93GiB freeMemory: 5.55GiB
2019-02-26 07:45:54.907671: I tensorflow/core/common_runtime/gpu/gpu_device.cc:1471] Adding visible gpu devices: 0
2019-02-26 07:45:55.497500: I tensorflow/core/common_runtime/gpu/gpu_device.cc:952] Device interconnect StreamExecutor with strength 1 edge matrix:
2019-02-26 07:45:55.497524: I tensorflow/core/common_runtime/gpu/gpu_device.cc:958]      0 
2019-02-26 07:45:55.497531: I tensorflow/core/common_runtime/gpu/gpu_device.cc:971] 0:   N 
2019-02-26 07:45:55.497726: I tensorflow/core/common_runtime/gpu/gpu_device.cc:1084] Created TensorFlow device (/job:localhost/replica:0/task:0/device:GPU:0 with 5323 MB memory) -> physical GPU (device: 0, name: GeForce GTX 1060 6GB, pci bus id: 0000:01:00.0, compute capability: 6.1)
neurons defined: 100
max_epochs defined: 500
validationdata_split defined: 0.2
testdata_split defined: 0.3333
bagging_size defined: 0.6
rnntype defined: RnnType.LSTM
bidirectional defined: False
patience_earlystopping defined: 40
max_sequencelength defined: 150000
traindata_duplicate defined: 0
gradientclipvalue defined: 3
datadefinition defined: <datadefinitions.cargo2000.Cargo2000 object at 0x7f7fd22d4e10>
batch_size defined: 64
processor defined: Processor.GPU
bagging_putback defined: True
datageneration_pattern defined: DataGenerationPattern.Fit
learningrate defined: 0.002
traindata_split defined: 1
patience_reducelr defined: 10
layers defined: 2
save_model defined: True
tensorboard defined: False
running defined: 0
bagging defined: True
traindata_shuffle defined: False
traindata_split_index defined: 0
dropout defined: 0.1
cudnn defined: True
verbose defined: False
keras version: 2.2.2
tensorflow version: 1.9.0
tensorflow session cleaned
multi process gpu usage: enabled
tensorflow configured
read 56082 rows
sequences truncated to 150000
offset0: null
offset1: 0
offset2: 0
offset3: 0
offset4: 0
offset5: 0
offset6: 0
offset7: 0
offset8: 0
divisor0: null
divisor1: 1153.615438108484
divisor2: 6666.367996861738
divisor3: 1412.8796226953389
divisor4: 1638.5187047537534
divisor5: 7332.0577368852755
divisor6: 17233.036482293785
divisor7: 17819.202310901892
divisor8: 1988.1400092721371
maxlen 28 
total chars: 16, target chars: 17
characters:  ['1', '10', '11', '12', '13', '14', '15', '16', '2', '3', '4', '5', '6', '7', '8', '9']
unique characters:  ['0', '1', '2', '3', '4', '5', '6', '7', '8', '9']
category vectors length: 16
num features: 22
2102 sequences in train data
1314 sequences in test data
526 sequences in validation data
2102 elements before bagging with putback True
1261 elements after bagging with putback True
perform full in-memory sentence generation
train_sentences: 17726
validation_sentences: 7440
Vectorization...
Build model...
imported keras API for model creation
creating stateless cudnn lstm model
_________________________________________________________________
Layer (type)                 Output Shape              Param #   
=================================================================
cu_dnnlstm_1 (CuDNNLSTM)     (None, 28, 100)           49600     
_________________________________________________________________
batch_normalization_1 (Batch (None, 28, 100)           400       
_________________________________________________________________
cu_dnnlstm_2 (CuDNNLSTM)     (None, 100)               80800     
_________________________________________________________________
batch_normalization_2 (Batch (None, 100)               400       
_________________________________________________________________
time_output (Dense)          (None, 1)                 101       
=================================================================
Total params: 131,301
Trainable params: 130,901
Non-trainable params: 400
_________________________________________________________________
Train on 17726 samples, validate on 7440 samples
Epoch 1/500
 - 9s - loss: 0.4713 - val_loss: 0.4129
Epoch 2/500
 - 7s - loss: 0.3834 - val_loss: 0.3861
Epoch 3/500
 - 7s - loss: 0.3758 - val_loss: 0.4734
Epoch 4/500
 - 7s - loss: 0.3720 - val_loss: 0.3946
Epoch 5/500
 - 7s - loss: 0.3717 - val_loss: 0.4142
Epoch 6/500
 - 7s - loss: 0.3680 - val_loss: 0.3995
Epoch 7/500
 - 7s - loss: 0.3669 - val_loss: 0.4109
Epoch 8/500
 - 7s - loss: 0.3624 - val_loss: 0.3834
Epoch 9/500
 - 7s - loss: 0.3619 - val_loss: 0.3893
Epoch 10/500
 - 7s - loss: 0.3585 - val_loss: 0.3875
Epoch 11/500
 - 7s - loss: 0.3559 - val_loss: 0.4088
Epoch 12/500
 - 7s - loss: 0.3537 - val_loss: 0.4687
Epoch 13/500
 - 7s - loss: 0.3498 - val_loss: 0.4151
Epoch 14/500
 - 7s - loss: 0.3423 - val_loss: 0.3944
Epoch 15/500
 - 7s - loss: 0.3351 - val_loss: 0.4022
Epoch 16/500
 - 7s - loss: 0.3301 - val_loss: 0.4186
Epoch 17/500
 - 7s - loss: 0.3220 - val_loss: 0.4132
Epoch 18/500
 - 7s - loss: 0.3157 - val_loss: 0.4332
Epoch 19/500
 - 7s - loss: 0.3000 - val_loss: 0.4244
Epoch 20/500
 - 7s - loss: 0.2937 - val_loss: 0.3986
Epoch 21/500
 - 7s - loss: 0.2921 - val_loss: 0.4114
Epoch 22/500
 - 7s - loss: 0.2878 - val_loss: 0.4074
Epoch 23/500
 - 7s - loss: 0.2842 - val_loss: 0.4037
Epoch 24/500
 - 7s - loss: 0.2811 - val_loss: 0.4069
Epoch 25/500
 - 7s - loss: 0.2794 - val_loss: 0.4004
Epoch 26/500
 - 7s - loss: 0.2743 - val_loss: 0.4307
Epoch 27/500
 - 7s - loss: 0.2688 - val_loss: 0.4252
Epoch 28/500
 - 7s - loss: 0.2664 - val_loss: 0.4256
Epoch 29/500
 - 7s - loss: 0.2574 - val_loss: 0.4146
Epoch 30/500
 - 7s - loss: 0.2527 - val_loss: 0.4163
Epoch 31/500
 - 7s - loss: 0.2497 - val_loss: 0.4183
Epoch 32/500
 - 7s - loss: 0.2470 - val_loss: 0.4245
Epoch 33/500
 - 7s - loss: 0.2456 - val_loss: 0.4275
Epoch 34/500
 - 7s - loss: 0.2460 - val_loss: 0.4250
Epoch 35/500
 - 7s - loss: 0.2432 - val_loss: 0.4187
Epoch 36/500
 - 7s - loss: 0.2421 - val_loss: 0.4199
Epoch 37/500
 - 7s - loss: 0.2425 - val_loss: 0.4246
Epoch 38/500
 - 7s - loss: 0.2401 - val_loss: 0.4216
Epoch 39/500
 - 7s - loss: 0.2344 - val_loss: 0.4186
Epoch 40/500
 - 7s - loss: 0.2292 - val_loss: 0.4195
Epoch 41/500
 - 7s - loss: 0.2296 - val_loss: 0.4224
Epoch 42/500
 - 7s - loss: 0.2278 - val_loss: 0.4176
Epoch 43/500
 - 7s - loss: 0.2299 - val_loss: 0.4225
Epoch 44/500
 - 7s - loss: 0.2247 - val_loss: 0.4222
Epoch 45/500
 - 7s - loss: 0.2256 - val_loss: 0.4258
Epoch 46/500
 - 7s - loss: 0.2254 - val_loss: 0.4193
Epoch 47/500
 - 7s - loss: 0.2248 - val_loss: 0.4186
Epoch 48/500
 - 7s - loss: 0.2233 - val_loss: 0.4242
/usr/lib/python3.5/importlib/_bootstrap.py:222: RuntimeWarning: numpy.dtype size changed, may indicate binary incompatibility. Expected 96, got 88
Load model for predictions...
imported keras API for model creation
creating stateless cudnn lstm model
Model loaded from checkpoint
_________________________________________________________________
Layer (type)                 Output Shape              Param #   
  return f(*args, **kwds)
=================================================================
Using TensorFlow backend.
cu_dnnlstm_3 (CuDNNLSTM)     (None, 28, 100)           49600     
/usr/lib/python3.5/importlib/_bootstrap.py:222: RuntimeWarning: numpy.dtype size changed, may indicate binary incompatibility. Expected 96, got 88
_________________________________________________________________
batch_normalization_3 (Batch (None, 28, 100)           400       
  return f(*args, **kwds)
/usr/lib/python3.5/importlib/_bootstrap.py:222: RuntimeWarning: numpy.dtype size changed, may indicate binary incompatibility. Expected 96, got 88
_________________________________________________________________
cu_dnnlstm_4 (CuDNNLSTM)     (None, 100)               80800     
  return f(*args, **kwds)
_________________________________________________________________
batch_normalization_4 (Batch (None, 100)               400       
_________________________________________________________________
time_output (Dense)          (None, 1)                 101       
=================================================================
Total params: 131,301
Trainable params: 130,901
Non-trainable params: 400
_________________________________________________________________
Make predictions...
sequences: 1314
finished prediction
tensorflow session cleaned
[Log] Finished process for: /bin/bash -c "python3 caise2019_c2k.py"
[Log] Process finished.
