[Log] Serializing /root/app/workdir/0-epochlogs.epochlog
[Log] Serializing /root/app/workdir/0-model.h5
[Log] Serializing /root/app/workdir/0-results.csv
[Log] Serializing /root/app/workdir/datadefinitions/__pycache__/generic.cpython-35.pyc
[Log] Serializing /root/app/workdir/datadefinitions/__pycache__/cargo2000.cpython-35.pyc
[Log] Serializing /root/app/workdir/utility/__pycache__/hyperparameteroptimization.cpython-35.pyc
[Log] Serializing /root/app/workdir/utility/__pycache__/generator.cpython-35.pyc
[Log] Serializing /root/app/workdir/utility/__pycache__/preprocessing.cpython-35.pyc
[Log] Serializing /root/app/workdir/utility/__pycache__/configuration.cpython-35.pyc
[Log] Serializing /root/app/workdir/utility/__pycache__/run.cpython-35.pyc
[Log] Serializing /root/app/workdir/utility/__pycache__/enums.cpython-35.pyc
[Log] Serializing /root/app/workdir/utility/__pycache__/regularization.cpython-35.pyc
[Log] Serializing /root/app/workdir/utility/__pycache__/exceptions.cpython-35.pyc
[Log] Serializing /root/app/workdir/utility/__pycache__/dataoperations.cpython-35.pyc
[Log] Serializing /root/app/workdir/utility/__pycache__/models.cpython-35.pyc
Send training results
[Log] Cleaned working directory
[Log] Finished work package
[Log] Fetch work.
Results sent.
[Log] Training Work package received from server: caise2019_cargo2000 2cf05b88-c242-4dc9-9d5e-32a02d2789a5
[Log] Cleaned working directory
[Log] Deserializing 26 files 
[Log] Deserializing /root/app/workdir/caise2019_bpic2012.py
[Log] Deserializing /root/app/workdir/caise2019_bpic2017.py
[Log] Deserializing /root/app/workdir/caise2019_bpic2018.py
[Log] Deserializing /root/app/workdir/caise2019_c2k.py
[Log] Deserializing /root/app/workdir/caise2019_tt.py
[Log] Deserializing /root/app/workdir/requirements.txt
[Log] Deserializing /root/app/workdir/requirements_gpu.txt
[Log] Deserializing /root/app/workdir/version.xml
[Log] Deserializing /root/app/workdir/datadefinitions/bpi2012.py
[Log] Deserializing /root/app/workdir/datadefinitions/bpi2017.py
[Log] Deserializing /root/app/workdir/datadefinitions/bpi2018.py
[Log] Deserializing /root/app/workdir/datadefinitions/cargo2000.py
[Log] Deserializing /root/app/workdir/datadefinitions/cargo2000generic.py
[Log] Deserializing /root/app/workdir/datadefinitions/generic.py
[Log] Deserializing /root/app/workdir/datadefinitions/transformingtransport.py
[Log] Deserializing /root/app/workdir/datasets/cargo2000.csv
[Log] Deserializing /root/app/workdir/utility/configuration.py
[Log] Deserializing /root/app/workdir/utility/dataoperations.py
[Log] Deserializing /root/app/workdir/utility/enums.py
[Log] Deserializing /root/app/workdir/utility/exceptions.py
[Log] Deserializing /root/app/workdir/utility/generator.py
[Log] Deserializing /root/app/workdir/utility/hyperparameteroptimization.py
[Log] Deserializing /root/app/workdir/utility/models.py
[Log] Deserializing /root/app/workdir/utility/preprocessing.py
[Log] Deserializing /root/app/workdir/utility/regularization.py
[Log] Deserializing /root/app/workdir/utility/run.py
[Log] Deserialized 26 files
[Log] Processing training work package
[Log] Create worker process.
[Log] Create process for: /bin/bash -c "python3 caise2019_c2k.py" in /root/app/workdir
[Log] Starting process for: /bin/bash -c "python3 caise2019_c2k.py"
2019-02-26 06:56:14.983767: I tensorflow/core/platform/cpu_feature_guard.cc:141] Your CPU supports instructions that this TensorFlow binary was not compiled to use: AVX2 FMA
2019-02-26 06:56:15.054215: I tensorflow/stream_executor/cuda/cuda_gpu_executor.cc:897] successful NUMA node read from SysFS had negative value (-1), but there must be at least one NUMA node, so returning NUMA node zero
2019-02-26 06:56:15.054825: I tensorflow/core/common_runtime/gpu/gpu_device.cc:1392] Found device 0 with properties: 
name: GeForce GTX 1060 6GB major: 6 minor: 1 memoryClockRate(GHz): 1.7715
pciBusID: 0000:01:00.0
totalMemory: 5.93GiB freeMemory: 5.49GiB
2019-02-26 06:56:15.054847: I tensorflow/core/common_runtime/gpu/gpu_device.cc:1471] Adding visible gpu devices: 0
2019-02-26 06:56:15.662093: I tensorflow/core/common_runtime/gpu/gpu_device.cc:952] Device interconnect StreamExecutor with strength 1 edge matrix:
2019-02-26 06:56:15.662130: I tensorflow/core/common_runtime/gpu/gpu_device.cc:958]      0 
2019-02-26 06:56:15.662135: I tensorflow/core/common_runtime/gpu/gpu_device.cc:971] 0:   N 
2019-02-26 06:56:15.662358: I tensorflow/core/common_runtime/gpu/gpu_device.cc:1084] Created TensorFlow device (/job:localhost/replica:0/task:0/device:GPU:0 with 5259 MB memory) -> physical GPU (device: 0, name: GeForce GTX 1060 6GB, pci bus id: 0000:01:00.0, compute capability: 6.1)
datageneration_pattern defined: DataGenerationPattern.Fit
neurons defined: 100
tensorboard defined: False
cudnn defined: True
bagging defined: True
layers defined: 2
bagging_size defined: 0.6
gradientclipvalue defined: 3
batch_size defined: 64
running defined: 0
processor defined: Processor.GPU
patience_reducelr defined: 10
patience_earlystopping defined: 40
max_sequencelength defined: 150000
learningrate defined: 0.002
max_epochs defined: 500
datadefinition defined: <datadefinitions.cargo2000.Cargo2000 object at 0x7f47213c8e10>
traindata_duplicate defined: 0
dropout defined: 0.1
bagging_putback defined: True
testdata_split defined: 0.3333
traindata_split defined: 1
traindata_shuffle defined: False
save_model defined: True
bidirectional defined: False
traindata_split_index defined: 0
validationdata_split defined: 0.2
verbose defined: False
rnntype defined: RnnType.LSTM
keras version: 2.2.2
tensorflow version: 1.9.0
tensorflow session cleaned
multi process gpu usage: enabled
tensorflow configured
read 56082 rows
sequences truncated to 150000
offset0: null
offset1: 0
offset2: 0
offset3: 0
offset4: 0
offset5: 0
offset6: 0
offset7: 0
offset8: 0
divisor0: null
divisor1: 1153.615438108484
divisor2: 6666.367996861738
divisor3: 1412.8796226953389
divisor4: 1638.5187047537534
divisor5: 7332.0577368852755
divisor6: 17233.036482293785
divisor7: 17819.202310901892
divisor8: 1988.1400092721371
maxlen 28 
total chars: 16, target chars: 17
characters:  ['1', '10', '11', '12', '13', '14', '15', '16', '2', '3', '4', '5', '6', '7', '8', '9']
unique characters:  ['0', '1', '2', '3', '4', '5', '6', '7', '8', '9']
category vectors length: 16
num features: 22
2102 sequences in train data
1314 sequences in test data
526 sequences in validation data
2102 elements before bagging with putback True
1261 elements after bagging with putback True
perform full in-memory sentence generation
train_sentences: 17636
validation_sentences: 7440
Vectorization...
Build model...
imported keras API for model creation
creating stateless cudnn lstm model
_________________________________________________________________
Layer (type)                 Output Shape              Param #   
=================================================================
cu_dnnlstm_1 (CuDNNLSTM)     (None, 28, 100)           49600     
_________________________________________________________________
batch_normalization_1 (Batch (None, 28, 100)           400       
_________________________________________________________________
cu_dnnlstm_2 (CuDNNLSTM)     (None, 100)               80800     
_________________________________________________________________
batch_normalization_2 (Batch (None, 100)               400       
_________________________________________________________________
time_output (Dense)          (None, 1)                 101       
=================================================================
Total params: 131,301
Trainable params: 130,901
Non-trainable params: 400
_________________________________________________________________
Train on 17636 samples, validate on 7440 samples
Epoch 1/500
 - 9s - loss: 0.4044 - val_loss: 0.4765
Epoch 2/500
 - 7s - loss: 0.3271 - val_loss: 0.4704
Epoch 3/500
 - 7s - loss: 0.3235 - val_loss: 0.3912
Epoch 4/500
 - 7s - loss: 0.3170 - val_loss: 0.3736
Epoch 5/500
 - 7s - loss: 0.3139 - val_loss: 0.3909
Epoch 6/500
 - 7s - loss: 0.3110 - val_loss: 0.4236
Epoch 7/500
 - 7s - loss: 0.3068 - val_loss: 0.3967
Epoch 8/500
 - 7s - loss: 0.3033 - val_loss: 0.4208
Epoch 9/500
 - 7s - loss: 0.2978 - val_loss: 0.3790
Epoch 10/500
 - 7s - loss: 0.2959 - val_loss: 0.4082
Epoch 11/500
 - 7s - loss: 0.2900 - val_loss: 0.3860
Epoch 12/500
 - 7s - loss: 0.2856 - val_loss: 0.3809
Epoch 13/500
 - 7s - loss: 0.2827 - val_loss: 0.3880
Epoch 14/500
 - 7s - loss: 0.2777 - val_loss: 0.4203
Epoch 15/500
 - 7s - loss: 0.2615 - val_loss: 0.3996
Epoch 16/500
 - 7s - loss: 0.2592 - val_loss: 0.4025
Epoch 17/500
 - 7s - loss: 0.2512 - val_loss: 0.4037
Epoch 18/500
 - 7s - loss: 0.2503 - val_loss: 0.4303
Epoch 19/500
 - 7s - loss: 0.2461 - val_loss: 0.4144
Epoch 20/500
 - 7s - loss: 0.2438 - val_loss: 0.4162
Epoch 21/500
 - 7s - loss: 0.2407 - val_loss: 0.4167
Epoch 22/500
 - 7s - loss: 0.2350 - val_loss: 0.4395
Epoch 23/500
 - 7s - loss: 0.2337 - val_loss: 0.4119
Epoch 24/500
 - 7s - loss: 0.2335 - val_loss: 0.4531
Epoch 25/500
 - 7s - loss: 0.2211 - val_loss: 0.4244
Epoch 26/500
 - 7s - loss: 0.2170 - val_loss: 0.4315
Epoch 27/500
 - 7s - loss: 0.2163 - val_loss: 0.4259
Epoch 28/500
 - 7s - loss: 0.2148 - val_loss: 0.4355
Epoch 29/500
 - 7s - loss: 0.2131 - val_loss: 0.4219
Epoch 30/500
 - 7s - loss: 0.2120 - val_loss: 0.4214
Epoch 31/500
 - 7s - loss: 0.2112 - val_loss: 0.4183
Epoch 32/500
 - 7s - loss: 0.2121 - val_loss: 0.4273
Epoch 33/500
 - 7s - loss: 0.2093 - val_loss: 0.4186
Epoch 34/500
 - 7s - loss: 0.2074 - val_loss: 0.4285
Epoch 35/500
 - 7s - loss: 0.2031 - val_loss: 0.4316
Epoch 36/500
 - 7s - loss: 0.2017 - val_loss: 0.4267
Epoch 37/500
 - 7s - loss: 0.2009 - val_loss: 0.4384
Epoch 38/500
 - 7s - loss: 0.2022 - val_loss: 0.4355
Epoch 39/500
 - 7s - loss: 0.1976 - val_loss: 0.4284
Epoch 40/500
 - 7s - loss: 0.1980 - val_loss: 0.4403
Epoch 41/500
 - 7s - loss: 0.1969 - val_loss: 0.4393
Epoch 42/500
 - 7s - loss: 0.1956 - val_loss: 0.4295
Epoch 43/500
 - 7s - loss: 0.1950 - val_loss: 0.4370
Epoch 44/500
 - 7s - loss: 0.1961 - val_loss: 0.4416
/usr/lib/python3.5/importlib/_bootstrap.py:222: RuntimeWarning: numpy.dtype size changed, may indicate binary incompatibility. Expected 96, got 88
Load model for predictions...
imported keras API for model creation
creating stateless cudnn lstm model
Model loaded from checkpoint
_________________________________________________________________
Layer (type)                 Output Shape              Param #   
=================================================================
  return f(*args, **kwds)
cu_dnnlstm_3 (CuDNNLSTM)     (None, 28, 100)           49600     
Using TensorFlow backend.
/usr/lib/python3.5/importlib/_bootstrap.py:222: RuntimeWarning: numpy.dtype size changed, may indicate binary incompatibility. Expected 96, got 88
_________________________________________________________________
batch_normalization_3 (Batch (None, 28, 100)           400       
  return f(*args, **kwds)
/usr/lib/python3.5/importlib/_bootstrap.py:222: RuntimeWarning: numpy.dtype size changed, may indicate binary incompatibility. Expected 96, got 88
_________________________________________________________________
cu_dnnlstm_4 (CuDNNLSTM)     (None, 100)               80800     
  return f(*args, **kwds)
_________________________________________________________________
batch_normalization_4 (Batch (None, 100)               400       
_________________________________________________________________
time_output (Dense)          (None, 1)                 101       
=================================================================
Total params: 131,301
Trainable params: 130,901
Non-trainable params: 400
_________________________________________________________________
Make predictions...
sequences: 1314
finished prediction
tensorflow session cleaned
[Log] Finished process for: /bin/bash -c "python3 caise2019_c2k.py"
[Log] Process finished.
