[Log] Serializing /root/app/workdir/0-epochlogs.epochlog
[Log] Serializing /root/app/workdir/0-model.h5
[Log] Serializing /root/app/workdir/0-results.csv
[Log] Serializing /root/app/workdir/datadefinitions/__pycache__/generic.cpython-35.pyc
[Log] Serializing /root/app/workdir/datadefinitions/__pycache__/cargo2000.cpython-35.pyc
[Log] Serializing /root/app/workdir/utility/__pycache__/hyperparameteroptimization.cpython-35.pyc
[Log] Serializing /root/app/workdir/utility/__pycache__/generator.cpython-35.pyc
[Log] Serializing /root/app/workdir/utility/__pycache__/preprocessing.cpython-35.pyc
[Log] Serializing /root/app/workdir/utility/__pycache__/configuration.cpython-35.pyc
[Log] Serializing /root/app/workdir/utility/__pycache__/run.cpython-35.pyc
[Log] Serializing /root/app/workdir/utility/__pycache__/enums.cpython-35.pyc
[Log] Serializing /root/app/workdir/utility/__pycache__/regularization.cpython-35.pyc
[Log] Serializing /root/app/workdir/utility/__pycache__/exceptions.cpython-35.pyc
[Log] Serializing /root/app/workdir/utility/__pycache__/dataoperations.cpython-35.pyc
[Log] Serializing /root/app/workdir/utility/__pycache__/models.cpython-35.pyc
Send training results
[Log] Cleaned working directory
[Log] Finished work package
[Log] Fetch work.
Results sent.
[Log] Training Work package received from server: caise2019_cargo2000 0650dcd1-edf7-4d2c-a6c4-85148b76a97b
[Log] Cleaned working directory
[Log] Deserializing 26 files 
[Log] Deserializing /root/app/workdir/caise2019_bpic2012.py
[Log] Deserializing /root/app/workdir/caise2019_bpic2017.py
[Log] Deserializing /root/app/workdir/caise2019_bpic2018.py
[Log] Deserializing /root/app/workdir/caise2019_c2k.py
[Log] Deserializing /root/app/workdir/caise2019_tt.py
[Log] Deserializing /root/app/workdir/requirements.txt
[Log] Deserializing /root/app/workdir/requirements_gpu.txt
[Log] Deserializing /root/app/workdir/version.xml
[Log] Deserializing /root/app/workdir/datadefinitions/bpi2012.py
[Log] Deserializing /root/app/workdir/datadefinitions/bpi2017.py
[Log] Deserializing /root/app/workdir/datadefinitions/bpi2018.py
[Log] Deserializing /root/app/workdir/datadefinitions/cargo2000.py
[Log] Deserializing /root/app/workdir/datadefinitions/cargo2000generic.py
[Log] Deserializing /root/app/workdir/datadefinitions/generic.py
[Log] Deserializing /root/app/workdir/datadefinitions/transformingtransport.py
[Log] Deserializing /root/app/workdir/datasets/cargo2000.csv
[Log] Deserializing /root/app/workdir/utility/configuration.py
[Log] Deserializing /root/app/workdir/utility/dataoperations.py
[Log] Deserializing /root/app/workdir/utility/enums.py
[Log] Deserializing /root/app/workdir/utility/exceptions.py
[Log] Deserializing /root/app/workdir/utility/generator.py
[Log] Deserializing /root/app/workdir/utility/hyperparameteroptimization.py
[Log] Deserializing /root/app/workdir/utility/models.py
[Log] Deserializing /root/app/workdir/utility/preprocessing.py
[Log] Deserializing /root/app/workdir/utility/regularization.py
[Log] Deserializing /root/app/workdir/utility/run.py
[Log] Deserialized 26 files
[Log] Processing training work package
[Log] Create worker process.
[Log] Create process for: /bin/bash -c "python3 caise2019_c2k.py" in /root/app/workdir
[Log] Starting process for: /bin/bash -c "python3 caise2019_c2k.py"
2019-02-26 06:52:31.496684: I tensorflow/core/platform/cpu_feature_guard.cc:141] Your CPU supports instructions that this TensorFlow binary was not compiled to use: AVX2 FMA
2019-02-26 06:52:31.567813: I tensorflow/stream_executor/cuda/cuda_gpu_executor.cc:897] successful NUMA node read from SysFS had negative value (-1), but there must be at least one NUMA node, so returning NUMA node zero
2019-02-26 06:52:31.568321: I tensorflow/core/common_runtime/gpu/gpu_device.cc:1392] Found device 0 with properties: 
name: GeForce GTX 1060 6GB major: 6 minor: 1 memoryClockRate(GHz): 1.7715
pciBusID: 0000:01:00.0
totalMemory: 5.93GiB freeMemory: 5.71GiB
2019-02-26 06:52:31.568337: I tensorflow/core/common_runtime/gpu/gpu_device.cc:1471] Adding visible gpu devices: 0
2019-02-26 06:52:32.065856: I tensorflow/core/common_runtime/gpu/gpu_device.cc:952] Device interconnect StreamExecutor with strength 1 edge matrix:
2019-02-26 06:52:32.065880: I tensorflow/core/common_runtime/gpu/gpu_device.cc:958]      0 
2019-02-26 06:52:32.065886: I tensorflow/core/common_runtime/gpu/gpu_device.cc:971] 0:   N 
2019-02-26 06:52:32.066027: I tensorflow/core/common_runtime/gpu/gpu_device.cc:1084] Created TensorFlow device (/job:localhost/replica:0/task:0/device:GPU:0 with 5487 MB memory) -> physical GPU (device: 0, name: GeForce GTX 1060 6GB, pci bus id: 0000:01:00.0, compute capability: 6.1)
running defined: 0
datageneration_pattern defined: DataGenerationPattern.Fit
processor defined: Processor.GPU
testdata_split defined: 0.3333
batch_size defined: 64
verbose defined: False
bidirectional defined: False
datadefinition defined: <datadefinitions.cargo2000.Cargo2000 object at 0x7f7dfbcefe10>
dropout defined: 0.1
save_model defined: True
learningrate defined: 0.002
traindata_shuffle defined: False
bagging_size defined: 0.6
validationdata_split defined: 0.2
bagging_putback defined: True
neurons defined: 100
max_epochs defined: 500
traindata_duplicate defined: 0
max_sequencelength defined: 150000
traindata_split defined: 1
traindata_split_index defined: 0
tensorboard defined: False
layers defined: 2
bagging defined: True
cudnn defined: True
gradientclipvalue defined: 3
patience_reducelr defined: 10
rnntype defined: RnnType.LSTM
patience_earlystopping defined: 40
keras version: 2.2.2
tensorflow version: 1.9.0
tensorflow session cleaned
multi process gpu usage: enabled
tensorflow configured
read 56082 rows
sequences truncated to 150000
offset0: null
offset1: 0
offset2: 0
offset3: 0
offset4: 0
offset5: 0
offset6: 0
offset7: 0
offset8: 0
divisor0: null
divisor1: 1153.615438108484
divisor2: 6666.367996861738
divisor3: 1412.8796226953389
divisor4: 1638.5187047537534
divisor5: 7332.0577368852755
divisor6: 17233.036482293785
divisor7: 17819.202310901892
divisor8: 1988.1400092721371
maxlen 28 
total chars: 16, target chars: 17
characters:  ['1', '10', '11', '12', '13', '14', '15', '16', '2', '3', '4', '5', '6', '7', '8', '9']
unique characters:  ['0', '1', '2', '3', '4', '5', '6', '7', '8', '9']
category vectors length: 16
num features: 22
2102 sequences in train data
1314 sequences in test data
526 sequences in validation data
2102 elements before bagging with putback True
1261 elements after bagging with putback True
perform full in-memory sentence generation
train_sentences: 17562
validation_sentences: 7440
Vectorization...
Build model...
imported keras API for model creation
creating stateless cudnn lstm model
_________________________________________________________________
Layer (type)                 Output Shape              Param #   
=================================================================
cu_dnnlstm_1 (CuDNNLSTM)     (None, 28, 100)           49600     
_________________________________________________________________
batch_normalization_1 (Batch (None, 28, 100)           400       
_________________________________________________________________
cu_dnnlstm_2 (CuDNNLSTM)     (None, 100)               80800     
_________________________________________________________________
batch_normalization_2 (Batch (None, 100)               400       
_________________________________________________________________
time_output (Dense)          (None, 1)                 101       
=================================================================
Total params: 131,301
Trainable params: 130,901
Non-trainable params: 400
_________________________________________________________________
Train on 17562 samples, validate on 7440 samples
Epoch 1/500
 - 4s - loss: 0.4985 - val_loss: 0.5258
Epoch 2/500
 - 2s - loss: 0.4054 - val_loss: 0.4605
Epoch 3/500
 - 2s - loss: 0.3992 - val_loss: 0.5155
Epoch 4/500
 - 2s - loss: 0.3923 - val_loss: 0.4962
Epoch 5/500
 - 2s - loss: 0.3901 - val_loss: 0.4108
Epoch 6/500
 - 2s - loss: 0.3858 - val_loss: 0.4317
Epoch 7/500
 - 2s - loss: 0.3824 - val_loss: 0.4188
Epoch 8/500
 - 2s - loss: 0.3819 - val_loss: 0.5539
Epoch 9/500
 - 2s - loss: 0.3769 - val_loss: 0.4140
Epoch 10/500
 - 2s - loss: 0.3741 - val_loss: 0.3756
Epoch 11/500
 - 2s - loss: 0.3737 - val_loss: 0.4180
Epoch 12/500
 - 2s - loss: 0.3685 - val_loss: 0.3859
Epoch 13/500
 - 2s - loss: 0.3679 - val_loss: 0.3894
Epoch 14/500
 - 2s - loss: 0.3629 - val_loss: 0.3902
Epoch 15/500
 - 2s - loss: 0.3600 - val_loss: 0.3992
Epoch 16/500
 - 2s - loss: 0.3530 - val_loss: 0.3874
Epoch 17/500
 - 2s - loss: 0.3510 - val_loss: 0.3855
Epoch 18/500
 - 2s - loss: 0.3474 - val_loss: 0.4210
Epoch 19/500
 - 2s - loss: 0.3429 - val_loss: 0.3973
Epoch 20/500
 - 2s - loss: 0.3378 - val_loss: 0.4275
Epoch 21/500
 - 2s - loss: 0.3210 - val_loss: 0.4042
Epoch 22/500
 - 2s - loss: 0.3154 - val_loss: 0.3986
Epoch 23/500
 - 2s - loss: 0.3116 - val_loss: 0.4002
Epoch 24/500
 - 2s - loss: 0.3082 - val_loss: 0.4173
Epoch 25/500
 - 2s - loss: 0.3039 - val_loss: 0.4134
Epoch 26/500
 - 2s - loss: 0.2993 - val_loss: 0.4072
Epoch 27/500
 - 2s - loss: 0.2990 - val_loss: 0.4123
Epoch 28/500
 - 2s - loss: 0.2928 - val_loss: 0.4267
Epoch 29/500
 - 2s - loss: 0.2898 - val_loss: 0.4177
Epoch 30/500
 - 2s - loss: 0.2880 - val_loss: 0.4202
Epoch 31/500
 - 2s - loss: 0.2770 - val_loss: 0.4230
Epoch 32/500
 - 2s - loss: 0.2734 - val_loss: 0.4245
Epoch 33/500
 - 2s - loss: 0.2759 - val_loss: 0.4274
Epoch 34/500
 - 2s - loss: 0.2743 - val_loss: 0.4263
Epoch 35/500
 - 2s - loss: 0.2724 - val_loss: 0.4475
Epoch 36/500
 - 2s - loss: 0.2672 - val_loss: 0.4329
Epoch 37/500
 - 2s - loss: 0.2675 - val_loss: 0.4324
Epoch 38/500
 - 2s - loss: 0.2651 - val_loss: 0.4216
Epoch 39/500
 - 2s - loss: 0.2622 - val_loss: 0.4293
Epoch 40/500
 - 2s - loss: 0.2611 - val_loss: 0.4252
Epoch 41/500
 - 2s - loss: 0.2572 - val_loss: 0.4374
Epoch 42/500
 - 2s - loss: 0.2584 - val_loss: 0.4332
Epoch 43/500
 - 2s - loss: 0.2547 - val_loss: 0.4367
Epoch 44/500
 - 2s - loss: 0.2517 - val_loss: 0.4415
Epoch 45/500
 - 2s - loss: 0.2517 - val_loss: 0.4396
Epoch 46/500
 - 6s - loss: 0.2516 - val_loss: 0.4462
Epoch 47/500
 - 7s - loss: 0.2514 - val_loss: 0.4382
Epoch 48/500
 - 7s - loss: 0.2542 - val_loss: 0.4349
Epoch 49/500
 - 7s - loss: 0.2486 - val_loss: 0.4360
Epoch 50/500
 - 7s - loss: 0.2481 - val_loss: 0.4444
/usr/lib/python3.5/importlib/_bootstrap.py:222: RuntimeWarning: numpy.dtype size changed, may indicate binary incompatibility. Expected 96, got 88
  return f(*args, **kwds)
Using TensorFlow backend.
/usr/lib/python3.5/importlib/_bootstrap.py:222: RuntimeWarning: numpy.dtype size changed, may indicate binary incompatibility. Expected 96, got 88
  return f(*args, **kwds)
/usr/lib/python3.5/importlib/_bootstrap.py:222: RuntimeWarning: numpy.dtype size changed, may indicate binary incompatibility. Expected 96, got 88
  return f(*args, **kwds)
Load model for predictions...
imported keras API for model creation
creating stateless cudnn lstm model
Model loaded from checkpoint
_________________________________________________________________
Layer (type)                 Output Shape              Param #   
=================================================================
cu_dnnlstm_3 (CuDNNLSTM)     (None, 28, 100)           49600     
_________________________________________________________________
batch_normalization_3 (Batch (None, 28, 100)           400       
_________________________________________________________________
cu_dnnlstm_4 (CuDNNLSTM)     (None, 100)               80800     
_________________________________________________________________
batch_normalization_4 (Batch (None, 100)               400       
_________________________________________________________________
time_output (Dense)          (None, 1)                 101       
=================================================================
Total params: 131,301
Trainable params: 130,901
Non-trainable params: 400
_________________________________________________________________
Make predictions...
sequences: 1314
finished prediction
tensorflow session cleaned
[Log] Finished process for: /bin/bash -c "python3 caise2019_c2k.py"
[Log] Process finished.
