[Log] Serializing /root/app/workdir/0-epochlogs.epochlog
[Log] Serializing /root/app/workdir/0-model.h5
[Log] Serializing /root/app/workdir/0-results.csv
[Log] Serializing /root/app/workdir/datadefinitions/__pycache__/generic.cpython-35.pyc
[Log] Serializing /root/app/workdir/datadefinitions/__pycache__/cargo2000.cpython-35.pyc
[Log] Serializing /root/app/workdir/utility/__pycache__/hyperparameteroptimization.cpython-35.pyc
[Log] Serializing /root/app/workdir/utility/__pycache__/generator.cpython-35.pyc
[Log] Serializing /root/app/workdir/utility/__pycache__/preprocessing.cpython-35.pyc
[Log] Serializing /root/app/workdir/utility/__pycache__/configuration.cpython-35.pyc
[Log] Serializing /root/app/workdir/utility/__pycache__/run.cpython-35.pyc
[Log] Serializing /root/app/workdir/utility/__pycache__/enums.cpython-35.pyc
[Log] Serializing /root/app/workdir/utility/__pycache__/regularization.cpython-35.pyc
[Log] Serializing /root/app/workdir/utility/__pycache__/exceptions.cpython-35.pyc
[Log] Serializing /root/app/workdir/utility/__pycache__/dataoperations.cpython-35.pyc
[Log] Serializing /root/app/workdir/utility/__pycache__/models.cpython-35.pyc
Send training results
[Log] Cleaned working directory
[Log] Finished work package
[Log] Fetch work.
Results sent.
[Log] Training Work package received from server: caise2019_cargo2000 171f2eea-33a8-4e26-969f-d4e1da754921
[Log] Cleaned working directory
[Log] Deserializing 26 files 
[Log] Deserializing /root/app/workdir/caise2019_bpic2012.py
[Log] Deserializing /root/app/workdir/caise2019_bpic2017.py
[Log] Deserializing /root/app/workdir/caise2019_bpic2018.py
[Log] Deserializing /root/app/workdir/caise2019_c2k.py
[Log] Deserializing /root/app/workdir/caise2019_tt.py
[Log] Deserializing /root/app/workdir/requirements.txt
[Log] Deserializing /root/app/workdir/requirements_gpu.txt
[Log] Deserializing /root/app/workdir/version.xml
[Log] Deserializing /root/app/workdir/datadefinitions/bpi2012.py
[Log] Deserializing /root/app/workdir/datadefinitions/bpi2017.py
[Log] Deserializing /root/app/workdir/datadefinitions/bpi2018.py
[Log] Deserializing /root/app/workdir/datadefinitions/cargo2000.py
[Log] Deserializing /root/app/workdir/datadefinitions/cargo2000generic.py
[Log] Deserializing /root/app/workdir/datadefinitions/generic.py
[Log] Deserializing /root/app/workdir/datadefinitions/transformingtransport.py
[Log] Deserializing /root/app/workdir/datasets/cargo2000.csv
[Log] Deserializing /root/app/workdir/utility/configuration.py
[Log] Deserializing /root/app/workdir/utility/dataoperations.py
[Log] Deserializing /root/app/workdir/utility/enums.py
[Log] Deserializing /root/app/workdir/utility/exceptions.py
[Log] Deserializing /root/app/workdir/utility/generator.py
[Log] Deserializing /root/app/workdir/utility/hyperparameteroptimization.py
[Log] Deserializing /root/app/workdir/utility/models.py
[Log] Deserializing /root/app/workdir/utility/preprocessing.py
[Log] Deserializing /root/app/workdir/utility/regularization.py
[Log] Deserializing /root/app/workdir/utility/run.py
[Log] Deserialized 26 files
[Log] Processing training work package
[Log] Create worker process.
[Log] Create process for: /bin/bash -c "python3 caise2019_c2k.py" in /root/app/workdir
[Log] Starting process for: /bin/bash -c "python3 caise2019_c2k.py"
2019-02-26 07:09:34.909280: I tensorflow/core/platform/cpu_feature_guard.cc:141] Your CPU supports instructions that this TensorFlow binary was not compiled to use: AVX2 FMA
2019-02-26 07:09:34.988302: I tensorflow/stream_executor/cuda/cuda_gpu_executor.cc:897] successful NUMA node read from SysFS had negative value (-1), but there must be at least one NUMA node, so returning NUMA node zero
2019-02-26 07:09:34.988864: I tensorflow/core/common_runtime/gpu/gpu_device.cc:1392] Found device 0 with properties: 
name: GeForce GTX 1060 6GB major: 6 minor: 1 memoryClockRate(GHz): 1.7715
pciBusID: 0000:01:00.0
totalMemory: 5.93GiB freeMemory: 5.49GiB
2019-02-26 07:09:34.989037: I tensorflow/core/common_runtime/gpu/gpu_device.cc:1471] Adding visible gpu devices: 0
2019-02-26 07:09:35.564095: I tensorflow/core/common_runtime/gpu/gpu_device.cc:952] Device interconnect StreamExecutor with strength 1 edge matrix:
2019-02-26 07:09:35.564128: I tensorflow/core/common_runtime/gpu/gpu_device.cc:958]      0 
2019-02-26 07:09:35.564135: I tensorflow/core/common_runtime/gpu/gpu_device.cc:971] 0:   N 
2019-02-26 07:09:35.564313: I tensorflow/core/common_runtime/gpu/gpu_device.cc:1084] Created TensorFlow device (/job:localhost/replica:0/task:0/device:GPU:0 with 5259 MB memory) -> physical GPU (device: 0, name: GeForce GTX 1060 6GB, pci bus id: 0000:01:00.0, compute capability: 6.1)
neurons defined: 100
verbose defined: False
batch_size defined: 64
gradientclipvalue defined: 3
testdata_split defined: 0.3333
learningrate defined: 0.002
bagging defined: True
datadefinition defined: <datadefinitions.cargo2000.Cargo2000 object at 0x7fbb67d90e10>
traindata_shuffle defined: False
patience_earlystopping defined: 40
datageneration_pattern defined: DataGenerationPattern.Fit
tensorboard defined: False
traindata_split defined: 1
bagging_size defined: 0.6
traindata_duplicate defined: 0
dropout defined: 0.1
running defined: 0
bidirectional defined: False
layers defined: 2
max_epochs defined: 500
validationdata_split defined: 0.2
save_model defined: True
traindata_split_index defined: 0
rnntype defined: RnnType.LSTM
patience_reducelr defined: 10
bagging_putback defined: True
processor defined: Processor.GPU
cudnn defined: True
max_sequencelength defined: 150000
keras version: 2.2.2
tensorflow version: 1.9.0
tensorflow session cleaned
multi process gpu usage: enabled
tensorflow configured
read 56082 rows
sequences truncated to 150000
offset0: null
offset1: 0
offset2: 0
offset3: 0
offset4: 0
offset5: 0
offset6: 0
offset7: 0
offset8: 0
divisor0: null
divisor1: 1153.615438108484
divisor2: 6666.367996861738
divisor3: 1412.8796226953389
divisor4: 1638.5187047537534
divisor5: 7332.0577368852755
divisor6: 17233.036482293785
divisor7: 17819.202310901892
divisor8: 1988.1400092721371
maxlen 28 
total chars: 16, target chars: 17
characters:  ['1', '10', '11', '12', '13', '14', '15', '16', '2', '3', '4', '5', '6', '7', '8', '9']
unique characters:  ['0', '1', '2', '3', '4', '5', '6', '7', '8', '9']
category vectors length: 16
num features: 22
2102 sequences in train data
1314 sequences in test data
526 sequences in validation data
2102 elements before bagging with putback True
1261 elements after bagging with putback True
perform full in-memory sentence generation
train_sentences: 17686
validation_sentences: 7440
Vectorization...
Build model...
imported keras API for model creation
creating stateless cudnn lstm model
_________________________________________________________________
Layer (type)                 Output Shape              Param #   
=================================================================
cu_dnnlstm_1 (CuDNNLSTM)     (None, 28, 100)           49600     
_________________________________________________________________
batch_normalization_1 (Batch (None, 28, 100)           400       
_________________________________________________________________
cu_dnnlstm_2 (CuDNNLSTM)     (None, 100)               80800     
_________________________________________________________________
batch_normalization_2 (Batch (None, 100)               400       
_________________________________________________________________
time_output (Dense)          (None, 1)                 101       
=================================================================
Total params: 131,301
Trainable params: 130,901
Non-trainable params: 400
_________________________________________________________________
Train on 17686 samples, validate on 7440 samples
Epoch 1/500
 - 9s - loss: 0.4539 - val_loss: 0.4495
Epoch 2/500
 - 7s - loss: 0.3560 - val_loss: 0.5297
Epoch 3/500
 - 7s - loss: 0.3494 - val_loss: 0.4204
Epoch 4/500
 - 7s - loss: 0.3436 - val_loss: 0.3941
Epoch 5/500
 - 7s - loss: 0.3409 - val_loss: 0.4741
Epoch 6/500
 - 7s - loss: 0.3384 - val_loss: 0.4555
Epoch 7/500
 - 7s - loss: 0.3365 - val_loss: 0.4387
Epoch 8/500
 - 7s - loss: 0.3304 - val_loss: 0.4120
Epoch 9/500
 - 7s - loss: 0.3275 - val_loss: 0.4305
Epoch 10/500
 - 7s - loss: 0.3246 - val_loss: 0.3995
Epoch 11/500
 - 7s - loss: 0.3242 - val_loss: 0.3834
Epoch 12/500
 - 7s - loss: 0.3194 - val_loss: 0.3865
Epoch 13/500
 - 7s - loss: 0.3155 - val_loss: 0.3960
Epoch 14/500
 - 7s - loss: 0.3119 - val_loss: 0.3850
Epoch 15/500
 - 7s - loss: 0.3072 - val_loss: 0.3933
Epoch 16/500
 - 7s - loss: 0.3047 - val_loss: 0.4152
Epoch 17/500
 - 7s - loss: 0.2988 - val_loss: 0.4240
Epoch 18/500
 - 7s - loss: 0.2918 - val_loss: 0.3807
Epoch 19/500
 - 7s - loss: 0.2907 - val_loss: 0.4186
Epoch 20/500
 - 7s - loss: 0.2845 - val_loss: 0.4934
Epoch 21/500
 - 7s - loss: 0.2806 - val_loss: 0.4147
Epoch 22/500
 - 7s - loss: 0.2734 - val_loss: 0.4014
Epoch 23/500
 - 7s - loss: 0.2732 - val_loss: 0.4416
Epoch 24/500
 - 7s - loss: 0.2662 - val_loss: 0.4334
Epoch 25/500
 - 7s - loss: 0.2643 - val_loss: 0.4445
Epoch 26/500
 - 7s - loss: 0.2608 - val_loss: 0.4303
Epoch 27/500
 - 7s - loss: 0.2586 - val_loss: 0.4311
Epoch 28/500
 - 7s - loss: 0.2528 - val_loss: 0.4195
Epoch 29/500
 - 7s - loss: 0.2405 - val_loss: 0.4265
Epoch 30/500
 - 7s - loss: 0.2381 - val_loss: 0.4479
Epoch 31/500
 - 7s - loss: 0.2339 - val_loss: 0.4410
Epoch 32/500
 - 7s - loss: 0.2304 - val_loss: 0.4490
Epoch 33/500
 - 7s - loss: 0.2294 - val_loss: 0.4382
Epoch 34/500
 - 7s - loss: 0.2247 - val_loss: 0.4347
Epoch 35/500
 - 7s - loss: 0.2217 - val_loss: 0.4548
Epoch 36/500
 - 7s - loss: 0.2185 - val_loss: 0.4499
Epoch 37/500
 - 7s - loss: 0.2163 - val_loss: 0.4443
Epoch 38/500
 - 7s - loss: 0.2192 - val_loss: 0.4433
Epoch 39/500
 - 7s - loss: 0.2081 - val_loss: 0.4458
Epoch 40/500
 - 7s - loss: 0.2050 - val_loss: 0.4463
Epoch 41/500
 - 7s - loss: 0.2031 - val_loss: 0.4524
Epoch 42/500
 - 5s - loss: 0.1998 - val_loss: 0.4448
Epoch 43/500
 - 5s - loss: 0.1936 - val_loss: 0.4453
Epoch 44/500
 - 5s - loss: 0.2014 - val_loss: 0.4406
Epoch 45/500
 - 3s - loss: 0.1970 - val_loss: 0.4426
Epoch 46/500
 - 2s - loss: 0.1967 - val_loss: 0.4545
Epoch 47/500
 - 2s - loss: 0.1939 - val_loss: 0.4664
Epoch 48/500
 - 6s - loss: 0.1918 - val_loss: 0.4628
Epoch 49/500
 - 7s - loss: 0.1871 - val_loss: 0.4546
Epoch 50/500
 - 7s - loss: 0.1868 - val_loss: 0.4632
Epoch 51/500
 - 7s - loss: 0.1875 - val_loss: 0.4601
Epoch 52/500
 - 7s - loss: 0.1865 - val_loss: 0.4572
Epoch 53/500
 - 7s - loss: 0.1839 - val_loss: 0.4540
Epoch 54/500
 - 7s - loss: 0.1857 - val_loss: 0.4579
Epoch 55/500
 - 7s - loss: 0.1820 - val_loss: 0.4578
Epoch 56/500
 - 7s - loss: 0.1830 - val_loss: 0.4530
Epoch 57/500
 - 7s - loss: 0.1846 - val_loss: 0.4698
Epoch 58/500
 - 7s - loss: 0.1836 - val_loss: 0.4623
/usr/lib/python3.5/importlib/_bootstrap.py:222: RuntimeWarning: numpy.dtype size changed, may indicate binary incompatibility. Expected 96, got 88
  return f(*args, **kwds)
Using TensorFlow backend.
/usr/lib/python3.5/importlib/_bootstrap.py:222: RuntimeWarning: numpy.dtype size changed, may indicate binary incompatibility. Expected 96, got 88
  return f(*args, **kwds)
/usr/lib/python3.5/importlib/_bootstrap.py:222: RuntimeWarning: numpy.dtype size changed, may indicate binary incompatibility. Expected 96, got 88
  return f(*args, **kwds)
Load model for predictions...
imported keras API for model creation
creating stateless cudnn lstm model
Model loaded from checkpoint
_________________________________________________________________
Layer (type)                 Output Shape              Param #   
=================================================================
cu_dnnlstm_3 (CuDNNLSTM)     (None, 28, 100)           49600     
_________________________________________________________________
batch_normalization_3 (Batch (None, 28, 100)           400       
_________________________________________________________________
cu_dnnlstm_4 (CuDNNLSTM)     (None, 100)               80800     
_________________________________________________________________
batch_normalization_4 (Batch (None, 100)               400       
_________________________________________________________________
time_output (Dense)          (None, 1)                 101       
=================================================================
Total params: 131,301
Trainable params: 130,901
Non-trainable params: 400
_________________________________________________________________
Make predictions...
sequences: 1314
finished prediction
tensorflow session cleaned
[Log] Finished process for: /bin/bash -c "python3 caise2019_c2k.py"
[Log] Process finished.
