[Log] Serializing /root/app/workdir/0-model.h5
[Log] Serializing /root/app/workdir/0-epochlogs.epochlog
[Log] Serializing /root/app/workdir/0-results.csv
[Log] Serializing /root/app/workdir/datadefinitions/__pycache__/cargo2000.cpython-35.pyc
[Log] Serializing /root/app/workdir/datadefinitions/__pycache__/generic.cpython-35.pyc
[Log] Serializing /root/app/workdir/utility/__pycache__/run.cpython-35.pyc
[Log] Serializing /root/app/workdir/utility/__pycache__/configuration.cpython-35.pyc
[Log] Serializing /root/app/workdir/utility/__pycache__/models.cpython-35.pyc
[Log] Serializing /root/app/workdir/utility/__pycache__/regularization.cpython-35.pyc
[Log] Serializing /root/app/workdir/utility/__pycache__/hyperparameteroptimization.cpython-35.pyc
[Log] Serializing /root/app/workdir/utility/__pycache__/dataoperations.cpython-35.pyc
[Log] Serializing /root/app/workdir/utility/__pycache__/enums.cpython-35.pyc
[Log] Serializing /root/app/workdir/utility/__pycache__/preprocessing.cpython-35.pyc
[Log] Serializing /root/app/workdir/utility/__pycache__/generator.cpython-35.pyc
[Log] Serializing /root/app/workdir/utility/__pycache__/exceptions.cpython-35.pyc
Send training results
[Log] Cleaned working directory
[Log] Finished work package
[Log] Fetch work.
Results sent.
[Log] Training Work package received from server: caise2019_cargo2000 b980f6d0-d616-46c2-a0f8-9aeb763ec7a0
[Log] Cleaned working directory
[Log] Deserializing 26 files 
[Log] Deserializing /root/app/workdir/caise2019_bpic2012.py
[Log] Deserializing /root/app/workdir/caise2019_bpic2017.py
[Log] Deserializing /root/app/workdir/caise2019_bpic2018.py
[Log] Deserializing /root/app/workdir/caise2019_c2k.py
[Log] Deserializing /root/app/workdir/caise2019_tt.py
[Log] Deserializing /root/app/workdir/requirements.txt
[Log] Deserializing /root/app/workdir/requirements_gpu.txt
[Log] Deserializing /root/app/workdir/version.xml
[Log] Deserializing /root/app/workdir/datadefinitions/bpi2012.py
[Log] Deserializing /root/app/workdir/datadefinitions/bpi2017.py
[Log] Deserializing /root/app/workdir/datadefinitions/bpi2018.py
[Log] Deserializing /root/app/workdir/datadefinitions/cargo2000.py
[Log] Deserializing /root/app/workdir/datadefinitions/cargo2000generic.py
[Log] Deserializing /root/app/workdir/datadefinitions/generic.py
[Log] Deserializing /root/app/workdir/datadefinitions/transformingtransport.py
[Log] Deserializing /root/app/workdir/datasets/cargo2000.csv
[Log] Deserializing /root/app/workdir/utility/configuration.py
[Log] Deserializing /root/app/workdir/utility/dataoperations.py
[Log] Deserializing /root/app/workdir/utility/enums.py
[Log] Deserializing /root/app/workdir/utility/exceptions.py
[Log] Deserializing /root/app/workdir/utility/generator.py
[Log] Deserializing /root/app/workdir/utility/hyperparameteroptimization.py
[Log] Deserializing /root/app/workdir/utility/models.py
[Log] Deserializing /root/app/workdir/utility/preprocessing.py
[Log] Deserializing /root/app/workdir/utility/regularization.py
[Log] Deserializing /root/app/workdir/utility/run.py
[Log] Deserialized 26 files
[Log] Processing training work package
[Log] Create worker process.
[Log] Create process for: /bin/bash -c "python3 caise2019_c2k.py" in /root/app/workdir
[Log] Starting process for: /bin/bash -c "python3 caise2019_c2k.py"
2019-02-26 06:50:17.974003: I tensorflow/core/platform/cpu_feature_guard.cc:141] Your CPU supports instructions that this TensorFlow binary was not compiled to use: AVX2 FMA
2019-02-26 06:50:18.048172: I tensorflow/stream_executor/cuda/cuda_gpu_executor.cc:897] successful NUMA node read from SysFS had negative value (-1), but there must be at least one NUMA node, so returning NUMA node zero
2019-02-26 06:50:18.048650: I tensorflow/core/common_runtime/gpu/gpu_device.cc:1392] Found device 0 with properties: 
name: GeForce GTX 1060 6GB major: 6 minor: 1 memoryClockRate(GHz): 1.7715
pciBusID: 0000:01:00.0
totalMemory: 5.93GiB freeMemory: 5.55GiB
2019-02-26 06:50:18.048665: I tensorflow/core/common_runtime/gpu/gpu_device.cc:1471] Adding visible gpu devices: 0
2019-02-26 06:50:18.629655: I tensorflow/core/common_runtime/gpu/gpu_device.cc:952] Device interconnect StreamExecutor with strength 1 edge matrix:
2019-02-26 06:50:18.629676: I tensorflow/core/common_runtime/gpu/gpu_device.cc:958]      0 
2019-02-26 06:50:18.629681: I tensorflow/core/common_runtime/gpu/gpu_device.cc:971] 0:   N 
2019-02-26 06:50:18.629845: I tensorflow/core/common_runtime/gpu/gpu_device.cc:1084] Created TensorFlow device (/job:localhost/replica:0/task:0/device:GPU:0 with 5323 MB memory) -> physical GPU (device: 0, name: GeForce GTX 1060 6GB, pci bus id: 0000:01:00.0, compute capability: 6.1)
verbose defined: False
tensorboard defined: False
batch_size defined: 64
patience_reducelr defined: 10
rnntype defined: RnnType.LSTM
running defined: 0
save_model defined: True
cudnn defined: True
neurons defined: 100
traindata_duplicate defined: 0
max_epochs defined: 500
patience_earlystopping defined: 40
datageneration_pattern defined: DataGenerationPattern.Fit
gradientclipvalue defined: 3
max_sequencelength defined: 150000
layers defined: 2
traindata_split defined: 1
validationdata_split defined: 0.2
bagging_putback defined: True
learningrate defined: 0.002
datadefinition defined: <datadefinitions.cargo2000.Cargo2000 object at 0x7fd30f351e10>
dropout defined: 0.1
bidirectional defined: False
bagging_size defined: 0.6
traindata_split_index defined: 0
processor defined: Processor.GPU
traindata_shuffle defined: False
testdata_split defined: 0.3333
bagging defined: True
keras version: 2.2.2
tensorflow version: 1.9.0
tensorflow session cleaned
multi process gpu usage: enabled
tensorflow configured
read 56082 rows
sequences truncated to 150000
offset0: null
offset1: 0
offset2: 0
offset3: 0
offset4: 0
offset5: 0
offset6: 0
offset7: 0
offset8: 0
divisor0: null
divisor1: 1153.615438108484
divisor2: 6666.367996861738
divisor3: 1412.8796226953389
divisor4: 1638.5187047537534
divisor5: 7332.0577368852755
divisor6: 17233.036482293785
divisor7: 17819.202310901892
divisor8: 1988.1400092721371
maxlen 28 
total chars: 16, target chars: 17
characters:  ['1', '10', '11', '12', '13', '14', '15', '16', '2', '3', '4', '5', '6', '7', '8', '9']
unique characters:  ['0', '1', '2', '3', '4', '5', '6', '7', '8', '9']
category vectors length: 16
num features: 22
2102 sequences in train data
1314 sequences in test data
526 sequences in validation data
2102 elements before bagging with putback True
1261 elements after bagging with putback True
perform full in-memory sentence generation
train_sentences: 17626
validation_sentences: 7440
Vectorization...
Build model...
imported keras API for model creation
creating stateless cudnn lstm model
_________________________________________________________________
Layer (type)                 Output Shape              Param #   
=================================================================
cu_dnnlstm_1 (CuDNNLSTM)     (None, 28, 100)           49600     
_________________________________________________________________
batch_normalization_1 (Batch (None, 28, 100)           400       
_________________________________________________________________
cu_dnnlstm_2 (CuDNNLSTM)     (None, 100)               80800     
_________________________________________________________________
batch_normalization_2 (Batch (None, 100)               400       
_________________________________________________________________
time_output (Dense)          (None, 1)                 101       
=================================================================
Total params: 131,301
Trainable params: 130,901
Non-trainable params: 400
_________________________________________________________________
Train on 17626 samples, validate on 7440 samples
Epoch 1/500
 - 9s - loss: 0.4481 - val_loss: 0.6850
Epoch 2/500
 - 7s - loss: 0.3587 - val_loss: 0.4360
Epoch 3/500
 - 7s - loss: 0.3508 - val_loss: 0.4778
Epoch 4/500
 - 7s - loss: 0.3458 - val_loss: 0.3893
Epoch 5/500
 - 4s - loss: 0.3430 - val_loss: 0.3932
Epoch 6/500
 - 2s - loss: 0.3399 - val_loss: 0.4177
Epoch 7/500
 - 2s - loss: 0.3399 - val_loss: 0.4155
Epoch 8/500
 - 2s - loss: 0.3349 - val_loss: 0.3987
Epoch 9/500
 - 2s - loss: 0.3340 - val_loss: 0.4061
Epoch 10/500
 - 2s - loss: 0.3311 - val_loss: 0.4583
Epoch 11/500
 - 2s - loss: 0.3282 - val_loss: 0.4388
Epoch 12/500
 - 2s - loss: 0.3240 - val_loss: 0.4020
Epoch 13/500
 - 2s - loss: 0.3216 - val_loss: 0.4300
Epoch 14/500
 - 2s - loss: 0.3163 - val_loss: 0.3991
Epoch 15/500
 - 2s - loss: 0.3034 - val_loss: 0.3921
Epoch 16/500
 - 2s - loss: 0.2990 - val_loss: 0.3933
Epoch 17/500
 - 2s - loss: 0.2928 - val_loss: 0.3906
Epoch 18/500
 - 2s - loss: 0.2905 - val_loss: 0.4124
Epoch 19/500
 - 2s - loss: 0.2882 - val_loss: 0.4075
Epoch 20/500
 - 2s - loss: 0.2832 - val_loss: 0.4052
Epoch 21/500
 - 2s - loss: 0.2838 - val_loss: 0.4112
Epoch 22/500
 - 2s - loss: 0.2766 - val_loss: 0.3986
Epoch 23/500
 - 2s - loss: 0.2725 - val_loss: 0.4066
Epoch 24/500
 - 2s - loss: 0.2713 - val_loss: 0.4004
Epoch 25/500
 - 2s - loss: 0.2607 - val_loss: 0.4208
Epoch 26/500
 - 2s - loss: 0.2559 - val_loss: 0.4230
Epoch 27/500
 - 2s - loss: 0.2524 - val_loss: 0.4306
Epoch 28/500
 - 2s - loss: 0.2494 - val_loss: 0.4209
Epoch 29/500
 - 2s - loss: 0.2494 - val_loss: 0.4231
Epoch 30/500
 - 2s - loss: 0.2446 - val_loss: 0.4196
Epoch 31/500
 - 2s - loss: 0.2431 - val_loss: 0.4336
Epoch 32/500
 - 2s - loss: 0.2432 - val_loss: 0.4241
Epoch 33/500
 - 2s - loss: 0.2414 - val_loss: 0.4275
Epoch 34/500
 - 2s - loss: 0.2378 - val_loss: 0.4323
Epoch 35/500
 - 2s - loss: 0.2311 - val_loss: 0.4348
Epoch 36/500
 - 2s - loss: 0.2291 - val_loss: 0.4317
Epoch 37/500
 - 2s - loss: 0.2271 - val_loss: 0.4398
Epoch 38/500
 - 2s - loss: 0.2265 - val_loss: 0.4423
Epoch 39/500
 - 2s - loss: 0.2270 - val_loss: 0.4504
Epoch 40/500
 - 2s - loss: 0.2260 - val_loss: 0.4509
Epoch 41/500
 - 2s - loss: 0.2239 - val_loss: 0.4513
Epoch 42/500
 - 2s - loss: 0.2230 - val_loss: 0.4460
Epoch 43/500
 - 2s - loss: 0.2207 - val_loss: 0.4493
Epoch 44/500
 - 2s - loss: 0.2184 - val_loss: 0.4535
/usr/lib/python3.5/importlib/_bootstrap.py:222: RuntimeWarning: numpy.dtype size changed, may indicate binary incompatibility. Expected 96, got 88
  return f(*args, **kwds)
Using TensorFlow backend.
/usr/lib/python3.5/importlib/_bootstrap.py:222: RuntimeWarning: numpy.dtype size changed, may indicate binary incompatibility. Expected 96, got 88
  return f(*args, **kwds)
/usr/lib/python3.5/importlib/_bootstrap.py:222: RuntimeWarning: numpy.dtype size changed, may indicate binary incompatibility. Expected 96, got 88
  return f(*args, **kwds)
Load model for predictions...
imported keras API for model creation
creating stateless cudnn lstm model
Model loaded from checkpoint
_________________________________________________________________
Layer (type)                 Output Shape              Param #   
=================================================================
cu_dnnlstm_3 (CuDNNLSTM)     (None, 28, 100)           49600     
_________________________________________________________________
batch_normalization_3 (Batch (None, 28, 100)           400       
_________________________________________________________________
cu_dnnlstm_4 (CuDNNLSTM)     (None, 100)               80800     
_________________________________________________________________
batch_normalization_4 (Batch (None, 100)               400       
_________________________________________________________________
time_output (Dense)          (None, 1)                 101       
=================================================================
Total params: 131,301
Trainable params: 130,901
Non-trainable params: 400
_________________________________________________________________
Make predictions...
sequences: 1314
finished prediction
tensorflow session cleaned
[Log] Finished process for: /bin/bash -c "python3 caise2019_c2k.py"
[Log] Process finished.
