[Log] Serializing /root/app/workdir/0-model.h5
[Log] Serializing /root/app/workdir/0-results.csv
[Log] Serializing /root/app/workdir/0-epochlogs.epochlog
[Log] Serializing /root/app/workdir/datadefinitions/__pycache__/generic.cpython-35.pyc
[Log] Serializing /root/app/workdir/datadefinitions/__pycache__/cargo2000.cpython-35.pyc
[Log] Serializing /root/app/workdir/utility/__pycache__/exceptions.cpython-35.pyc
[Log] Serializing /root/app/workdir/utility/__pycache__/models.cpython-35.pyc
[Log] Serializing /root/app/workdir/utility/__pycache__/run.cpython-35.pyc
[Log] Serializing /root/app/workdir/utility/__pycache__/configuration.cpython-35.pyc
[Log] Serializing /root/app/workdir/utility/__pycache__/regularization.cpython-35.pyc
[Log] Serializing /root/app/workdir/utility/__pycache__/generator.cpython-35.pyc
[Log] Serializing /root/app/workdir/utility/__pycache__/enums.cpython-35.pyc
[Log] Serializing /root/app/workdir/utility/__pycache__/dataoperations.cpython-35.pyc
[Log] Serializing /root/app/workdir/utility/__pycache__/preprocessing.cpython-35.pyc
[Log] Serializing /root/app/workdir/utility/__pycache__/hyperparameteroptimization.cpython-35.pyc
Send training results
[Log] Cleaned working directory
[Log] Finished work package
[Log] Fetch work.
Results sent.
[Log] Training Work package received from server: caise2019_cargo2000 3b6afa23-c9cd-4f38-a2a1-2e5c64269713
[Log] Cleaned working directory
[Log] Deserializing 26 files 
[Log] Deserializing /root/app/workdir/caise2019_bpic2012.py
[Log] Deserializing /root/app/workdir/caise2019_bpic2017.py
[Log] Deserializing /root/app/workdir/caise2019_bpic2018.py
[Log] Deserializing /root/app/workdir/caise2019_c2k.py
[Log] Deserializing /root/app/workdir/caise2019_tt.py
[Log] Deserializing /root/app/workdir/requirements.txt
[Log] Deserializing /root/app/workdir/requirements_gpu.txt
[Log] Deserializing /root/app/workdir/version.xml
[Log] Deserializing /root/app/workdir/datadefinitions/bpi2012.py
[Log] Deserializing /root/app/workdir/datadefinitions/bpi2017.py
[Log] Deserializing /root/app/workdir/datadefinitions/bpi2018.py
[Log] Deserializing /root/app/workdir/datadefinitions/cargo2000.py
[Log] Deserializing /root/app/workdir/datadefinitions/cargo2000generic.py
[Log] Deserializing /root/app/workdir/datadefinitions/generic.py
[Log] Deserializing /root/app/workdir/datadefinitions/transformingtransport.py
[Log] Deserializing /root/app/workdir/datasets/cargo2000.csv
[Log] Deserializing /root/app/workdir/utility/configuration.py
[Log] Deserializing /root/app/workdir/utility/dataoperations.py
[Log] Deserializing /root/app/workdir/utility/enums.py
[Log] Deserializing /root/app/workdir/utility/exceptions.py
[Log] Deserializing /root/app/workdir/utility/generator.py
[Log] Deserializing /root/app/workdir/utility/hyperparameteroptimization.py
[Log] Deserializing /root/app/workdir/utility/models.py
[Log] Deserializing /root/app/workdir/utility/preprocessing.py
[Log] Deserializing /root/app/workdir/utility/regularization.py
[Log] Deserializing /root/app/workdir/utility/run.py
[Log] Deserialized 26 files
[Log] Processing training work package
[Log] Create worker process.
[Log] Create process for: /bin/bash -c "python3 caise2019_c2k.py" in /root/app/workdir
[Log] Starting process for: /bin/bash -c "python3 caise2019_c2k.py"
2019-02-26 07:28:30.408732: I tensorflow/core/platform/cpu_feature_guard.cc:141] Your CPU supports instructions that this TensorFlow binary was not compiled to use: AVX2 FMA
2019-02-26 07:28:30.478690: I tensorflow/stream_executor/cuda/cuda_gpu_executor.cc:897] successful NUMA node read from SysFS had negative value (-1), but there must be at least one NUMA node, so returning NUMA node zero
2019-02-26 07:28:30.479364: I tensorflow/core/common_runtime/gpu/gpu_device.cc:1392] Found device 0 with properties: 
name: GeForce GTX 1060 6GB major: 6 minor: 1 memoryClockRate(GHz): 1.7715
pciBusID: 0000:01:00.0
totalMemory: 5.92GiB freeMemory: 5.52GiB
2019-02-26 07:28:30.479383: I tensorflow/core/common_runtime/gpu/gpu_device.cc:1471] Adding visible gpu devices: 0
2019-02-26 07:28:31.078002: I tensorflow/core/common_runtime/gpu/gpu_device.cc:952] Device interconnect StreamExecutor with strength 1 edge matrix:
2019-02-26 07:28:31.078026: I tensorflow/core/common_runtime/gpu/gpu_device.cc:958]      0 
2019-02-26 07:28:31.078031: I tensorflow/core/common_runtime/gpu/gpu_device.cc:971] 0:   N 
2019-02-26 07:28:31.078209: I tensorflow/core/common_runtime/gpu/gpu_device.cc:1084] Created TensorFlow device (/job:localhost/replica:0/task:0/device:GPU:0 with 5289 MB memory) -> physical GPU (device: 0, name: GeForce GTX 1060 6GB, pci bus id: 0000:01:00.0, compute capability: 6.1)
bagging defined: True
neurons defined: 100
datadefinition defined: <datadefinitions.cargo2000.Cargo2000 object at 0x7fd45e6dce10>
patience_earlystopping defined: 40
cudnn defined: True
max_epochs defined: 500
validationdata_split defined: 0.2
traindata_duplicate defined: 0
running defined: 0
tensorboard defined: False
testdata_split defined: 0.3333
traindata_split defined: 1
batch_size defined: 64
traindata_shuffle defined: False
processor defined: Processor.GPU
learningrate defined: 0.002
gradientclipvalue defined: 3
rnntype defined: RnnType.LSTM
max_sequencelength defined: 150000
bidirectional defined: False
verbose defined: False
traindata_split_index defined: 0
bagging_putback defined: True
bagging_size defined: 0.6
dropout defined: 0.1
patience_reducelr defined: 10
save_model defined: True
layers defined: 2
datageneration_pattern defined: DataGenerationPattern.Fit
keras version: 2.2.2
tensorflow version: 1.9.0
tensorflow session cleaned
multi process gpu usage: enabled
tensorflow configured
read 56082 rows
sequences truncated to 150000
offset0: null
offset1: 0
offset2: 0
offset3: 0
offset4: 0
offset5: 0
offset6: 0
offset7: 0
offset8: 0
divisor0: null
divisor1: 1153.615438108484
divisor2: 6666.367996861738
divisor3: 1412.8796226953389
divisor4: 1638.5187047537534
divisor5: 7332.0577368852755
divisor6: 17233.036482293785
divisor7: 17819.202310901892
divisor8: 1988.1400092721371
maxlen 28 
total chars: 16, target chars: 17
characters:  ['1', '10', '11', '12', '13', '14', '15', '16', '2', '3', '4', '5', '6', '7', '8', '9']
unique characters:  ['0', '1', '2', '3', '4', '5', '6', '7', '8', '9']
category vectors length: 16
num features: 22
2102 sequences in train data
1314 sequences in test data
526 sequences in validation data
2102 elements before bagging with putback True
1261 elements after bagging with putback True
perform full in-memory sentence generation
train_sentences: 17756
validation_sentences: 7440
Vectorization...
Build model...
imported keras API for model creation
creating stateless cudnn lstm model
_________________________________________________________________
Layer (type)                 Output Shape              Param #   
=================================================================
cu_dnnlstm_1 (CuDNNLSTM)     (None, 28, 100)           49600     
_________________________________________________________________
batch_normalization_1 (Batch (None, 28, 100)           400       
_________________________________________________________________
cu_dnnlstm_2 (CuDNNLSTM)     (None, 100)               80800     
_________________________________________________________________
batch_normalization_2 (Batch (None, 100)               400       
_________________________________________________________________
time_output (Dense)          (None, 1)                 101       
=================================================================
Total params: 131,301
Trainable params: 130,901
Non-trainable params: 400
_________________________________________________________________
Train on 17756 samples, validate on 7440 samples
Epoch 1/500
 - 9s - loss: 0.4038 - val_loss: 0.4105
Epoch 2/500
 - 7s - loss: 0.3294 - val_loss: 0.3821
Epoch 3/500
 - 7s - loss: 0.3200 - val_loss: 0.4941
Epoch 4/500
 - 7s - loss: 0.3184 - val_loss: 0.4132
Epoch 5/500
 - 7s - loss: 0.3136 - val_loss: 0.4103
Epoch 6/500
 - 7s - loss: 0.3121 - val_loss: 0.4539
Epoch 7/500
 - 7s - loss: 0.3106 - val_loss: 0.3868
Epoch 8/500
 - 7s - loss: 0.3083 - val_loss: 0.3861
Epoch 9/500
 - 7s - loss: 0.3046 - val_loss: 0.3903
Epoch 10/500
 - 7s - loss: 0.3016 - val_loss: 0.3942
Epoch 11/500
 - 7s - loss: 0.2977 - val_loss: 0.4187
Epoch 12/500
 - 7s - loss: 0.2941 - val_loss: 0.4005
Epoch 13/500
 - 7s - loss: 0.2833 - val_loss: 0.3845
Epoch 14/500
 - 7s - loss: 0.2819 - val_loss: 0.3963
Epoch 15/500
 - 7s - loss: 0.2784 - val_loss: 0.3901
Epoch 16/500
 - 7s - loss: 0.2731 - val_loss: 0.3962
Epoch 17/500
 - 7s - loss: 0.2717 - val_loss: 0.3891
Epoch 18/500
 - 7s - loss: 0.2699 - val_loss: 0.4125
Epoch 19/500
 - 7s - loss: 0.2656 - val_loss: 0.4119
Epoch 20/500
 - 7s - loss: 0.2615 - val_loss: 0.4022
Epoch 21/500
 - 7s - loss: 0.2594 - val_loss: 0.4096
Epoch 22/500
 - 7s - loss: 0.2553 - val_loss: 0.4029
Epoch 23/500
 - 7s - loss: 0.2470 - val_loss: 0.4028
Epoch 24/500
 - 7s - loss: 0.2441 - val_loss: 0.4048
Epoch 25/500
 - 7s - loss: 0.2440 - val_loss: 0.4033
Epoch 26/500
 - 7s - loss: 0.2394 - val_loss: 0.4109
Epoch 27/500
 - 7s - loss: 0.2400 - val_loss: 0.4093
Epoch 28/500
 - 7s - loss: 0.2383 - val_loss: 0.4195
Epoch 29/500
 - 7s - loss: 0.2357 - val_loss: 0.4241
Epoch 30/500
 - 7s - loss: 0.2344 - val_loss: 0.4131
Epoch 31/500
 - 7s - loss: 0.2338 - val_loss: 0.4171
Epoch 32/500
 - 7s - loss: 0.2304 - val_loss: 0.4161
Epoch 33/500
 - 7s - loss: 0.2268 - val_loss: 0.4296
Epoch 34/500
 - 7s - loss: 0.2237 - val_loss: 0.4271
Epoch 35/500
 - 7s - loss: 0.2229 - val_loss: 0.4305
Epoch 36/500
 - 7s - loss: 0.2206 - val_loss: 0.4305
Epoch 37/500
 - 5s - loss: 0.2201 - val_loss: 0.4266
Epoch 38/500
 - 5s - loss: 0.2211 - val_loss: 0.4318
Epoch 39/500
 - 3s - loss: 0.2178 - val_loss: 0.4270
Epoch 40/500
 - 2s - loss: 0.2193 - val_loss: 0.4346
Epoch 41/500
 - 6s - loss: 0.2198 - val_loss: 0.4355
Epoch 42/500
 - 7s - loss: 0.2172 - val_loss: 0.4338
/usr/lib/python3.5/importlib/_bootstrap.py:222: RuntimeWarning: numpy.dtype size changed, may indicate binary incompatibility. Expected 96, got 88
Load model for predictions...
imported keras API for model creation
creating stateless cudnn lstm model
Model loaded from checkpoint
_________________________________________________________________
Layer (type)                 Output Shape              Param #   
=================================================================
cu_dnnlstm_3 (CuDNNLSTM)     (None, 28, 100)           49600     
  return f(*args, **kwds)
_________________________________________________________________
batch_normalization_3 (Batch (None, 28, 100)           400       
Using TensorFlow backend.
_________________________________________________________________
/usr/lib/python3.5/importlib/_bootstrap.py:222: RuntimeWarning: numpy.dtype size changed, may indicate binary incompatibility. Expected 96, got 88
cu_dnnlstm_4 (CuDNNLSTM)     (None, 100)               80800     
_________________________________________________________________
  return f(*args, **kwds)
batch_normalization_4 (Batch (None, 100)               400       
/usr/lib/python3.5/importlib/_bootstrap.py:222: RuntimeWarning: numpy.dtype size changed, may indicate binary incompatibility. Expected 96, got 88
_________________________________________________________________
time_output (Dense)          (None, 1)                 101       
  return f(*args, **kwds)
=================================================================
Total params: 131,301
Trainable params: 130,901
Non-trainable params: 400
_________________________________________________________________
Make predictions...
sequences: 1314
finished prediction
tensorflow session cleaned
[Log] Finished process for: /bin/bash -c "python3 caise2019_c2k.py"
[Log] Process finished.
