[Log] Serializing /root/app/workdir/0-epochlogs.epochlog
[Log] Serializing /root/app/workdir/0-model.h5
[Log] Serializing /root/app/workdir/0-results.csv
[Log] Serializing /root/app/workdir/datadefinitions/__pycache__/bpi2012.cpython-35.pyc
[Log] Serializing /root/app/workdir/datadefinitions/__pycache__/generic.cpython-35.pyc
[Log] Serializing /root/app/workdir/utility/__pycache__/hyperparameteroptimization.cpython-35.pyc
[Log] Serializing /root/app/workdir/utility/__pycache__/run.cpython-35.pyc
[Log] Serializing /root/app/workdir/utility/__pycache__/exceptions.cpython-35.pyc
[Log] Serializing /root/app/workdir/utility/__pycache__/configuration.cpython-35.pyc
[Log] Serializing /root/app/workdir/utility/__pycache__/enums.cpython-35.pyc
[Log] Serializing /root/app/workdir/utility/__pycache__/preprocessing.cpython-35.pyc
[Log] Serializing /root/app/workdir/utility/__pycache__/models.cpython-35.pyc
[Log] Serializing /root/app/workdir/utility/__pycache__/generator.cpython-35.pyc
[Log] Serializing /root/app/workdir/utility/__pycache__/dataoperations.cpython-35.pyc
[Log] Serializing /root/app/workdir/utility/__pycache__/regularization.cpython-35.pyc
Send training results
[Log] Cleaned working directory
[Log] Finished work package
[Log] Fetch work.
Results sent.
[Log] Training Work package received from server: caise2019_bpic2012 dccb6949-ed5b-423d-bfb3-e87cdfa24fe2
[Log] Cleaned working directory
[Log] Deserializing 26 files 
[Log] Deserializing /root/app/workdir/caise2019_bpic2012.py
[Log] Deserializing /root/app/workdir/caise2019_bpic2017.py
[Log] Deserializing /root/app/workdir/caise2019_bpic2018.py
[Log] Deserializing /root/app/workdir/caise2019_c2k.py
[Log] Deserializing /root/app/workdir/caise2019_tt.py
[Log] Deserializing /root/app/workdir/requirements.txt
[Log] Deserializing /root/app/workdir/requirements_gpu.txt
[Log] Deserializing /root/app/workdir/version.xml
[Log] Deserializing /root/app/workdir/datadefinitions/bpi2012.py
[Log] Deserializing /root/app/workdir/datadefinitions/bpi2017.py
[Log] Deserializing /root/app/workdir/datadefinitions/bpi2018.py
[Log] Deserializing /root/app/workdir/datadefinitions/cargo2000.py
[Log] Deserializing /root/app/workdir/datadefinitions/cargo2000generic.py
[Log] Deserializing /root/app/workdir/datadefinitions/generic.py
[Log] Deserializing /root/app/workdir/datadefinitions/transformingtransport.py
[Log] Deserializing /root/app/workdir/datasets/bpi2012.csv
[Log] Deserializing /root/app/workdir/utility/configuration.py
[Log] Deserializing /root/app/workdir/utility/dataoperations.py
[Log] Deserializing /root/app/workdir/utility/enums.py
[Log] Deserializing /root/app/workdir/utility/exceptions.py
[Log] Deserializing /root/app/workdir/utility/generator.py
[Log] Deserializing /root/app/workdir/utility/hyperparameteroptimization.py
[Log] Deserializing /root/app/workdir/utility/models.py
[Log] Deserializing /root/app/workdir/utility/preprocessing.py
[Log] Deserializing /root/app/workdir/utility/regularization.py
[Log] Deserializing /root/app/workdir/utility/run.py
[Log] Deserialized 26 files
[Log] Processing training work package
[Log] Create worker process.
[Log] Create process for: /bin/bash -c "python3 caise2019_bpic2012.py" in /root/app/workdir
[Log] Starting process for: /bin/bash -c "python3 caise2019_bpic2012.py"
2019-02-24 23:24:25.534490: I tensorflow/core/platform/cpu_feature_guard.cc:141] Your CPU supports instructions that this TensorFlow binary was not compiled to use: AVX2 FMA
2019-02-24 23:24:25.606052: I tensorflow/stream_executor/cuda/cuda_gpu_executor.cc:897] successful NUMA node read from SysFS had negative value (-1), but there must be at least one NUMA node, so returning NUMA node zero
2019-02-24 23:24:25.606614: I tensorflow/core/common_runtime/gpu/gpu_device.cc:1392] Found device 0 with properties: 
name: GeForce GTX 1060 6GB major: 6 minor: 1 memoryClockRate(GHz): 1.7715
pciBusID: 0000:01:00.0
totalMemory: 5.93GiB freeMemory: 5.55GiB
2019-02-24 23:24:25.606630: I tensorflow/core/common_runtime/gpu/gpu_device.cc:1471] Adding visible gpu devices: 0
2019-02-24 23:24:26.153080: I tensorflow/core/common_runtime/gpu/gpu_device.cc:952] Device interconnect StreamExecutor with strength 1 edge matrix:
2019-02-24 23:24:26.153101: I tensorflow/core/common_runtime/gpu/gpu_device.cc:958]      0 
2019-02-24 23:24:26.153107: I tensorflow/core/common_runtime/gpu/gpu_device.cc:971] 0:   N 
2019-02-24 23:24:26.153284: I tensorflow/core/common_runtime/gpu/gpu_device.cc:1084] Created TensorFlow device (/job:localhost/replica:0/task:0/device:GPU:0 with 5323 MB memory) -> physical GPU (device: 0, name: GeForce GTX 1060 6GB, pci bus id: 0000:01:00.0, compute capability: 6.1)
max_sequencelength defined: 150000
verbose defined: False
bagging_size defined: 0.6
processor defined: Processor.GPU
gradientclipvalue defined: 3
rnntype defined: RnnType.LSTM
datageneration_pattern defined: DataGenerationPattern.Generator
datadefinition defined: <datadefinitions.bpi2012.BPI2012 object at 0x7f6aa10e0e10>
traindata_duplicate defined: 0
cudnn defined: True
bidirectional defined: False
max_epochs defined: 500
patience_reducelr defined: 10
bagging defined: True
traindata_split defined: 1
dropout defined: 0.1
patience_earlystopping defined: 40
testdata_split defined: 0.3333
layers defined: 2
batch_size defined: 64
running defined: 0
traindata_split_index defined: 0
validationdata_split defined: 0.2
bagging_putback defined: True
traindata_shuffle defined: False
learningrate defined: 0.002
neurons defined: 100
save_model defined: True
tensorboard defined: False
keras version: 2.2.2
tensorflow version: 1.9.0
tensorflow session cleaned
multi process gpu usage: enabled
tensorflow configured
no value found for datadefinition.featureweight at index 4, setting default value
no value found for datadefinition.featureweight at index 5, setting default value
read 190827 rows
sequences truncated to 150000
offset0: null
offset1: null
offset2: 0
offset3: 0
offset4: null
offset5: null
divisor0: null
divisor1: null
divisor2: 4.770425059696304
divisor3: 9547.828404708018
divisor4: null
divisor5: null
maxlen 106 
total chars: 23, target chars: 24
characters:  ['A', 'B', 'C', 'D', 'E', 'F', 'G', 'H', 'I', 'J', 'K', 'L', 'M', 'N', 'O', 'P', 'Q', 'R', 'S', 'T', 'U', 'V', 'W']
unique characters:  ['A', 'B', 'C', 'D', 'E', 'F', 'G', 'H', 'I', 'J', 'K', 'L', 'M', 'N', 'O', 'P', 'Q', 'R', 'S', 'T', 'U', 'V', 'W']
total chars: 68, target chars: 69
characters:  ['10124', '10125', '10138', '10188', '10228', '10609', '10629', '10779', '10789', '10809', '10821', '10859', '10861', '10862', '10863', '10880', '10881', '10889', '10899', '10909', '10910', '10912', '10913', '10914', '10929', '10931', '10932', '10933', '10935', '10939', '10971', '10972', '10982', '11000', '11001', '11002', '11003', '11009', '11019', '11029', '11049', '11079', '11111', '11119', '11120', '11121', '11122', '11169', '11179', '11180', '11181', '11189', '112', '11200', '11201', '11202', '11203', '11254', '11259', '11269', '11289', '11299', '11300', '11302', '11304', '11309', '11319', '11339']
unique characters:  ['0', '1', '2', '3', '4', '5', '6', '7', '8', '9']
total chars: 2, target chars: 3
characters:  ['False', 'True']
unique characters:  ['F', 'T', 'a', 'e', 'l', 'r', 's', 'u']
category vectors length: 91
num features: 94
6980 sequences in train data
4362 sequences in test data
1745 sequences in validation data
6980 elements before bagging with putback True
4188 elements after bagging with putback True
created generator with with 4188 sequences and 61302 sentences
created generator with with 1745 sequences and 26772 sentences
created sentence generators
Generators detected: Vectorization will be performed during runtime
Build model...
imported keras API for model creation
creating stateless cudnn lstm model
_________________________________________________________________
Layer (type)                 Output Shape              Param #   
=================================================================
cu_dnnlstm_1 (CuDNNLSTM)     (None, 106, 100)          78400     
_________________________________________________________________
batch_normalization_1 (Batch (None, 106, 100)          400       
_________________________________________________________________
cu_dnnlstm_2 (CuDNNLSTM)     (None, 100)               80800     
_________________________________________________________________
batch_normalization_2 (Batch (None, 100)               400       
_________________________________________________________________
time_output (Dense)          (None, 1)                 101       
=================================================================
Total params: 160,101
Trainable params: 159,701
Non-trainable params: 400
_________________________________________________________________
Epoch 1/500
 - 60s - loss: 0.4421 - val_loss: 0.4737
Epoch 2/500
 - 60s - loss: 0.3865 - val_loss: 0.3551
Epoch 3/500
 - 60s - loss: 0.3815 - val_loss: 0.4928
Epoch 4/500
 - 61s - loss: 0.3737 - val_loss: 0.3414
Epoch 5/500
 - 60s - loss: 0.3705 - val_loss: 0.3469
Epoch 6/500
 - 61s - loss: 0.3667 - val_loss: 0.3684
Epoch 7/500
 - 61s - loss: 0.3688 - val_loss: 0.3203
Epoch 8/500
 - 61s - loss: 0.3667 - val_loss: 0.3399
Epoch 9/500
 - 61s - loss: 0.3678 - val_loss: 0.2975
Epoch 10/500
 - 61s - loss: 0.3590 - val_loss: 0.3183
Epoch 11/500
 - 61s - loss: 0.3622 - val_loss: 0.2836
Epoch 12/500
 - 61s - loss: 0.3598 - val_loss: 0.3313
Epoch 13/500
 - 61s - loss: 0.3612 - val_loss: 0.3126
Epoch 14/500
 - 60s - loss: 0.3592 - val_loss: 0.3279
Epoch 15/500
 - 60s - loss: 0.3569 - val_loss: 0.2952
Epoch 16/500
 - 61s - loss: 0.3524 - val_loss: 0.2934
Epoch 17/500
 - 61s - loss: 0.3525 - val_loss: 0.2988
Epoch 18/500
 - 61s - loss: 0.3518 - val_loss: 0.2977
Epoch 19/500
 - 60s - loss: 0.3525 - val_loss: 0.3844
Epoch 20/500
 - 61s - loss: 0.3451 - val_loss: 0.3293
Epoch 21/500
 - 61s - loss: 0.3509 - val_loss: 0.3365
Epoch 22/500
 - 61s - loss: 0.3487 - val_loss: 0.3005
Epoch 23/500
 - 60s - loss: 0.3448 - val_loss: 0.3073
Epoch 24/500
 - 60s - loss: 0.3455 - val_loss: 0.3019
Epoch 25/500
 - 60s - loss: 0.3411 - val_loss: 0.3049
Epoch 26/500
 - 60s - loss: 0.3467 - val_loss: 0.2976
Epoch 27/500
 - 53s - loss: 0.3479 - val_loss: 0.3111
Epoch 28/500
 - 59s - loss: 0.3457 - val_loss: 0.2991
Epoch 29/500
 - 61s - loss: 0.3396 - val_loss: 0.3041
Epoch 30/500
 - 61s - loss: 0.3466 - val_loss: 0.3212
Epoch 31/500
 - 61s - loss: 0.3367 - val_loss: 0.3064
Epoch 32/500
 - 61s - loss: 0.3329 - val_loss: 0.3161
Epoch 33/500
 - 60s - loss: 0.3347 - val_loss: 0.3112
Epoch 34/500
 - 61s - loss: 0.3304 - val_loss: 0.3032
Epoch 35/500
 - 61s - loss: 0.3314 - val_loss: 0.3211
Epoch 36/500
 - 61s - loss: 0.3334 - val_loss: 0.3087
Epoch 37/500
 - 60s - loss: 0.3247 - val_loss: 0.3065
Epoch 38/500
 - 61s - loss: 0.3288 - val_loss: 0.3179
Epoch 39/500
 - 61s - loss: 0.3281 - val_loss: 0.3176
Epoch 40/500
 - 61s - loss: 0.3309 - val_loss: 0.3301
Epoch 41/500
 - 61s - loss: 0.3296 - val_loss: 0.3203
Epoch 42/500
 - 61s - loss: 0.3215 - val_loss: 0.3297
Epoch 43/500
 - 61s - loss: 0.3198 - val_loss: 0.3235
Epoch 44/500
 - 61s - loss: 0.3226 - val_loss: 0.3139
Epoch 45/500
 - 61s - loss: 0.3233 - val_loss: 0.3149
Epoch 46/500
 - 61s - loss: 0.3207 - val_loss: 0.3160
Epoch 47/500
 - 60s - loss: 0.3203 - val_loss: 0.3110
Epoch 48/500
 - 61s - loss: 0.3219 - val_loss: 0.3204
Epoch 49/500
 - 61s - loss: 0.3174 - val_loss: 0.3265
Epoch 50/500
 - 61s - loss: 0.3136 - val_loss: 0.3126
Epoch 51/500
 - 60s - loss: 0.3159 - val_loss: 0.3166
/usr/lib/python3.5/importlib/_bootstrap.py:222: RuntimeWarning: numpy.dtype size changed, may indicate binary incompatibility. Expected 96, got 88
Load model for predictions...
  return f(*args, **kwds)
Using TensorFlow backend.
/usr/lib/python3.5/importlib/_bootstrap.py:222: RuntimeWarning: numpy.dtype size changed, may indicate binary incompatibility. Expected 96, got 88
imported keras API for model creation
  return f(*args, **kwds)
/usr/lib/python3.5/importlib/_bootstrap.py:222: RuntimeWarning: numpy.dtype size changed, may indicate binary incompatibility. Expected 96, got 88
creating stateless cudnn lstm model
  return f(*args, **kwds)
Model loaded from checkpoint
_________________________________________________________________
Layer (type)                 Output Shape              Param #   
=================================================================
cu_dnnlstm_3 (CuDNNLSTM)     (None, 106, 100)          78400     
_________________________________________________________________
batch_normalization_3 (Batch (None, 106, 100)          400       
_________________________________________________________________
cu_dnnlstm_4 (CuDNNLSTM)     (None, 100)               80800     
_________________________________________________________________
batch_normalization_4 (Batch (None, 100)               400       
_________________________________________________________________
time_output (Dense)          (None, 1)                 101       
=================================================================
Total params: 160,101
Trainable params: 159,701
Non-trainable params: 400
_________________________________________________________________
Make predictions...
sequences: 4362
finished prediction
tensorflow session cleaned
[Log] Finished process for: /bin/bash -c "python3 caise2019_bpic2012.py"
[Log] Process finished.
