[Log] Serializing /root/app/workdir/0-model.h5
[Log] Serializing /root/app/workdir/0-epochlogs.epochlog
[Log] Serializing /root/app/workdir/0-results.csv
[Log] Serializing /root/app/workdir/datadefinitions/__pycache__/transformingtransport.cpython-35.pyc
[Log] Serializing /root/app/workdir/datadefinitions/__pycache__/generic.cpython-35.pyc
[Log] Serializing /root/app/workdir/utility/__pycache__/run.cpython-35.pyc
[Log] Serializing /root/app/workdir/utility/__pycache__/configuration.cpython-35.pyc
[Log] Serializing /root/app/workdir/utility/__pycache__/models.cpython-35.pyc
[Log] Serializing /root/app/workdir/utility/__pycache__/regularization.cpython-35.pyc
[Log] Serializing /root/app/workdir/utility/__pycache__/hyperparameteroptimization.cpython-35.pyc
[Log] Serializing /root/app/workdir/utility/__pycache__/dataoperations.cpython-35.pyc
[Log] Serializing /root/app/workdir/utility/__pycache__/enums.cpython-35.pyc
[Log] Serializing /root/app/workdir/utility/__pycache__/preprocessing.cpython-35.pyc
[Log] Serializing /root/app/workdir/utility/__pycache__/generator.cpython-35.pyc
[Log] Serializing /root/app/workdir/utility/__pycache__/exceptions.cpython-35.pyc
Send training results
[Log] Cleaned working directory
[Log] Finished work package
[Log] Fetch work.
Results sent.
[Log] Training Work package received from server: caise2019_bpic2012 5726cbfd-a9a3-4051-a43a-8247ce8e94b0
[Log] Cleaned working directory
[Log] Deserializing 26 files 
[Log] Deserializing /root/app/workdir/caise2019_bpic2012.py
[Log] Deserializing /root/app/workdir/caise2019_bpic2017.py
[Log] Deserializing /root/app/workdir/caise2019_bpic2018.py
[Log] Deserializing /root/app/workdir/caise2019_c2k.py
[Log] Deserializing /root/app/workdir/caise2019_tt.py
[Log] Deserializing /root/app/workdir/requirements.txt
[Log] Deserializing /root/app/workdir/requirements_gpu.txt
[Log] Deserializing /root/app/workdir/version.xml
[Log] Deserializing /root/app/workdir/datadefinitions/bpi2012.py
[Log] Deserializing /root/app/workdir/datadefinitions/bpi2017.py
[Log] Deserializing /root/app/workdir/datadefinitions/bpi2018.py
[Log] Deserializing /root/app/workdir/datadefinitions/cargo2000.py
[Log] Deserializing /root/app/workdir/datadefinitions/cargo2000generic.py
[Log] Deserializing /root/app/workdir/datadefinitions/generic.py
[Log] Deserializing /root/app/workdir/datadefinitions/transformingtransport.py
[Log] Deserializing /root/app/workdir/datasets/bpi2012.csv
[Log] Deserializing /root/app/workdir/utility/configuration.py
[Log] Deserializing /root/app/workdir/utility/dataoperations.py
[Log] Deserializing /root/app/workdir/utility/enums.py
[Log] Deserializing /root/app/workdir/utility/exceptions.py
[Log] Deserializing /root/app/workdir/utility/generator.py
[Log] Deserializing /root/app/workdir/utility/hyperparameteroptimization.py
[Log] Deserializing /root/app/workdir/utility/models.py
[Log] Deserializing /root/app/workdir/utility/preprocessing.py
[Log] Deserializing /root/app/workdir/utility/regularization.py
[Log] Deserializing /root/app/workdir/utility/run.py
[Log] Deserialized 26 files
[Log] Processing training work package
[Log] Create worker process.
[Log] Create process for: /bin/bash -c "python3 caise2019_bpic2012.py" in /root/app/workdir
[Log] Starting process for: /bin/bash -c "python3 caise2019_bpic2012.py"
2019-02-25 10:23:37.163930: I tensorflow/core/platform/cpu_feature_guard.cc:141] Your CPU supports instructions that this TensorFlow binary was not compiled to use: AVX2 FMA
2019-02-25 10:23:37.233454: I tensorflow/stream_executor/cuda/cuda_gpu_executor.cc:897] successful NUMA node read from SysFS had negative value (-1), but there must be at least one NUMA node, so returning NUMA node zero
2019-02-25 10:23:37.233932: I tensorflow/core/common_runtime/gpu/gpu_device.cc:1392] Found device 0 with properties: 
name: GeForce GTX 1060 6GB major: 6 minor: 1 memoryClockRate(GHz): 1.7715
pciBusID: 0000:01:00.0
totalMemory: 5.93GiB freeMemory: 5.55GiB
2019-02-25 10:23:37.233948: I tensorflow/core/common_runtime/gpu/gpu_device.cc:1471] Adding visible gpu devices: 0
2019-02-25 10:23:37.815141: I tensorflow/core/common_runtime/gpu/gpu_device.cc:952] Device interconnect StreamExecutor with strength 1 edge matrix:
2019-02-25 10:23:37.815164: I tensorflow/core/common_runtime/gpu/gpu_device.cc:958]      0 
2019-02-25 10:23:37.815169: I tensorflow/core/common_runtime/gpu/gpu_device.cc:971] 0:   N 
2019-02-25 10:23:37.815341: I tensorflow/core/common_runtime/gpu/gpu_device.cc:1084] Created TensorFlow device (/job:localhost/replica:0/task:0/device:GPU:0 with 5323 MB memory) -> physical GPU (device: 0, name: GeForce GTX 1060 6GB, pci bus id: 0000:01:00.0, compute capability: 6.1)
patience_reducelr defined: 10
cudnn defined: True
max_sequencelength defined: 150000
datadefinition defined: <datadefinitions.bpi2012.BPI2012 object at 0x7f7d6bae5e10>
running defined: 0
dropout defined: 0.1
max_epochs defined: 500
traindata_duplicate defined: 0
testdata_split defined: 0.3333
datageneration_pattern defined: DataGenerationPattern.Generator
traindata_split defined: 1
tensorboard defined: False
validationdata_split defined: 0.2
bidirectional defined: False
patience_earlystopping defined: 40
batch_size defined: 64
learningrate defined: 0.002
processor defined: Processor.GPU
gradientclipvalue defined: 3
traindata_split_index defined: 0
traindata_shuffle defined: False
rnntype defined: RnnType.LSTM
bagging_putback defined: True
neurons defined: 100
bagging_size defined: 0.6
save_model defined: True
verbose defined: False
layers defined: 2
bagging defined: True
keras version: 2.2.2
tensorflow version: 1.9.0
tensorflow session cleaned
multi process gpu usage: enabled
tensorflow configured
no value found for datadefinition.featureweight at index 4, setting default value
no value found for datadefinition.featureweight at index 5, setting default value
read 190827 rows
sequences truncated to 150000
offset0: null
offset1: null
offset2: 0
offset3: 0
offset4: null
offset5: null
divisor0: null
divisor1: null
divisor2: 4.770425059696304
divisor3: 9547.828404708018
divisor4: null
divisor5: null
maxlen 106 
total chars: 23, target chars: 24
characters:  ['A', 'B', 'C', 'D', 'E', 'F', 'G', 'H', 'I', 'J', 'K', 'L', 'M', 'N', 'O', 'P', 'Q', 'R', 'S', 'T', 'U', 'V', 'W']
unique characters:  ['A', 'B', 'C', 'D', 'E', 'F', 'G', 'H', 'I', 'J', 'K', 'L', 'M', 'N', 'O', 'P', 'Q', 'R', 'S', 'T', 'U', 'V', 'W']
total chars: 68, target chars: 69
characters:  ['10124', '10125', '10138', '10188', '10228', '10609', '10629', '10779', '10789', '10809', '10821', '10859', '10861', '10862', '10863', '10880', '10881', '10889', '10899', '10909', '10910', '10912', '10913', '10914', '10929', '10931', '10932', '10933', '10935', '10939', '10971', '10972', '10982', '11000', '11001', '11002', '11003', '11009', '11019', '11029', '11049', '11079', '11111', '11119', '11120', '11121', '11122', '11169', '11179', '11180', '11181', '11189', '112', '11200', '11201', '11202', '11203', '11254', '11259', '11269', '11289', '11299', '11300', '11302', '11304', '11309', '11319', '11339']
unique characters:  ['0', '1', '2', '3', '4', '5', '6', '7', '8', '9']
total chars: 2, target chars: 3
characters:  ['False', 'True']
unique characters:  ['F', 'T', 'a', 'e', 'l', 'r', 's', 'u']
category vectors length: 91
num features: 94
6980 sequences in train data
4362 sequences in test data
1745 sequences in validation data
6980 elements before bagging with putback True
4188 elements after bagging with putback True
created generator with with 4188 sequences and 60028 sentences
created generator with with 1745 sequences and 26772 sentences
created sentence generators
Generators detected: Vectorization will be performed during runtime
Build model...
imported keras API for model creation
creating stateless cudnn lstm model
_________________________________________________________________
Layer (type)                 Output Shape              Param #   
=================================================================
cu_dnnlstm_1 (CuDNNLSTM)     (None, 106, 100)          78400     
_________________________________________________________________
batch_normalization_1 (Batch (None, 106, 100)          400       
_________________________________________________________________
cu_dnnlstm_2 (CuDNNLSTM)     (None, 100)               80800     
_________________________________________________________________
batch_normalization_2 (Batch (None, 100)               400       
_________________________________________________________________
time_output (Dense)          (None, 1)                 101       
=================================================================
Total params: 160,101
Trainable params: 159,701
Non-trainable params: 400
_________________________________________________________________
Epoch 1/500
 - 61s - loss: 0.4400 - val_loss: 0.3413
Epoch 2/500
 - 60s - loss: 0.3820 - val_loss: 0.3052
Epoch 3/500
 - 60s - loss: 0.3757 - val_loss: 0.3309
Epoch 4/500
 - 59s - loss: 0.3639 - val_loss: 0.3451
Epoch 5/500
 - 60s - loss: 0.3729 - val_loss: 0.3676
Epoch 6/500
 - 58s - loss: 0.3691 - val_loss: 0.3301
Epoch 7/500
 - 51s - loss: 0.3671 - val_loss: 0.3106
Epoch 8/500
 - 60s - loss: 0.3627 - val_loss: 0.3315
Epoch 9/500
 - 60s - loss: 0.3653 - val_loss: 0.3183
Epoch 10/500
 - 60s - loss: 0.3622 - val_loss: 0.3658
Epoch 11/500
 - 59s - loss: 0.3573 - val_loss: 0.3013
Epoch 12/500
 - 60s - loss: 0.3547 - val_loss: 0.3151
Epoch 13/500
 - 60s - loss: 0.3541 - val_loss: 0.3132
Epoch 14/500
 - 60s - loss: 0.3536 - val_loss: 0.3257
Epoch 15/500
 - 60s - loss: 0.3501 - val_loss: 0.3165
Epoch 16/500
 - 60s - loss: 0.3521 - val_loss: 0.3495
Epoch 17/500
 - 60s - loss: 0.3520 - val_loss: 0.3185
Epoch 18/500
 - 59s - loss: 0.3491 - val_loss: 0.3471
Epoch 19/500
 - 60s - loss: 0.3449 - val_loss: 0.2892
Epoch 20/500
 - 60s - loss: 0.3438 - val_loss: 0.3055
Epoch 21/500
 - 60s - loss: 0.3423 - val_loss: 0.3081
Epoch 22/500
 - 60s - loss: 0.3408 - val_loss: 0.3224
Epoch 23/500
 - 60s - loss: 0.3421 - val_loss: 0.3259
Epoch 24/500
 - 60s - loss: 0.3423 - val_loss: 0.3097
Epoch 25/500
 - 59s - loss: 0.3400 - val_loss: 0.3231
Epoch 26/500
 - 60s - loss: 0.3398 - val_loss: 0.3456
Epoch 27/500
 - 60s - loss: 0.3353 - val_loss: 0.3111
Epoch 28/500
 - 60s - loss: 0.3333 - val_loss: 0.3211
Epoch 29/500
 - 60s - loss: 0.3309 - val_loss: 0.3068
Epoch 30/500
 - 60s - loss: 0.3276 - val_loss: 0.3157
Epoch 31/500
 - 60s - loss: 0.3255 - val_loss: 0.3113
Epoch 32/500
 - 58s - loss: 0.3268 - val_loss: 0.3058
Epoch 33/500
 - 51s - loss: 0.3245 - val_loss: 0.3203
Epoch 34/500
 - 60s - loss: 0.3206 - val_loss: 0.3247
Epoch 35/500
 - 60s - loss: 0.3197 - val_loss: 0.3096
Epoch 36/500
 - 60s - loss: 0.3222 - val_loss: 0.3296
Epoch 37/500
 - 59s - loss: 0.3207 - val_loss: 0.3167
Epoch 38/500
 - 60s - loss: 0.3149 - val_loss: 0.3385
Epoch 39/500
 - 59s - loss: 0.3217 - val_loss: 0.3261
Epoch 40/500
 - 60s - loss: 0.3193 - val_loss: 0.3304
Epoch 41/500
 - 60s - loss: 0.3125 - val_loss: 0.3246
Epoch 42/500
 - 60s - loss: 0.3090 - val_loss: 0.3149
Epoch 43/500
 - 59s - loss: 0.3190 - val_loss: 0.3388
Epoch 44/500
 - 60s - loss: 0.3123 - val_loss: 0.3430
Epoch 45/500
 - 60s - loss: 0.3140 - val_loss: 0.3238
Epoch 46/500
 - 60s - loss: 0.3129 - val_loss: 0.3290
Epoch 47/500
 - 59s - loss: 0.3097 - val_loss: 0.3287
Epoch 48/500
 - 60s - loss: 0.3074 - val_loss: 0.3366
Epoch 49/500
 - 60s - loss: 0.3057 - val_loss: 0.3265
Epoch 50/500
 - 60s - loss: 0.3028 - val_loss: 0.3344
Epoch 51/500
 - 60s - loss: 0.3016 - val_loss: 0.3315
Epoch 52/500
 - 60s - loss: 0.3052 - val_loss: 0.3535
Epoch 53/500
 - 60s - loss: 0.3045 - val_loss: 0.3367
Epoch 54/500
 - 60s - loss: 0.3125 - val_loss: 0.3353
Epoch 55/500
 - 60s - loss: 0.3079 - val_loss: 0.3476
Epoch 56/500
 - 60s - loss: 0.3033 - val_loss: 0.3408
Epoch 57/500
 - 60s - loss: 0.3099 - val_loss: 0.3408
Epoch 58/500
 - 60s - loss: 0.3109 - val_loss: 0.3398
Epoch 59/500
 - 60s - loss: 0.3084 - val_loss: 0.3453
/usr/lib/python3.5/importlib/_bootstrap.py:222: RuntimeWarning: numpy.dtype size changed, may indicate binary incompatibility. Expected 96, got 88
Load model for predictions...
  return f(*args, **kwds)
Using TensorFlow backend.
/usr/lib/python3.5/importlib/_bootstrap.py:222: RuntimeWarning: numpy.dtype size changed, may indicate binary incompatibility. Expected 96, got 88
  return f(*args, **kwds)
/usr/lib/python3.5/importlib/_bootstrap.py:222: RuntimeWarning: numpy.dtype size changed, may indicate binary incompatibility. Expected 96, got 88
  return f(*args, **kwds)
imported keras API for model creation
creating stateless cudnn lstm model
Model loaded from checkpoint
_________________________________________________________________
Layer (type)                 Output Shape              Param #   
=================================================================
cu_dnnlstm_3 (CuDNNLSTM)     (None, 106, 100)          78400     
_________________________________________________________________
batch_normalization_3 (Batch (None, 106, 100)          400       
_________________________________________________________________
cu_dnnlstm_4 (CuDNNLSTM)     (None, 100)               80800     
_________________________________________________________________
batch_normalization_4 (Batch (None, 100)               400       
_________________________________________________________________
time_output (Dense)          (None, 1)                 101       
=================================================================
Total params: 160,101
Trainable params: 159,701
Non-trainable params: 400
_________________________________________________________________
Make predictions...
sequences: 4362
finished prediction
tensorflow session cleaned
[Log] Finished process for: /bin/bash -c "python3 caise2019_bpic2012.py"
[Log] Process finished.
