[Log] Serializing /root/app/workdir/0-model.h5
[Log] Serializing /root/app/workdir/0-epochlogs.epochlog
[Log] Serializing /root/app/workdir/0-results.csv
[Log] Serializing /root/app/workdir/datadefinitions/__pycache__/cargo2000.cpython-35.pyc
[Log] Serializing /root/app/workdir/datadefinitions/__pycache__/generic.cpython-35.pyc
[Log] Serializing /root/app/workdir/utility/__pycache__/run.cpython-35.pyc
[Log] Serializing /root/app/workdir/utility/__pycache__/configuration.cpython-35.pyc
[Log] Serializing /root/app/workdir/utility/__pycache__/models.cpython-35.pyc
[Log] Serializing /root/app/workdir/utility/__pycache__/regularization.cpython-35.pyc
[Log] Serializing /root/app/workdir/utility/__pycache__/hyperparameteroptimization.cpython-35.pyc
[Log] Serializing /root/app/workdir/utility/__pycache__/dataoperations.cpython-35.pyc
[Log] Serializing /root/app/workdir/utility/__pycache__/enums.cpython-35.pyc
[Log] Serializing /root/app/workdir/utility/__pycache__/preprocessing.cpython-35.pyc
[Log] Serializing /root/app/workdir/utility/__pycache__/generator.cpython-35.pyc
[Log] Serializing /root/app/workdir/utility/__pycache__/exceptions.cpython-35.pyc
Send training results
[Log] Cleaned working directory
[Log] Finished work package
[Log] Fetch work.
Results sent.
[Log] Training Work package received from server: caise2019_cargo2000 560cbe8f-dcdf-4389-a535-2aa61cb2cc7e
[Log] Cleaned working directory
[Log] Deserializing 26 files 
[Log] Deserializing /root/app/workdir/caise2019_bpic2012.py
[Log] Deserializing /root/app/workdir/caise2019_bpic2017.py
[Log] Deserializing /root/app/workdir/caise2019_bpic2018.py
[Log] Deserializing /root/app/workdir/caise2019_c2k.py
[Log] Deserializing /root/app/workdir/caise2019_tt.py
[Log] Deserializing /root/app/workdir/requirements.txt
[Log] Deserializing /root/app/workdir/requirements_gpu.txt
[Log] Deserializing /root/app/workdir/version.xml
[Log] Deserializing /root/app/workdir/datadefinitions/bpi2012.py
[Log] Deserializing /root/app/workdir/datadefinitions/bpi2017.py
[Log] Deserializing /root/app/workdir/datadefinitions/bpi2018.py
[Log] Deserializing /root/app/workdir/datadefinitions/cargo2000.py
[Log] Deserializing /root/app/workdir/datadefinitions/cargo2000generic.py
[Log] Deserializing /root/app/workdir/datadefinitions/generic.py
[Log] Deserializing /root/app/workdir/datadefinitions/transformingtransport.py
[Log] Deserializing /root/app/workdir/datasets/cargo2000.csv
[Log] Deserializing /root/app/workdir/utility/configuration.py
[Log] Deserializing /root/app/workdir/utility/dataoperations.py
[Log] Deserializing /root/app/workdir/utility/enums.py
[Log] Deserializing /root/app/workdir/utility/exceptions.py
[Log] Deserializing /root/app/workdir/utility/generator.py
[Log] Deserializing /root/app/workdir/utility/hyperparameteroptimization.py
[Log] Deserializing /root/app/workdir/utility/models.py
[Log] Deserializing /root/app/workdir/utility/preprocessing.py
[Log] Deserializing /root/app/workdir/utility/regularization.py
[Log] Deserializing /root/app/workdir/utility/run.py
[Log] Deserialized 26 files
[Log] Processing training work package
[Log] Create worker process.
[Log] Create process for: /bin/bash -c "python3 caise2019_c2k.py" in /root/app/workdir
[Log] Starting process for: /bin/bash -c "python3 caise2019_c2k.py"
2019-02-26 07:46:20.706251: I tensorflow/core/platform/cpu_feature_guard.cc:141] Your CPU supports instructions that this TensorFlow binary was not compiled to use: AVX2 FMA
2019-02-26 07:46:20.776444: I tensorflow/stream_executor/cuda/cuda_gpu_executor.cc:897] successful NUMA node read from SysFS had negative value (-1), but there must be at least one NUMA node, so returning NUMA node zero
2019-02-26 07:46:20.776919: I tensorflow/core/common_runtime/gpu/gpu_device.cc:1392] Found device 0 with properties: 
name: GeForce GTX 1060 6GB major: 6 minor: 1 memoryClockRate(GHz): 1.7715
pciBusID: 0000:01:00.0
totalMemory: 5.93GiB freeMemory: 5.55GiB
2019-02-26 07:46:20.776934: I tensorflow/core/common_runtime/gpu/gpu_device.cc:1471] Adding visible gpu devices: 0
2019-02-26 07:46:21.368743: I tensorflow/core/common_runtime/gpu/gpu_device.cc:952] Device interconnect StreamExecutor with strength 1 edge matrix:
2019-02-26 07:46:21.368766: I tensorflow/core/common_runtime/gpu/gpu_device.cc:958]      0 
2019-02-26 07:46:21.368771: I tensorflow/core/common_runtime/gpu/gpu_device.cc:971] 0:   N 
2019-02-26 07:46:21.368928: I tensorflow/core/common_runtime/gpu/gpu_device.cc:1084] Created TensorFlow device (/job:localhost/replica:0/task:0/device:GPU:0 with 5323 MB memory) -> physical GPU (device: 0, name: GeForce GTX 1060 6GB, pci bus id: 0000:01:00.0, compute capability: 6.1)
save_model defined: True
traindata_split_index defined: 0
patience_earlystopping defined: 40
patience_reducelr defined: 10
learningrate defined: 0.002
max_sequencelength defined: 150000
bagging_putback defined: True
traindata_split defined: 1
rnntype defined: RnnType.LSTM
bagging defined: True
processor defined: Processor.GPU
gradientclipvalue defined: 3
datadefinition defined: <datadefinitions.cargo2000.Cargo2000 object at 0x7febb46aee48>
datageneration_pattern defined: DataGenerationPattern.Fit
layers defined: 2
testdata_split defined: 0.3333
running defined: 0
bagging_size defined: 0.6
dropout defined: 0.1
neurons defined: 100
bidirectional defined: False
tensorboard defined: False
cudnn defined: True
verbose defined: False
batch_size defined: 64
max_epochs defined: 500
validationdata_split defined: 0.2
traindata_shuffle defined: False
traindata_duplicate defined: 0
keras version: 2.2.2
tensorflow version: 1.9.0
tensorflow session cleaned
multi process gpu usage: enabled
tensorflow configured
read 56082 rows
sequences truncated to 150000
offset0: null
offset1: 0
offset2: 0
offset3: 0
offset4: 0
offset5: 0
offset6: 0
offset7: 0
offset8: 0
divisor0: null
divisor1: 1153.615438108484
divisor2: 6666.367996861738
divisor3: 1412.8796226953389
divisor4: 1638.5187047537534
divisor5: 7332.0577368852755
divisor6: 17233.036482293785
divisor7: 17819.202310901892
divisor8: 1988.1400092721371
maxlen 28 
total chars: 16, target chars: 17
characters:  ['1', '10', '11', '12', '13', '14', '15', '16', '2', '3', '4', '5', '6', '7', '8', '9']
unique characters:  ['0', '1', '2', '3', '4', '5', '6', '7', '8', '9']
category vectors length: 16
num features: 22
2102 sequences in train data
1314 sequences in test data
526 sequences in validation data
2102 elements before bagging with putback True
1261 elements after bagging with putback True
perform full in-memory sentence generation
train_sentences: 17662
validation_sentences: 7440
Vectorization...
Build model...
imported keras API for model creation
creating stateless cudnn lstm model
_________________________________________________________________
Layer (type)                 Output Shape              Param #   
=================================================================
cu_dnnlstm_1 (CuDNNLSTM)     (None, 28, 100)           49600     
_________________________________________________________________
batch_normalization_1 (Batch (None, 28, 100)           400       
_________________________________________________________________
cu_dnnlstm_2 (CuDNNLSTM)     (None, 100)               80800     
_________________________________________________________________
batch_normalization_2 (Batch (None, 100)               400       
_________________________________________________________________
time_output (Dense)          (None, 1)                 101       
=================================================================
Total params: 131,301
Trainable params: 130,901
Non-trainable params: 400
_________________________________________________________________
Train on 17662 samples, validate on 7440 samples
Epoch 1/500
 - 9s - loss: 0.4634 - val_loss: 0.5397
Epoch 2/500
 - 7s - loss: 0.3890 - val_loss: 0.4373
Epoch 3/500
 - 7s - loss: 0.3803 - val_loss: 0.4676
Epoch 4/500
 - 7s - loss: 0.3801 - val_loss: 0.4265
Epoch 5/500
 - 7s - loss: 0.3763 - val_loss: 0.3771
Epoch 6/500
 - 7s - loss: 0.3752 - val_loss: 0.3973
Epoch 7/500
 - 7s - loss: 0.3706 - val_loss: 0.3952
Epoch 8/500
 - 7s - loss: 0.3721 - val_loss: 0.4228
Epoch 9/500
 - 7s - loss: 0.3678 - val_loss: 0.3996
Epoch 10/500
 - 7s - loss: 0.3661 - val_loss: 0.4000
Epoch 11/500
 - 7s - loss: 0.3651 - val_loss: 0.3951
Epoch 12/500
 - 7s - loss: 0.3619 - val_loss: 0.3962
Epoch 13/500
 - 7s - loss: 0.3603 - val_loss: 0.3771
Epoch 14/500
 - 7s - loss: 0.3583 - val_loss: 0.3940
Epoch 15/500
 - 7s - loss: 0.3567 - val_loss: 0.3916
Epoch 16/500
 - 7s - loss: 0.3457 - val_loss: 0.3968
Epoch 17/500
 - 7s - loss: 0.3416 - val_loss: 0.3877
Epoch 18/500
 - 7s - loss: 0.3391 - val_loss: 0.3914
Epoch 19/500
 - 7s - loss: 0.3382 - val_loss: 0.3967
Epoch 20/500
 - 7s - loss: 0.3373 - val_loss: 0.4178
Epoch 21/500
 - 7s - loss: 0.3298 - val_loss: 0.4027
Epoch 22/500
 - 7s - loss: 0.3286 - val_loss: 0.4118
Epoch 23/500
 - 7s - loss: 0.3265 - val_loss: 0.4253
Epoch 24/500
 - 7s - loss: 0.3216 - val_loss: 0.4220
Epoch 25/500
 - 7s - loss: 0.3176 - val_loss: 0.3981
Epoch 26/500
 - 7s - loss: 0.3084 - val_loss: 0.4013
Epoch 27/500
 - 7s - loss: 0.3065 - val_loss: 0.4162
Epoch 28/500
 - 7s - loss: 0.3004 - val_loss: 0.4071
Epoch 29/500
 - 7s - loss: 0.2981 - val_loss: 0.4038
Epoch 30/500
 - 7s - loss: 0.2945 - val_loss: 0.4182
Epoch 31/500
 - 7s - loss: 0.2902 - val_loss: 0.4161
Epoch 32/500
 - 7s - loss: 0.2873 - val_loss: 0.4093
Epoch 33/500
 - 7s - loss: 0.2815 - val_loss: 0.4161
Epoch 34/500
 - 7s - loss: 0.2802 - val_loss: 0.4257
Epoch 35/500
 - 7s - loss: 0.2772 - val_loss: 0.4286
Epoch 36/500
 - 7s - loss: 0.2654 - val_loss: 0.4199
Epoch 37/500
 - 7s - loss: 0.2658 - val_loss: 0.4234
Epoch 38/500
 - 7s - loss: 0.2630 - val_loss: 0.4307
Epoch 39/500
 - 7s - loss: 0.2636 - val_loss: 0.4226
Epoch 40/500
 - 7s - loss: 0.2616 - val_loss: 0.4301
Epoch 41/500
 - 7s - loss: 0.2613 - val_loss: 0.4293
Epoch 42/500
 - 7s - loss: 0.2557 - val_loss: 0.4377
Epoch 43/500
 - 7s - loss: 0.2564 - val_loss: 0.4279
Epoch 44/500
 - 7s - loss: 0.2543 - val_loss: 0.4324
Epoch 45/500
 - 7s - loss: 0.2531 - val_loss: 0.4325
Epoch 46/500
 - 7s - loss: 0.2501 - val_loss: 0.4340
Epoch 47/500
 - 7s - loss: 0.2485 - val_loss: 0.4336
Epoch 48/500
 - 7s - loss: 0.2470 - val_loss: 0.4333
Epoch 49/500
 - 7s - loss: 0.2439 - val_loss: 0.4359
Epoch 50/500
 - 7s - loss: 0.2481 - val_loss: 0.4324
Epoch 51/500
 - 7s - loss: 0.2428 - val_loss: 0.4393
Epoch 52/500
 - 7s - loss: 0.2447 - val_loss: 0.4358
Epoch 53/500
 - 7s - loss: 0.2449 - val_loss: 0.4334
/usr/lib/python3.5/importlib/_bootstrap.py:222: RuntimeWarning: numpy.dtype size changed, may indicate binary incompatibility. Expected 96, got 88
  return f(*args, **kwds)
Using TensorFlow backend.
/usr/lib/python3.5/importlib/_bootstrap.py:222: RuntimeWarning: numpy.dtype size changed, may indicate binary incompatibility. Expected 96, got 88
Load model for predictions...
  return f(*args, **kwds)
/usr/lib/python3.5/importlib/_bootstrap.py:222: RuntimeWarning: numpy.dtype size changed, may indicate binary incompatibility. Expected 96, got 88
  return f(*args, **kwds)
imported keras API for model creation
creating stateless cudnn lstm model
Model loaded from checkpoint
_________________________________________________________________
Layer (type)                 Output Shape              Param #   
=================================================================
cu_dnnlstm_3 (CuDNNLSTM)     (None, 28, 100)           49600     
_________________________________________________________________
batch_normalization_3 (Batch (None, 28, 100)           400       
_________________________________________________________________
cu_dnnlstm_4 (CuDNNLSTM)     (None, 100)               80800     
_________________________________________________________________
batch_normalization_4 (Batch (None, 100)               400       
_________________________________________________________________
time_output (Dense)          (None, 1)                 101       
=================================================================
Total params: 131,301
Trainable params: 130,901
Non-trainable params: 400
_________________________________________________________________
Make predictions...
sequences: 1314
finished prediction
tensorflow session cleaned
[Log] Finished process for: /bin/bash -c "python3 caise2019_c2k.py"
[Log] Process finished.
