[Log] Serializing /root/app/workdir/0-epochlogs.epochlog
[Log] Serializing /root/app/workdir/0-model.h5
[Log] Serializing /root/app/workdir/0-results.csv
[Log] Serializing /root/app/workdir/utility/__pycache__/exceptions.cpython-35.pyc
[Log] Serializing /root/app/workdir/utility/__pycache__/regularization.cpython-35.pyc
[Log] Serializing /root/app/workdir/utility/__pycache__/run.cpython-35.pyc
[Log] Serializing /root/app/workdir/utility/__pycache__/configuration.cpython-35.pyc
[Log] Serializing /root/app/workdir/utility/__pycache__/models.cpython-35.pyc
[Log] Serializing /root/app/workdir/utility/__pycache__/generator.cpython-35.pyc
[Log] Serializing /root/app/workdir/utility/__pycache__/preprocessing.cpython-35.pyc
[Log] Serializing /root/app/workdir/utility/__pycache__/hyperparameteroptimization.cpython-35.pyc
[Log] Serializing /root/app/workdir/utility/__pycache__/enums.cpython-35.pyc
[Log] Serializing /root/app/workdir/utility/__pycache__/dataoperations.cpython-35.pyc
[Log] Serializing /root/app/workdir/datadefinitions/__pycache__/cargo2000.cpython-35.pyc
[Log] Serializing /root/app/workdir/datadefinitions/__pycache__/generic.cpython-35.pyc
Send training results
[Log] Cleaned working directory
[Log] Finished work package
[Log] Fetch work.
Results sent.
[Log] Training Work package received from server: caise2019_cargo2000 9385890a-7c02-45c6-a3fb-3ffbecf0ad20
[Log] Cleaned working directory
[Log] Deserializing 26 files 
[Log] Deserializing /root/app/workdir/caise2019_bpic2012.py
[Log] Deserializing /root/app/workdir/caise2019_bpic2017.py
[Log] Deserializing /root/app/workdir/caise2019_bpic2018.py
[Log] Deserializing /root/app/workdir/caise2019_c2k.py
[Log] Deserializing /root/app/workdir/caise2019_tt.py
[Log] Deserializing /root/app/workdir/requirements.txt
[Log] Deserializing /root/app/workdir/requirements_gpu.txt
[Log] Deserializing /root/app/workdir/version.xml
[Log] Deserializing /root/app/workdir/datadefinitions/bpi2012.py
[Log] Deserializing /root/app/workdir/datadefinitions/bpi2017.py
[Log] Deserializing /root/app/workdir/datadefinitions/bpi2018.py
[Log] Deserializing /root/app/workdir/datadefinitions/cargo2000.py
[Log] Deserializing /root/app/workdir/datadefinitions/cargo2000generic.py
[Log] Deserializing /root/app/workdir/datadefinitions/generic.py
[Log] Deserializing /root/app/workdir/datadefinitions/transformingtransport.py
[Log] Deserializing /root/app/workdir/datasets/cargo2000.csv
[Log] Deserializing /root/app/workdir/utility/configuration.py
[Log] Deserializing /root/app/workdir/utility/dataoperations.py
[Log] Deserializing /root/app/workdir/utility/enums.py
[Log] Deserializing /root/app/workdir/utility/exceptions.py
[Log] Deserializing /root/app/workdir/utility/generator.py
[Log] Deserializing /root/app/workdir/utility/hyperparameteroptimization.py
[Log] Deserializing /root/app/workdir/utility/models.py
[Log] Deserializing /root/app/workdir/utility/preprocessing.py
[Log] Deserializing /root/app/workdir/utility/regularization.py
[Log] Deserializing /root/app/workdir/utility/run.py
[Log] Deserialized 26 files
[Log] Processing training work package
[Log] Create worker process.
[Log] Create process for: /bin/bash -c "python3 caise2019_c2k.py" in /root/app/workdir
[Log] Starting process for: /bin/bash -c "python3 caise2019_c2k.py"
2019-02-26 07:59:52.329006: I tensorflow/core/platform/cpu_feature_guard.cc:141] Your CPU supports instructions that this TensorFlow binary was not compiled to use: AVX2 FMA
2019-02-26 07:59:52.399267: I tensorflow/stream_executor/cuda/cuda_gpu_executor.cc:897] successful NUMA node read from SysFS had negative value (-1), but there must be at least one NUMA node, so returning NUMA node zero
2019-02-26 07:59:52.399753: I tensorflow/core/common_runtime/gpu/gpu_device.cc:1392] Found device 0 with properties: 
name: GeForce GTX 1060 6GB major: 6 minor: 1 memoryClockRate(GHz): 1.7715
pciBusID: 0000:01:00.0
totalMemory: 5.93GiB freeMemory: 5.55GiB
2019-02-26 07:59:52.399766: I tensorflow/core/common_runtime/gpu/gpu_device.cc:1471] Adding visible gpu devices: 0
2019-02-26 07:59:52.988128: I tensorflow/core/common_runtime/gpu/gpu_device.cc:952] Device interconnect StreamExecutor with strength 1 edge matrix:
2019-02-26 07:59:52.988150: I tensorflow/core/common_runtime/gpu/gpu_device.cc:958]      0 
2019-02-26 07:59:52.988155: I tensorflow/core/common_runtime/gpu/gpu_device.cc:971] 0:   N 
2019-02-26 07:59:52.988313: I tensorflow/core/common_runtime/gpu/gpu_device.cc:1084] Created TensorFlow device (/job:localhost/replica:0/task:0/device:GPU:0 with 5323 MB memory) -> physical GPU (device: 0, name: GeForce GTX 1060 6GB, pci bus id: 0000:01:00.0, compute capability: 6.1)
patience_earlystopping defined: 40
dropout defined: 0.1
layers defined: 2
bagging defined: True
bidirectional defined: False
max_sequencelength defined: 150000
save_model defined: True
datadefinition defined: <datadefinitions.cargo2000.Cargo2000 object at 0x7faa370dce10>
traindata_split_index defined: 0
running defined: 0
traindata_split defined: 1
neurons defined: 100
validationdata_split defined: 0.2
traindata_shuffle defined: False
patience_reducelr defined: 10
cudnn defined: True
bagging_putback defined: True
batch_size defined: 64
datageneration_pattern defined: DataGenerationPattern.Fit
traindata_duplicate defined: 0
rnntype defined: RnnType.LSTM
testdata_split defined: 0.3333
max_epochs defined: 500
tensorboard defined: False
bagging_size defined: 0.6
learningrate defined: 0.002
processor defined: Processor.GPU
gradientclipvalue defined: 3
verbose defined: False
keras version: 2.2.2
tensorflow version: 1.9.0
tensorflow session cleaned
multi process gpu usage: enabled
tensorflow configured
read 56082 rows
sequences truncated to 150000
offset0: null
offset1: 0
offset2: 0
offset3: 0
offset4: 0
offset5: 0
offset6: 0
offset7: 0
offset8: 0
divisor0: null
divisor1: 1153.615438108484
divisor2: 6666.367996861738
divisor3: 1412.8796226953389
divisor4: 1638.5187047537534
divisor5: 7332.0577368852755
divisor6: 17233.036482293785
divisor7: 17819.202310901892
divisor8: 1988.1400092721371
maxlen 28 
total chars: 16, target chars: 17
characters:  ['1', '10', '11', '12', '13', '14', '15', '16', '2', '3', '4', '5', '6', '7', '8', '9']
unique characters:  ['0', '1', '2', '3', '4', '5', '6', '7', '8', '9']
category vectors length: 16
num features: 22
2102 sequences in train data
1314 sequences in test data
526 sequences in validation data
2102 elements before bagging with putback True
1261 elements after bagging with putback True
perform full in-memory sentence generation
train_sentences: 17852
validation_sentences: 7440
Vectorization...
Build model...
imported keras API for model creation
creating stateless cudnn lstm model
_________________________________________________________________
Layer (type)                 Output Shape              Param #   
=================================================================
cu_dnnlstm_1 (CuDNNLSTM)     (None, 28, 100)           49600     
_________________________________________________________________
batch_normalization_1 (Batch (None, 28, 100)           400       
_________________________________________________________________
cu_dnnlstm_2 (CuDNNLSTM)     (None, 100)               80800     
_________________________________________________________________
batch_normalization_2 (Batch (None, 100)               400       
_________________________________________________________________
time_output (Dense)          (None, 1)                 101       
=================================================================
Total params: 131,301
Trainable params: 130,901
Non-trainable params: 400
_________________________________________________________________
Train on 17852 samples, validate on 7440 samples
Epoch 1/500
 - 9s - loss: 0.4258 - val_loss: 0.4124
Epoch 2/500
 - 7s - loss: 0.3489 - val_loss: 0.4078
Epoch 3/500
 - 7s - loss: 0.3428 - val_loss: 0.5288
Epoch 4/500
 - 7s - loss: 0.3385 - val_loss: 0.4138
Epoch 5/500
 - 7s - loss: 0.3360 - val_loss: 0.4032
Epoch 6/500
 - 7s - loss: 0.3319 - val_loss: 0.3855
Epoch 7/500
 - 7s - loss: 0.3307 - val_loss: 0.4207
Epoch 8/500
 - 7s - loss: 0.3277 - val_loss: 0.4255
Epoch 9/500
 - 7s - loss: 0.3252 - val_loss: 0.3992
Epoch 10/500
 - 7s - loss: 0.3218 - val_loss: 0.3835
Epoch 11/500
 - 7s - loss: 0.3171 - val_loss: 0.4014
Epoch 12/500
 - 7s - loss: 0.3129 - val_loss: 0.3965
Epoch 13/500
 - 7s - loss: 0.3060 - val_loss: 0.3877
Epoch 14/500
 - 7s - loss: 0.3023 - val_loss: 0.4016
Epoch 15/500
 - 7s - loss: 0.2968 - val_loss: 0.3917
Epoch 16/500
 - 7s - loss: 0.2912 - val_loss: 0.3953
Epoch 17/500
 - 7s - loss: 0.2846 - val_loss: 0.4009
Epoch 18/500
 - 7s - loss: 0.2802 - val_loss: 0.3911
Epoch 19/500
 - 7s - loss: 0.2728 - val_loss: 0.3865
Epoch 20/500
 - 7s - loss: 0.2670 - val_loss: 0.4171
Epoch 21/500
 - 7s - loss: 0.2544 - val_loss: 0.3987
Epoch 22/500
 - 7s - loss: 0.2506 - val_loss: 0.4029
Epoch 23/500
 - 7s - loss: 0.2481 - val_loss: 0.4069
Epoch 24/500
 - 5s - loss: 0.2433 - val_loss: 0.4218
Epoch 25/500
 - 5s - loss: 0.2428 - val_loss: 0.4020
Epoch 26/500
 - 4s - loss: 0.2372 - val_loss: 0.4065
Epoch 27/500
 - 2s - loss: 0.2402 - val_loss: 0.4154
Epoch 28/500
 - 2s - loss: 0.2330 - val_loss: 0.4076
Epoch 29/500
 - 6s - loss: 0.2300 - val_loss: 0.4144
Epoch 30/500
 - 7s - loss: 0.2304 - val_loss: 0.4161
Epoch 31/500
 - 7s - loss: 0.2189 - val_loss: 0.4094
Epoch 32/500
 - 7s - loss: 0.2168 - val_loss: 0.4170
Epoch 33/500
 - 7s - loss: 0.2166 - val_loss: 0.4163
Epoch 34/500
 - 7s - loss: 0.2141 - val_loss: 0.4147
Epoch 35/500
 - 7s - loss: 0.2128 - val_loss: 0.4229
Epoch 36/500
 - 7s - loss: 0.2118 - val_loss: 0.4147
Epoch 37/500
 - 7s - loss: 0.2115 - val_loss: 0.4189
Epoch 38/500
 - 7s - loss: 0.2102 - val_loss: 0.4189
Epoch 39/500
 - 7s - loss: 0.2062 - val_loss: 0.4195
Epoch 40/500
 - 7s - loss: 0.2057 - val_loss: 0.4187
Epoch 41/500
 - 7s - loss: 0.2009 - val_loss: 0.4222
Epoch 42/500
 - 7s - loss: 0.2010 - val_loss: 0.4202
Epoch 43/500
 - 7s - loss: 0.2010 - val_loss: 0.4199
Epoch 44/500
 - 7s - loss: 0.1987 - val_loss: 0.4228
Epoch 45/500
 - 7s - loss: 0.1995 - val_loss: 0.4258
Epoch 46/500
 - 7s - loss: 0.1981 - val_loss: 0.4205
Epoch 47/500
 - 7s - loss: 0.1961 - val_loss: 0.4257
Epoch 48/500
 - 7s - loss: 0.1951 - val_loss: 0.4173
Epoch 49/500
 - 7s - loss: 0.1931 - val_loss: 0.4274
Epoch 50/500
 - 7s - loss: 0.1940 - val_loss: 0.4299
/usr/lib/python3.5/importlib/_bootstrap.py:222: RuntimeWarning: numpy.dtype size changed, may indicate binary incompatibility. Expected 96, got 88
  return f(*args, **kwds)
Using TensorFlow backend.
/usr/lib/python3.5/importlib/_bootstrap.py:222: RuntimeWarning: numpy.dtype size changed, may indicate binary incompatibility. Expected 96, got 88
Load model for predictions...
  return f(*args, **kwds)
/usr/lib/python3.5/importlib/_bootstrap.py:222: RuntimeWarning: numpy.dtype size changed, may indicate binary incompatibility. Expected 96, got 88
  return f(*args, **kwds)
imported keras API for model creation
creating stateless cudnn lstm model
Model loaded from checkpoint
_________________________________________________________________
Layer (type)                 Output Shape              Param #   
=================================================================
cu_dnnlstm_3 (CuDNNLSTM)     (None, 28, 100)           49600     
_________________________________________________________________
batch_normalization_3 (Batch (None, 28, 100)           400       
_________________________________________________________________
cu_dnnlstm_4 (CuDNNLSTM)     (None, 100)               80800     
_________________________________________________________________
batch_normalization_4 (Batch (None, 100)               400       
_________________________________________________________________
time_output (Dense)          (None, 1)                 101       
=================================================================
Total params: 131,301
Trainable params: 130,901
Non-trainable params: 400
_________________________________________________________________
Make predictions...
sequences: 1314
finished prediction
tensorflow session cleaned
[Log] Finished process for: /bin/bash -c "python3 caise2019_c2k.py"
[Log] Process finished.
