[Log] Serializing /root/app/workdir/0-epochlogs.epochlog
[Log] Serializing /root/app/workdir/0-model.h5
[Log] Serializing /root/app/workdir/0-results.csv
[Log] Serializing /root/app/workdir/datadefinitions/__pycache__/generic.cpython-35.pyc
[Log] Serializing /root/app/workdir/datadefinitions/__pycache__/cargo2000.cpython-35.pyc
[Log] Serializing /root/app/workdir/utility/__pycache__/hyperparameteroptimization.cpython-35.pyc
[Log] Serializing /root/app/workdir/utility/__pycache__/run.cpython-35.pyc
[Log] Serializing /root/app/workdir/utility/__pycache__/exceptions.cpython-35.pyc
[Log] Serializing /root/app/workdir/utility/__pycache__/configuration.cpython-35.pyc
[Log] Serializing /root/app/workdir/utility/__pycache__/enums.cpython-35.pyc
[Log] Serializing /root/app/workdir/utility/__pycache__/preprocessing.cpython-35.pyc
[Log] Serializing /root/app/workdir/utility/__pycache__/models.cpython-35.pyc
[Log] Serializing /root/app/workdir/utility/__pycache__/generator.cpython-35.pyc
[Log] Serializing /root/app/workdir/utility/__pycache__/dataoperations.cpython-35.pyc
[Log] Serializing /root/app/workdir/utility/__pycache__/regularization.cpython-35.pyc
Send training results
[Log] Cleaned working directory
[Log] Finished work package
[Log] Fetch work.
Results sent.
[Log] Training Work package received from server: caise2019_cargo2000 93391dbd-f55c-4f5c-9d72-a169ec6c0ae2
[Log] Cleaned working directory
[Log] Deserializing 26 files 
[Log] Deserializing /root/app/workdir/caise2019_bpic2012.py
[Log] Deserializing /root/app/workdir/caise2019_bpic2017.py
[Log] Deserializing /root/app/workdir/caise2019_bpic2018.py
[Log] Deserializing /root/app/workdir/caise2019_c2k.py
[Log] Deserializing /root/app/workdir/caise2019_tt.py
[Log] Deserializing /root/app/workdir/requirements.txt
[Log] Deserializing /root/app/workdir/requirements_gpu.txt
[Log] Deserializing /root/app/workdir/version.xml
[Log] Deserializing /root/app/workdir/datadefinitions/bpi2012.py
[Log] Deserializing /root/app/workdir/datadefinitions/bpi2017.py
[Log] Deserializing /root/app/workdir/datadefinitions/bpi2018.py
[Log] Deserializing /root/app/workdir/datadefinitions/cargo2000.py
[Log] Deserializing /root/app/workdir/datadefinitions/cargo2000generic.py
[Log] Deserializing /root/app/workdir/datadefinitions/generic.py
[Log] Deserializing /root/app/workdir/datadefinitions/transformingtransport.py
[Log] Deserializing /root/app/workdir/datasets/cargo2000.csv
[Log] Deserializing /root/app/workdir/utility/configuration.py
[Log] Deserializing /root/app/workdir/utility/dataoperations.py
[Log] Deserializing /root/app/workdir/utility/enums.py
[Log] Deserializing /root/app/workdir/utility/exceptions.py
[Log] Deserializing /root/app/workdir/utility/generator.py
[Log] Deserializing /root/app/workdir/utility/hyperparameteroptimization.py
[Log] Deserializing /root/app/workdir/utility/models.py
[Log] Deserializing /root/app/workdir/utility/preprocessing.py
[Log] Deserializing /root/app/workdir/utility/regularization.py
[Log] Deserializing /root/app/workdir/utility/run.py
[Log] Deserialized 26 files
[Log] Processing training work package
[Log] Create worker process.
[Log] Create process for: /bin/bash -c "python3 caise2019_c2k.py" in /root/app/workdir
[Log] Starting process for: /bin/bash -c "python3 caise2019_c2k.py"
2019-02-26 08:00:31.771371: I tensorflow/core/platform/cpu_feature_guard.cc:141] Your CPU supports instructions that this TensorFlow binary was not compiled to use: AVX2 FMA
2019-02-26 08:00:31.845738: I tensorflow/stream_executor/cuda/cuda_gpu_executor.cc:897] successful NUMA node read from SysFS had negative value (-1), but there must be at least one NUMA node, so returning NUMA node zero
2019-02-26 08:00:31.846312: I tensorflow/core/common_runtime/gpu/gpu_device.cc:1392] Found device 0 with properties: 
name: GeForce GTX 1060 6GB major: 6 minor: 1 memoryClockRate(GHz): 1.7715
pciBusID: 0000:01:00.0
totalMemory: 5.93GiB freeMemory: 5.55GiB
2019-02-26 08:00:31.846329: I tensorflow/core/common_runtime/gpu/gpu_device.cc:1471] Adding visible gpu devices: 0
2019-02-26 08:00:32.436407: I tensorflow/core/common_runtime/gpu/gpu_device.cc:952] Device interconnect StreamExecutor with strength 1 edge matrix:
2019-02-26 08:00:32.436429: I tensorflow/core/common_runtime/gpu/gpu_device.cc:958]      0 
2019-02-26 08:00:32.436434: I tensorflow/core/common_runtime/gpu/gpu_device.cc:971] 0:   N 
2019-02-26 08:00:32.436594: I tensorflow/core/common_runtime/gpu/gpu_device.cc:1084] Created TensorFlow device (/job:localhost/replica:0/task:0/device:GPU:0 with 5323 MB memory) -> physical GPU (device: 0, name: GeForce GTX 1060 6GB, pci bus id: 0000:01:00.0, compute capability: 6.1)
traindata_split_index defined: 0
bagging defined: True
bagging_putback defined: True
processor defined: Processor.GPU
batch_size defined: 64
bagging_size defined: 0.6
testdata_split defined: 0.3333
max_sequencelength defined: 150000
traindata_shuffle defined: False
running defined: 0
bidirectional defined: False
tensorboard defined: False
gradientclipvalue defined: 3
cudnn defined: True
learningrate defined: 0.002
datadefinition defined: <datadefinitions.cargo2000.Cargo2000 object at 0x7fc8bfaabe10>
rnntype defined: RnnType.LSTM
patience_earlystopping defined: 40
neurons defined: 100
dropout defined: 0.1
save_model defined: True
traindata_split defined: 1
validationdata_split defined: 0.2
layers defined: 2
traindata_duplicate defined: 0
patience_reducelr defined: 10
max_epochs defined: 500
verbose defined: False
datageneration_pattern defined: DataGenerationPattern.Fit
keras version: 2.2.2
tensorflow version: 1.9.0
tensorflow session cleaned
multi process gpu usage: enabled
tensorflow configured
read 56082 rows
sequences truncated to 150000
offset0: null
offset1: 0
offset2: 0
offset3: 0
offset4: 0
offset5: 0
offset6: 0
offset7: 0
offset8: 0
divisor0: null
divisor1: 1153.615438108484
divisor2: 6666.367996861738
divisor3: 1412.8796226953389
divisor4: 1638.5187047537534
divisor5: 7332.0577368852755
divisor6: 17233.036482293785
divisor7: 17819.202310901892
divisor8: 1988.1400092721371
maxlen 28 
total chars: 16, target chars: 17
characters:  ['1', '10', '11', '12', '13', '14', '15', '16', '2', '3', '4', '5', '6', '7', '8', '9']
unique characters:  ['0', '1', '2', '3', '4', '5', '6', '7', '8', '9']
category vectors length: 16
num features: 22
2102 sequences in train data
1314 sequences in test data
526 sequences in validation data
2102 elements before bagging with putback True
1261 elements after bagging with putback True
perform full in-memory sentence generation
train_sentences: 17724
validation_sentences: 7440
Vectorization...
Build model...
imported keras API for model creation
creating stateless cudnn lstm model
_________________________________________________________________
Layer (type)                 Output Shape              Param #   
=================================================================
cu_dnnlstm_1 (CuDNNLSTM)     (None, 28, 100)           49600     
_________________________________________________________________
batch_normalization_1 (Batch (None, 28, 100)           400       
_________________________________________________________________
cu_dnnlstm_2 (CuDNNLSTM)     (None, 100)               80800     
_________________________________________________________________
batch_normalization_2 (Batch (None, 100)               400       
_________________________________________________________________
time_output (Dense)          (None, 1)                 101       
=================================================================
Total params: 131,301
Trainable params: 130,901
Non-trainable params: 400
_________________________________________________________________
Train on 17724 samples, validate on 7440 samples
Epoch 1/500
 - 9s - loss: 0.5073 - val_loss: 0.4315
Epoch 2/500
 - 7s - loss: 0.4284 - val_loss: 0.4055
Epoch 3/500
 - 7s - loss: 0.4241 - val_loss: 0.3998
Epoch 4/500
 - 7s - loss: 0.4212 - val_loss: 0.4326
Epoch 5/500
 - 7s - loss: 0.4152 - val_loss: 0.4029
Epoch 6/500
 - 7s - loss: 0.4131 - val_loss: 0.3904
Epoch 7/500
 - 7s - loss: 0.4121 - val_loss: 0.3942
Epoch 8/500
 - 7s - loss: 0.4083 - val_loss: 0.4008
Epoch 9/500
 - 7s - loss: 0.4065 - val_loss: 0.3907
Epoch 10/500
 - 7s - loss: 0.4042 - val_loss: 0.3887
Epoch 11/500
 - 7s - loss: 0.4042 - val_loss: 0.3922
Epoch 12/500
 - 7s - loss: 0.3996 - val_loss: 0.3811
Epoch 13/500
 - 7s - loss: 0.3939 - val_loss: 0.3914
Epoch 14/500
 - 7s - loss: 0.3890 - val_loss: 0.4026
Epoch 15/500
 - 7s - loss: 0.3818 - val_loss: 0.3977
Epoch 16/500
 - 7s - loss: 0.3777 - val_loss: 0.4258
Epoch 17/500
 - 7s - loss: 0.3736 - val_loss: 0.4349
Epoch 18/500
 - 7s - loss: 0.3665 - val_loss: 0.4233
Epoch 19/500
 - 7s - loss: 0.3654 - val_loss: 0.4023
Epoch 20/500
 - 7s - loss: 0.3584 - val_loss: 0.4163
Epoch 21/500
 - 7s - loss: 0.3511 - val_loss: 0.4437
Epoch 22/500
 - 7s - loss: 0.3473 - val_loss: 0.4328
Epoch 23/500
 - 7s - loss: 0.3332 - val_loss: 0.4318
Epoch 24/500
 - 7s - loss: 0.3278 - val_loss: 0.4457
Epoch 25/500
 - 7s - loss: 0.3247 - val_loss: 0.4463
Epoch 26/500
 - 7s - loss: 0.3200 - val_loss: 0.4309
Epoch 27/500
 - 7s - loss: 0.3194 - val_loss: 0.4226
Epoch 28/500
 - 7s - loss: 0.3139 - val_loss: 0.4602
Epoch 29/500
 - 7s - loss: 0.3093 - val_loss: 0.4503
Epoch 30/500
 - 7s - loss: 0.3060 - val_loss: 0.4466
Epoch 31/500
 - 7s - loss: 0.2971 - val_loss: 0.4421
Epoch 32/500
 - 7s - loss: 0.2963 - val_loss: 0.4503
Epoch 33/500
 - 7s - loss: 0.2845 - val_loss: 0.4588
Epoch 34/500
 - 7s - loss: 0.2840 - val_loss: 0.4543
Epoch 35/500
 - 7s - loss: 0.2851 - val_loss: 0.4689
Epoch 36/500
 - 7s - loss: 0.2761 - val_loss: 0.4607
Epoch 37/500
 - 7s - loss: 0.2770 - val_loss: 0.4633
Epoch 38/500
 - 7s - loss: 0.2778 - val_loss: 0.4703
Epoch 39/500
 - 7s - loss: 0.2695 - val_loss: 0.4758
Epoch 40/500
 - 7s - loss: 0.2689 - val_loss: 0.4817
Epoch 41/500
 - 7s - loss: 0.2704 - val_loss: 0.4700
Epoch 42/500
 - 7s - loss: 0.2710 - val_loss: 0.4671
Epoch 43/500
 - 7s - loss: 0.2661 - val_loss: 0.4724
Epoch 44/500
 - 7s - loss: 0.2618 - val_loss: 0.4806
Epoch 45/500
 - 7s - loss: 0.2634 - val_loss: 0.4787
Epoch 46/500
 - 7s - loss: 0.2587 - val_loss: 0.4876
Epoch 47/500
 - 7s - loss: 0.2646 - val_loss: 0.4769
Epoch 48/500
 - 7s - loss: 0.2606 - val_loss: 0.4799
Epoch 49/500
 - 7s - loss: 0.2555 - val_loss: 0.4814
Epoch 50/500
 - 7s - loss: 0.2564 - val_loss: 0.4823
Epoch 51/500
 - 7s - loss: 0.2565 - val_loss: 0.4783
Epoch 52/500
 - 7s - loss: 0.2513 - val_loss: 0.4760
/usr/lib/python3.5/importlib/_bootstrap.py:222: RuntimeWarning: numpy.dtype size changed, may indicate binary incompatibility. Expected 96, got 88
  return f(*args, **kwds)
Using TensorFlow backend.
/usr/lib/python3.5/importlib/_bootstrap.py:222: RuntimeWarning: numpy.dtype size changed, may indicate binary incompatibility. Expected 96, got 88
  return f(*args, **kwds)
/usr/lib/python3.5/importlib/_bootstrap.py:222: RuntimeWarning: numpy.dtype size changed, may indicate binary incompatibility. Expected 96, got 88
  return f(*args, **kwds)
Load model for predictions...
imported keras API for model creation
creating stateless cudnn lstm model
Model loaded from checkpoint
_________________________________________________________________
Layer (type)                 Output Shape              Param #   
=================================================================
cu_dnnlstm_3 (CuDNNLSTM)     (None, 28, 100)           49600     
_________________________________________________________________
batch_normalization_3 (Batch (None, 28, 100)           400       
_________________________________________________________________
cu_dnnlstm_4 (CuDNNLSTM)     (None, 100)               80800     
_________________________________________________________________
batch_normalization_4 (Batch (None, 100)               400       
_________________________________________________________________
time_output (Dense)          (None, 1)                 101       
=================================================================
Total params: 131,301
Trainable params: 130,901
Non-trainable params: 400
_________________________________________________________________
Make predictions...
sequences: 1314
finished prediction
tensorflow session cleaned
[Log] Finished process for: /bin/bash -c "python3 caise2019_c2k.py"
[Log] Process finished.
