[Log] Serializing /root/app/workdir/0-model.h5
[Log] Serializing /root/app/workdir/0-results.csv
[Log] Serializing /root/app/workdir/0-epochlogs.epochlog
[Log] Serializing /root/app/workdir/datadefinitions/__pycache__/generic.cpython-35.pyc
[Log] Serializing /root/app/workdir/datadefinitions/__pycache__/cargo2000.cpython-35.pyc
[Log] Serializing /root/app/workdir/utility/__pycache__/exceptions.cpython-35.pyc
[Log] Serializing /root/app/workdir/utility/__pycache__/models.cpython-35.pyc
[Log] Serializing /root/app/workdir/utility/__pycache__/run.cpython-35.pyc
[Log] Serializing /root/app/workdir/utility/__pycache__/configuration.cpython-35.pyc
[Log] Serializing /root/app/workdir/utility/__pycache__/regularization.cpython-35.pyc
[Log] Serializing /root/app/workdir/utility/__pycache__/generator.cpython-35.pyc
[Log] Serializing /root/app/workdir/utility/__pycache__/enums.cpython-35.pyc
[Log] Serializing /root/app/workdir/utility/__pycache__/dataoperations.cpython-35.pyc
[Log] Serializing /root/app/workdir/utility/__pycache__/preprocessing.cpython-35.pyc
[Log] Serializing /root/app/workdir/utility/__pycache__/hyperparameteroptimization.cpython-35.pyc
Send training results
[Log] Cleaned working directory
[Log] Finished work package
[Log] Fetch work.
Results sent.
[Log] Training Work package received from server: caise2019_cargo2000 c93489a6-3cc0-4507-ac4c-5ededf05f7b1
[Log] Cleaned working directory
[Log] Deserializing 26 files 
[Log] Deserializing /root/app/workdir/caise2019_bpic2012.py
[Log] Deserializing /root/app/workdir/caise2019_bpic2017.py
[Log] Deserializing /root/app/workdir/caise2019_bpic2018.py
[Log] Deserializing /root/app/workdir/caise2019_c2k.py
[Log] Deserializing /root/app/workdir/caise2019_tt.py
[Log] Deserializing /root/app/workdir/requirements.txt
[Log] Deserializing /root/app/workdir/requirements_gpu.txt
[Log] Deserializing /root/app/workdir/version.xml
[Log] Deserializing /root/app/workdir/datadefinitions/bpi2012.py
[Log] Deserializing /root/app/workdir/datadefinitions/bpi2017.py
[Log] Deserializing /root/app/workdir/datadefinitions/bpi2018.py
[Log] Deserializing /root/app/workdir/datadefinitions/cargo2000.py
[Log] Deserializing /root/app/workdir/datadefinitions/cargo2000generic.py
[Log] Deserializing /root/app/workdir/datadefinitions/generic.py
[Log] Deserializing /root/app/workdir/datadefinitions/transformingtransport.py
[Log] Deserializing /root/app/workdir/datasets/cargo2000.csv
[Log] Deserializing /root/app/workdir/utility/configuration.py
[Log] Deserializing /root/app/workdir/utility/dataoperations.py
[Log] Deserializing /root/app/workdir/utility/enums.py
[Log] Deserializing /root/app/workdir/utility/exceptions.py
[Log] Deserializing /root/app/workdir/utility/generator.py
[Log] Deserializing /root/app/workdir/utility/hyperparameteroptimization.py
[Log] Deserializing /root/app/workdir/utility/models.py
[Log] Deserializing /root/app/workdir/utility/preprocessing.py
[Log] Deserializing /root/app/workdir/utility/regularization.py
[Log] Deserializing /root/app/workdir/utility/run.py
[Log] Deserialized 26 files
[Log] Processing training work package
[Log] Create worker process.
[Log] Create process for: /bin/bash -c "python3 caise2019_c2k.py" in /root/app/workdir
[Log] Starting process for: /bin/bash -c "python3 caise2019_c2k.py"
2019-02-26 06:45:54.718973: I tensorflow/core/platform/cpu_feature_guard.cc:141] Your CPU supports instructions that this TensorFlow binary was not compiled to use: AVX2 FMA
2019-02-26 06:45:54.804006: I tensorflow/stream_executor/cuda/cuda_gpu_executor.cc:897] successful NUMA node read from SysFS had negative value (-1), but there must be at least one NUMA node, so returning NUMA node zero
2019-02-26 06:45:54.804596: I tensorflow/core/common_runtime/gpu/gpu_device.cc:1392] Found device 0 with properties: 
name: GeForce GTX 1060 6GB major: 6 minor: 1 memoryClockRate(GHz): 1.7715
pciBusID: 0000:01:00.0
totalMemory: 5.92GiB freeMemory: 5.82GiB
2019-02-26 06:45:54.804626: I tensorflow/core/common_runtime/gpu/gpu_device.cc:1471] Adding visible gpu devices: 0
2019-02-26 06:45:55.268231: I tensorflow/core/common_runtime/gpu/gpu_device.cc:952] Device interconnect StreamExecutor with strength 1 edge matrix:
2019-02-26 06:45:55.268262: I tensorflow/core/common_runtime/gpu/gpu_device.cc:958]      0 
2019-02-26 06:45:55.268271: I tensorflow/core/common_runtime/gpu/gpu_device.cc:971] 0:   N 
2019-02-26 06:45:55.268595: I tensorflow/core/common_runtime/gpu/gpu_device.cc:1084] Created TensorFlow device (/job:localhost/replica:0/task:0/device:GPU:0 with 5594 MB memory) -> physical GPU (device: 0, name: GeForce GTX 1060 6GB, pci bus id: 0000:01:00.0, compute capability: 6.1)
traindata_duplicate defined: 0
running defined: 0
bagging defined: True
save_model defined: True
max_sequencelength defined: 150000
datageneration_pattern defined: DataGenerationPattern.Fit
dropout defined: 0.1
learningrate defined: 0.002
neurons defined: 100
tensorboard defined: False
patience_reducelr defined: 10
testdata_split defined: 0.3333
max_epochs defined: 500
traindata_shuffle defined: False
validationdata_split defined: 0.2
traindata_split_index defined: 0
gradientclipvalue defined: 3
layers defined: 2
bagging_size defined: 0.6
datadefinition defined: <datadefinitions.cargo2000.Cargo2000 object at 0x7fb3d2fffe10>
bagging_putback defined: True
cudnn defined: True
bidirectional defined: False
patience_earlystopping defined: 40
rnntype defined: RnnType.LSTM
verbose defined: False
processor defined: Processor.GPU
batch_size defined: 64
traindata_split defined: 1
keras version: 2.2.2
tensorflow version: 1.9.0
tensorflow session cleaned
multi process gpu usage: enabled
tensorflow configured
read 56082 rows
sequences truncated to 150000
offset0: null
offset1: 0
offset2: 0
offset3: 0
offset4: 0
offset5: 0
offset6: 0
offset7: 0
offset8: 0
divisor0: null
divisor1: 1153.615438108484
divisor2: 6666.367996861738
divisor3: 1412.8796226953389
divisor4: 1638.5187047537534
divisor5: 7332.0577368852755
divisor6: 17233.036482293785
divisor7: 17819.202310901892
divisor8: 1988.1400092721371
maxlen 28 
total chars: 16, target chars: 17
characters:  ['1', '10', '11', '12', '13', '14', '15', '16', '2', '3', '4', '5', '6', '7', '8', '9']
unique characters:  ['0', '1', '2', '3', '4', '5', '6', '7', '8', '9']
category vectors length: 16
num features: 22
2102 sequences in train data
1314 sequences in test data
526 sequences in validation data
2102 elements before bagging with putback True
1261 elements after bagging with putback True
perform full in-memory sentence generation
train_sentences: 17714
validation_sentences: 7440
Vectorization...
Build model...
imported keras API for model creation
creating stateless cudnn lstm model
_________________________________________________________________
Layer (type)                 Output Shape              Param #   
=================================================================
cu_dnnlstm_1 (CuDNNLSTM)     (None, 28, 100)           49600     
_________________________________________________________________
batch_normalization_1 (Batch (None, 28, 100)           400       
_________________________________________________________________
cu_dnnlstm_2 (CuDNNLSTM)     (None, 100)               80800     
_________________________________________________________________
batch_normalization_2 (Batch (None, 100)               400       
_________________________________________________________________
time_output (Dense)          (None, 1)                 101       
=================================================================
Total params: 131,301
Trainable params: 130,901
Non-trainable params: 400
_________________________________________________________________
Train on 17714 samples, validate on 7440 samples
Epoch 1/500
 - 4s - loss: 0.4219 - val_loss: 0.4261
Epoch 2/500
 - 2s - loss: 0.3477 - val_loss: 0.5088
Epoch 3/500
 - 2s - loss: 0.3404 - val_loss: 0.4141
Epoch 4/500
 - 2s - loss: 0.3360 - val_loss: 0.4346
Epoch 5/500
 - 2s - loss: 0.3350 - val_loss: 0.3915
Epoch 6/500
 - 2s - loss: 0.3330 - val_loss: 0.4480
Epoch 7/500
 - 2s - loss: 0.3293 - val_loss: 0.4021
Epoch 8/500
 - 2s - loss: 0.3264 - val_loss: 0.3859
Epoch 9/500
 - 2s - loss: 0.3242 - val_loss: 0.4340
Epoch 10/500
 - 2s - loss: 0.3205 - val_loss: 0.3877
Epoch 11/500
 - 2s - loss: 0.3168 - val_loss: 0.3919
Epoch 12/500
 - 2s - loss: 0.3157 - val_loss: 0.4142
Epoch 13/500
 - 2s - loss: 0.3124 - val_loss: 0.4165
Epoch 14/500
 - 2s - loss: 0.3094 - val_loss: 0.4044
Epoch 15/500
 - 2s - loss: 0.3025 - val_loss: 0.4176
Epoch 16/500
 - 2s - loss: 0.2960 - val_loss: 0.3983
Epoch 17/500
 - 2s - loss: 0.2911 - val_loss: 0.3995
Epoch 18/500
 - 2s - loss: 0.2849 - val_loss: 0.4113
Epoch 19/500
 - 2s - loss: 0.2696 - val_loss: 0.4079
Epoch 20/500
 - 2s - loss: 0.2651 - val_loss: 0.4165
Epoch 21/500
 - 2s - loss: 0.2592 - val_loss: 0.3994
Epoch 22/500
 - 2s - loss: 0.2571 - val_loss: 0.3989
Epoch 23/500
 - 2s - loss: 0.2555 - val_loss: 0.3972
Epoch 24/500
 - 2s - loss: 0.2503 - val_loss: 0.4113
Epoch 25/500
 - 2s - loss: 0.2446 - val_loss: 0.4135
Epoch 26/500
 - 2s - loss: 0.2435 - val_loss: 0.4115
Epoch 27/500
 - 2s - loss: 0.2437 - val_loss: 0.4111
Epoch 28/500
 - 2s - loss: 0.2372 - val_loss: 0.4174
Epoch 29/500
 - 2s - loss: 0.2300 - val_loss: 0.4173
Epoch 30/500
 - 2s - loss: 0.2258 - val_loss: 0.4160
Epoch 31/500
 - 2s - loss: 0.2232 - val_loss: 0.4152
Epoch 32/500
 - 2s - loss: 0.2235 - val_loss: 0.4154
Epoch 33/500
 - 2s - loss: 0.2232 - val_loss: 0.4137
Epoch 34/500
 - 2s - loss: 0.2213 - val_loss: 0.4181
Epoch 35/500
 - 2s - loss: 0.2188 - val_loss: 0.4170
Epoch 36/500
 - 2s - loss: 0.2177 - val_loss: 0.4171
Epoch 37/500
 - 2s - loss: 0.2175 - val_loss: 0.4175
Epoch 38/500
 - 2s - loss: 0.2172 - val_loss: 0.4201
Epoch 39/500
 - 2s - loss: 0.2117 - val_loss: 0.4155
Epoch 40/500
 - 2s - loss: 0.2102 - val_loss: 0.4201
Epoch 41/500
 - 2s - loss: 0.2090 - val_loss: 0.4172
Epoch 42/500
 - 2s - loss: 0.2081 - val_loss: 0.4196
Epoch 43/500
 - 2s - loss: 0.2063 - val_loss: 0.4196
Epoch 44/500
 - 2s - loss: 0.2081 - val_loss: 0.4191
Epoch 45/500
 - 2s - loss: 0.2057 - val_loss: 0.4182
Epoch 46/500
 - 2s - loss: 0.2015 - val_loss: 0.4228
Epoch 47/500
 - 2s - loss: 0.2039 - val_loss: 0.4225
Epoch 48/500
 - 2s - loss: 0.2012 - val_loss: 0.4220
/usr/lib/python3.5/importlib/_bootstrap.py:222: RuntimeWarning: numpy.dtype size changed, may indicate binary incompatibility. Expected 96, got 88
  return f(*args, **kwds)
Using TensorFlow backend.
/usr/lib/python3.5/importlib/_bootstrap.py:222: RuntimeWarning: numpy.dtype size changed, may indicate binary incompatibility. Expected 96, got 88
Load model for predictions...
  return f(*args, **kwds)
imported keras API for model creation
/usr/lib/python3.5/importlib/_bootstrap.py:222: RuntimeWarning: numpy.dtype size changed, may indicate binary incompatibility. Expected 96, got 88
creating stateless cudnn lstm model
  return f(*args, **kwds)
Model loaded from checkpoint
_________________________________________________________________
Layer (type)                 Output Shape              Param #   
=================================================================
cu_dnnlstm_3 (CuDNNLSTM)     (None, 28, 100)           49600     
_________________________________________________________________
batch_normalization_3 (Batch (None, 28, 100)           400       
_________________________________________________________________
cu_dnnlstm_4 (CuDNNLSTM)     (None, 100)               80800     
_________________________________________________________________
batch_normalization_4 (Batch (None, 100)               400       
_________________________________________________________________
time_output (Dense)          (None, 1)                 101       
=================================================================
Total params: 131,301
Trainable params: 130,901
Non-trainable params: 400
_________________________________________________________________
Make predictions...
sequences: 1314
finished prediction
tensorflow session cleaned
[Log] Finished process for: /bin/bash -c "python3 caise2019_c2k.py"
[Log] Process finished.
