[Log] Serializing /root/app/workdir/0_epochlogs.epochlog
[Log] Serializing /root/app/workdir/0_model.h5
[Log] Serializing /root/app/workdir/0_results.csv
Send training results
[Log] Cleaned working directory
[Log] Finished work package
[Log] Fetch work.
Results sent.
[Log] Training Work package received from server: caise2019_trafficfine e6936113-571a-499f-8b00-d83b07dfd24b
[Log] Cleaned working directory
[Log] Deserializing 23 files 
[Log] Deserializing /root/app/workdir/roadtraffic_train_and_predict.py
[Log] Deserializing /root/app/workdir/version.xml
[Log] Deserializing /root/app/workdir/datadefinitions/bpi2012.py
[Log] Deserializing /root/app/workdir/datadefinitions/bpi2017.py
[Log] Deserializing /root/app/workdir/datadefinitions/bpi2018.py
[Log] Deserializing /root/app/workdir/datadefinitions/cargo2000.py
[Log] Deserializing /root/app/workdir/datadefinitions/cargo2000generic.py
[Log] Deserializing /root/app/workdir/datadefinitions/generic.py
[Log] Deserializing /root/app/workdir/datadefinitions/road_traffic_fine_management.py
[Log] Deserializing /root/app/workdir/datadefinitions/sepsis.py
[Log] Deserializing /root/app/workdir/datadefinitions/transformingtransport.py
[Log] Deserializing /root/app/workdir/datasets/road_traffic_fine_management.csv
[Log] Deserializing /root/app/workdir/utility/configuration.py
[Log] Deserializing /root/app/workdir/utility/dataoperations.py
[Log] Deserializing /root/app/workdir/utility/enums.py
[Log] Deserializing /root/app/workdir/utility/exceptions.py
[Log] Deserializing /root/app/workdir/utility/generator.py
[Log] Deserializing /root/app/workdir/utility/hyperparameteroptimization.py
[Log] Deserializing /root/app/workdir/utility/models.py
[Log] Deserializing /root/app/workdir/utility/preprocessing.py
[Log] Deserializing /root/app/workdir/utility/regularization.py
[Log] Deserializing /root/app/workdir/utility/run.py
[Log] Deserializing /root/app/workdir/utility/send_results.py
[Log] Deserialized 23 files
[Log] Processing training work package
[Log] Create worker process.
[Log] Create process for: /bin/bash -c "python3 roadtraffic_train_and_predict.py" in /root/app/workdir
[Log] Starting process for: /bin/bash -c "python3 roadtraffic_train_and_predict.py"
2019-03-02 01:59:46.227573: I tensorflow/core/platform/cpu_feature_guard.cc:141] Your CPU supports instructions that this TensorFlow binary was not compiled to use: AVX2 FMA
2019-03-02 01:59:46.299540: I tensorflow/stream_executor/cuda/cuda_gpu_executor.cc:897] successful NUMA node read from SysFS had negative value (-1), but there must be at least one NUMA node, so returning NUMA node zero
2019-03-02 01:59:46.300139: I tensorflow/core/common_runtime/gpu/gpu_device.cc:1392] Found device 0 with properties: 
name: GeForce GTX 1060 6GB major: 6 minor: 1 memoryClockRate(GHz): 1.7715
pciBusID: 0000:01:00.0
totalMemory: 5.93GiB freeMemory: 5.55GiB
2019-03-02 01:59:46.300162: I tensorflow/core/common_runtime/gpu/gpu_device.cc:1471] Adding visible gpu devices: 0
2019-03-02 01:59:46.864427: I tensorflow/core/common_runtime/gpu/gpu_device.cc:952] Device interconnect StreamExecutor with strength 1 edge matrix:
2019-03-02 01:59:46.864457: I tensorflow/core/common_runtime/gpu/gpu_device.cc:958]      0 
2019-03-02 01:59:46.864463: I tensorflow/core/common_runtime/gpu/gpu_device.cc:971] 0:   N 
2019-03-02 01:59:46.864614: I tensorflow/core/common_runtime/gpu/gpu_device.cc:1084] Created TensorFlow device (/job:localhost/replica:0/task:0/device:GPU:0 with 5323 MB memory) -> physical GPU (device: 0, name: GeForce GTX 1060 6GB, pci bus id: 0000:01:00.0, compute capability: 6.1)
patience_earlystopping defined: 40
processor defined: Processor.GPU
traindata_duplicate defined: 0
cudnn defined: True
running defined: 0
layers defined: 2
batch_size defined: 64
rnntype defined: RnnType.LSTM
datageneration_pattern defined: DataGenerationPattern.Generator
datadefinition defined: <datadefinitions.road_traffic_fine_management.RoadTrafficFine object at 0x7f3a05f8bf98>
bagging_size defined: 0.8
learningrate defined: 0.002
target_host defined: 
verbose defined: False
patience_reducelr defined: 10
bagging_putback defined: True
max_epochs defined: 500
gradientclipvalue defined: 3
bagging defined: True
testdata_split defined: 0.3333
save_model defined: True
validationdata_split defined: 0.2
dropout defined: 0.1
max_sequencelength defined: 150000
tensorboard defined: False
neurons defined: 100
traindata_shuffle defined: False
bidirectional defined: False
traindata_split_index defined: 0
traindata_split defined: 1
keras version: 2.2.2
tensorflow version: 1.9.0
tensorflow session cleaned
multi process gpu usage: enabled
tensorflow configured
read 561470 rows
sequences truncated to 150000
offset0: null
offset1: null
offset2: null
offset3: null
offset4: 0
offset5: 0
offset6: 0
offset7: 0
offset8: 0
offset9: null
offset10: null
divisor0: null
divisor1: null
divisor2: null
divisor3: null
divisor4: 147.96269613692627
divisor5: 7.777812100379358
divisor6: 62.31673109872299
divisor7: 7.018027374570325
divisor8: 0.1074928313177908
divisor9: null
divisor10: null
maxlen 20 
total chars: 11, target chars: 12
characters:  ['A', 'B', 'C', 'D', 'E', 'F', 'G', 'H', 'I', 'J', 'K']
unique characters:  ['A', 'B', 'C', 'D', 'E', 'F', 'G', 'H', 'I', 'J', 'K']
total chars: 148, target chars: 149
characters:  ['0', '10', '11', '12', '13', '14', '15', '16', '17', '18', '19', '20', '21', '22', '23', '24', '25', '26', '27', '28', '29', '3', '30', '31', '32', '33', '34', '35', '36', '37', '38', '39', '4', '40', '41', '42', '43', '44', '45', '46', '47', '48', '49', '50', '51', '52', '53', '536', '537', '538', '54', '540', '541', '546', '548', '55', '550', '551', '552', '553', '554', '555', '556', '557', '558', '559', '56', '560', '561', '562', '563', '564', '565', '566', '567', '568', '57', '58', '59', '60', '61', '62', '63', '64', '65', '66', '704', '8', '802', '807', '808', '810', '811', '813', '816', '817', '818', '819', '820', '821', '823', '824', '825', '826', '827', '828', '829', '830', '831', '832', '833', '834', '835', '836', '837', '838', '839', '840', '841', '842', '843', '844', '845', '846', '847', '848', '849', '850', '851', '852', '853', '854', '855', '856', '857', '858', '859', '860', '861', '862', '864', '865', '866', '867', '868', '869', '870', '9']
unique characters:  ['0', '1', '2', '3', '4', '5', '6', '7', '8', '9']
total chars: 66, target chars: 67
characters:  ['100', '102', '115', '116', '122', '125', '126', '132', '135', '136', '141', '142', '143', '144', '145', '146', '148', '149', '15', '152', '153', '154', '155', '156', '157', '158', '159', '161', '164', '167', '169', '170', '171', '172', '173', '180', '181', '186', '187', '188', '189', '190', '191', '192', '193', '20', '21', '213', '214', '218', '23', '29', '40', '401', '41', '43', '61', '64', '68', '7', '71', '72', '79', '80', '94', '97']
unique characters:  ['0', '1', '2', '3', '4', '5', '6', '7', '8', '9']
total chars: 4, target chars: 5
characters:  ['A', 'C', 'M', 'R']
unique characters:  ['A', 'C', 'M', 'R']
total chars: 2, target chars: 3
characters:  ['False', 'True']
unique characters:  ['F', 'T', 'a', 'e', 'l', 'r', 's', 'u']
category vectors length: 229
num features: 235
80200 sequences in train data
50119 sequences in test data
20051 sequences in validation data
80200 elements before bagging with putback True
64160 elements after bagging with putback True
created generator with with 64160 sequences and 239272 sentences
created generator with with 20051 sequences and 71074 sentences
created sentence generators
Generators detected: Vectorization will be performed during runtime
Build model...
imported keras API for model creation
creating stateless cudnn lstm model
_________________________________________________________________
Layer (type)                 Output Shape              Param #   
=================================================================
cu_dnnlstm_1 (CuDNNLSTM)     (None, 20, 100)           134800    
_________________________________________________________________
batch_normalization_1 (Batch (None, 20, 100)           400       
_________________________________________________________________
cu_dnnlstm_2 (CuDNNLSTM)     (None, 100)               80800     
_________________________________________________________________
batch_normalization_2 (Batch (None, 100)               400       
_________________________________________________________________
time_output (Dense)          (None, 1)                 101       
=================================================================
Total params: 216,501
Trainable params: 216,101
Non-trainable params: 400
_________________________________________________________________
Epoch 1/500
 - 81s - loss: 0.2615 - val_loss: 0.2771
Epoch 2/500
 - 79s - loss: 0.2367 - val_loss: 0.2562
Epoch 3/500
 - 79s - loss: 0.2316 - val_loss: 0.2469
Epoch 4/500
 - 79s - loss: 0.2278 - val_loss: 0.2758
Epoch 5/500
 - 79s - loss: 0.2260 - val_loss: 0.2517
Epoch 6/500
 - 78s - loss: 0.2239 - val_loss: 0.2673
Epoch 7/500
 - 57s - loss: 0.2231 - val_loss: 0.2549
Epoch 8/500
 - 68s - loss: 0.2203 - val_loss: 0.2562
Epoch 9/500
 - 79s - loss: 0.2179 - val_loss: 0.2523
Epoch 10/500
 - 79s - loss: 0.2176 - val_loss: 0.2454
Epoch 11/500
 - 80s - loss: 0.2163 - val_loss: 0.2434
Epoch 12/500
 - 80s - loss: 0.2161 - val_loss: 0.2547
Epoch 13/500
 - 80s - loss: 0.2152 - val_loss: 0.2629
Epoch 14/500
 - 80s - loss: 0.2126 - val_loss: 0.2518
Epoch 15/500
 - 79s - loss: 0.2116 - val_loss: 0.2474
Epoch 16/500
 - 79s - loss: 0.2110 - val_loss: 0.2477
Epoch 17/500
 - 80s - loss: 0.2092 - val_loss: 0.2674
Epoch 18/500
 - 79s - loss: 0.2084 - val_loss: 0.2515
Epoch 19/500
 - 65s - loss: 0.2078 - val_loss: 0.2484
Epoch 20/500
 - 56s - loss: 0.2047 - val_loss: 0.2540
Epoch 21/500
 - 80s - loss: 0.2044 - val_loss: 0.2576
Epoch 22/500
 - 80s - loss: 0.2004 - val_loss: 0.2480
Epoch 23/500
 - 79s - loss: 0.1996 - val_loss: 0.2460
Epoch 24/500
 - 80s - loss: 0.1985 - val_loss: 0.2520
Epoch 25/500
 - 80s - loss: 0.1986 - val_loss: 0.2489
Epoch 26/500
 - 79s - loss: 0.1980 - val_loss: 0.2548
Epoch 27/500
 - 80s - loss: 0.1965 - val_loss: 0.2475
Epoch 28/500
 - 80s - loss: 0.1969 - val_loss: 0.2539
Epoch 29/500
 - 79s - loss: 0.1958 - val_loss: 0.2539
Epoch 30/500
 - 68s - loss: 0.1956 - val_loss: 0.2585
Epoch 31/500
 - 55s - loss: 0.1952 - val_loss: 0.2536
Epoch 32/500
 - 79s - loss: 0.1929 - val_loss: 0.2544
Epoch 33/500
 - 80s - loss: 0.1923 - val_loss: 0.2574
Epoch 34/500
 - 80s - loss: 0.1929 - val_loss: 0.2598
Epoch 35/500
 - 79s - loss: 0.1924 - val_loss: 0.2593
Epoch 36/500
 - 79s - loss: 0.1915 - val_loss: 0.2576
Epoch 37/500
 - 80s - loss: 0.1903 - val_loss: 0.2606
Epoch 38/500
 - 79s - loss: 0.1912 - val_loss: 0.2682
Epoch 39/500
 - 80s - loss: 0.1914 - val_loss: 0.2613
Epoch 40/500
 - 80s - loss: 0.1908 - val_loss: 0.2575
Epoch 41/500
 - 79s - loss: 0.1896 - val_loss: 0.2725
Epoch 42/500
 - 61s - loss: 0.1878 - val_loss: 0.2652
Epoch 43/500
 - 61s - loss: 0.1885 - val_loss: 0.2668
Epoch 44/500
 - 79s - loss: 0.1898 - val_loss: 0.2648
Epoch 45/500
 - 79s - loss: 0.1893 - val_loss: 0.2632
Epoch 46/500
 - 79s - loss: 0.1885 - val_loss: 0.2688
Epoch 47/500
 - 79s - loss: 0.1874 - val_loss: 0.2630
Epoch 48/500
 - 80s - loss: 0.1891 - val_loss: 0.2672
Epoch 49/500
 - 79s - loss: 0.1867 - val_loss: 0.2653
Epoch 50/500
 - 80s - loss: 0.1874 - val_loss: 0.2654
Epoch 51/500
 - 79s - loss: 0.1865 - val_loss: 0.2699
/usr/lib/python3.5/importlib/_bootstrap.py:222: RuntimeWarning: numpy.dtype size changed, may indicate binary incompatibility. Expected 96, got 88
Load model for predictions...
  return f(*args, **kwds)
Using TensorFlow backend.
/usr/lib/python3.5/importlib/_bootstrap.py:222: RuntimeWarning: numpy.dtype size changed, may indicate binary incompatibility. Expected 96, got 88
  return f(*args, **kwds)
/usr/lib/python3.5/importlib/_bootstrap.py:222: RuntimeWarning: numpy.dtype size changed, may indicate binary incompatibility. Expected 96, got 88
  return f(*args, **kwds)
imported keras API for model creation
creating stateless cudnn lstm model
Model loaded from checkpoint
_________________________________________________________________
Layer (type)                 Output Shape              Param #   
=================================================================
cu_dnnlstm_3 (CuDNNLSTM)     (None, 20, 100)           134800    
_________________________________________________________________
batch_normalization_3 (Batch (None, 20, 100)           400       
_________________________________________________________________
cu_dnnlstm_4 (CuDNNLSTM)     (None, 100)               80800     
_________________________________________________________________
batch_normalization_4 (Batch (None, 100)               400       
_________________________________________________________________
time_output (Dense)          (None, 1)                 101       
=================================================================
Total params: 216,501
Trainable params: 216,101
Non-trainable params: 400
_________________________________________________________________
Make predictions...
sequences: 50119
finished prediction
tensorflow session cleaned
[Log] Finished process for: /bin/bash -c "python3 roadtraffic_train_and_predict.py"
[Log] Process finished.
