[Log] Serializing /root/app/workdir/0-epochlogs.epochlog
[Log] Serializing /root/app/workdir/0-model.h5
[Log] Serializing /root/app/workdir/0-results.csv
[Log] Serializing /root/app/workdir/datadefinitions/__pycache__/generic.cpython-35.pyc
[Log] Serializing /root/app/workdir/datadefinitions/__pycache__/bpi2012.cpython-35.pyc
[Log] Serializing /root/app/workdir/utility/__pycache__/hyperparameteroptimization.cpython-35.pyc
[Log] Serializing /root/app/workdir/utility/__pycache__/generator.cpython-35.pyc
[Log] Serializing /root/app/workdir/utility/__pycache__/preprocessing.cpython-35.pyc
[Log] Serializing /root/app/workdir/utility/__pycache__/configuration.cpython-35.pyc
[Log] Serializing /root/app/workdir/utility/__pycache__/run.cpython-35.pyc
[Log] Serializing /root/app/workdir/utility/__pycache__/enums.cpython-35.pyc
[Log] Serializing /root/app/workdir/utility/__pycache__/regularization.cpython-35.pyc
[Log] Serializing /root/app/workdir/utility/__pycache__/exceptions.cpython-35.pyc
[Log] Serializing /root/app/workdir/utility/__pycache__/dataoperations.cpython-35.pyc
[Log] Serializing /root/app/workdir/utility/__pycache__/models.cpython-35.pyc
Send training results
[Log] Cleaned working directory
[Log] Finished work package
[Log] Fetch work.
Results sent.
[Log] Training Work package received from server: caise2019_cargo2000 1113d3e8-19a5-48a9-bc52-002c30861dfc
[Log] Cleaned working directory
[Log] Deserializing 26 files 
[Log] Deserializing /root/app/workdir/caise2019_bpic2012.py
[Log] Deserializing /root/app/workdir/caise2019_bpic2017.py
[Log] Deserializing /root/app/workdir/caise2019_bpic2018.py
[Log] Deserializing /root/app/workdir/caise2019_c2k.py
[Log] Deserializing /root/app/workdir/caise2019_tt.py
[Log] Deserializing /root/app/workdir/requirements.txt
[Log] Deserializing /root/app/workdir/requirements_gpu.txt
[Log] Deserializing /root/app/workdir/version.xml
[Log] Deserializing /root/app/workdir/datadefinitions/bpi2012.py
[Log] Deserializing /root/app/workdir/datadefinitions/bpi2017.py
[Log] Deserializing /root/app/workdir/datadefinitions/bpi2018.py
[Log] Deserializing /root/app/workdir/datadefinitions/cargo2000.py
[Log] Deserializing /root/app/workdir/datadefinitions/cargo2000generic.py
[Log] Deserializing /root/app/workdir/datadefinitions/generic.py
[Log] Deserializing /root/app/workdir/datadefinitions/transformingtransport.py
[Log] Deserializing /root/app/workdir/datasets/cargo2000.csv
[Log] Deserializing /root/app/workdir/utility/configuration.py
[Log] Deserializing /root/app/workdir/utility/dataoperations.py
[Log] Deserializing /root/app/workdir/utility/enums.py
[Log] Deserializing /root/app/workdir/utility/exceptions.py
[Log] Deserializing /root/app/workdir/utility/generator.py
[Log] Deserializing /root/app/workdir/utility/hyperparameteroptimization.py
[Log] Deserializing /root/app/workdir/utility/models.py
[Log] Deserializing /root/app/workdir/utility/preprocessing.py
[Log] Deserializing /root/app/workdir/utility/regularization.py
[Log] Deserializing /root/app/workdir/utility/run.py
[Log] Deserialized 26 files
[Log] Processing training work package
[Log] Create worker process.
[Log] Create process for: /bin/bash -c "python3 caise2019_c2k.py" in /root/app/workdir
[Log] Starting process for: /bin/bash -c "python3 caise2019_c2k.py"
2019-02-26 06:47:49.461269: I tensorflow/core/platform/cpu_feature_guard.cc:141] Your CPU supports instructions that this TensorFlow binary was not compiled to use: AVX2 FMA
2019-02-26 06:47:49.536881: I tensorflow/stream_executor/cuda/cuda_gpu_executor.cc:897] successful NUMA node read from SysFS had negative value (-1), but there must be at least one NUMA node, so returning NUMA node zero
2019-02-26 06:47:49.537380: I tensorflow/core/common_runtime/gpu/gpu_device.cc:1392] Found device 0 with properties: 
name: GeForce GTX 1060 6GB major: 6 minor: 1 memoryClockRate(GHz): 1.7715
pciBusID: 0000:01:00.0
totalMemory: 5.93GiB freeMemory: 5.49GiB
2019-02-26 06:47:49.537400: I tensorflow/core/common_runtime/gpu/gpu_device.cc:1471] Adding visible gpu devices: 0
2019-02-26 06:47:50.135024: I tensorflow/core/common_runtime/gpu/gpu_device.cc:952] Device interconnect StreamExecutor with strength 1 edge matrix:
2019-02-26 06:47:50.135046: I tensorflow/core/common_runtime/gpu/gpu_device.cc:958]      0 
2019-02-26 06:47:50.135052: I tensorflow/core/common_runtime/gpu/gpu_device.cc:971] 0:   N 
2019-02-26 06:47:50.135196: I tensorflow/core/common_runtime/gpu/gpu_device.cc:1084] Created TensorFlow device (/job:localhost/replica:0/task:0/device:GPU:0 with 5259 MB memory) -> physical GPU (device: 0, name: GeForce GTX 1060 6GB, pci bus id: 0000:01:00.0, compute capability: 6.1)
patience_reducelr defined: 10
gradientclipvalue defined: 3
bagging_putback defined: True
neurons defined: 100
testdata_split defined: 0.3333
traindata_shuffle defined: False
traindata_duplicate defined: 0
batch_size defined: 64
validationdata_split defined: 0.2
verbose defined: False
processor defined: Processor.GPU
bidirectional defined: False
bagging defined: True
running defined: 0
learningrate defined: 0.002
max_epochs defined: 500
patience_earlystopping defined: 40
datageneration_pattern defined: DataGenerationPattern.Fit
cudnn defined: True
bagging_size defined: 0.6
layers defined: 2
save_model defined: True
traindata_split defined: 1
datadefinition defined: <datadefinitions.cargo2000.Cargo2000 object at 0x7f0a84813e10>
rnntype defined: RnnType.LSTM
max_sequencelength defined: 150000
dropout defined: 0.1
traindata_split_index defined: 0
tensorboard defined: False
keras version: 2.2.2
tensorflow version: 1.9.0
tensorflow session cleaned
multi process gpu usage: enabled
tensorflow configured
read 56082 rows
sequences truncated to 150000
offset0: null
offset1: 0
offset2: 0
offset3: 0
offset4: 0
offset5: 0
offset6: 0
offset7: 0
offset8: 0
divisor0: null
divisor1: 1153.615438108484
divisor2: 6666.367996861738
divisor3: 1412.8796226953389
divisor4: 1638.5187047537534
divisor5: 7332.0577368852755
divisor6: 17233.036482293785
divisor7: 17819.202310901892
divisor8: 1988.1400092721371
maxlen 28 
total chars: 16, target chars: 17
characters:  ['1', '10', '11', '12', '13', '14', '15', '16', '2', '3', '4', '5', '6', '7', '8', '9']
unique characters:  ['0', '1', '2', '3', '4', '5', '6', '7', '8', '9']
category vectors length: 16
num features: 22
2102 sequences in train data
1314 sequences in test data
526 sequences in validation data
2102 elements before bagging with putback True
1261 elements after bagging with putback True
perform full in-memory sentence generation
train_sentences: 17798
validation_sentences: 7440
Vectorization...
Build model...
imported keras API for model creation
creating stateless cudnn lstm model
_________________________________________________________________
Layer (type)                 Output Shape              Param #   
=================================================================
cu_dnnlstm_1 (CuDNNLSTM)     (None, 28, 100)           49600     
_________________________________________________________________
batch_normalization_1 (Batch (None, 28, 100)           400       
_________________________________________________________________
cu_dnnlstm_2 (CuDNNLSTM)     (None, 100)               80800     
_________________________________________________________________
batch_normalization_2 (Batch (None, 100)               400       
_________________________________________________________________
time_output (Dense)          (None, 1)                 101       
=================================================================
Total params: 131,301
Trainable params: 130,901
Non-trainable params: 400
_________________________________________________________________
Train on 17798 samples, validate on 7440 samples
Epoch 1/500
 - 9s - loss: 0.4266 - val_loss: 0.5663
Epoch 2/500
 - 7s - loss: 0.3590 - val_loss: 0.4447
Epoch 3/500
 - 7s - loss: 0.3499 - val_loss: 0.7004
Epoch 4/500
 - 7s - loss: 0.3510 - val_loss: 0.4903
Epoch 5/500
 - 7s - loss: 0.3430 - val_loss: 0.4135
Epoch 6/500
 - 7s - loss: 0.3403 - val_loss: 0.4427
Epoch 7/500
 - 7s - loss: 0.3369 - val_loss: 0.4532
Epoch 8/500
 - 7s - loss: 0.3349 - val_loss: 0.4295
Epoch 9/500
 - 7s - loss: 0.3344 - val_loss: 0.4327
Epoch 10/500
 - 7s - loss: 0.3327 - val_loss: 0.4249
Epoch 11/500
 - 7s - loss: 0.3295 - val_loss: 0.3945
Epoch 12/500
 - 7s - loss: 0.3264 - val_loss: 0.3933
Epoch 13/500
 - 7s - loss: 0.3234 - val_loss: 0.3815
Epoch 14/500
 - 7s - loss: 0.3196 - val_loss: 0.4061
Epoch 15/500
 - 7s - loss: 0.3183 - val_loss: 0.3857
Epoch 16/500
 - 7s - loss: 0.3145 - val_loss: 0.4939
Epoch 17/500
 - 7s - loss: 0.3104 - val_loss: 0.4796
Epoch 18/500
 - 7s - loss: 0.3078 - val_loss: 0.4904
Epoch 19/500
 - 7s - loss: 0.3081 - val_loss: 0.4139
Epoch 20/500
 - 7s - loss: 0.2985 - val_loss: 0.4051
Epoch 21/500
 - 7s - loss: 0.2933 - val_loss: 0.4351
Epoch 22/500
 - 7s - loss: 0.2849 - val_loss: 0.4174
Epoch 23/500
 - 7s - loss: 0.2768 - val_loss: 0.4345
Epoch 24/500
 - 7s - loss: 0.2600 - val_loss: 0.4098
Epoch 25/500
 - 7s - loss: 0.2519 - val_loss: 0.4231
Epoch 26/500
 - 7s - loss: 0.2458 - val_loss: 0.4604
Epoch 27/500
 - 2s - loss: 0.2460 - val_loss: 0.4186
Epoch 28/500
 - 2s - loss: 0.2403 - val_loss: 0.4348
Epoch 29/500
 - 2s - loss: 0.2356 - val_loss: 0.4283
Epoch 30/500
 - 2s - loss: 0.2330 - val_loss: 0.4555
Epoch 31/500
 - 2s - loss: 0.2314 - val_loss: 0.4222
Epoch 32/500
 - 2s - loss: 0.2239 - val_loss: 0.4493
Epoch 33/500
 - 2s - loss: 0.2249 - val_loss: 0.4377
Epoch 34/500
 - 2s - loss: 0.2141 - val_loss: 0.4431
Epoch 35/500
 - 2s - loss: 0.2126 - val_loss: 0.4516
Epoch 36/500
 - 2s - loss: 0.2106 - val_loss: 0.4458
Epoch 37/500
 - 2s - loss: 0.2126 - val_loss: 0.4487
Epoch 38/500
 - 2s - loss: 0.2115 - val_loss: 0.4505
Epoch 39/500
 - 2s - loss: 0.2107 - val_loss: 0.4713
Epoch 40/500
 - 2s - loss: 0.2068 - val_loss: 0.4550
Epoch 41/500
 - 2s - loss: 0.2053 - val_loss: 0.4571
Epoch 42/500
 - 2s - loss: 0.2017 - val_loss: 0.4611
Epoch 43/500
 - 2s - loss: 0.2045 - val_loss: 0.4520
Epoch 44/500
 - 2s - loss: 0.2019 - val_loss: 0.4595
Epoch 45/500
 - 2s - loss: 0.1982 - val_loss: 0.4669
Epoch 46/500
 - 2s - loss: 0.1969 - val_loss: 0.4706
Epoch 47/500
 - 2s - loss: 0.1964 - val_loss: 0.4708
Epoch 48/500
 - 2s - loss: 0.1944 - val_loss: 0.4719
Epoch 49/500
 - 2s - loss: 0.1951 - val_loss: 0.4688
Epoch 50/500
 - 2s - loss: 0.1921 - val_loss: 0.4672
Epoch 51/500
 - 2s - loss: 0.1926 - val_loss: 0.4648
Epoch 52/500
 - 2s - loss: 0.1922 - val_loss: 0.4659
Epoch 53/500
 - 2s - loss: 0.1903 - val_loss: 0.4709
/usr/lib/python3.5/importlib/_bootstrap.py:222: RuntimeWarning: numpy.dtype size changed, may indicate binary incompatibility. Expected 96, got 88
  return f(*args, **kwds)
Using TensorFlow backend.
/usr/lib/python3.5/importlib/_bootstrap.py:222: RuntimeWarning: numpy.dtype size changed, may indicate binary incompatibility. Expected 96, got 88
  return f(*args, **kwds)
/usr/lib/python3.5/importlib/_bootstrap.py:222: RuntimeWarning: numpy.dtype size changed, may indicate binary incompatibility. Expected 96, got 88
  return f(*args, **kwds)
Load model for predictions...
imported keras API for model creation
creating stateless cudnn lstm model
Model loaded from checkpoint
_________________________________________________________________
Layer (type)                 Output Shape              Param #   
=================================================================
cu_dnnlstm_3 (CuDNNLSTM)     (None, 28, 100)           49600     
_________________________________________________________________
batch_normalization_3 (Batch (None, 28, 100)           400       
_________________________________________________________________
cu_dnnlstm_4 (CuDNNLSTM)     (None, 100)               80800     
_________________________________________________________________
batch_normalization_4 (Batch (None, 100)               400       
_________________________________________________________________
time_output (Dense)          (None, 1)                 101       
=================================================================
Total params: 131,301
Trainable params: 130,901
Non-trainable params: 400
_________________________________________________________________
Make predictions...
sequences: 1314
finished prediction
tensorflow session cleaned
[Log] Finished process for: /bin/bash -c "python3 caise2019_c2k.py"
[Log] Process finished.
