[Log] Serializing /root/app/workdir/0-epochlogs.epochlog
[Log] Serializing /root/app/workdir/0-model.h5
[Log] Serializing /root/app/workdir/0-results.csv
[Log] Serializing /root/app/workdir/datadefinitions/__pycache__/bpi2012.cpython-35.pyc
[Log] Serializing /root/app/workdir/datadefinitions/__pycache__/generic.cpython-35.pyc
[Log] Serializing /root/app/workdir/utility/__pycache__/hyperparameteroptimization.cpython-35.pyc
[Log] Serializing /root/app/workdir/utility/__pycache__/run.cpython-35.pyc
[Log] Serializing /root/app/workdir/utility/__pycache__/exceptions.cpython-35.pyc
[Log] Serializing /root/app/workdir/utility/__pycache__/configuration.cpython-35.pyc
[Log] Serializing /root/app/workdir/utility/__pycache__/enums.cpython-35.pyc
[Log] Serializing /root/app/workdir/utility/__pycache__/preprocessing.cpython-35.pyc
[Log] Serializing /root/app/workdir/utility/__pycache__/models.cpython-35.pyc
[Log] Serializing /root/app/workdir/utility/__pycache__/generator.cpython-35.pyc
[Log] Serializing /root/app/workdir/utility/__pycache__/dataoperations.cpython-35.pyc
[Log] Serializing /root/app/workdir/utility/__pycache__/regularization.cpython-35.pyc
Send training results
[Log] Cleaned working directory
[Log] Finished work package
[Log] Fetch work.
Results sent.
[Log] Training Work package received from server: caise2019_bpic2012 a3ce37de-d145-43c2-8665-1f2009e71060
[Log] Cleaned working directory
[Log] Deserializing 26 files 
[Log] Deserializing /root/app/workdir/caise2019_bpic2012.py
[Log] Deserializing /root/app/workdir/caise2019_bpic2017.py
[Log] Deserializing /root/app/workdir/caise2019_bpic2018.py
[Log] Deserializing /root/app/workdir/caise2019_c2k.py
[Log] Deserializing /root/app/workdir/caise2019_tt.py
[Log] Deserializing /root/app/workdir/requirements.txt
[Log] Deserializing /root/app/workdir/requirements_gpu.txt
[Log] Deserializing /root/app/workdir/version.xml
[Log] Deserializing /root/app/workdir/datadefinitions/bpi2012.py
[Log] Deserializing /root/app/workdir/datadefinitions/bpi2017.py
[Log] Deserializing /root/app/workdir/datadefinitions/bpi2018.py
[Log] Deserializing /root/app/workdir/datadefinitions/cargo2000.py
[Log] Deserializing /root/app/workdir/datadefinitions/cargo2000generic.py
[Log] Deserializing /root/app/workdir/datadefinitions/generic.py
[Log] Deserializing /root/app/workdir/datadefinitions/transformingtransport.py
[Log] Deserializing /root/app/workdir/datasets/bpi2012.csv
[Log] Deserializing /root/app/workdir/utility/configuration.py
[Log] Deserializing /root/app/workdir/utility/dataoperations.py
[Log] Deserializing /root/app/workdir/utility/enums.py
[Log] Deserializing /root/app/workdir/utility/exceptions.py
[Log] Deserializing /root/app/workdir/utility/generator.py
[Log] Deserializing /root/app/workdir/utility/hyperparameteroptimization.py
[Log] Deserializing /root/app/workdir/utility/models.py
[Log] Deserializing /root/app/workdir/utility/preprocessing.py
[Log] Deserializing /root/app/workdir/utility/regularization.py
[Log] Deserializing /root/app/workdir/utility/run.py
[Log] Deserialized 26 files
[Log] Processing training work package
[Log] Create worker process.
[Log] Create process for: /bin/bash -c "python3 caise2019_bpic2012.py" in /root/app/workdir
[Log] Starting process for: /bin/bash -c "python3 caise2019_bpic2012.py"
2019-02-25 00:27:53.394288: I tensorflow/core/platform/cpu_feature_guard.cc:141] Your CPU supports instructions that this TensorFlow binary was not compiled to use: AVX2 FMA
2019-02-25 00:27:53.467913: I tensorflow/stream_executor/cuda/cuda_gpu_executor.cc:897] successful NUMA node read from SysFS had negative value (-1), but there must be at least one NUMA node, so returning NUMA node zero
2019-02-25 00:27:53.468401: I tensorflow/core/common_runtime/gpu/gpu_device.cc:1392] Found device 0 with properties: 
name: GeForce GTX 1060 6GB major: 6 minor: 1 memoryClockRate(GHz): 1.7715
pciBusID: 0000:01:00.0
totalMemory: 5.93GiB freeMemory: 5.55GiB
2019-02-25 00:27:53.468416: I tensorflow/core/common_runtime/gpu/gpu_device.cc:1471] Adding visible gpu devices: 0
2019-02-25 00:27:54.070598: I tensorflow/core/common_runtime/gpu/gpu_device.cc:952] Device interconnect StreamExecutor with strength 1 edge matrix:
2019-02-25 00:27:54.070621: I tensorflow/core/common_runtime/gpu/gpu_device.cc:958]      0 
2019-02-25 00:27:54.070639: I tensorflow/core/common_runtime/gpu/gpu_device.cc:971] 0:   N 
2019-02-25 00:27:54.070794: I tensorflow/core/common_runtime/gpu/gpu_device.cc:1084] Created TensorFlow device (/job:localhost/replica:0/task:0/device:GPU:0 with 5323 MB memory) -> physical GPU (device: 0, name: GeForce GTX 1060 6GB, pci bus id: 0000:01:00.0, compute capability: 6.1)
validationdata_split defined: 0.2
datageneration_pattern defined: DataGenerationPattern.Generator
traindata_split_index defined: 0
bagging defined: True
gradientclipvalue defined: 3
datadefinition defined: <datadefinitions.bpi2012.BPI2012 object at 0x7fadcc34fe48>
tensorboard defined: False
testdata_split defined: 0.3333
running defined: 0
patience_earlystopping defined: 40
bagging_putback defined: True
save_model defined: True
dropout defined: 0.1
processor defined: Processor.GPU
layers defined: 2
verbose defined: False
rnntype defined: RnnType.LSTM
bagging_size defined: 0.6
max_sequencelength defined: 150000
learningrate defined: 0.002
neurons defined: 100
bidirectional defined: False
max_epochs defined: 500
traindata_duplicate defined: 0
cudnn defined: True
batch_size defined: 64
traindata_split defined: 1
traindata_shuffle defined: False
patience_reducelr defined: 10
keras version: 2.2.2
tensorflow version: 1.9.0
tensorflow session cleaned
multi process gpu usage: enabled
tensorflow configured
no value found for datadefinition.featureweight at index 4, setting default value
no value found for datadefinition.featureweight at index 5, setting default value
read 190827 rows
sequences truncated to 150000
offset0: null
offset1: null
offset2: 0
offset3: 0
offset4: null
offset5: null
divisor0: null
divisor1: null
divisor2: 4.770425059696304
divisor3: 9547.828404708018
divisor4: null
divisor5: null
maxlen 106 
total chars: 23, target chars: 24
characters:  ['A', 'B', 'C', 'D', 'E', 'F', 'G', 'H', 'I', 'J', 'K', 'L', 'M', 'N', 'O', 'P', 'Q', 'R', 'S', 'T', 'U', 'V', 'W']
unique characters:  ['A', 'B', 'C', 'D', 'E', 'F', 'G', 'H', 'I', 'J', 'K', 'L', 'M', 'N', 'O', 'P', 'Q', 'R', 'S', 'T', 'U', 'V', 'W']
total chars: 68, target chars: 69
characters:  ['10124', '10125', '10138', '10188', '10228', '10609', '10629', '10779', '10789', '10809', '10821', '10859', '10861', '10862', '10863', '10880', '10881', '10889', '10899', '10909', '10910', '10912', '10913', '10914', '10929', '10931', '10932', '10933', '10935', '10939', '10971', '10972', '10982', '11000', '11001', '11002', '11003', '11009', '11019', '11029', '11049', '11079', '11111', '11119', '11120', '11121', '11122', '11169', '11179', '11180', '11181', '11189', '112', '11200', '11201', '11202', '11203', '11254', '11259', '11269', '11289', '11299', '11300', '11302', '11304', '11309', '11319', '11339']
unique characters:  ['0', '1', '2', '3', '4', '5', '6', '7', '8', '9']
total chars: 2, target chars: 3
characters:  ['False', 'True']
unique characters:  ['F', 'T', 'a', 'e', 'l', 'r', 's', 'u']
category vectors length: 91
num features: 94
6980 sequences in train data
4362 sequences in test data
1745 sequences in validation data
6980 elements before bagging with putback True
4188 elements after bagging with putback True
created generator with with 4188 sequences and 61021 sentences
created generator with with 1745 sequences and 26772 sentences
created sentence generators
Generators detected: Vectorization will be performed during runtime
Build model...
imported keras API for model creation
creating stateless cudnn lstm model
_________________________________________________________________
Layer (type)                 Output Shape              Param #   
=================================================================
cu_dnnlstm_1 (CuDNNLSTM)     (None, 106, 100)          78400     
_________________________________________________________________
batch_normalization_1 (Batch (None, 106, 100)          400       
_________________________________________________________________
cu_dnnlstm_2 (CuDNNLSTM)     (None, 100)               80800     
_________________________________________________________________
batch_normalization_2 (Batch (None, 100)               400       
_________________________________________________________________
time_output (Dense)          (None, 1)                 101       
=================================================================
Total params: 160,101
Trainable params: 159,701
Non-trainable params: 400
_________________________________________________________________
Epoch 1/500
 - 62s - loss: 0.4393 - val_loss: 0.3524
Epoch 2/500
 - 61s - loss: 0.3825 - val_loss: 0.3401
Epoch 3/500
 - 61s - loss: 0.3717 - val_loss: 0.3559
Epoch 4/500
 - 61s - loss: 0.3691 - val_loss: 0.3394
Epoch 5/500
 - 61s - loss: 0.3653 - val_loss: 0.3232
Epoch 6/500
 - 60s - loss: 0.3748 - val_loss: 0.3210
Epoch 7/500
 - 61s - loss: 0.3693 - val_loss: 0.3417
Epoch 8/500
 - 61s - loss: 0.3629 - val_loss: 0.3310
Epoch 9/500
 - 61s - loss: 0.3617 - val_loss: 0.3097
Epoch 10/500
 - 61s - loss: 0.3648 - val_loss: 0.3519
Epoch 11/500
 - 60s - loss: 0.3627 - val_loss: 0.3044
Epoch 12/500
 - 61s - loss: 0.3559 - val_loss: 0.3050
Epoch 13/500
 - 61s - loss: 0.3535 - val_loss: 0.4595
Epoch 14/500
 - 60s - loss: 0.3623 - val_loss: 0.3072
Epoch 15/500
 - 60s - loss: 0.3587 - val_loss: 0.3037
Epoch 16/500
 - 60s - loss: 0.3590 - val_loss: 0.2843
Epoch 17/500
 - 49s - loss: 0.3492 - val_loss: 0.3072
Epoch 18/500
 - 61s - loss: 0.3547 - val_loss: 0.2961
Epoch 19/500
 - 60s - loss: 0.3535 - val_loss: 0.3347
Epoch 20/500
 - 60s - loss: 0.3497 - val_loss: 0.2787
Epoch 21/500
 - 61s - loss: 0.3521 - val_loss: 0.2922
Epoch 22/500
 - 61s - loss: 0.3482 - val_loss: 0.3002
Epoch 23/500
 - 61s - loss: 0.3481 - val_loss: 0.2879
Epoch 24/500
 - 61s - loss: 0.3535 - val_loss: 0.2906
Epoch 25/500
 - 61s - loss: 0.3446 - val_loss: 0.2832
Epoch 26/500
 - 60s - loss: 0.3449 - val_loss: 0.2879
Epoch 27/500
 - 61s - loss: 0.3474 - val_loss: 0.2889
Epoch 28/500
 - 61s - loss: 0.3521 - val_loss: 0.2888
Epoch 29/500
 - 61s - loss: 0.3452 - val_loss: 0.2933
Epoch 30/500
 - 61s - loss: 0.3403 - val_loss: 0.2777
Epoch 31/500
 - 60s - loss: 0.3423 - val_loss: 0.2905
Epoch 32/500
 - 60s - loss: 0.3404 - val_loss: 0.2926
Epoch 33/500
 - 60s - loss: 0.3345 - val_loss: 0.3061
Epoch 34/500
 - 60s - loss: 0.3361 - val_loss: 0.3118
Epoch 35/500
 - 60s - loss: 0.3303 - val_loss: 0.3373
Epoch 36/500
 - 60s - loss: 0.3390 - val_loss: 0.3031
Epoch 37/500
 - 60s - loss: 0.3377 - val_loss: 0.3128
Epoch 38/500
 - 60s - loss: 0.3359 - val_loss: 0.2908
Epoch 39/500
 - 60s - loss: 0.3421 - val_loss: 0.2865
Epoch 40/500
 - 61s - loss: 0.3313 - val_loss: 0.2985
Epoch 41/500
 - 60s - loss: 0.3277 - val_loss: 0.2865
Epoch 42/500
 - 60s - loss: 0.3183 - val_loss: 0.2938
Epoch 43/500
 - 60s - loss: 0.3284 - val_loss: 0.2916
Epoch 44/500
 - 59s - loss: 0.3238 - val_loss: 0.2859
Epoch 45/500
 - 51s - loss: 0.3222 - val_loss: 0.3081
Epoch 46/500
 - 60s - loss: 0.3191 - val_loss: 0.2974
Epoch 47/500
 - 60s - loss: 0.3144 - val_loss: 0.2836
Epoch 48/500
 - 60s - loss: 0.3228 - val_loss: 0.2879
Epoch 49/500
 - 61s - loss: 0.3198 - val_loss: 0.3003
Epoch 50/500
 - 61s - loss: 0.3145 - val_loss: 0.2899
Epoch 51/500
 - 60s - loss: 0.3111 - val_loss: 0.3013
Epoch 52/500
 - 61s - loss: 0.3152 - val_loss: 0.2967
Epoch 53/500
 - 61s - loss: 0.3124 - val_loss: 0.3155
Epoch 54/500
 - 61s - loss: 0.3150 - val_loss: 0.2895
Epoch 55/500
 - 61s - loss: 0.3097 - val_loss: 0.3152
Epoch 56/500
 - 61s - loss: 0.3129 - val_loss: 0.3022
Epoch 57/500
 - 61s - loss: 0.3100 - val_loss: 0.2992
Epoch 58/500
 - 61s - loss: 0.3060 - val_loss: 0.2996
Epoch 59/500
 - 61s - loss: 0.3101 - val_loss: 0.3047
Epoch 60/500
 - 60s - loss: 0.3104 - val_loss: 0.3082
Epoch 61/500
 - 60s - loss: 0.3097 - val_loss: 0.2995
Epoch 62/500
 - 61s - loss: 0.3048 - val_loss: 0.3008
Epoch 63/500
 - 61s - loss: 0.3058 - val_loss: 0.2980
Epoch 64/500
 - 60s - loss: 0.3055 - val_loss: 0.3113
Epoch 65/500
 - 60s - loss: 0.3053 - val_loss: 0.3025
Epoch 66/500
 - 61s - loss: 0.2949 - val_loss: 0.3028
Epoch 67/500
 - 61s - loss: 0.3014 - val_loss: 0.3114
Epoch 68/500
 - 61s - loss: 0.2981 - val_loss: 0.3071
Epoch 69/500
 - 60s - loss: 0.3042 - val_loss: 0.3036
Epoch 70/500
 - 61s - loss: 0.3050 - val_loss: 0.3041
/usr/lib/python3.5/importlib/_bootstrap.py:222: RuntimeWarning: numpy.dtype size changed, may indicate binary incompatibility. Expected 96, got 88
Load model for predictions...
  return f(*args, **kwds)
Using TensorFlow backend.
/usr/lib/python3.5/importlib/_bootstrap.py:222: RuntimeWarning: numpy.dtype size changed, may indicate binary incompatibility. Expected 96, got 88
  return f(*args, **kwds)
/usr/lib/python3.5/importlib/_bootstrap.py:222: RuntimeWarning: numpy.dtype size changed, may indicate binary incompatibility. Expected 96, got 88
  return f(*args, **kwds)
imported keras API for model creation
creating stateless cudnn lstm model
Model loaded from checkpoint
_________________________________________________________________
Layer (type)                 Output Shape              Param #   
=================================================================
cu_dnnlstm_3 (CuDNNLSTM)     (None, 106, 100)          78400     
_________________________________________________________________
batch_normalization_3 (Batch (None, 106, 100)          400       
_________________________________________________________________
cu_dnnlstm_4 (CuDNNLSTM)     (None, 100)               80800     
_________________________________________________________________
batch_normalization_4 (Batch (None, 100)               400       
_________________________________________________________________
time_output (Dense)          (None, 1)                 101       
=================================================================
Total params: 160,101
Trainable params: 159,701
Non-trainable params: 400
_________________________________________________________________
Make predictions...
sequences: 4362
finished prediction
tensorflow session cleaned
[Log] Finished process for: /bin/bash -c "python3 caise2019_bpic2012.py"
[Log] Process finished.
