[Log] Serializing /root/app/workdir/0-model.h5
[Log] Serializing /root/app/workdir/0-epochlogs.epochlog
[Log] Serializing /root/app/workdir/0-results.csv
[Log] Serializing /root/app/workdir/utility/__pycache__/enums.cpython-35.pyc
[Log] Serializing /root/app/workdir/utility/__pycache__/preprocessing.cpython-35.pyc
[Log] Serializing /root/app/workdir/utility/__pycache__/generator.cpython-35.pyc
[Log] Serializing /root/app/workdir/utility/__pycache__/hyperparameteroptimization.cpython-35.pyc
[Log] Serializing /root/app/workdir/utility/__pycache__/exceptions.cpython-35.pyc
[Log] Serializing /root/app/workdir/utility/__pycache__/dataoperations.cpython-35.pyc
[Log] Serializing /root/app/workdir/utility/__pycache__/models.cpython-35.pyc
[Log] Serializing /root/app/workdir/utility/__pycache__/regularization.cpython-35.pyc
[Log] Serializing /root/app/workdir/utility/__pycache__/run.cpython-35.pyc
[Log] Serializing /root/app/workdir/utility/__pycache__/configuration.cpython-35.pyc
[Log] Serializing /root/app/workdir/datadefinitions/__pycache__/bpi2012.cpython-35.pyc
[Log] Serializing /root/app/workdir/datadefinitions/__pycache__/generic.cpython-35.pyc
Send training results
[Log] Cleaned working directory
[Log] Finished work package
[Log] Fetch work.
Results sent.
[Log] Training Work package received from server: caise2019_cargo2000 9e3d9214-822a-4338-9c92-988673898501
[Log] Cleaned working directory
[Log] Deserializing 26 files 
[Log] Deserializing /root/app/workdir/caise2019_bpic2012.py
[Log] Deserializing /root/app/workdir/caise2019_bpic2017.py
[Log] Deserializing /root/app/workdir/caise2019_bpic2018.py
[Log] Deserializing /root/app/workdir/caise2019_c2k.py
[Log] Deserializing /root/app/workdir/caise2019_tt.py
[Log] Deserializing /root/app/workdir/requirements.txt
[Log] Deserializing /root/app/workdir/requirements_gpu.txt
[Log] Deserializing /root/app/workdir/version.xml
[Log] Deserializing /root/app/workdir/datadefinitions/bpi2012.py
[Log] Deserializing /root/app/workdir/datadefinitions/bpi2017.py
[Log] Deserializing /root/app/workdir/datadefinitions/bpi2018.py
[Log] Deserializing /root/app/workdir/datadefinitions/cargo2000.py
[Log] Deserializing /root/app/workdir/datadefinitions/cargo2000generic.py
[Log] Deserializing /root/app/workdir/datadefinitions/generic.py
[Log] Deserializing /root/app/workdir/datadefinitions/transformingtransport.py
[Log] Deserializing /root/app/workdir/datasets/cargo2000.csv
[Log] Deserializing /root/app/workdir/utility/configuration.py
[Log] Deserializing /root/app/workdir/utility/dataoperations.py
[Log] Deserializing /root/app/workdir/utility/enums.py
[Log] Deserializing /root/app/workdir/utility/exceptions.py
[Log] Deserializing /root/app/workdir/utility/generator.py
[Log] Deserializing /root/app/workdir/utility/hyperparameteroptimization.py
[Log] Deserializing /root/app/workdir/utility/models.py
[Log] Deserializing /root/app/workdir/utility/preprocessing.py
[Log] Deserializing /root/app/workdir/utility/regularization.py
[Log] Deserializing /root/app/workdir/utility/run.py
[Log] Deserialized 26 files
[Log] Processing training work package
[Log] Create worker process.
[Log] Create process for: /bin/bash -c "python3 caise2019_c2k.py" in /root/app/workdir
[Log] Starting process for: /bin/bash -c "python3 caise2019_c2k.py"
2019-02-26 06:52:15.571634: I tensorflow/core/platform/cpu_feature_guard.cc:141] Your CPU supports instructions that this TensorFlow binary was not compiled to use: AVX2 FMA
2019-02-26 06:52:15.634063: I tensorflow/stream_executor/cuda/cuda_gpu_executor.cc:897] successful NUMA node read from SysFS had negative value (-1), but there must be at least one NUMA node, so returning NUMA node zero
2019-02-26 06:52:15.634636: I tensorflow/core/common_runtime/gpu/gpu_device.cc:1392] Found device 0 with properties: 
name: GeForce GTX 1060 6GB major: 6 minor: 1 memoryClockRate(GHz): 1.7715
pciBusID: 0000:01:00.0
totalMemory: 5.93GiB freeMemory: 5.75GiB
2019-02-26 06:52:15.634650: I tensorflow/core/common_runtime/gpu/gpu_device.cc:1471] Adding visible gpu devices: 0
2019-02-26 06:52:16.126949: I tensorflow/core/common_runtime/gpu/gpu_device.cc:952] Device interconnect StreamExecutor with strength 1 edge matrix:
2019-02-26 06:52:16.126984: I tensorflow/core/common_runtime/gpu/gpu_device.cc:958]      0 
2019-02-26 06:52:16.126991: I tensorflow/core/common_runtime/gpu/gpu_device.cc:971] 0:   N 
2019-02-26 06:52:16.127191: I tensorflow/core/common_runtime/gpu/gpu_device.cc:1084] Created TensorFlow device (/job:localhost/replica:0/task:0/device:GPU:0 with 5523 MB memory) -> physical GPU (device: 0, name: GeForce GTX 1060 6GB, pci bus id: 0000:01:00.0, compute capability: 6.1)
running defined: 0
traindata_split defined: 1
neurons defined: 100
learningrate defined: 0.002
save_model defined: True
batch_size defined: 64
bagging defined: True
traindata_split_index defined: 0
verbose defined: False
traindata_duplicate defined: 0
dropout defined: 0.1
gradientclipvalue defined: 3
validationdata_split defined: 0.2
cudnn defined: True
patience_reducelr defined: 10
processor defined: Processor.GPU
bagging_putback defined: True
bagging_size defined: 0.6
tensorboard defined: False
max_sequencelength defined: 150000
layers defined: 2
datadefinition defined: <datadefinitions.cargo2000.Cargo2000 object at 0x7fce43e89e10>
patience_earlystopping defined: 40
testdata_split defined: 0.3333
datageneration_pattern defined: DataGenerationPattern.Fit
max_epochs defined: 500
bidirectional defined: False
traindata_shuffle defined: False
rnntype defined: RnnType.LSTM
keras version: 2.2.2
tensorflow version: 1.9.0
tensorflow session cleaned
multi process gpu usage: enabled
tensorflow configured
read 56082 rows
sequences truncated to 150000
offset0: null
offset1: 0
offset2: 0
offset3: 0
offset4: 0
offset5: 0
offset6: 0
offset7: 0
offset8: 0
divisor0: null
divisor1: 1153.615438108484
divisor2: 6666.367996861738
divisor3: 1412.8796226953389
divisor4: 1638.5187047537534
divisor5: 7332.0577368852755
divisor6: 17233.036482293785
divisor7: 17819.202310901892
divisor8: 1988.1400092721371
maxlen 28 
total chars: 16, target chars: 17
characters:  ['1', '10', '11', '12', '13', '14', '15', '16', '2', '3', '4', '5', '6', '7', '8', '9']
unique characters:  ['0', '1', '2', '3', '4', '5', '6', '7', '8', '9']
category vectors length: 16
num features: 22
2102 sequences in train data
1314 sequences in test data
526 sequences in validation data
2102 elements before bagging with putback True
1261 elements after bagging with putback True
perform full in-memory sentence generation
train_sentences: 17482
validation_sentences: 7440
Vectorization...
Build model...
imported keras API for model creation
creating stateless cudnn lstm model
_________________________________________________________________
Layer (type)                 Output Shape              Param #   
=================================================================
cu_dnnlstm_1 (CuDNNLSTM)     (None, 28, 100)           49600     
_________________________________________________________________
batch_normalization_1 (Batch (None, 28, 100)           400       
_________________________________________________________________
cu_dnnlstm_2 (CuDNNLSTM)     (None, 100)               80800     
_________________________________________________________________
batch_normalization_2 (Batch (None, 100)               400       
_________________________________________________________________
time_output (Dense)          (None, 1)                 101       
=================================================================
Total params: 131,301
Trainable params: 130,901
Non-trainable params: 400
_________________________________________________________________
Train on 17482 samples, validate on 7440 samples
Epoch 1/500
 - 4s - loss: 0.4528 - val_loss: 0.6008
Epoch 2/500
 - 2s - loss: 0.3650 - val_loss: 0.5808
Epoch 3/500
 - 2s - loss: 0.3575 - val_loss: 0.4898
Epoch 4/500
 - 2s - loss: 0.3538 - val_loss: 0.4678
Epoch 5/500
 - 2s - loss: 0.3493 - val_loss: 0.4423
Epoch 6/500
 - 2s - loss: 0.3478 - val_loss: 0.4423
Epoch 7/500
 - 2s - loss: 0.3441 - val_loss: 0.4097
Epoch 8/500
 - 2s - loss: 0.3408 - val_loss: 0.3962
Epoch 9/500
 - 2s - loss: 0.3377 - val_loss: 0.4518
Epoch 10/500
 - 2s - loss: 0.3374 - val_loss: 0.4286
Epoch 11/500
 - 2s - loss: 0.3329 - val_loss: 0.4080
Epoch 12/500
 - 2s - loss: 0.3292 - val_loss: 0.4481
Epoch 13/500
 - 2s - loss: 0.3255 - val_loss: 0.4049
Epoch 14/500
 - 2s - loss: 0.3251 - val_loss: 0.4255
Epoch 15/500
 - 2s - loss: 0.3188 - val_loss: 0.4507
Epoch 16/500
 - 2s - loss: 0.3135 - val_loss: 0.4083
Epoch 17/500
 - 2s - loss: 0.3148 - val_loss: 0.4131
Epoch 18/500
 - 2s - loss: 0.3087 - val_loss: 0.4061
Epoch 19/500
 - 7s - loss: 0.2981 - val_loss: 0.4020
Epoch 20/500
 - 7s - loss: 0.2939 - val_loss: 0.3963
Epoch 21/500
 - 7s - loss: 0.2941 - val_loss: 0.4231
Epoch 22/500
 - 7s - loss: 0.2926 - val_loss: 0.4169
Epoch 23/500
 - 7s - loss: 0.2885 - val_loss: 0.4009
Epoch 24/500
 - 7s - loss: 0.2862 - val_loss: 0.4159
Epoch 25/500
 - 7s - loss: 0.2834 - val_loss: 0.4165
Epoch 26/500
 - 7s - loss: 0.2827 - val_loss: 0.4452
Epoch 27/500
 - 7s - loss: 0.2805 - val_loss: 0.4305
Epoch 28/500
 - 7s - loss: 0.2773 - val_loss: 0.4315
Epoch 29/500
 - 7s - loss: 0.2693 - val_loss: 0.4311
Epoch 30/500
 - 7s - loss: 0.2651 - val_loss: 0.4374
Epoch 31/500
 - 7s - loss: 0.2622 - val_loss: 0.4316
Epoch 32/500
 - 7s - loss: 0.2568 - val_loss: 0.4588
Epoch 33/500
 - 7s - loss: 0.2554 - val_loss: 0.4461
Epoch 34/500
 - 7s - loss: 0.2538 - val_loss: 0.4406
Epoch 35/500
 - 7s - loss: 0.2503 - val_loss: 0.4477
Epoch 36/500
 - 7s - loss: 0.2490 - val_loss: 0.4155
Epoch 37/500
 - 7s - loss: 0.2452 - val_loss: 0.4449
Epoch 38/500
 - 7s - loss: 0.2447 - val_loss: 0.4687
Epoch 39/500
 - 7s - loss: 0.2386 - val_loss: 0.4422
Epoch 40/500
 - 7s - loss: 0.2338 - val_loss: 0.4425
Epoch 41/500
 - 7s - loss: 0.2336 - val_loss: 0.4350
Epoch 42/500
 - 7s - loss: 0.2329 - val_loss: 0.4573
Epoch 43/500
 - 7s - loss: 0.2300 - val_loss: 0.4564
Epoch 44/500
 - 7s - loss: 0.2276 - val_loss: 0.4451
Epoch 45/500
 - 7s - loss: 0.2268 - val_loss: 0.4480
Epoch 46/500
 - 7s - loss: 0.2256 - val_loss: 0.4521
Epoch 47/500
 - 7s - loss: 0.2266 - val_loss: 0.4494
Epoch 48/500
 - 7s - loss: 0.2270 - val_loss: 0.4540
/usr/lib/python3.5/importlib/_bootstrap.py:222: RuntimeWarning: numpy.dtype size changed, may indicate binary incompatibility. Expected 96, got 88
  return f(*args, **kwds)
Using TensorFlow backend.
/usr/lib/python3.5/importlib/_bootstrap.py:222: RuntimeWarning: numpy.dtype size changed, may indicate binary incompatibility. Expected 96, got 88
  return f(*args, **kwds)
/usr/lib/python3.5/importlib/_bootstrap.py:222: RuntimeWarning: numpy.dtype size changed, may indicate binary incompatibility. Expected 96, got 88
Load model for predictions...
  return f(*args, **kwds)
imported keras API for model creation
creating stateless cudnn lstm model
Model loaded from checkpoint
_________________________________________________________________
Layer (type)                 Output Shape              Param #   
=================================================================
cu_dnnlstm_3 (CuDNNLSTM)     (None, 28, 100)           49600     
_________________________________________________________________
batch_normalization_3 (Batch (None, 28, 100)           400       
_________________________________________________________________
cu_dnnlstm_4 (CuDNNLSTM)     (None, 100)               80800     
_________________________________________________________________
batch_normalization_4 (Batch (None, 100)               400       
_________________________________________________________________
time_output (Dense)          (None, 1)                 101       
=================================================================
Total params: 131,301
Trainable params: 130,901
Non-trainable params: 400
_________________________________________________________________
Make predictions...
sequences: 1314
finished prediction
tensorflow session cleaned
[Log] Finished process for: /bin/bash -c "python3 caise2019_c2k.py"
[Log] Process finished.
