[Log] Serializing /root/app/workdir/0-epochlogs.epochlog
[Log] Serializing /root/app/workdir/0-model.h5
[Log] Serializing /root/app/workdir/0-results.csv
[Log] Serializing /root/app/workdir/datadefinitions/__pycache__/generic.cpython-35.pyc
[Log] Serializing /root/app/workdir/datadefinitions/__pycache__/cargo2000.cpython-35.pyc
[Log] Serializing /root/app/workdir/utility/__pycache__/hyperparameteroptimization.cpython-35.pyc
[Log] Serializing /root/app/workdir/utility/__pycache__/run.cpython-35.pyc
[Log] Serializing /root/app/workdir/utility/__pycache__/exceptions.cpython-35.pyc
[Log] Serializing /root/app/workdir/utility/__pycache__/configuration.cpython-35.pyc
[Log] Serializing /root/app/workdir/utility/__pycache__/enums.cpython-35.pyc
[Log] Serializing /root/app/workdir/utility/__pycache__/preprocessing.cpython-35.pyc
[Log] Serializing /root/app/workdir/utility/__pycache__/models.cpython-35.pyc
[Log] Serializing /root/app/workdir/utility/__pycache__/generator.cpython-35.pyc
[Log] Serializing /root/app/workdir/utility/__pycache__/dataoperations.cpython-35.pyc
[Log] Serializing /root/app/workdir/utility/__pycache__/regularization.cpython-35.pyc
Send training results
[Log] Cleaned working directory
[Log] Finished work package
[Log] Fetch work.
Results sent.
[Log] Training Work package received from server: caise2019_cargo2000 e4c01fce-6237-4482-9ed8-2c1852524fc4
[Log] Cleaned working directory
[Log] Deserializing 26 files 
[Log] Deserializing /root/app/workdir/caise2019_bpic2012.py
[Log] Deserializing /root/app/workdir/caise2019_bpic2017.py
[Log] Deserializing /root/app/workdir/caise2019_bpic2018.py
[Log] Deserializing /root/app/workdir/caise2019_c2k.py
[Log] Deserializing /root/app/workdir/caise2019_tt.py
[Log] Deserializing /root/app/workdir/requirements.txt
[Log] Deserializing /root/app/workdir/requirements_gpu.txt
[Log] Deserializing /root/app/workdir/version.xml
[Log] Deserializing /root/app/workdir/datadefinitions/bpi2012.py
[Log] Deserializing /root/app/workdir/datadefinitions/bpi2017.py
[Log] Deserializing /root/app/workdir/datadefinitions/bpi2018.py
[Log] Deserializing /root/app/workdir/datadefinitions/cargo2000.py
[Log] Deserializing /root/app/workdir/datadefinitions/cargo2000generic.py
[Log] Deserializing /root/app/workdir/datadefinitions/generic.py
[Log] Deserializing /root/app/workdir/datadefinitions/transformingtransport.py
[Log] Deserializing /root/app/workdir/datasets/cargo2000.csv
[Log] Deserializing /root/app/workdir/utility/configuration.py
[Log] Deserializing /root/app/workdir/utility/dataoperations.py
[Log] Deserializing /root/app/workdir/utility/enums.py
[Log] Deserializing /root/app/workdir/utility/exceptions.py
[Log] Deserializing /root/app/workdir/utility/generator.py
[Log] Deserializing /root/app/workdir/utility/hyperparameteroptimization.py
[Log] Deserializing /root/app/workdir/utility/models.py
[Log] Deserializing /root/app/workdir/utility/preprocessing.py
[Log] Deserializing /root/app/workdir/utility/regularization.py
[Log] Deserializing /root/app/workdir/utility/run.py
[Log] Deserialized 26 files
[Log] Processing training work package
[Log] Create worker process.
[Log] Create process for: /bin/bash -c "python3 caise2019_c2k.py" in /root/app/workdir
[Log] Starting process for: /bin/bash -c "python3 caise2019_c2k.py"
2019-02-26 08:08:10.091622: I tensorflow/core/platform/cpu_feature_guard.cc:141] Your CPU supports instructions that this TensorFlow binary was not compiled to use: AVX2 FMA
2019-02-26 08:08:10.164708: I tensorflow/stream_executor/cuda/cuda_gpu_executor.cc:897] successful NUMA node read from SysFS had negative value (-1), but there must be at least one NUMA node, so returning NUMA node zero
2019-02-26 08:08:10.165321: I tensorflow/core/common_runtime/gpu/gpu_device.cc:1392] Found device 0 with properties: 
name: GeForce GTX 1060 6GB major: 6 minor: 1 memoryClockRate(GHz): 1.7715
pciBusID: 0000:01:00.0
totalMemory: 5.93GiB freeMemory: 5.55GiB
2019-02-26 08:08:10.165339: I tensorflow/core/common_runtime/gpu/gpu_device.cc:1471] Adding visible gpu devices: 0
2019-02-26 08:08:10.757994: I tensorflow/core/common_runtime/gpu/gpu_device.cc:952] Device interconnect StreamExecutor with strength 1 edge matrix:
2019-02-26 08:08:10.758015: I tensorflow/core/common_runtime/gpu/gpu_device.cc:958]      0 
2019-02-26 08:08:10.758021: I tensorflow/core/common_runtime/gpu/gpu_device.cc:971] 0:   N 
2019-02-26 08:08:10.758178: I tensorflow/core/common_runtime/gpu/gpu_device.cc:1084] Created TensorFlow device (/job:localhost/replica:0/task:0/device:GPU:0 with 5323 MB memory) -> physical GPU (device: 0, name: GeForce GTX 1060 6GB, pci bus id: 0000:01:00.0, compute capability: 6.1)
testdata_split defined: 0.3333
bagging_size defined: 0.6
traindata_duplicate defined: 0
dropout defined: 0.1
cudnn defined: True
learningrate defined: 0.002
validationdata_split defined: 0.2
tensorboard defined: False
gradientclipvalue defined: 3
verbose defined: False
traindata_split defined: 1
patience_earlystopping defined: 40
neurons defined: 100
datadefinition defined: <datadefinitions.cargo2000.Cargo2000 object at 0x7f021c11ee10>
running defined: 0
processor defined: Processor.GPU
max_epochs defined: 500
bagging_putback defined: True
max_sequencelength defined: 150000
patience_reducelr defined: 10
bagging defined: True
batch_size defined: 64
layers defined: 2
rnntype defined: RnnType.LSTM
traindata_shuffle defined: False
traindata_split_index defined: 0
save_model defined: True
bidirectional defined: False
datageneration_pattern defined: DataGenerationPattern.Fit
keras version: 2.2.2
tensorflow version: 1.9.0
tensorflow session cleaned
multi process gpu usage: enabled
tensorflow configured
read 56082 rows
sequences truncated to 150000
offset0: null
offset1: 0
offset2: 0
offset3: 0
offset4: 0
offset5: 0
offset6: 0
offset7: 0
offset8: 0
divisor0: null
divisor1: 1153.615438108484
divisor2: 6666.367996861738
divisor3: 1412.8796226953389
divisor4: 1638.5187047537534
divisor5: 7332.0577368852755
divisor6: 17233.036482293785
divisor7: 17819.202310901892
divisor8: 1988.1400092721371
maxlen 28 
total chars: 16, target chars: 17
characters:  ['1', '10', '11', '12', '13', '14', '15', '16', '2', '3', '4', '5', '6', '7', '8', '9']
unique characters:  ['0', '1', '2', '3', '4', '5', '6', '7', '8', '9']
category vectors length: 16
num features: 22
2102 sequences in train data
1314 sequences in test data
526 sequences in validation data
2102 elements before bagging with putback True
1261 elements after bagging with putback True
perform full in-memory sentence generation
train_sentences: 17866
validation_sentences: 7440
Vectorization...
Build model...
imported keras API for model creation
creating stateless cudnn lstm model
_________________________________________________________________
Layer (type)                 Output Shape              Param #   
=================================================================
cu_dnnlstm_1 (CuDNNLSTM)     (None, 28, 100)           49600     
_________________________________________________________________
batch_normalization_1 (Batch (None, 28, 100)           400       
_________________________________________________________________
cu_dnnlstm_2 (CuDNNLSTM)     (None, 100)               80800     
_________________________________________________________________
batch_normalization_2 (Batch (None, 100)               400       
_________________________________________________________________
time_output (Dense)          (None, 1)                 101       
=================================================================
Total params: 131,301
Trainable params: 130,901
Non-trainable params: 400
_________________________________________________________________
Train on 17866 samples, validate on 7440 samples
Epoch 1/500
 - 9s - loss: 0.4870 - val_loss: 0.6310
Epoch 2/500
 - 7s - loss: 0.4065 - val_loss: 0.5255
Epoch 3/500
 - 7s - loss: 0.4020 - val_loss: 0.4249
Epoch 4/500
 - 7s - loss: 0.3947 - val_loss: 0.4036
Epoch 5/500
 - 7s - loss: 0.3906 - val_loss: 0.4189
Epoch 6/500
 - 7s - loss: 0.3871 - val_loss: 0.4251
Epoch 7/500
 - 7s - loss: 0.3823 - val_loss: 0.4059
Epoch 8/500
 - 7s - loss: 0.3803 - val_loss: 0.5353
Epoch 9/500
 - 7s - loss: 0.3781 - val_loss: 0.4049
Epoch 10/500
 - 7s - loss: 0.3747 - val_loss: 0.4599
Epoch 11/500
 - 7s - loss: 0.3718 - val_loss: 0.3935
Epoch 12/500
 - 7s - loss: 0.3670 - val_loss: 0.3958
Epoch 13/500
 - 7s - loss: 0.3648 - val_loss: 0.4420
Epoch 14/500
 - 7s - loss: 0.3625 - val_loss: 0.4105
Epoch 15/500
 - 7s - loss: 0.3583 - val_loss: 0.4128
Epoch 16/500
 - 7s - loss: 0.3554 - val_loss: 0.4061
Epoch 17/500
 - 7s - loss: 0.3507 - val_loss: 0.4046
Epoch 18/500
 - 7s - loss: 0.3475 - val_loss: 0.4311
Epoch 19/500
 - 7s - loss: 0.3456 - val_loss: 0.4339
Epoch 20/500
 - 7s - loss: 0.3398 - val_loss: 0.4500
Epoch 21/500
 - 7s - loss: 0.3360 - val_loss: 0.4312
Epoch 22/500
 - 7s - loss: 0.3224 - val_loss: 0.4052
Epoch 23/500
 - 7s - loss: 0.3184 - val_loss: 0.3924
Epoch 24/500
 - 7s - loss: 0.3118 - val_loss: 0.4038
Epoch 25/500
 - 7s - loss: 0.3102 - val_loss: 0.4191
Epoch 26/500
 - 7s - loss: 0.3067 - val_loss: 0.4367
Epoch 27/500
 - 7s - loss: 0.3063 - val_loss: 0.4213
Epoch 28/500
 - 7s - loss: 0.3010 - val_loss: 0.4188
Epoch 29/500
 - 7s - loss: 0.2970 - val_loss: 0.4278
Epoch 30/500
 - 7s - loss: 0.2939 - val_loss: 0.4468
Epoch 31/500
 - 7s - loss: 0.2905 - val_loss: 0.4234
Epoch 32/500
 - 7s - loss: 0.2859 - val_loss: 0.4224
Epoch 33/500
 - 7s - loss: 0.2809 - val_loss: 0.4175
Epoch 34/500
 - 7s - loss: 0.2741 - val_loss: 0.4345
Epoch 35/500
 - 7s - loss: 0.2692 - val_loss: 0.4365
Epoch 36/500
 - 7s - loss: 0.2678 - val_loss: 0.4310
Epoch 37/500
 - 7s - loss: 0.2661 - val_loss: 0.4467
Epoch 38/500
 - 7s - loss: 0.2599 - val_loss: 0.4297
Epoch 39/500
 - 7s - loss: 0.2593 - val_loss: 0.4402
Epoch 40/500
 - 5s - loss: 0.2550 - val_loss: 0.4269
Epoch 41/500
 - 5s - loss: 0.2538 - val_loss: 0.4302
Epoch 42/500
 - 3s - loss: 0.2541 - val_loss: 0.4456
Epoch 43/500
 - 2s - loss: 0.2543 - val_loss: 0.4335
Epoch 44/500
 - 2s - loss: 0.2457 - val_loss: 0.4355
Epoch 45/500
 - 7s - loss: 0.2463 - val_loss: 0.4446
Epoch 46/500
 - 7s - loss: 0.2428 - val_loss: 0.4335
Epoch 47/500
 - 7s - loss: 0.2431 - val_loss: 0.4349
Epoch 48/500
 - 7s - loss: 0.2450 - val_loss: 0.4283
Epoch 49/500
 - 7s - loss: 0.2435 - val_loss: 0.4338
Epoch 50/500
 - 7s - loss: 0.2431 - val_loss: 0.4349
Epoch 51/500
 - 7s - loss: 0.2379 - val_loss: 0.4470
Epoch 52/500
 - 7s - loss: 0.2382 - val_loss: 0.4491
Epoch 53/500
 - 7s - loss: 0.2389 - val_loss: 0.4384
Epoch 54/500
 - 7s - loss: 0.2319 - val_loss: 0.4378
Epoch 55/500
 - 7s - loss: 0.2315 - val_loss: 0.4405
Epoch 56/500
 - 7s - loss: 0.2324 - val_loss: 0.4363
Epoch 57/500
 - 7s - loss: 0.2359 - val_loss: 0.4416
Epoch 58/500
 - 7s - loss: 0.2328 - val_loss: 0.4426
Epoch 59/500
 - 7s - loss: 0.2257 - val_loss: 0.4426
Epoch 60/500
 - 7s - loss: 0.2342 - val_loss: 0.4418
Epoch 61/500
 - 7s - loss: 0.2329 - val_loss: 0.4440
Epoch 62/500
 - 7s - loss: 0.2322 - val_loss: 0.4394
Epoch 63/500
 - 7s - loss: 0.2332 - val_loss: 0.4456
/usr/lib/python3.5/importlib/_bootstrap.py:222: RuntimeWarning: numpy.dtype size changed, may indicate binary incompatibility. Expected 96, got 88
Load model for predictions...
  return f(*args, **kwds)
Using TensorFlow backend.
/usr/lib/python3.5/importlib/_bootstrap.py:222: RuntimeWarning: numpy.dtype size changed, may indicate binary incompatibility. Expected 96, got 88
  return f(*args, **kwds)
/usr/lib/python3.5/importlib/_bootstrap.py:222: RuntimeWarning: numpy.dtype size changed, may indicate binary incompatibility. Expected 96, got 88
  return f(*args, **kwds)
imported keras API for model creation
creating stateless cudnn lstm model
Model loaded from checkpoint
_________________________________________________________________
Layer (type)                 Output Shape              Param #   
=================================================================
cu_dnnlstm_3 (CuDNNLSTM)     (None, 28, 100)           49600     
_________________________________________________________________
batch_normalization_3 (Batch (None, 28, 100)           400       
_________________________________________________________________
cu_dnnlstm_4 (CuDNNLSTM)     (None, 100)               80800     
_________________________________________________________________
batch_normalization_4 (Batch (None, 100)               400       
_________________________________________________________________
time_output (Dense)          (None, 1)                 101       
=================================================================
Total params: 131,301
Trainable params: 130,901
Non-trainable params: 400
_________________________________________________________________
Make predictions...
sequences: 1314
finished prediction
tensorflow session cleaned
[Log] Finished process for: /bin/bash -c "python3 caise2019_c2k.py"
[Log] Process finished.
