[Log] Cleaned working directory
[Log] Finished work package
[Log] Fetch work.
[Log] Training Work package received from server: caise2019_bpic2012 753f7212-5191-4338-a019-719bd0a6d1c3
[Log] Cleaned working directory
[Log] Deserializing 26 files 
[Log] Deserializing /root/app/workdir/caise2019_bpic2012.py
[Log] Deserializing /root/app/workdir/caise2019_bpic2017.py
[Log] Deserializing /root/app/workdir/caise2019_bpic2018.py
[Log] Deserializing /root/app/workdir/caise2019_c2k.py
[Log] Deserializing /root/app/workdir/caise2019_tt.py
[Log] Deserializing /root/app/workdir/requirements.txt
[Log] Deserializing /root/app/workdir/requirements_gpu.txt
[Log] Deserializing /root/app/workdir/version.xml
[Log] Deserializing /root/app/workdir/datadefinitions/bpi2012.py
[Log] Deserializing /root/app/workdir/datadefinitions/bpi2017.py
[Log] Deserializing /root/app/workdir/datadefinitions/bpi2018.py
[Log] Deserializing /root/app/workdir/datadefinitions/cargo2000.py
[Log] Deserializing /root/app/workdir/datadefinitions/cargo2000generic.py
[Log] Deserializing /root/app/workdir/datadefinitions/generic.py
[Log] Deserializing /root/app/workdir/datadefinitions/transformingtransport.py
[Log] Deserializing /root/app/workdir/datasets/bpi2012.csv
[Log] Deserializing /root/app/workdir/utility/configuration.py
[Log] Deserializing /root/app/workdir/utility/dataoperations.py
[Log] Deserializing /root/app/workdir/utility/enums.py
[Log] Deserializing /root/app/workdir/utility/exceptions.py
[Log] Deserializing /root/app/workdir/utility/generator.py
[Log] Deserializing /root/app/workdir/utility/hyperparameteroptimization.py
[Log] Deserializing /root/app/workdir/utility/models.py
[Log] Deserializing /root/app/workdir/utility/preprocessing.py
[Log] Deserializing /root/app/workdir/utility/regularization.py
[Log] Deserializing /root/app/workdir/utility/run.py
[Log] Deserialized 26 files
[Log] Processing training work package
[Log] Create worker process.
[Log] Create process for: /bin/bash -c "python3 caise2019_bpic2012.py" in /root/app/workdir
[Log] Starting process for: /bin/bash -c "python3 caise2019_bpic2012.py"
2019-02-24 13:23:06.130758: I tensorflow/core/platform/cpu_feature_guard.cc:141] Your CPU supports instructions that this TensorFlow binary was not compiled to use: AVX2 FMA
2019-02-24 13:23:06.205226: I tensorflow/stream_executor/cuda/cuda_gpu_executor.cc:897] successful NUMA node read from SysFS had negative value (-1), but there must be at least one NUMA node, so returning NUMA node zero
2019-02-24 13:23:06.205771: I tensorflow/core/common_runtime/gpu/gpu_device.cc:1392] Found device 0 with properties: 
name: GeForce GTX 1060 6GB major: 6 minor: 1 memoryClockRate(GHz): 1.7715
pciBusID: 0000:01:00.0
totalMemory: 5.93GiB freeMemory: 5.55GiB
2019-02-24 13:23:06.205786: I tensorflow/core/common_runtime/gpu/gpu_device.cc:1471] Adding visible gpu devices: 0
2019-02-24 13:23:06.800978: I tensorflow/core/common_runtime/gpu/gpu_device.cc:952] Device interconnect StreamExecutor with strength 1 edge matrix:
2019-02-24 13:23:06.801004: I tensorflow/core/common_runtime/gpu/gpu_device.cc:958]      0 
2019-02-24 13:23:06.801010: I tensorflow/core/common_runtime/gpu/gpu_device.cc:971] 0:   N 
2019-02-24 13:23:06.801199: I tensorflow/core/common_runtime/gpu/gpu_device.cc:1084] Created TensorFlow device (/job:localhost/replica:0/task:0/device:GPU:0 with 5323 MB memory) -> physical GPU (device: 0, name: GeForce GTX 1060 6GB, pci bus id: 0000:01:00.0, compute capability: 6.1)
testdata_split defined: 0.3333
dropout defined: 0.1
bagging defined: True
gradientclipvalue defined: 3
batch_size defined: 64
layers defined: 2
validationdata_split defined: 0.2
datageneration_pattern defined: DataGenerationPattern.Generator
traindata_duplicate defined: 0
cudnn defined: True
max_sequencelength defined: 150000
max_epochs defined: 500
patience_reducelr defined: 10
bidirectional defined: False
bagging_putback defined: True
patience_earlystopping defined: 40
traindata_split_index defined: 0
datadefinition defined: <datadefinitions.bpi2012.BPI2012 object at 0x7fcbb3283e48>
running defined: 0
traindata_shuffle defined: False
tensorboard defined: False
learningrate defined: 0.002
bagging_size defined: 0.6
processor defined: Processor.GPU
rnntype defined: RnnType.LSTM
traindata_split defined: 1
verbose defined: False
neurons defined: 100
save_model defined: True
keras version: 2.2.2
tensorflow version: 1.9.0
tensorflow session cleaned
multi process gpu usage: enabled
tensorflow configured
no value found for datadefinition.featureweight at index 4, setting default value
no value found for datadefinition.featureweight at index 5, setting default value
read 190827 rows
sequences truncated to 150000
offset0: null
offset1: null
offset2: 0
offset3: 0
offset4: null
offset5: null
divisor0: null
divisor1: null
divisor2: 4.770425059696304
divisor3: 9547.828404708018
divisor4: null
divisor5: null
maxlen 106 
total chars: 23, target chars: 24
characters:  ['A', 'B', 'C', 'D', 'E', 'F', 'G', 'H', 'I', 'J', 'K', 'L', 'M', 'N', 'O', 'P', 'Q', 'R', 'S', 'T', 'U', 'V', 'W']
unique characters:  ['A', 'B', 'C', 'D', 'E', 'F', 'G', 'H', 'I', 'J', 'K', 'L', 'M', 'N', 'O', 'P', 'Q', 'R', 'S', 'T', 'U', 'V', 'W']
total chars: 68, target chars: 69
characters:  ['10124', '10125', '10138', '10188', '10228', '10609', '10629', '10779', '10789', '10809', '10821', '10859', '10861', '10862', '10863', '10880', '10881', '10889', '10899', '10909', '10910', '10912', '10913', '10914', '10929', '10931', '10932', '10933', '10935', '10939', '10971', '10972', '10982', '11000', '11001', '11002', '11003', '11009', '11019', '11029', '11049', '11079', '11111', '11119', '11120', '11121', '11122', '11169', '11179', '11180', '11181', '11189', '112', '11200', '11201', '11202', '11203', '11254', '11259', '11269', '11289', '11299', '11300', '11302', '11304', '11309', '11319', '11339']
unique characters:  ['0', '1', '2', '3', '4', '5', '6', '7', '8', '9']
total chars: 2, target chars: 3
characters:  ['False', 'True']
unique characters:  ['F', 'T', 'a', 'e', 'l', 'r', 's', 'u']
category vectors length: 91
num features: 94
6980 sequences in train data
4362 sequences in test data
1745 sequences in validation data
6980 elements before bagging with putback True
4188 elements after bagging with putback True
created generator with with 4188 sequences and 61882 sentences
created generator with with 1745 sequences and 26772 sentences
created sentence generators
Generators detected: Vectorization will be performed during runtime
Build model...
imported keras API for model creation
creating stateless cudnn lstm model
_________________________________________________________________
Layer (type)                 Output Shape              Param #   
=================================================================
cu_dnnlstm_1 (CuDNNLSTM)     (None, 106, 100)          78400     
_________________________________________________________________
batch_normalization_1 (Batch (None, 106, 100)          400       
_________________________________________________________________
cu_dnnlstm_2 (CuDNNLSTM)     (None, 100)               80800     
_________________________________________________________________
batch_normalization_2 (Batch (None, 100)               400       
_________________________________________________________________
time_output (Dense)          (None, 1)                 101       
=================================================================
Total params: 160,101
Trainable params: 159,701
Non-trainable params: 400
_________________________________________________________________
Epoch 1/500
 - 52s - loss: 0.4361 - val_loss: 0.5365
Epoch 2/500
 - 62s - loss: 0.3917 - val_loss: 0.5590
Epoch 3/500
 - 62s - loss: 0.3816 - val_loss: 0.3819
Epoch 4/500
 - 62s - loss: 0.3771 - val_loss: 0.3317
Epoch 5/500
 - 62s - loss: 0.3763 - val_loss: 0.3353
Epoch 6/500
 - 61s - loss: 0.3693 - val_loss: 0.3146
Epoch 7/500
 - 62s - loss: 0.3666 - val_loss: 0.4303
Epoch 8/500
 - 62s - loss: 0.3610 - val_loss: 0.2908
Epoch 9/500
 - 61s - loss: 0.3567 - val_loss: 0.3856
Epoch 10/500
 - 62s - loss: 0.3582 - val_loss: 0.3012
Epoch 11/500
 - 61s - loss: 0.3542 - val_loss: 0.2871
Epoch 12/500
 - 61s - loss: 0.3551 - val_loss: 0.2948
Epoch 13/500
 - 61s - loss: 0.3539 - val_loss: 0.3961
Epoch 14/500
 - 61s - loss: 0.3541 - val_loss: 0.2953
Epoch 15/500
 - 61s - loss: 0.3531 - val_loss: 0.2890
Epoch 16/500
 - 61s - loss: 0.3493 - val_loss: 0.3089
Epoch 17/500
 - 62s - loss: 0.3530 - val_loss: 0.3017
Epoch 18/500
 - 61s - loss: 0.3550 - val_loss: 0.2975
Epoch 19/500
 - 62s - loss: 0.3530 - val_loss: 0.3214
Epoch 20/500
 - 61s - loss: 0.3505 - val_loss: 0.3341
Epoch 21/500
 - 61s - loss: 0.3537 - val_loss: 0.4127
Epoch 22/500
 - 61s - loss: 0.3510 - val_loss: 0.3014
Epoch 23/500
 - 62s - loss: 0.3505 - val_loss: 0.3098
Epoch 24/500
 - 61s - loss: 0.3475 - val_loss: 0.2836
Epoch 25/500
 - 61s - loss: 0.3526 - val_loss: 0.3037
Epoch 26/500
 - 56s - loss: 0.3493 - val_loss: 0.3103
Epoch 27/500
 - 57s - loss: 0.3495 - val_loss: 0.2992
Epoch 28/500
 - 62s - loss: 0.3513 - val_loss: 0.3022
Epoch 29/500
 - 62s - loss: 0.3449 - val_loss: 0.3059
Epoch 30/500
 - 62s - loss: 0.3474 - val_loss: 0.3121
Epoch 31/500
 - 62s - loss: 0.3454 - val_loss: 0.3271
Epoch 32/500
 - 62s - loss: 0.3463 - val_loss: 0.2977
Epoch 33/500
 - 62s - loss: 0.3444 - val_loss: 0.3039
Epoch 34/500
 - 62s - loss: 0.3485 - val_loss: 0.2913
Epoch 35/500
 - 62s - loss: 0.3479 - val_loss: 0.3124
Epoch 36/500
 - 61s - loss: 0.3421 - val_loss: 0.2920
Epoch 37/500
 - 62s - loss: 0.3446 - val_loss: 0.3084
Epoch 38/500
 - 62s - loss: 0.3419 - val_loss: 0.2949
Epoch 39/500
 - 62s - loss: 0.3411 - val_loss: 0.2978
Epoch 40/500
 - 61s - loss: 0.3414 - val_loss: 0.2890
Epoch 41/500
 - 61s - loss: 0.3433 - val_loss: 0.2910
Epoch 42/500
 - 61s - loss: 0.3428 - val_loss: 0.3054
Epoch 43/500
 - 61s - loss: 0.3432 - val_loss: 0.3088
Epoch 44/500
 - 62s - loss: 0.3436 - val_loss: 0.2932
Epoch 45/500
 - 61s - loss: 0.3420 - val_loss: 0.2987
Epoch 46/500
 - 61s - loss: 0.3350 - val_loss: 0.2887
Epoch 47/500
 - 62s - loss: 0.3409 - val_loss: 0.3017
Epoch 48/500
 - 61s - loss: 0.3383 - val_loss: 0.2970
Epoch 49/500
 - 61s - loss: 0.3377 - val_loss: 0.2911
Epoch 50/500
 - 62s - loss: 0.3444 - val_loss: 0.2952
Epoch 51/500
 - 62s - loss: 0.3326 - val_loss: 0.2909
Epoch 52/500
 - 62s - loss: 0.3394 - val_loss: 0.2976
Epoch 53/500
 - 52s - loss: 0.3432 - val_loss: 0.2948
Epoch 54/500
 - 61s - loss: 0.3422 - val_loss: 0.3109
Epoch 55/500
 - 62s - loss: 0.3402 - val_loss: 0.2911
Epoch 56/500
 - 62s - loss: 0.3431 - val_loss: 0.2927
Epoch 57/500
 - 62s - loss: 0.3430 - val_loss: 0.3024
Epoch 58/500
 - 62s - loss: 0.3309 - val_loss: 0.2941
Epoch 59/500
 - 62s - loss: 0.3369 - val_loss: 0.2941
Epoch 60/500
 - 62s - loss: 0.3363 - val_loss: 0.2936
Epoch 61/500
 - 61s - loss: 0.3340 - val_loss: 0.2971
Epoch 62/500
 - 61s - loss: 0.3386 - val_loss: 0.2914
Epoch 63/500
 - 62s - loss: 0.3365 - val_loss: 0.2958
Epoch 64/500
 - 61s - loss: 0.3409 - val_loss: 0.2948
/usr/lib/python3.5/importlib/_bootstrap.py:222: RuntimeWarning: numpy.dtype size changed, may indicate binary incompatibility. Expected 96, got 88
Load model for predictions...
  return f(*args, **kwds)
Using TensorFlow backend.
/usr/lib/python3.5/importlib/_bootstrap.py:222: RuntimeWarning: numpy.dtype size changed, may indicate binary incompatibility. Expected 96, got 88
  return f(*args, **kwds)
/usr/lib/python3.5/importlib/_bootstrap.py:222: RuntimeWarning: numpy.dtype size changed, may indicate binary incompatibility. Expected 96, got 88
imported keras API for model creation
  return f(*args, **kwds)
creating stateless cudnn lstm model
Model loaded from checkpoint
_________________________________________________________________
Layer (type)                 Output Shape              Param #   
=================================================================
cu_dnnlstm_3 (CuDNNLSTM)     (None, 106, 100)          78400     
_________________________________________________________________
batch_normalization_3 (Batch (None, 106, 100)          400       
_________________________________________________________________
cu_dnnlstm_4 (CuDNNLSTM)     (None, 100)               80800     
_________________________________________________________________
batch_normalization_4 (Batch (None, 100)               400       
_________________________________________________________________
time_output (Dense)          (None, 1)                 101       
=================================================================
Total params: 160,101
Trainable params: 159,701
Non-trainable params: 400
_________________________________________________________________
Make predictions...
sequences: 4362
finished prediction
tensorflow session cleaned
[Log] Finished process for: /bin/bash -c "python3 caise2019_bpic2012.py"
[Log] Process finished.
