[Log] Serializing /root/app/workdir/0-model.h5
[Log] Serializing /root/app/workdir/0-epochlogs.epochlog
[Log] Serializing /root/app/workdir/0-results.csv
[Log] Serializing /root/app/workdir/datadefinitions/__pycache__/cargo2000.cpython-35.pyc
[Log] Serializing /root/app/workdir/datadefinitions/__pycache__/generic.cpython-35.pyc
[Log] Serializing /root/app/workdir/utility/__pycache__/run.cpython-35.pyc
[Log] Serializing /root/app/workdir/utility/__pycache__/configuration.cpython-35.pyc
[Log] Serializing /root/app/workdir/utility/__pycache__/models.cpython-35.pyc
[Log] Serializing /root/app/workdir/utility/__pycache__/regularization.cpython-35.pyc
[Log] Serializing /root/app/workdir/utility/__pycache__/hyperparameteroptimization.cpython-35.pyc
[Log] Serializing /root/app/workdir/utility/__pycache__/dataoperations.cpython-35.pyc
[Log] Serializing /root/app/workdir/utility/__pycache__/enums.cpython-35.pyc
[Log] Serializing /root/app/workdir/utility/__pycache__/preprocessing.cpython-35.pyc
[Log] Serializing /root/app/workdir/utility/__pycache__/generator.cpython-35.pyc
[Log] Serializing /root/app/workdir/utility/__pycache__/exceptions.cpython-35.pyc
Send training results
[Log] Cleaned working directory
[Log] Finished work package
[Log] Fetch work.
Results sent.
[Log] Training Work package received from server: caise2019_cargo2000 c204d882-1219-4dde-9bb0-2b27cdbc4e85
[Log] Cleaned working directory
[Log] Deserializing 26 files 
[Log] Deserializing /root/app/workdir/caise2019_bpic2012.py
[Log] Deserializing /root/app/workdir/caise2019_bpic2017.py
[Log] Deserializing /root/app/workdir/caise2019_bpic2018.py
[Log] Deserializing /root/app/workdir/caise2019_c2k.py
[Log] Deserializing /root/app/workdir/caise2019_tt.py
[Log] Deserializing /root/app/workdir/requirements.txt
[Log] Deserializing /root/app/workdir/requirements_gpu.txt
[Log] Deserializing /root/app/workdir/version.xml
[Log] Deserializing /root/app/workdir/datadefinitions/bpi2012.py
[Log] Deserializing /root/app/workdir/datadefinitions/bpi2017.py
[Log] Deserializing /root/app/workdir/datadefinitions/bpi2018.py
[Log] Deserializing /root/app/workdir/datadefinitions/cargo2000.py
[Log] Deserializing /root/app/workdir/datadefinitions/cargo2000generic.py
[Log] Deserializing /root/app/workdir/datadefinitions/generic.py
[Log] Deserializing /root/app/workdir/datadefinitions/transformingtransport.py
[Log] Deserializing /root/app/workdir/datasets/cargo2000.csv
[Log] Deserializing /root/app/workdir/utility/configuration.py
[Log] Deserializing /root/app/workdir/utility/dataoperations.py
[Log] Deserializing /root/app/workdir/utility/enums.py
[Log] Deserializing /root/app/workdir/utility/exceptions.py
[Log] Deserializing /root/app/workdir/utility/generator.py
[Log] Deserializing /root/app/workdir/utility/hyperparameteroptimization.py
[Log] Deserializing /root/app/workdir/utility/models.py
[Log] Deserializing /root/app/workdir/utility/preprocessing.py
[Log] Deserializing /root/app/workdir/utility/regularization.py
[Log] Deserializing /root/app/workdir/utility/run.py
[Log] Deserialized 26 files
[Log] Processing training work package
[Log] Create worker process.
[Log] Create process for: /bin/bash -c "python3 caise2019_c2k.py" in /root/app/workdir
[Log] Starting process for: /bin/bash -c "python3 caise2019_c2k.py"
2019-02-26 07:31:58.644419: I tensorflow/core/platform/cpu_feature_guard.cc:141] Your CPU supports instructions that this TensorFlow binary was not compiled to use: AVX2 FMA
2019-02-26 07:31:58.718478: I tensorflow/stream_executor/cuda/cuda_gpu_executor.cc:897] successful NUMA node read from SysFS had negative value (-1), but there must be at least one NUMA node, so returning NUMA node zero
2019-02-26 07:31:58.718979: I tensorflow/core/common_runtime/gpu/gpu_device.cc:1392] Found device 0 with properties: 
name: GeForce GTX 1060 6GB major: 6 minor: 1 memoryClockRate(GHz): 1.7715
pciBusID: 0000:01:00.0
totalMemory: 5.93GiB freeMemory: 5.55GiB
2019-02-26 07:31:58.719011: I tensorflow/core/common_runtime/gpu/gpu_device.cc:1471] Adding visible gpu devices: 0
2019-02-26 07:31:59.304968: I tensorflow/core/common_runtime/gpu/gpu_device.cc:952] Device interconnect StreamExecutor with strength 1 edge matrix:
2019-02-26 07:31:59.305000: I tensorflow/core/common_runtime/gpu/gpu_device.cc:958]      0 
2019-02-26 07:31:59.305007: I tensorflow/core/common_runtime/gpu/gpu_device.cc:971] 0:   N 
2019-02-26 07:31:59.305185: I tensorflow/core/common_runtime/gpu/gpu_device.cc:1084] Created TensorFlow device (/job:localhost/replica:0/task:0/device:GPU:0 with 5323 MB memory) -> physical GPU (device: 0, name: GeForce GTX 1060 6GB, pci bus id: 0000:01:00.0, compute capability: 6.1)
traindata_split_index defined: 0
traindata_split defined: 1
max_sequencelength defined: 150000
max_epochs defined: 500
datageneration_pattern defined: DataGenerationPattern.Fit
validationdata_split defined: 0.2
rnntype defined: RnnType.LSTM
gradientclipvalue defined: 3
bidirectional defined: False
processor defined: Processor.GPU
tensorboard defined: False
save_model defined: True
neurons defined: 100
verbose defined: False
testdata_split defined: 0.3333
cudnn defined: True
datadefinition defined: <datadefinitions.cargo2000.Cargo2000 object at 0x7faadc7b2e10>
bagging_size defined: 0.6
traindata_shuffle defined: False
patience_reducelr defined: 10
running defined: 0
learningrate defined: 0.002
bagging_putback defined: True
traindata_duplicate defined: 0
layers defined: 2
dropout defined: 0.1
patience_earlystopping defined: 40
bagging defined: True
batch_size defined: 64
keras version: 2.2.2
tensorflow version: 1.9.0
tensorflow session cleaned
multi process gpu usage: enabled
tensorflow configured
read 56082 rows
sequences truncated to 150000
offset0: null
offset1: 0
offset2: 0
offset3: 0
offset4: 0
offset5: 0
offset6: 0
offset7: 0
offset8: 0
divisor0: null
divisor1: 1153.615438108484
divisor2: 6666.367996861738
divisor3: 1412.8796226953389
divisor4: 1638.5187047537534
divisor5: 7332.0577368852755
divisor6: 17233.036482293785
divisor7: 17819.202310901892
divisor8: 1988.1400092721371
maxlen 28 
total chars: 16, target chars: 17
characters:  ['1', '10', '11', '12', '13', '14', '15', '16', '2', '3', '4', '5', '6', '7', '8', '9']
unique characters:  ['0', '1', '2', '3', '4', '5', '6', '7', '8', '9']
category vectors length: 16
num features: 22
2102 sequences in train data
1314 sequences in test data
526 sequences in validation data
2102 elements before bagging with putback True
1261 elements after bagging with putback True
perform full in-memory sentence generation
train_sentences: 17920
validation_sentences: 7440
Vectorization...
Build model...
imported keras API for model creation
creating stateless cudnn lstm model
_________________________________________________________________
Layer (type)                 Output Shape              Param #   
=================================================================
cu_dnnlstm_1 (CuDNNLSTM)     (None, 28, 100)           49600     
_________________________________________________________________
batch_normalization_1 (Batch (None, 28, 100)           400       
_________________________________________________________________
cu_dnnlstm_2 (CuDNNLSTM)     (None, 100)               80800     
_________________________________________________________________
batch_normalization_2 (Batch (None, 100)               400       
_________________________________________________________________
time_output (Dense)          (None, 1)                 101       
=================================================================
Total params: 131,301
Trainable params: 130,901
Non-trainable params: 400
_________________________________________________________________
Train on 17920 samples, validate on 7440 samples
Epoch 1/500
 - 9s - loss: 0.4488 - val_loss: 0.4073
Epoch 2/500
 - 7s - loss: 0.3600 - val_loss: 0.3968
Epoch 3/500
 - 7s - loss: 0.3541 - val_loss: 0.3967
Epoch 4/500
 - 7s - loss: 0.3530 - val_loss: 0.4092
Epoch 5/500
 - 7s - loss: 0.3459 - val_loss: 0.4032
Epoch 6/500
 - 7s - loss: 0.3450 - val_loss: 0.4463
Epoch 7/500
 - 7s - loss: 0.3410 - val_loss: 0.4189
Epoch 8/500
 - 7s - loss: 0.3371 - val_loss: 0.3841
Epoch 9/500
 - 7s - loss: 0.3359 - val_loss: 0.4158
Epoch 10/500
 - 7s - loss: 0.3338 - val_loss: 0.3865
Epoch 11/500
 - 7s - loss: 0.3307 - val_loss: 0.4118
Epoch 12/500
 - 7s - loss: 0.3281 - val_loss: 0.3788
Epoch 13/500
 - 7s - loss: 0.3267 - val_loss: 0.3985
Epoch 14/500
 - 7s - loss: 0.3238 - val_loss: 0.3815
Epoch 15/500
 - 7s - loss: 0.3201 - val_loss: 0.3900
Epoch 16/500
 - 7s - loss: 0.3170 - val_loss: 0.3889
Epoch 17/500
 - 7s - loss: 0.3147 - val_loss: 0.3925
Epoch 18/500
 - 7s - loss: 0.3095 - val_loss: 0.4172
Epoch 19/500
 - 7s - loss: 0.3043 - val_loss: 0.3992
Epoch 20/500
 - 7s - loss: 0.2984 - val_loss: 0.4074
Epoch 21/500
 - 7s - loss: 0.2945 - val_loss: 0.4164
Epoch 22/500
 - 7s - loss: 0.2884 - val_loss: 0.4370
Epoch 23/500
 - 7s - loss: 0.2699 - val_loss: 0.4334
Epoch 24/500
 - 7s - loss: 0.2648 - val_loss: 0.4484
Epoch 25/500
 - 7s - loss: 0.2571 - val_loss: 0.4271
Epoch 26/500
 - 7s - loss: 0.2564 - val_loss: 0.4300
Epoch 27/500
 - 7s - loss: 0.2503 - val_loss: 0.4322
Epoch 28/500
 - 7s - loss: 0.2443 - val_loss: 0.4349
Epoch 29/500
 - 7s - loss: 0.2417 - val_loss: 0.4384
Epoch 30/500
 - 7s - loss: 0.2401 - val_loss: 0.4316
Epoch 31/500
 - 7s - loss: 0.2395 - val_loss: 0.4527
Epoch 32/500
 - 7s - loss: 0.2351 - val_loss: 0.4336
Epoch 33/500
 - 7s - loss: 0.2262 - val_loss: 0.4336
Epoch 34/500
 - 7s - loss: 0.2250 - val_loss: 0.4451
Epoch 35/500
 - 7s - loss: 0.2222 - val_loss: 0.4378
Epoch 36/500
 - 7s - loss: 0.2217 - val_loss: 0.4424
Epoch 37/500
 - 7s - loss: 0.2214 - val_loss: 0.4458
Epoch 38/500
 - 7s - loss: 0.2176 - val_loss: 0.4442
Epoch 39/500
 - 7s - loss: 0.2174 - val_loss: 0.4392
Epoch 40/500
 - 7s - loss: 0.2130 - val_loss: 0.4421
Epoch 41/500
 - 7s - loss: 0.2118 - val_loss: 0.4445
Epoch 42/500
 - 7s - loss: 0.2120 - val_loss: 0.4474
Epoch 43/500
 - 7s - loss: 0.2053 - val_loss: 0.4487
Epoch 44/500
 - 7s - loss: 0.2040 - val_loss: 0.4477
Epoch 45/500
 - 7s - loss: 0.2033 - val_loss: 0.4455
Epoch 46/500
 - 7s - loss: 0.2006 - val_loss: 0.4500
Epoch 47/500
 - 7s - loss: 0.2002 - val_loss: 0.4517
Epoch 48/500
 - 7s - loss: 0.1993 - val_loss: 0.4565
Epoch 49/500
 - 7s - loss: 0.1966 - val_loss: 0.4533
Epoch 50/500
 - 7s - loss: 0.1963 - val_loss: 0.4570
Epoch 51/500
 - 7s - loss: 0.1972 - val_loss: 0.4516
Epoch 52/500
 - 7s - loss: 0.1950 - val_loss: 0.4529
Load model for predictions...
/usr/lib/python3.5/importlib/_bootstrap.py:222: RuntimeWarning: numpy.dtype size changed, may indicate binary incompatibility. Expected 96, got 88
  return f(*args, **kwds)
Using TensorFlow backend.
/usr/lib/python3.5/importlib/_bootstrap.py:222: RuntimeWarning: numpy.dtype size changed, may indicate binary incompatibility. Expected 96, got 88
  return f(*args, **kwds)
/usr/lib/python3.5/importlib/_bootstrap.py:222: RuntimeWarning: numpy.dtype size changed, may indicate binary incompatibility. Expected 96, got 88
  return f(*args, **kwds)
imported keras API for model creation
creating stateless cudnn lstm model
Model loaded from checkpoint
_________________________________________________________________
Layer (type)                 Output Shape              Param #   
=================================================================
cu_dnnlstm_3 (CuDNNLSTM)     (None, 28, 100)           49600     
_________________________________________________________________
batch_normalization_3 (Batch (None, 28, 100)           400       
_________________________________________________________________
cu_dnnlstm_4 (CuDNNLSTM)     (None, 100)               80800     
_________________________________________________________________
batch_normalization_4 (Batch (None, 100)               400       
_________________________________________________________________
time_output (Dense)          (None, 1)                 101       
=================================================================
Total params: 131,301
Trainable params: 130,901
Non-trainable params: 400
_________________________________________________________________
Make predictions...
sequences: 1314
finished prediction
tensorflow session cleaned
[Log] Finished process for: /bin/bash -c "python3 caise2019_c2k.py"
[Log] Process finished.
