[Log] Serializing /root/app/workdir/0-model.h5
[Log] Serializing /root/app/workdir/0-results.csv
[Log] Serializing /root/app/workdir/0-epochlogs.epochlog
[Log] Serializing /root/app/workdir/datadefinitions/__pycache__/generic.cpython-35.pyc
[Log] Serializing /root/app/workdir/datadefinitions/__pycache__/cargo2000.cpython-35.pyc
[Log] Serializing /root/app/workdir/utility/__pycache__/exceptions.cpython-35.pyc
[Log] Serializing /root/app/workdir/utility/__pycache__/models.cpython-35.pyc
[Log] Serializing /root/app/workdir/utility/__pycache__/run.cpython-35.pyc
[Log] Serializing /root/app/workdir/utility/__pycache__/configuration.cpython-35.pyc
[Log] Serializing /root/app/workdir/utility/__pycache__/regularization.cpython-35.pyc
[Log] Serializing /root/app/workdir/utility/__pycache__/generator.cpython-35.pyc
[Log] Serializing /root/app/workdir/utility/__pycache__/enums.cpython-35.pyc
[Log] Serializing /root/app/workdir/utility/__pycache__/dataoperations.cpython-35.pyc
[Log] Serializing /root/app/workdir/utility/__pycache__/preprocessing.cpython-35.pyc
[Log] Serializing /root/app/workdir/utility/__pycache__/hyperparameteroptimization.cpython-35.pyc
Send training results
[Log] Cleaned working directory
[Log] Finished work package
[Log] Fetch work.
Results sent.
[Log] Training Work package received from server: caise2019_cargo2000 c4079688-7419-45a6-b684-a7817d586a56
[Log] Cleaned working directory
[Log] Deserializing 26 files 
[Log] Deserializing /root/app/workdir/caise2019_bpic2012.py
[Log] Deserializing /root/app/workdir/caise2019_bpic2017.py
[Log] Deserializing /root/app/workdir/caise2019_bpic2018.py
[Log] Deserializing /root/app/workdir/caise2019_c2k.py
[Log] Deserializing /root/app/workdir/caise2019_tt.py
[Log] Deserializing /root/app/workdir/requirements.txt
[Log] Deserializing /root/app/workdir/requirements_gpu.txt
[Log] Deserializing /root/app/workdir/version.xml
[Log] Deserializing /root/app/workdir/datadefinitions/bpi2012.py
[Log] Deserializing /root/app/workdir/datadefinitions/bpi2017.py
[Log] Deserializing /root/app/workdir/datadefinitions/bpi2018.py
[Log] Deserializing /root/app/workdir/datadefinitions/cargo2000.py
[Log] Deserializing /root/app/workdir/datadefinitions/cargo2000generic.py
[Log] Deserializing /root/app/workdir/datadefinitions/generic.py
[Log] Deserializing /root/app/workdir/datadefinitions/transformingtransport.py
[Log] Deserializing /root/app/workdir/datasets/cargo2000.csv
[Log] Deserializing /root/app/workdir/utility/configuration.py
[Log] Deserializing /root/app/workdir/utility/dataoperations.py
[Log] Deserializing /root/app/workdir/utility/enums.py
[Log] Deserializing /root/app/workdir/utility/exceptions.py
[Log] Deserializing /root/app/workdir/utility/generator.py
[Log] Deserializing /root/app/workdir/utility/hyperparameteroptimization.py
[Log] Deserializing /root/app/workdir/utility/models.py
[Log] Deserializing /root/app/workdir/utility/preprocessing.py
[Log] Deserializing /root/app/workdir/utility/regularization.py
[Log] Deserializing /root/app/workdir/utility/run.py
[Log] Deserialized 26 files
[Log] Processing training work package
[Log] Create worker process.
[Log] Create process for: /bin/bash -c "python3 caise2019_c2k.py" in /root/app/workdir
[Log] Starting process for: /bin/bash -c "python3 caise2019_c2k.py"
2019-02-26 07:21:24.581961: I tensorflow/core/platform/cpu_feature_guard.cc:141] Your CPU supports instructions that this TensorFlow binary was not compiled to use: AVX2 FMA
2019-02-26 07:21:24.651174: I tensorflow/stream_executor/cuda/cuda_gpu_executor.cc:897] successful NUMA node read from SysFS had negative value (-1), but there must be at least one NUMA node, so returning NUMA node zero
2019-02-26 07:21:24.651655: I tensorflow/core/common_runtime/gpu/gpu_device.cc:1392] Found device 0 with properties: 
name: GeForce GTX 1060 6GB major: 6 minor: 1 memoryClockRate(GHz): 1.7715
pciBusID: 0000:01:00.0
totalMemory: 5.92GiB freeMemory: 5.52GiB
2019-02-26 07:21:24.651669: I tensorflow/core/common_runtime/gpu/gpu_device.cc:1471] Adding visible gpu devices: 0
2019-02-26 07:21:25.244816: I tensorflow/core/common_runtime/gpu/gpu_device.cc:952] Device interconnect StreamExecutor with strength 1 edge matrix:
2019-02-26 07:21:25.244846: I tensorflow/core/common_runtime/gpu/gpu_device.cc:958]      0 
2019-02-26 07:21:25.244856: I tensorflow/core/common_runtime/gpu/gpu_device.cc:971] 0:   N 
2019-02-26 07:21:25.245092: I tensorflow/core/common_runtime/gpu/gpu_device.cc:1084] Created TensorFlow device (/job:localhost/replica:0/task:0/device:GPU:0 with 5289 MB memory) -> physical GPU (device: 0, name: GeForce GTX 1060 6GB, pci bus id: 0000:01:00.0, compute capability: 6.1)
patience_reducelr defined: 10
rnntype defined: RnnType.LSTM
testdata_split defined: 0.3333
validationdata_split defined: 0.2
verbose defined: False
neurons defined: 100
batch_size defined: 64
running defined: 0
datadefinition defined: <datadefinitions.cargo2000.Cargo2000 object at 0x7fe91fd32e10>
cudnn defined: True
bagging_size defined: 0.6
traindata_shuffle defined: False
traindata_duplicate defined: 0
datageneration_pattern defined: DataGenerationPattern.Fit
max_sequencelength defined: 150000
save_model defined: True
gradientclipvalue defined: 3
bagging defined: True
tensorboard defined: False
processor defined: Processor.GPU
patience_earlystopping defined: 40
learningrate defined: 0.002
layers defined: 2
traindata_split_index defined: 0
bagging_putback defined: True
max_epochs defined: 500
dropout defined: 0.1
traindata_split defined: 1
bidirectional defined: False
keras version: 2.2.2
tensorflow version: 1.9.0
tensorflow session cleaned
multi process gpu usage: enabled
tensorflow configured
read 56082 rows
sequences truncated to 150000
offset0: null
offset1: 0
offset2: 0
offset3: 0
offset4: 0
offset5: 0
offset6: 0
offset7: 0
offset8: 0
divisor0: null
divisor1: 1153.615438108484
divisor2: 6666.367996861738
divisor3: 1412.8796226953389
divisor4: 1638.5187047537534
divisor5: 7332.0577368852755
divisor6: 17233.036482293785
divisor7: 17819.202310901892
divisor8: 1988.1400092721371
maxlen 28 
total chars: 16, target chars: 17
characters:  ['1', '10', '11', '12', '13', '14', '15', '16', '2', '3', '4', '5', '6', '7', '8', '9']
unique characters:  ['0', '1', '2', '3', '4', '5', '6', '7', '8', '9']
category vectors length: 16
num features: 22
2102 sequences in train data
1314 sequences in test data
526 sequences in validation data
2102 elements before bagging with putback True
1261 elements after bagging with putback True
perform full in-memory sentence generation
train_sentences: 17542
validation_sentences: 7440
Vectorization...
Build model...
imported keras API for model creation
creating stateless cudnn lstm model
_________________________________________________________________
Layer (type)                 Output Shape              Param #   
=================================================================
cu_dnnlstm_1 (CuDNNLSTM)     (None, 28, 100)           49600     
_________________________________________________________________
batch_normalization_1 (Batch (None, 28, 100)           400       
_________________________________________________________________
cu_dnnlstm_2 (CuDNNLSTM)     (None, 100)               80800     
_________________________________________________________________
batch_normalization_2 (Batch (None, 100)               400       
_________________________________________________________________
time_output (Dense)          (None, 1)                 101       
=================================================================
Total params: 131,301
Trainable params: 130,901
Non-trainable params: 400
_________________________________________________________________
Train on 17542 samples, validate on 7440 samples
Epoch 1/500
 - 9s - loss: 0.5517 - val_loss: 0.6154
Epoch 2/500
 - 7s - loss: 0.4807 - val_loss: 0.4864
Epoch 3/500
 - 7s - loss: 0.4748 - val_loss: 0.5940
Epoch 4/500
 - 7s - loss: 0.4682 - val_loss: 0.4558
Epoch 5/500
 - 7s - loss: 0.4644 - val_loss: 0.4783
Epoch 6/500
 - 7s - loss: 0.4611 - val_loss: 0.4454
Epoch 7/500
 - 7s - loss: 0.4582 - val_loss: 0.3884
Epoch 8/500
 - 7s - loss: 0.4537 - val_loss: 0.5092
Epoch 9/500
 - 7s - loss: 0.4501 - val_loss: 0.3910
Epoch 10/500
 - 7s - loss: 0.4455 - val_loss: 0.4034
Epoch 11/500
 - 7s - loss: 0.4425 - val_loss: 0.3880
Epoch 12/500
 - 7s - loss: 0.4346 - val_loss: 0.3992
Epoch 13/500
 - 7s - loss: 0.4300 - val_loss: 0.4248
Epoch 14/500
 - 7s - loss: 0.4258 - val_loss: 0.5007
Epoch 15/500
 - 7s - loss: 0.4166 - val_loss: 0.4154
Epoch 16/500
 - 7s - loss: 0.4111 - val_loss: 0.4544
Epoch 17/500
 - 7s - loss: 0.4007 - val_loss: 0.4629
Epoch 18/500
 - 7s - loss: 0.3961 - val_loss: 0.4493
Epoch 19/500
 - 7s - loss: 0.3799 - val_loss: 0.4246
Epoch 20/500
 - 7s - loss: 0.3711 - val_loss: 0.4130
Epoch 21/500
 - 7s - loss: 0.3686 - val_loss: 0.4971
Epoch 22/500
 - 7s - loss: 0.3482 - val_loss: 0.4257
Epoch 23/500
 - 7s - loss: 0.3426 - val_loss: 0.4487
Epoch 24/500
 - 7s - loss: 0.3332 - val_loss: 0.4493
Epoch 25/500
 - 7s - loss: 0.3267 - val_loss: 0.4542
Epoch 26/500
 - 7s - loss: 0.3284 - val_loss: 0.4776
Epoch 27/500
 - 7s - loss: 0.3202 - val_loss: 0.4628
Epoch 28/500
 - 7s - loss: 0.3160 - val_loss: 0.4595
Epoch 29/500
 - 7s - loss: 0.3153 - val_loss: 0.4699
Epoch 30/500
 - 7s - loss: 0.3160 - val_loss: 0.4797
Epoch 31/500
 - 7s - loss: 0.3144 - val_loss: 0.4800
Epoch 32/500
 - 7s - loss: 0.3030 - val_loss: 0.4692
Epoch 33/500
 - 6s - loss: 0.2993 - val_loss: 0.4899
Epoch 34/500
 - 5s - loss: 0.2989 - val_loss: 0.4726
Epoch 35/500
 - 5s - loss: 0.3017 - val_loss: 0.4773
Epoch 36/500
 - 3s - loss: 0.2990 - val_loss: 0.4795
Epoch 37/500
 - 2s - loss: 0.2898 - val_loss: 0.4848
Epoch 38/500
 - 6s - loss: 0.2925 - val_loss: 0.4892
Epoch 39/500
 - 7s - loss: 0.2887 - val_loss: 0.4745
Epoch 40/500
 - 7s - loss: 0.2918 - val_loss: 0.4917
Epoch 41/500
 - 7s - loss: 0.2888 - val_loss: 0.4886
Epoch 42/500
 - 7s - loss: 0.2884 - val_loss: 0.4941
Epoch 43/500
 - 7s - loss: 0.2825 - val_loss: 0.4835
Epoch 44/500
 - 7s - loss: 0.2881 - val_loss: 0.4843
Epoch 45/500
 - 7s - loss: 0.2881 - val_loss: 0.4883
Epoch 46/500
 - 7s - loss: 0.2787 - val_loss: 0.4881
Epoch 47/500
 - 7s - loss: 0.2861 - val_loss: 0.4926
Epoch 48/500
 - 7s - loss: 0.2825 - val_loss: 0.4909
Epoch 49/500
 - 7s - loss: 0.2873 - val_loss: 0.4952
Epoch 50/500
 - 7s - loss: 0.2852 - val_loss: 0.4939
Epoch 51/500
 - 7s - loss: 0.2806 - val_loss: 0.4901
/usr/lib/python3.5/importlib/_bootstrap.py:222: RuntimeWarning: numpy.dtype size changed, may indicate binary incompatibility. Expected 96, got 88
Load model for predictions...
  return f(*args, **kwds)
Using TensorFlow backend.
/usr/lib/python3.5/importlib/_bootstrap.py:222: RuntimeWarning: numpy.dtype size changed, may indicate binary incompatibility. Expected 96, got 88
imported keras API for model creation
  return f(*args, **kwds)
creating stateless cudnn lstm model
/usr/lib/python3.5/importlib/_bootstrap.py:222: RuntimeWarning: numpy.dtype size changed, may indicate binary incompatibility. Expected 96, got 88
Model loaded from checkpoint
_________________________________________________________________
Layer (type)                 Output Shape              Param #   
  return f(*args, **kwds)
=================================================================
cu_dnnlstm_3 (CuDNNLSTM)     (None, 28, 100)           49600     
_________________________________________________________________
batch_normalization_3 (Batch (None, 28, 100)           400       
_________________________________________________________________
cu_dnnlstm_4 (CuDNNLSTM)     (None, 100)               80800     
_________________________________________________________________
batch_normalization_4 (Batch (None, 100)               400       
_________________________________________________________________
time_output (Dense)          (None, 1)                 101       
=================================================================
Total params: 131,301
Trainable params: 130,901
Non-trainable params: 400
_________________________________________________________________
Make predictions...
sequences: 1314
finished prediction
tensorflow session cleaned
[Log] Finished process for: /bin/bash -c "python3 caise2019_c2k.py"
[Log] Process finished.
