[Log] Serializing /root/app/workdir/0-epochlogs.epochlog
[Log] Serializing /root/app/workdir/0-model.h5
[Log] Serializing /root/app/workdir/0-results.csv
[Log] Serializing /root/app/workdir/utility/__pycache__/exceptions.cpython-35.pyc
[Log] Serializing /root/app/workdir/utility/__pycache__/regularization.cpython-35.pyc
[Log] Serializing /root/app/workdir/utility/__pycache__/run.cpython-35.pyc
[Log] Serializing /root/app/workdir/utility/__pycache__/configuration.cpython-35.pyc
[Log] Serializing /root/app/workdir/utility/__pycache__/models.cpython-35.pyc
[Log] Serializing /root/app/workdir/utility/__pycache__/generator.cpython-35.pyc
[Log] Serializing /root/app/workdir/utility/__pycache__/preprocessing.cpython-35.pyc
[Log] Serializing /root/app/workdir/utility/__pycache__/hyperparameteroptimization.cpython-35.pyc
[Log] Serializing /root/app/workdir/utility/__pycache__/enums.cpython-35.pyc
[Log] Serializing /root/app/workdir/utility/__pycache__/dataoperations.cpython-35.pyc
[Log] Serializing /root/app/workdir/datadefinitions/__pycache__/cargo2000.cpython-35.pyc
[Log] Serializing /root/app/workdir/datadefinitions/__pycache__/generic.cpython-35.pyc
Send training results
[Log] Cleaned working directory
[Log] Finished work package
[Log] Fetch work.
Results sent.
[Log] Training Work package received from server: caise2019_cargo2000 f3368592-0109-4aea-96ee-885534a64b04
[Log] Cleaned working directory
[Log] Deserializing 26 files 
[Log] Deserializing /root/app/workdir/caise2019_bpic2012.py
[Log] Deserializing /root/app/workdir/caise2019_bpic2017.py
[Log] Deserializing /root/app/workdir/caise2019_bpic2018.py
[Log] Deserializing /root/app/workdir/caise2019_c2k.py
[Log] Deserializing /root/app/workdir/caise2019_tt.py
[Log] Deserializing /root/app/workdir/requirements.txt
[Log] Deserializing /root/app/workdir/requirements_gpu.txt
[Log] Deserializing /root/app/workdir/version.xml
[Log] Deserializing /root/app/workdir/datadefinitions/bpi2012.py
[Log] Deserializing /root/app/workdir/datadefinitions/bpi2017.py
[Log] Deserializing /root/app/workdir/datadefinitions/bpi2018.py
[Log] Deserializing /root/app/workdir/datadefinitions/cargo2000.py
[Log] Deserializing /root/app/workdir/datadefinitions/cargo2000generic.py
[Log] Deserializing /root/app/workdir/datadefinitions/generic.py
[Log] Deserializing /root/app/workdir/datadefinitions/transformingtransport.py
[Log] Deserializing /root/app/workdir/datasets/cargo2000.csv
[Log] Deserializing /root/app/workdir/utility/configuration.py
[Log] Deserializing /root/app/workdir/utility/dataoperations.py
[Log] Deserializing /root/app/workdir/utility/enums.py
[Log] Deserializing /root/app/workdir/utility/exceptions.py
[Log] Deserializing /root/app/workdir/utility/generator.py
[Log] Deserializing /root/app/workdir/utility/hyperparameteroptimization.py
[Log] Deserializing /root/app/workdir/utility/models.py
[Log] Deserializing /root/app/workdir/utility/preprocessing.py
[Log] Deserializing /root/app/workdir/utility/regularization.py
[Log] Deserializing /root/app/workdir/utility/run.py
[Log] Deserialized 26 files
[Log] Processing training work package
[Log] Create worker process.
[Log] Create process for: /bin/bash -c "python3 caise2019_c2k.py" in /root/app/workdir
[Log] Starting process for: /bin/bash -c "python3 caise2019_c2k.py"
2019-02-26 07:10:48.015634: I tensorflow/core/platform/cpu_feature_guard.cc:141] Your CPU supports instructions that this TensorFlow binary was not compiled to use: AVX2 FMA
2019-02-26 07:10:48.088487: I tensorflow/stream_executor/cuda/cuda_gpu_executor.cc:897] successful NUMA node read from SysFS had negative value (-1), but there must be at least one NUMA node, so returning NUMA node zero
2019-02-26 07:10:48.089107: I tensorflow/core/common_runtime/gpu/gpu_device.cc:1392] Found device 0 with properties: 
name: GeForce GTX 1060 6GB major: 6 minor: 1 memoryClockRate(GHz): 1.7715
pciBusID: 0000:01:00.0
totalMemory: 5.93GiB freeMemory: 5.55GiB
2019-02-26 07:10:48.089323: I tensorflow/core/common_runtime/gpu/gpu_device.cc:1471] Adding visible gpu devices: 0
2019-02-26 07:10:48.670279: I tensorflow/core/common_runtime/gpu/gpu_device.cc:952] Device interconnect StreamExecutor with strength 1 edge matrix:
2019-02-26 07:10:48.670302: I tensorflow/core/common_runtime/gpu/gpu_device.cc:958]      0 
2019-02-26 07:10:48.670307: I tensorflow/core/common_runtime/gpu/gpu_device.cc:971] 0:   N 
2019-02-26 07:10:48.670501: I tensorflow/core/common_runtime/gpu/gpu_device.cc:1084] Created TensorFlow device (/job:localhost/replica:0/task:0/device:GPU:0 with 5323 MB memory) -> physical GPU (device: 0, name: GeForce GTX 1060 6GB, pci bus id: 0000:01:00.0, compute capability: 6.1)
max_epochs defined: 500
gradientclipvalue defined: 3
processor defined: Processor.GPU
cudnn defined: True
testdata_split defined: 0.3333
traindata_split_index defined: 0
neurons defined: 100
batch_size defined: 64
bagging_size defined: 0.6
save_model defined: True
bagging defined: True
traindata_shuffle defined: False
layers defined: 2
traindata_duplicate defined: 0
datageneration_pattern defined: DataGenerationPattern.Fit
running defined: 0
patience_earlystopping defined: 40
bagging_putback defined: True
learningrate defined: 0.002
rnntype defined: RnnType.LSTM
verbose defined: False
bidirectional defined: False
traindata_split defined: 1
max_sequencelength defined: 150000
validationdata_split defined: 0.2
tensorboard defined: False
datadefinition defined: <datadefinitions.cargo2000.Cargo2000 object at 0x7f2b16ce7e10>
patience_reducelr defined: 10
dropout defined: 0.1
keras version: 2.2.2
tensorflow version: 1.9.0
tensorflow session cleaned
multi process gpu usage: enabled
tensorflow configured
read 56082 rows
sequences truncated to 150000
offset0: null
offset1: 0
offset2: 0
offset3: 0
offset4: 0
offset5: 0
offset6: 0
offset7: 0
offset8: 0
divisor0: null
divisor1: 1153.615438108484
divisor2: 6666.367996861738
divisor3: 1412.8796226953389
divisor4: 1638.5187047537534
divisor5: 7332.0577368852755
divisor6: 17233.036482293785
divisor7: 17819.202310901892
divisor8: 1988.1400092721371
maxlen 28 
total chars: 16, target chars: 17
characters:  ['1', '10', '11', '12', '13', '14', '15', '16', '2', '3', '4', '5', '6', '7', '8', '9']
unique characters:  ['0', '1', '2', '3', '4', '5', '6', '7', '8', '9']
category vectors length: 16
num features: 22
2102 sequences in train data
1314 sequences in test data
526 sequences in validation data
2102 elements before bagging with putback True
1261 elements after bagging with putback True
perform full in-memory sentence generation
train_sentences: 17970
validation_sentences: 7440
Vectorization...
Build model...
imported keras API for model creation
creating stateless cudnn lstm model
_________________________________________________________________
Layer (type)                 Output Shape              Param #   
=================================================================
cu_dnnlstm_1 (CuDNNLSTM)     (None, 28, 100)           49600     
_________________________________________________________________
batch_normalization_1 (Batch (None, 28, 100)           400       
_________________________________________________________________
cu_dnnlstm_2 (CuDNNLSTM)     (None, 100)               80800     
_________________________________________________________________
batch_normalization_2 (Batch (None, 100)               400       
_________________________________________________________________
time_output (Dense)          (None, 1)                 101       
=================================================================
Total params: 131,301
Trainable params: 130,901
Non-trainable params: 400
_________________________________________________________________
Train on 17970 samples, validate on 7440 samples
Epoch 1/500
 - 9s - loss: 0.4955 - val_loss: 0.3894
Epoch 2/500
 - 7s - loss: 0.4011 - val_loss: 0.3779
Epoch 3/500
 - 7s - loss: 0.3931 - val_loss: 0.3948
Epoch 4/500
 - 7s - loss: 0.3905 - val_loss: 0.4126
Epoch 5/500
 - 7s - loss: 0.3854 - val_loss: 0.4028
Epoch 6/500
 - 7s - loss: 0.3856 - val_loss: 0.3951
Epoch 7/500
 - 6s - loss: 0.3834 - val_loss: 0.4134
Epoch 8/500
 - 5s - loss: 0.3806 - val_loss: 0.3784
Epoch 9/500
 - 5s - loss: 0.3815 - val_loss: 0.4633
Epoch 10/500
 - 2s - loss: 0.3792 - val_loss: 0.4372
Epoch 11/500
 - 2s - loss: 0.3762 - val_loss: 0.3896
Epoch 12/500
 - 5s - loss: 0.3769 - val_loss: 0.3879
Epoch 13/500
 - 7s - loss: 0.3659 - val_loss: 0.3778
Epoch 14/500
 - 7s - loss: 0.3633 - val_loss: 0.3871
Epoch 15/500
 - 7s - loss: 0.3630 - val_loss: 0.3831
Epoch 16/500
 - 7s - loss: 0.3608 - val_loss: 0.3851
Epoch 17/500
 - 7s - loss: 0.3595 - val_loss: 0.3975
Epoch 18/500
 - 7s - loss: 0.3577 - val_loss: 0.3754
Epoch 19/500
 - 7s - loss: 0.3555 - val_loss: 0.3907
Epoch 20/500
 - 7s - loss: 0.3518 - val_loss: 0.3843
Epoch 21/500
 - 7s - loss: 0.3500 - val_loss: 0.3966
Epoch 22/500
 - 7s - loss: 0.3470 - val_loss: 0.3908
Epoch 23/500
 - 7s - loss: 0.3438 - val_loss: 0.3970
Epoch 24/500
 - 7s - loss: 0.3390 - val_loss: 0.3971
Epoch 25/500
 - 7s - loss: 0.3349 - val_loss: 0.3981
Epoch 26/500
 - 7s - loss: 0.3300 - val_loss: 0.3887
Epoch 27/500
 - 7s - loss: 0.3251 - val_loss: 0.3966
Epoch 28/500
 - 7s - loss: 0.3183 - val_loss: 0.3930
Epoch 29/500
 - 7s - loss: 0.3081 - val_loss: 0.4064
Epoch 30/500
 - 7s - loss: 0.3047 - val_loss: 0.4037
Epoch 31/500
 - 7s - loss: 0.3023 - val_loss: 0.4000
Epoch 32/500
 - 7s - loss: 0.2990 - val_loss: 0.3971
Epoch 33/500
 - 7s - loss: 0.2957 - val_loss: 0.4093
Epoch 34/500
 - 7s - loss: 0.2949 - val_loss: 0.4312
Epoch 35/500
 - 7s - loss: 0.2883 - val_loss: 0.4077
Epoch 36/500
 - 7s - loss: 0.2838 - val_loss: 0.4238
Epoch 37/500
 - 7s - loss: 0.2801 - val_loss: 0.4114
Epoch 38/500
 - 7s - loss: 0.2797 - val_loss: 0.4167
Epoch 39/500
 - 7s - loss: 0.2737 - val_loss: 0.4236
Epoch 40/500
 - 7s - loss: 0.2708 - val_loss: 0.4095
Epoch 41/500
 - 7s - loss: 0.2696 - val_loss: 0.4156
Epoch 42/500
 - 7s - loss: 0.2665 - val_loss: 0.4173
Epoch 43/500
 - 7s - loss: 0.2669 - val_loss: 0.4121
Epoch 44/500
 - 7s - loss: 0.2655 - val_loss: 0.4099
Epoch 45/500
 - 7s - loss: 0.2643 - val_loss: 0.4146
Epoch 46/500
 - 7s - loss: 0.2648 - val_loss: 0.4245
Epoch 47/500
 - 7s - loss: 0.2623 - val_loss: 0.4133
Epoch 48/500
 - 7s - loss: 0.2586 - val_loss: 0.4182
Epoch 49/500
 - 7s - loss: 0.2586 - val_loss: 0.4154
Epoch 50/500
 - 7s - loss: 0.2553 - val_loss: 0.4190
Epoch 51/500
 - 7s - loss: 0.2522 - val_loss: 0.4196
Epoch 52/500
 - 7s - loss: 0.2539 - val_loss: 0.4185
Epoch 53/500
 - 7s - loss: 0.2543 - val_loss: 0.4165
Epoch 54/500
 - 7s - loss: 0.2507 - val_loss: 0.4234
Epoch 55/500
 - 7s - loss: 0.2519 - val_loss: 0.4201
Epoch 56/500
 - 7s - loss: 0.2515 - val_loss: 0.4226
Epoch 57/500
 - 7s - loss: 0.2491 - val_loss: 0.4148
Epoch 58/500
 - 7s - loss: 0.2521 - val_loss: 0.4244
/usr/lib/python3.5/importlib/_bootstrap.py:222: RuntimeWarning: numpy.dtype size changed, may indicate binary incompatibility. Expected 96, got 88
  return f(*args, **kwds)
Using TensorFlow backend.
/usr/lib/python3.5/importlib/_bootstrap.py:222: RuntimeWarning: numpy.dtype size changed, may indicate binary incompatibility. Expected 96, got 88
  return f(*args, **kwds)
/usr/lib/python3.5/importlib/_bootstrap.py:222: RuntimeWarning: numpy.dtype size changed, may indicate binary incompatibility. Expected 96, got 88
  return f(*args, **kwds)
Load model for predictions...
imported keras API for model creation
creating stateless cudnn lstm model
Model loaded from checkpoint
_________________________________________________________________
Layer (type)                 Output Shape              Param #   
=================================================================
cu_dnnlstm_3 (CuDNNLSTM)     (None, 28, 100)           49600     
_________________________________________________________________
batch_normalization_3 (Batch (None, 28, 100)           400       
_________________________________________________________________
cu_dnnlstm_4 (CuDNNLSTM)     (None, 100)               80800     
_________________________________________________________________
batch_normalization_4 (Batch (None, 100)               400       
_________________________________________________________________
time_output (Dense)          (None, 1)                 101       
=================================================================
Total params: 131,301
Trainable params: 130,901
Non-trainable params: 400
_________________________________________________________________
Make predictions...
sequences: 1314
finished prediction
tensorflow session cleaned
[Log] Finished process for: /bin/bash -c "python3 caise2019_c2k.py"
[Log] Process finished.
