[Log] Serializing /root/app/workdir/0-epochlogs.epochlog
[Log] Serializing /root/app/workdir/0-model.h5
[Log] Serializing /root/app/workdir/0-results.csv
[Log] Serializing /root/app/workdir/datadefinitions/__pycache__/generic.cpython-35.pyc
[Log] Serializing /root/app/workdir/datadefinitions/__pycache__/bpi2012.cpython-35.pyc
[Log] Serializing /root/app/workdir/utility/__pycache__/hyperparameteroptimization.cpython-35.pyc
[Log] Serializing /root/app/workdir/utility/__pycache__/generator.cpython-35.pyc
[Log] Serializing /root/app/workdir/utility/__pycache__/preprocessing.cpython-35.pyc
[Log] Serializing /root/app/workdir/utility/__pycache__/configuration.cpython-35.pyc
[Log] Serializing /root/app/workdir/utility/__pycache__/run.cpython-35.pyc
[Log] Serializing /root/app/workdir/utility/__pycache__/enums.cpython-35.pyc
[Log] Serializing /root/app/workdir/utility/__pycache__/regularization.cpython-35.pyc
[Log] Serializing /root/app/workdir/utility/__pycache__/exceptions.cpython-35.pyc
[Log] Serializing /root/app/workdir/utility/__pycache__/dataoperations.cpython-35.pyc
[Log] Serializing /root/app/workdir/utility/__pycache__/models.cpython-35.pyc
Send training results
[Log] Cleaned working directory
[Log] Finished work package
[Log] Fetch work.
Results sent.
[Log] Training Work package received from server: caise2019_bpic2012 6d464bec-4bca-40b3-98f4-f0101bf8dabf
[Log] Cleaned working directory
[Log] Deserializing 26 files 
[Log] Deserializing /root/app/workdir/caise2019_bpic2012.py
[Log] Deserializing /root/app/workdir/caise2019_bpic2017.py
[Log] Deserializing /root/app/workdir/caise2019_bpic2018.py
[Log] Deserializing /root/app/workdir/caise2019_c2k.py
[Log] Deserializing /root/app/workdir/caise2019_tt.py
[Log] Deserializing /root/app/workdir/requirements.txt
[Log] Deserializing /root/app/workdir/requirements_gpu.txt
[Log] Deserializing /root/app/workdir/version.xml
[Log] Deserializing /root/app/workdir/datadefinitions/bpi2012.py
[Log] Deserializing /root/app/workdir/datadefinitions/bpi2017.py
[Log] Deserializing /root/app/workdir/datadefinitions/bpi2018.py
[Log] Deserializing /root/app/workdir/datadefinitions/cargo2000.py
[Log] Deserializing /root/app/workdir/datadefinitions/cargo2000generic.py
[Log] Deserializing /root/app/workdir/datadefinitions/generic.py
[Log] Deserializing /root/app/workdir/datadefinitions/transformingtransport.py
[Log] Deserializing /root/app/workdir/datasets/bpi2012.csv
[Log] Deserializing /root/app/workdir/utility/configuration.py
[Log] Deserializing /root/app/workdir/utility/dataoperations.py
[Log] Deserializing /root/app/workdir/utility/enums.py
[Log] Deserializing /root/app/workdir/utility/exceptions.py
[Log] Deserializing /root/app/workdir/utility/generator.py
[Log] Deserializing /root/app/workdir/utility/hyperparameteroptimization.py
[Log] Deserializing /root/app/workdir/utility/models.py
[Log] Deserializing /root/app/workdir/utility/preprocessing.py
[Log] Deserializing /root/app/workdir/utility/regularization.py
[Log] Deserializing /root/app/workdir/utility/run.py
[Log] Deserialized 26 files
[Log] Processing training work package
[Log] Create worker process.
[Log] Create process for: /bin/bash -c "python3 caise2019_bpic2012.py" in /root/app/workdir
[Log] Starting process for: /bin/bash -c "python3 caise2019_bpic2012.py"
2019-02-25 09:03:43.154487: I tensorflow/core/platform/cpu_feature_guard.cc:141] Your CPU supports instructions that this TensorFlow binary was not compiled to use: AVX2 FMA
2019-02-25 09:03:43.229848: I tensorflow/stream_executor/cuda/cuda_gpu_executor.cc:897] successful NUMA node read from SysFS had negative value (-1), but there must be at least one NUMA node, so returning NUMA node zero
2019-02-25 09:03:43.230379: I tensorflow/core/common_runtime/gpu/gpu_device.cc:1392] Found device 0 with properties: 
name: GeForce GTX 1060 6GB major: 6 minor: 1 memoryClockRate(GHz): 1.7715
pciBusID: 0000:01:00.0
totalMemory: 5.93GiB freeMemory: 5.49GiB
2019-02-25 09:03:43.230395: I tensorflow/core/common_runtime/gpu/gpu_device.cc:1471] Adding visible gpu devices: 0
2019-02-25 09:03:43.822801: I tensorflow/core/common_runtime/gpu/gpu_device.cc:952] Device interconnect StreamExecutor with strength 1 edge matrix:
2019-02-25 09:03:43.822831: I tensorflow/core/common_runtime/gpu/gpu_device.cc:958]      0 
2019-02-25 09:03:43.822836: I tensorflow/core/common_runtime/gpu/gpu_device.cc:971] 0:   N 
2019-02-25 09:03:43.822983: I tensorflow/core/common_runtime/gpu/gpu_device.cc:1084] Created TensorFlow device (/job:localhost/replica:0/task:0/device:GPU:0 with 5259 MB memory) -> physical GPU (device: 0, name: GeForce GTX 1060 6GB, pci bus id: 0000:01:00.0, compute capability: 6.1)
traindata_split_index defined: 0
verbose defined: False
bidirectional defined: False
datadefinition defined: <datadefinitions.bpi2012.BPI2012 object at 0x7feb88814e48>
bagging_putback defined: True
dropout defined: 0.1
gradientclipvalue defined: 3
bagging_size defined: 0.6
cudnn defined: True
traindata_split defined: 1
max_sequencelength defined: 150000
max_epochs defined: 500
tensorboard defined: False
rnntype defined: RnnType.LSTM
save_model defined: True
batch_size defined: 64
traindata_shuffle defined: False
patience_earlystopping defined: 40
datageneration_pattern defined: DataGenerationPattern.Generator
neurons defined: 100
validationdata_split defined: 0.2
patience_reducelr defined: 10
running defined: 0
processor defined: Processor.GPU
testdata_split defined: 0.3333
traindata_duplicate defined: 0
bagging defined: True
learningrate defined: 0.002
layers defined: 2
keras version: 2.2.2
tensorflow version: 1.9.0
tensorflow session cleaned
multi process gpu usage: enabled
tensorflow configured
no value found for datadefinition.featureweight at index 4, setting default value
no value found for datadefinition.featureweight at index 5, setting default value
read 190827 rows
sequences truncated to 150000
offset0: null
offset1: null
offset2: 0
offset3: 0
offset4: null
offset5: null
divisor0: null
divisor1: null
divisor2: 4.770425059696304
divisor3: 9547.828404708018
divisor4: null
divisor5: null
maxlen 106 
total chars: 23, target chars: 24
characters:  ['A', 'B', 'C', 'D', 'E', 'F', 'G', 'H', 'I', 'J', 'K', 'L', 'M', 'N', 'O', 'P', 'Q', 'R', 'S', 'T', 'U', 'V', 'W']
unique characters:  ['A', 'B', 'C', 'D', 'E', 'F', 'G', 'H', 'I', 'J', 'K', 'L', 'M', 'N', 'O', 'P', 'Q', 'R', 'S', 'T', 'U', 'V', 'W']
total chars: 68, target chars: 69
characters:  ['10124', '10125', '10138', '10188', '10228', '10609', '10629', '10779', '10789', '10809', '10821', '10859', '10861', '10862', '10863', '10880', '10881', '10889', '10899', '10909', '10910', '10912', '10913', '10914', '10929', '10931', '10932', '10933', '10935', '10939', '10971', '10972', '10982', '11000', '11001', '11002', '11003', '11009', '11019', '11029', '11049', '11079', '11111', '11119', '11120', '11121', '11122', '11169', '11179', '11180', '11181', '11189', '112', '11200', '11201', '11202', '11203', '11254', '11259', '11269', '11289', '11299', '11300', '11302', '11304', '11309', '11319', '11339']
unique characters:  ['0', '1', '2', '3', '4', '5', '6', '7', '8', '9']
total chars: 2, target chars: 3
characters:  ['False', 'True']
unique characters:  ['F', 'T', 'a', 'e', 'l', 'r', 's', 'u']
category vectors length: 91
num features: 94
6980 sequences in train data
4362 sequences in test data
1745 sequences in validation data
6980 elements before bagging with putback True
4188 elements after bagging with putback True
created generator with with 4188 sequences and 62618 sentences
created generator with with 1745 sequences and 26772 sentences
created sentence generators
Generators detected: Vectorization will be performed during runtime
Build model...
imported keras API for model creation
creating stateless cudnn lstm model
_________________________________________________________________
Layer (type)                 Output Shape              Param #   
=================================================================
cu_dnnlstm_1 (CuDNNLSTM)     (None, 106, 100)          78400     
_________________________________________________________________
batch_normalization_1 (Batch (None, 106, 100)          400       
_________________________________________________________________
cu_dnnlstm_2 (CuDNNLSTM)     (None, 100)               80800     
_________________________________________________________________
batch_normalization_2 (Batch (None, 100)               400       
_________________________________________________________________
time_output (Dense)          (None, 1)                 101       
=================================================================
Total params: 160,101
Trainable params: 159,701
Non-trainable params: 400
_________________________________________________________________
Epoch 1/500
 - 53s - loss: 0.4373 - val_loss: 0.3636
Epoch 2/500
 - 63s - loss: 0.3925 - val_loss: 0.3345
Epoch 3/500
 - 63s - loss: 0.3881 - val_loss: 0.4117
Epoch 4/500
 - 64s - loss: 0.3743 - val_loss: 0.3180
Epoch 5/500
 - 64s - loss: 0.3744 - val_loss: 0.3166
Epoch 6/500
 - 64s - loss: 0.3700 - val_loss: 0.3074
Epoch 7/500
 - 63s - loss: 0.3699 - val_loss: 0.2929
Epoch 8/500
 - 63s - loss: 0.3675 - val_loss: 0.3246
Epoch 9/500
 - 63s - loss: 0.3623 - val_loss: 0.3122
Epoch 10/500
 - 63s - loss: 0.3620 - val_loss: 0.2892
Epoch 11/500
 - 63s - loss: 0.3617 - val_loss: 0.3279
Epoch 12/500
 - 63s - loss: 0.3602 - val_loss: 0.3665
Epoch 13/500
 - 63s - loss: 0.3619 - val_loss: 0.2837
Epoch 14/500
 - 63s - loss: 0.3596 - val_loss: 0.2978
Epoch 15/500
 - 64s - loss: 0.3512 - val_loss: 0.3103
Epoch 16/500
 - 63s - loss: 0.3621 - val_loss: 0.3329
Epoch 17/500
 - 63s - loss: 0.3564 - val_loss: 0.3000
Epoch 18/500
 - 64s - loss: 0.3586 - val_loss: 0.3072
Epoch 19/500
 - 64s - loss: 0.3498 - val_loss: 0.3073
Epoch 20/500
 - 63s - loss: 0.3517 - val_loss: 0.3124
Epoch 21/500
 - 63s - loss: 0.3499 - val_loss: 0.3172
Epoch 22/500
 - 63s - loss: 0.3455 - val_loss: 0.2978
Epoch 23/500
 - 63s - loss: 0.3463 - val_loss: 0.2919
Epoch 24/500
 - 64s - loss: 0.3476 - val_loss: 0.2985
Epoch 25/500
 - 64s - loss: 0.3437 - val_loss: 0.2893
Epoch 26/500
 - 52s - loss: 0.3416 - val_loss: 0.3097
Epoch 27/500
 - 63s - loss: 0.3405 - val_loss: 0.3021
Epoch 28/500
 - 63s - loss: 0.3452 - val_loss: 0.3022
Epoch 29/500
 - 63s - loss: 0.3358 - val_loss: 0.2921
Epoch 30/500
 - 63s - loss: 0.3380 - val_loss: 0.3274
Epoch 31/500
 - 63s - loss: 0.3454 - val_loss: 0.3154
Epoch 32/500
 - 63s - loss: 0.3367 - val_loss: 0.3163
Epoch 33/500
 - 63s - loss: 0.3379 - val_loss: 0.2921
Epoch 34/500
 - 63s - loss: 0.3257 - val_loss: 0.3023
Epoch 35/500
 - 63s - loss: 0.3337 - val_loss: 0.3043
Epoch 36/500
 - 63s - loss: 0.3275 - val_loss: 0.3017
Epoch 37/500
 - 63s - loss: 0.3273 - val_loss: 0.3056
Epoch 38/500
 - 63s - loss: 0.3254 - val_loss: 0.3069
Epoch 39/500
 - 63s - loss: 0.3291 - val_loss: 0.3096
Epoch 40/500
 - 64s - loss: 0.3219 - val_loss: 0.3059
Epoch 41/500
 - 64s - loss: 0.3267 - val_loss: 0.3152
Epoch 42/500
 - 64s - loss: 0.3317 - val_loss: 0.3117
Epoch 43/500
 - 63s - loss: 0.3322 - val_loss: 0.3017
Epoch 44/500
 - 63s - loss: 0.3261 - val_loss: 0.3075
Epoch 45/500
 - 63s - loss: 0.3227 - val_loss: 0.3156
Epoch 46/500
 - 63s - loss: 0.3291 - val_loss: 0.3083
Epoch 47/500
 - 63s - loss: 0.3244 - val_loss: 0.3108
Epoch 48/500
 - 64s - loss: 0.3266 - val_loss: 0.3100
Epoch 49/500
 - 63s - loss: 0.3174 - val_loss: 0.3073
Epoch 50/500
 - 63s - loss: 0.3191 - val_loss: 0.3100
Epoch 51/500
 - 54s - loss: 0.3202 - val_loss: 0.3138
Epoch 52/500
 - 62s - loss: 0.3252 - val_loss: 0.3088
Epoch 53/500
 - 63s - loss: 0.3194 - val_loss: 0.3114
/usr/lib/python3.5/importlib/_bootstrap.py:222: RuntimeWarning: numpy.dtype size changed, may indicate binary incompatibility. Expected 96, got 88
Load model for predictions...
  return f(*args, **kwds)
Using TensorFlow backend.
/usr/lib/python3.5/importlib/_bootstrap.py:222: RuntimeWarning: numpy.dtype size changed, may indicate binary incompatibility. Expected 96, got 88
imported keras API for model creation
  return f(*args, **kwds)
creating stateless cudnn lstm model
/usr/lib/python3.5/importlib/_bootstrap.py:222: RuntimeWarning: numpy.dtype size changed, may indicate binary incompatibility. Expected 96, got 88
Model loaded from checkpoint
  return f(*args, **kwds)
_________________________________________________________________
Layer (type)                 Output Shape              Param #   
=================================================================
cu_dnnlstm_3 (CuDNNLSTM)     (None, 106, 100)          78400     
_________________________________________________________________
batch_normalization_3 (Batch (None, 106, 100)          400       
_________________________________________________________________
cu_dnnlstm_4 (CuDNNLSTM)     (None, 100)               80800     
_________________________________________________________________
batch_normalization_4 (Batch (None, 100)               400       
_________________________________________________________________
time_output (Dense)          (None, 1)                 101       
=================================================================
Total params: 160,101
Trainable params: 159,701
Non-trainable params: 400
_________________________________________________________________
Make predictions...
sequences: 4362
finished prediction
tensorflow session cleaned
[Log] Finished process for: /bin/bash -c "python3 caise2019_bpic2012.py"
[Log] Process finished.
