[Log] Serializing /root/app/workdir/0_epochlogs.epochlog
[Log] Serializing /root/app/workdir/0_model.h5
[Log] Serializing /root/app/workdir/0_results.csv
Send training results
[Log] Cleaned working directory
[Log] Finished work package
[Log] Fetch work.
Results sent.
[Log] Training Work package received from server: caise2019_trafficfine 515a0d84-9fa7-4e8a-b7db-2b372e4768ea
[Log] Cleaned working directory
[Log] Deserializing 23 files 
[Log] Deserializing /root/app/workdir/roadtraffic_train_and_predict.py
[Log] Deserializing /root/app/workdir/version.xml
[Log] Deserializing /root/app/workdir/datadefinitions/bpi2012.py
[Log] Deserializing /root/app/workdir/datadefinitions/bpi2017.py
[Log] Deserializing /root/app/workdir/datadefinitions/bpi2018.py
[Log] Deserializing /root/app/workdir/datadefinitions/cargo2000.py
[Log] Deserializing /root/app/workdir/datadefinitions/cargo2000generic.py
[Log] Deserializing /root/app/workdir/datadefinitions/generic.py
[Log] Deserializing /root/app/workdir/datadefinitions/road_traffic_fine_management.py
[Log] Deserializing /root/app/workdir/datadefinitions/sepsis.py
[Log] Deserializing /root/app/workdir/datadefinitions/transformingtransport.py
[Log] Deserializing /root/app/workdir/datasets/road_traffic_fine_management.csv
[Log] Deserializing /root/app/workdir/utility/configuration.py
[Log] Deserializing /root/app/workdir/utility/dataoperations.py
[Log] Deserializing /root/app/workdir/utility/enums.py
[Log] Deserializing /root/app/workdir/utility/exceptions.py
[Log] Deserializing /root/app/workdir/utility/generator.py
[Log] Deserializing /root/app/workdir/utility/hyperparameteroptimization.py
[Log] Deserializing /root/app/workdir/utility/models.py
[Log] Deserializing /root/app/workdir/utility/preprocessing.py
[Log] Deserializing /root/app/workdir/utility/regularization.py
[Log] Deserializing /root/app/workdir/utility/run.py
[Log] Deserializing /root/app/workdir/utility/send_results.py
[Log] Deserialized 23 files
[Log] Processing training work package
[Log] Create worker process.
[Log] Create process for: /bin/bash -c "python3 roadtraffic_train_and_predict.py" in /root/app/workdir
[Log] Starting process for: /bin/bash -c "python3 roadtraffic_train_and_predict.py"
2019-03-01 11:26:50.808068: I tensorflow/core/platform/cpu_feature_guard.cc:141] Your CPU supports instructions that this TensorFlow binary was not compiled to use: AVX2 FMA
2019-03-01 11:26:50.878848: I tensorflow/stream_executor/cuda/cuda_gpu_executor.cc:897] successful NUMA node read from SysFS had negative value (-1), but there must be at least one NUMA node, so returning NUMA node zero
2019-03-01 11:26:50.879432: I tensorflow/core/common_runtime/gpu/gpu_device.cc:1392] Found device 0 with properties: 
name: GeForce GTX 1060 6GB major: 6 minor: 1 memoryClockRate(GHz): 1.7715
pciBusID: 0000:01:00.0
totalMemory: 5.93GiB freeMemory: 5.49GiB
2019-03-01 11:26:50.879461: I tensorflow/core/common_runtime/gpu/gpu_device.cc:1471] Adding visible gpu devices: 0
2019-03-01 11:26:51.441549: I tensorflow/core/common_runtime/gpu/gpu_device.cc:952] Device interconnect StreamExecutor with strength 1 edge matrix:
2019-03-01 11:26:51.441570: I tensorflow/core/common_runtime/gpu/gpu_device.cc:958]      0 
2019-03-01 11:26:51.441576: I tensorflow/core/common_runtime/gpu/gpu_device.cc:971] 0:   N 
2019-03-01 11:26:51.441745: I tensorflow/core/common_runtime/gpu/gpu_device.cc:1084] Created TensorFlow device (/job:localhost/replica:0/task:0/device:GPU:0 with 5259 MB memory) -> physical GPU (device: 0, name: GeForce GTX 1060 6GB, pci bus id: 0000:01:00.0, compute capability: 6.1)
patience_earlystopping defined: 40
traindata_split defined: 1
patience_reducelr defined: 10
traindata_shuffle defined: False
bidirectional defined: False
neurons defined: 100
cudnn defined: True
learningrate defined: 0.002
testdata_split defined: 0.3333
traindata_split_index defined: 0
tensorboard defined: False
max_sequencelength defined: 150000
bagging defined: True
gradientclipvalue defined: 3
rnntype defined: RnnType.LSTM
save_model defined: True
validationdata_split defined: 0.2
verbose defined: False
layers defined: 2
dropout defined: 0.1
running defined: 0
datadefinition defined: <datadefinitions.road_traffic_fine_management.RoadTrafficFine object at 0x7f4d1bd88f98>
traindata_duplicate defined: 0
processor defined: Processor.GPU
datageneration_pattern defined: DataGenerationPattern.Generator
target_host defined: 
bagging_putback defined: True
max_epochs defined: 500
bagging_size defined: 0.8
batch_size defined: 64
keras version: 2.2.2
tensorflow version: 1.9.0
tensorflow session cleaned
multi process gpu usage: enabled
tensorflow configured
read 561470 rows
sequences truncated to 150000
offset0: null
offset1: null
offset2: null
offset3: null
offset4: 0
offset5: 0
offset6: 0
offset7: 0
offset8: 0
offset9: null
offset10: null
divisor0: null
divisor1: null
divisor2: null
divisor3: null
divisor4: 147.96269613692627
divisor5: 7.777812100379358
divisor6: 62.31673109872299
divisor7: 7.018027374570325
divisor8: 0.1074928313177908
divisor9: null
divisor10: null
maxlen 20 
total chars: 11, target chars: 12
characters:  ['A', 'B', 'C', 'D', 'E', 'F', 'G', 'H', 'I', 'J', 'K']
unique characters:  ['A', 'B', 'C', 'D', 'E', 'F', 'G', 'H', 'I', 'J', 'K']
total chars: 148, target chars: 149
characters:  ['0', '10', '11', '12', '13', '14', '15', '16', '17', '18', '19', '20', '21', '22', '23', '24', '25', '26', '27', '28', '29', '3', '30', '31', '32', '33', '34', '35', '36', '37', '38', '39', '4', '40', '41', '42', '43', '44', '45', '46', '47', '48', '49', '50', '51', '52', '53', '536', '537', '538', '54', '540', '541', '546', '548', '55', '550', '551', '552', '553', '554', '555', '556', '557', '558', '559', '56', '560', '561', '562', '563', '564', '565', '566', '567', '568', '57', '58', '59', '60', '61', '62', '63', '64', '65', '66', '704', '8', '802', '807', '808', '810', '811', '813', '816', '817', '818', '819', '820', '821', '823', '824', '825', '826', '827', '828', '829', '830', '831', '832', '833', '834', '835', '836', '837', '838', '839', '840', '841', '842', '843', '844', '845', '846', '847', '848', '849', '850', '851', '852', '853', '854', '855', '856', '857', '858', '859', '860', '861', '862', '864', '865', '866', '867', '868', '869', '870', '9']
unique characters:  ['0', '1', '2', '3', '4', '5', '6', '7', '8', '9']
total chars: 66, target chars: 67
characters:  ['100', '102', '115', '116', '122', '125', '126', '132', '135', '136', '141', '142', '143', '144', '145', '146', '148', '149', '15', '152', '153', '154', '155', '156', '157', '158', '159', '161', '164', '167', '169', '170', '171', '172', '173', '180', '181', '186', '187', '188', '189', '190', '191', '192', '193', '20', '21', '213', '214', '218', '23', '29', '40', '401', '41', '43', '61', '64', '68', '7', '71', '72', '79', '80', '94', '97']
unique characters:  ['0', '1', '2', '3', '4', '5', '6', '7', '8', '9']
total chars: 4, target chars: 5
characters:  ['A', 'C', 'M', 'R']
unique characters:  ['A', 'C', 'M', 'R']
total chars: 2, target chars: 3
characters:  ['False', 'True']
unique characters:  ['F', 'T', 'a', 'e', 'l', 'r', 's', 'u']
category vectors length: 229
num features: 235
80200 sequences in train data
50119 sequences in test data
20051 sequences in validation data
80200 elements before bagging with putback True
64160 elements after bagging with putback True
created generator with with 64160 sequences and 239029 sentences
created generator with with 20051 sequences and 71074 sentences
created sentence generators
Generators detected: Vectorization will be performed during runtime
Build model...
imported keras API for model creation
creating stateless cudnn lstm model
_________________________________________________________________
Layer (type)                 Output Shape              Param #   
=================================================================
cu_dnnlstm_1 (CuDNNLSTM)     (None, 20, 100)           134800    
_________________________________________________________________
batch_normalization_1 (Batch (None, 20, 100)           400       
_________________________________________________________________
cu_dnnlstm_2 (CuDNNLSTM)     (None, 100)               80800     
_________________________________________________________________
batch_normalization_2 (Batch (None, 100)               400       
_________________________________________________________________
time_output (Dense)          (None, 1)                 101       
=================================================================
Total params: 216,501
Trainable params: 216,101
Non-trainable params: 400
_________________________________________________________________
Epoch 1/500
 - 77s - loss: 0.2633 - val_loss: 0.2705
Epoch 2/500
 - 78s - loss: 0.2377 - val_loss: 0.2762
Epoch 3/500
 - 68s - loss: 0.2318 - val_loss: 0.2592
Epoch 4/500
 - 53s - loss: 0.2274 - val_loss: 0.2579
Epoch 5/500
 - 77s - loss: 0.2251 - val_loss: 0.2495
Epoch 6/500
 - 77s - loss: 0.2246 - val_loss: 0.2500
Epoch 7/500
 - 67s - loss: 0.2216 - val_loss: 0.2477
Epoch 8/500
 - 52s - loss: 0.2206 - val_loss: 0.2472
Epoch 9/500
 - 77s - loss: 0.2184 - val_loss: 0.2585
Epoch 10/500
 - 77s - loss: 0.2159 - val_loss: 0.2683
Epoch 11/500
 - 77s - loss: 0.2152 - val_loss: 0.2550
Epoch 12/500
 - 53s - loss: 0.2131 - val_loss: 0.2633
Epoch 13/500
 - 69s - loss: 0.2113 - val_loss: 0.2544
Epoch 14/500
 - 80s - loss: 0.2103 - val_loss: 0.2512
Epoch 15/500
 - 79s - loss: 0.2082 - val_loss: 0.2626
Epoch 16/500
 - 62s - loss: 0.2074 - val_loss: 0.2572
Epoch 17/500
 - 62s - loss: 0.2068 - val_loss: 0.2584
Epoch 18/500
 - 79s - loss: 0.2057 - val_loss: 0.2468
Epoch 19/500
 - 79s - loss: 0.2038 - val_loss: 0.2506
Epoch 20/500
 - 69s - loss: 0.2040 - val_loss: 0.2465
Epoch 21/500
 - 54s - loss: 0.2025 - val_loss: 0.2517
Epoch 22/500
 - 79s - loss: 0.2016 - val_loss: 0.2596
Epoch 23/500
 - 79s - loss: 0.2015 - val_loss: 0.2540
Epoch 24/500
 - 79s - loss: 0.2012 - val_loss: 0.2477
Epoch 25/500
 - 55s - loss: 0.1998 - val_loss: 0.2512
Epoch 26/500
 - 71s - loss: 0.2005 - val_loss: 0.2440
Epoch 27/500
 - 79s - loss: 0.1995 - val_loss: 0.2490
Epoch 28/500
 - 80s - loss: 0.1996 - val_loss: 0.2498
Epoch 29/500
 - 56s - loss: 0.1989 - val_loss: 0.2530
Epoch 30/500
 - 67s - loss: 0.1981 - val_loss: 0.2536
Epoch 31/500
 - 79s - loss: 0.1974 - val_loss: 0.2523
Epoch 32/500
 - 78s - loss: 0.1972 - val_loss: 0.2529
Epoch 33/500
 - 63s - loss: 0.1969 - val_loss: 0.2537
Epoch 34/500
 - 58s - loss: 0.1971 - val_loss: 0.2581
Epoch 35/500
 - 78s - loss: 0.1957 - val_loss: 0.2538
Epoch 36/500
 - 78s - loss: 0.1958 - val_loss: 0.2508
Epoch 37/500
 - 73s - loss: 0.1936 - val_loss: 0.2441
Epoch 38/500
 - 54s - loss: 0.1924 - val_loss: 0.2488
Epoch 39/500
 - 78s - loss: 0.1921 - val_loss: 0.2475
Epoch 40/500
 - 80s - loss: 0.1914 - val_loss: 0.2521
Epoch 41/500
 - 70s - loss: 0.1912 - val_loss: 0.2457
Epoch 42/500
 - 53s - loss: 0.1914 - val_loss: 0.2531
Epoch 43/500
 - 79s - loss: 0.1897 - val_loss: 0.2493
Epoch 44/500
 - 79s - loss: 0.1901 - val_loss: 0.2565
Epoch 45/500
 - 79s - loss: 0.1908 - val_loss: 0.2458
Epoch 46/500
 - 56s - loss: 0.1893 - val_loss: 0.2498
Epoch 47/500
 - 67s - loss: 0.1878 - val_loss: 0.2453
Epoch 48/500
 - 77s - loss: 0.1874 - val_loss: 0.2477
Epoch 49/500
 - 73s - loss: 0.1873 - val_loss: 0.2453
Epoch 50/500
 - 53s - loss: 0.1877 - val_loss: 0.2473
Epoch 51/500
 - 74s - loss: 0.1870 - val_loss: 0.2466
Epoch 52/500
 - 77s - loss: 0.1866 - val_loss: 0.2501
Epoch 53/500
 - 77s - loss: 0.1867 - val_loss: 0.2483
Epoch 54/500
 - 63s - loss: 0.1859 - val_loss: 0.2501
Epoch 55/500
 - 54s - loss: 0.1872 - val_loss: 0.2506
Epoch 56/500
 - 79s - loss: 0.1852 - val_loss: 0.2495
Epoch 57/500
 - 80s - loss: 0.1851 - val_loss: 0.2500
Epoch 58/500
 - 79s - loss: 0.1844 - val_loss: 0.2488
Epoch 59/500
 - 58s - loss: 0.1839 - val_loss: 0.2472
Epoch 60/500
 - 66s - loss: 0.1836 - val_loss: 0.2490
Epoch 61/500
 - 79s - loss: 0.1848 - val_loss: 0.2515
Epoch 62/500
 - 79s - loss: 0.1844 - val_loss: 0.2523
Epoch 63/500
 - 64s - loss: 0.1838 - val_loss: 0.2494
Epoch 64/500
 - 62s - loss: 0.1835 - val_loss: 0.2523
Epoch 65/500
 - 78s - loss: 0.1833 - val_loss: 0.2510
Epoch 66/500
 - 80s - loss: 0.1847 - val_loss: 0.2536
/usr/lib/python3.5/importlib/_bootstrap.py:222: RuntimeWarning: numpy.dtype size changed, may indicate binary incompatibility. Expected 96, got 88
Load model for predictions...
  return f(*args, **kwds)
Using TensorFlow backend.
/usr/lib/python3.5/importlib/_bootstrap.py:222: RuntimeWarning: numpy.dtype size changed, may indicate binary incompatibility. Expected 96, got 88
  return f(*args, **kwds)
/usr/lib/python3.5/importlib/_bootstrap.py:222: RuntimeWarning: numpy.dtype size changed, may indicate binary incompatibility. Expected 96, got 88
  return f(*args, **kwds)
imported keras API for model creation
creating stateless cudnn lstm model
Model loaded from checkpoint
_________________________________________________________________
Layer (type)                 Output Shape              Param #   
=================================================================
cu_dnnlstm_3 (CuDNNLSTM)     (None, 20, 100)           134800    
_________________________________________________________________
batch_normalization_3 (Batch (None, 20, 100)           400       
_________________________________________________________________
cu_dnnlstm_4 (CuDNNLSTM)     (None, 100)               80800     
_________________________________________________________________
batch_normalization_4 (Batch (None, 100)               400       
_________________________________________________________________
time_output (Dense)          (None, 1)                 101       
=================================================================
Total params: 216,501
Trainable params: 216,101
Non-trainable params: 400
_________________________________________________________________
Make predictions...
sequences: 50119
finished prediction
tensorflow session cleaned
[Log] Finished process for: /bin/bash -c "python3 roadtraffic_train_and_predict.py"
[Log] Process finished.
