[Log] Serializing /root/app/workdir/0-epochlogs.epochlog
[Log] Serializing /root/app/workdir/0-model.h5
[Log] Serializing /root/app/workdir/0-results.csv
[Log] Serializing /root/app/workdir/datadefinitions/__pycache__/generic.cpython-35.pyc
[Log] Serializing /root/app/workdir/datadefinitions/__pycache__/cargo2000.cpython-35.pyc
[Log] Serializing /root/app/workdir/utility/__pycache__/hyperparameteroptimization.cpython-35.pyc
[Log] Serializing /root/app/workdir/utility/__pycache__/run.cpython-35.pyc
[Log] Serializing /root/app/workdir/utility/__pycache__/exceptions.cpython-35.pyc
[Log] Serializing /root/app/workdir/utility/__pycache__/configuration.cpython-35.pyc
[Log] Serializing /root/app/workdir/utility/__pycache__/enums.cpython-35.pyc
[Log] Serializing /root/app/workdir/utility/__pycache__/preprocessing.cpython-35.pyc
[Log] Serializing /root/app/workdir/utility/__pycache__/models.cpython-35.pyc
[Log] Serializing /root/app/workdir/utility/__pycache__/generator.cpython-35.pyc
[Log] Serializing /root/app/workdir/utility/__pycache__/dataoperations.cpython-35.pyc
[Log] Serializing /root/app/workdir/utility/__pycache__/regularization.cpython-35.pyc
Send training results
[Log] Cleaned working directory
[Log] Finished work package
[Log] Fetch work.
Results sent.
[Log] Training Work package received from server: caise2019_cargo2000 8b792abe-95b6-47a4-aa89-66e8802e60e5
[Log] Cleaned working directory
[Log] Deserializing 26 files 
[Log] Deserializing /root/app/workdir/caise2019_bpic2012.py
[Log] Deserializing /root/app/workdir/caise2019_bpic2017.py
[Log] Deserializing /root/app/workdir/caise2019_bpic2018.py
[Log] Deserializing /root/app/workdir/caise2019_c2k.py
[Log] Deserializing /root/app/workdir/caise2019_tt.py
[Log] Deserializing /root/app/workdir/requirements.txt
[Log] Deserializing /root/app/workdir/requirements_gpu.txt
[Log] Deserializing /root/app/workdir/version.xml
[Log] Deserializing /root/app/workdir/datadefinitions/bpi2012.py
[Log] Deserializing /root/app/workdir/datadefinitions/bpi2017.py
[Log] Deserializing /root/app/workdir/datadefinitions/bpi2018.py
[Log] Deserializing /root/app/workdir/datadefinitions/cargo2000.py
[Log] Deserializing /root/app/workdir/datadefinitions/cargo2000generic.py
[Log] Deserializing /root/app/workdir/datadefinitions/generic.py
[Log] Deserializing /root/app/workdir/datadefinitions/transformingtransport.py
[Log] Deserializing /root/app/workdir/datasets/cargo2000.csv
[Log] Deserializing /root/app/workdir/utility/configuration.py
[Log] Deserializing /root/app/workdir/utility/dataoperations.py
[Log] Deserializing /root/app/workdir/utility/enums.py
[Log] Deserializing /root/app/workdir/utility/exceptions.py
[Log] Deserializing /root/app/workdir/utility/generator.py
[Log] Deserializing /root/app/workdir/utility/hyperparameteroptimization.py
[Log] Deserializing /root/app/workdir/utility/models.py
[Log] Deserializing /root/app/workdir/utility/preprocessing.py
[Log] Deserializing /root/app/workdir/utility/regularization.py
[Log] Deserializing /root/app/workdir/utility/run.py
[Log] Deserialized 26 files
[Log] Processing training work package
[Log] Create worker process.
[Log] Create process for: /bin/bash -c "python3 caise2019_c2k.py" in /root/app/workdir
[Log] Starting process for: /bin/bash -c "python3 caise2019_c2k.py"
2019-02-26 07:23:42.407038: I tensorflow/core/platform/cpu_feature_guard.cc:141] Your CPU supports instructions that this TensorFlow binary was not compiled to use: AVX2 FMA
2019-02-26 07:23:42.479410: I tensorflow/stream_executor/cuda/cuda_gpu_executor.cc:897] successful NUMA node read from SysFS had negative value (-1), but there must be at least one NUMA node, so returning NUMA node zero
2019-02-26 07:23:42.479938: I tensorflow/core/common_runtime/gpu/gpu_device.cc:1392] Found device 0 with properties: 
name: GeForce GTX 1060 6GB major: 6 minor: 1 memoryClockRate(GHz): 1.7715
pciBusID: 0000:01:00.0
totalMemory: 5.93GiB freeMemory: 5.55GiB
2019-02-26 07:23:42.479955: I tensorflow/core/common_runtime/gpu/gpu_device.cc:1471] Adding visible gpu devices: 0
2019-02-26 07:23:43.066509: I tensorflow/core/common_runtime/gpu/gpu_device.cc:952] Device interconnect StreamExecutor with strength 1 edge matrix:
2019-02-26 07:23:43.066529: I tensorflow/core/common_runtime/gpu/gpu_device.cc:958]      0 
2019-02-26 07:23:43.066534: I tensorflow/core/common_runtime/gpu/gpu_device.cc:971] 0:   N 
2019-02-26 07:23:43.066750: I tensorflow/core/common_runtime/gpu/gpu_device.cc:1084] Created TensorFlow device (/job:localhost/replica:0/task:0/device:GPU:0 with 5323 MB memory) -> physical GPU (device: 0, name: GeForce GTX 1060 6GB, pci bus id: 0000:01:00.0, compute capability: 6.1)
learningrate defined: 0.002
traindata_split defined: 1
dropout defined: 0.1
tensorboard defined: False
bagging defined: True
patience_reducelr defined: 10
traindata_duplicate defined: 0
datageneration_pattern defined: DataGenerationPattern.Fit
traindata_shuffle defined: False
save_model defined: True
neurons defined: 100
max_epochs defined: 500
max_sequencelength defined: 150000
datadefinition defined: <datadefinitions.cargo2000.Cargo2000 object at 0x7f7fd4083e10>
testdata_split defined: 0.3333
layers defined: 2
bagging_putback defined: True
patience_earlystopping defined: 40
bidirectional defined: False
cudnn defined: True
batch_size defined: 64
running defined: 0
processor defined: Processor.GPU
verbose defined: False
traindata_split_index defined: 0
rnntype defined: RnnType.LSTM
bagging_size defined: 0.6
gradientclipvalue defined: 3
validationdata_split defined: 0.2
keras version: 2.2.2
tensorflow version: 1.9.0
tensorflow session cleaned
multi process gpu usage: enabled
tensorflow configured
read 56082 rows
sequences truncated to 150000
offset0: null
offset1: 0
offset2: 0
offset3: 0
offset4: 0
offset5: 0
offset6: 0
offset7: 0
offset8: 0
divisor0: null
divisor1: 1153.615438108484
divisor2: 6666.367996861738
divisor3: 1412.8796226953389
divisor4: 1638.5187047537534
divisor5: 7332.0577368852755
divisor6: 17233.036482293785
divisor7: 17819.202310901892
divisor8: 1988.1400092721371
maxlen 28 
total chars: 16, target chars: 17
characters:  ['1', '10', '11', '12', '13', '14', '15', '16', '2', '3', '4', '5', '6', '7', '8', '9']
unique characters:  ['0', '1', '2', '3', '4', '5', '6', '7', '8', '9']
category vectors length: 16
num features: 22
2102 sequences in train data
1314 sequences in test data
526 sequences in validation data
2102 elements before bagging with putback True
1261 elements after bagging with putback True
perform full in-memory sentence generation
train_sentences: 17734
validation_sentences: 7440
Vectorization...
Build model...
imported keras API for model creation
creating stateless cudnn lstm model
_________________________________________________________________
Layer (type)                 Output Shape              Param #   
=================================================================
cu_dnnlstm_1 (CuDNNLSTM)     (None, 28, 100)           49600     
_________________________________________________________________
batch_normalization_1 (Batch (None, 28, 100)           400       
_________________________________________________________________
cu_dnnlstm_2 (CuDNNLSTM)     (None, 100)               80800     
_________________________________________________________________
batch_normalization_2 (Batch (None, 100)               400       
_________________________________________________________________
time_output (Dense)          (None, 1)                 101       
=================================================================
Total params: 131,301
Trainable params: 130,901
Non-trainable params: 400
_________________________________________________________________
Train on 17734 samples, validate on 7440 samples
Epoch 1/500
 - 9s - loss: 0.4345 - val_loss: 0.5169
Epoch 2/500
 - 7s - loss: 0.3489 - val_loss: 0.5202
Epoch 3/500
 - 7s - loss: 0.3416 - val_loss: 0.6033
Epoch 4/500
 - 7s - loss: 0.3354 - val_loss: 0.4451
Epoch 5/500
 - 7s - loss: 0.3332 - val_loss: 0.4217
Epoch 6/500
 - 7s - loss: 0.3296 - val_loss: 0.4838
Epoch 7/500
 - 7s - loss: 0.3279 - val_loss: 0.9237
Epoch 8/500
 - 7s - loss: 0.3287 - val_loss: 0.5182
Epoch 9/500
 - 7s - loss: 0.3260 - val_loss: 0.4577
Epoch 10/500
 - 7s - loss: 0.3227 - val_loss: 0.4117
Epoch 11/500
 - 7s - loss: 0.3212 - val_loss: 0.4120
Epoch 12/500
 - 7s - loss: 0.3168 - val_loss: 0.4767
Epoch 13/500
 - 7s - loss: 0.3170 - val_loss: 0.4417
Epoch 14/500
 - 7s - loss: 0.3132 - val_loss: 0.4151
Epoch 15/500
 - 7s - loss: 0.3108 - val_loss: 0.4851
Epoch 16/500
 - 7s - loss: 0.3045 - val_loss: 0.4003
Epoch 17/500
 - 7s - loss: 0.3043 - val_loss: 0.4266
Epoch 18/500
 - 7s - loss: 0.3005 - val_loss: 0.4270
Epoch 19/500
 - 7s - loss: 0.2993 - val_loss: 0.4477
Epoch 20/500
 - 7s - loss: 0.2944 - val_loss: 0.4242
Epoch 21/500
 - 7s - loss: 0.2887 - val_loss: 0.4213
Epoch 22/500
 - 7s - loss: 0.2800 - val_loss: 0.3986
Epoch 23/500
 - 7s - loss: 0.2737 - val_loss: 0.4034
Epoch 24/500
 - 7s - loss: 0.2649 - val_loss: 0.4185
Epoch 25/500
 - 7s - loss: 0.2613 - val_loss: 0.4430
Epoch 26/500
 - 7s - loss: 0.2559 - val_loss: 0.4250
Epoch 27/500
 - 7s - loss: 0.2524 - val_loss: 0.4518
Epoch 28/500
 - 7s - loss: 0.2445 - val_loss: 0.4216
Epoch 29/500
 - 7s - loss: 0.2438 - val_loss: 0.4379
Epoch 30/500
 - 7s - loss: 0.2380 - val_loss: 0.4329
Epoch 31/500
 - 7s - loss: 0.2361 - val_loss: 0.4434
Epoch 32/500
 - 7s - loss: 0.2344 - val_loss: 0.4219
Epoch 33/500
 - 7s - loss: 0.2220 - val_loss: 0.4179
Epoch 34/500
 - 7s - loss: 0.2156 - val_loss: 0.4389
Epoch 35/500
 - 7s - loss: 0.2149 - val_loss: 0.4333
Epoch 36/500
 - 7s - loss: 0.2133 - val_loss: 0.4394
Epoch 37/500
 - 7s - loss: 0.2089 - val_loss: 0.4326
Epoch 38/500
 - 7s - loss: 0.2109 - val_loss: 0.4338
Epoch 39/500
 - 7s - loss: 0.2085 - val_loss: 0.4334
Epoch 40/500
 - 7s - loss: 0.2062 - val_loss: 0.4409
Epoch 41/500
 - 7s - loss: 0.2048 - val_loss: 0.4358
Epoch 42/500
 - 7s - loss: 0.2011 - val_loss: 0.4357
Epoch 43/500
 - 7s - loss: 0.1989 - val_loss: 0.4405
Epoch 44/500
 - 7s - loss: 0.1924 - val_loss: 0.4354
Epoch 45/500
 - 7s - loss: 0.1896 - val_loss: 0.4376
Epoch 46/500
 - 7s - loss: 0.1881 - val_loss: 0.4423
Epoch 47/500
 - 7s - loss: 0.1881 - val_loss: 0.4459
Epoch 48/500
 - 7s - loss: 0.1903 - val_loss: 0.4284
Epoch 49/500
 - 7s - loss: 0.1896 - val_loss: 0.4449
Epoch 50/500
 - 7s - loss: 0.1893 - val_loss: 0.4360
Epoch 51/500
 - 7s - loss: 0.1864 - val_loss: 0.4477
Epoch 52/500
 - 7s - loss: 0.1840 - val_loss: 0.4433
Epoch 53/500
 - 7s - loss: 0.1809 - val_loss: 0.4445
Epoch 54/500
 - 7s - loss: 0.1838 - val_loss: 0.4390
Epoch 55/500
 - 7s - loss: 0.1798 - val_loss: 0.4452
Epoch 56/500
 - 7s - loss: 0.1792 - val_loss: 0.4408
Epoch 57/500
 - 7s - loss: 0.1783 - val_loss: 0.4447
Epoch 58/500
 - 7s - loss: 0.1781 - val_loss: 0.4417
Epoch 59/500
 - 7s - loss: 0.1777 - val_loss: 0.4523
Epoch 60/500
 - 7s - loss: 0.1777 - val_loss: 0.4477
Epoch 61/500
 - 7s - loss: 0.1752 - val_loss: 0.4384
Epoch 62/500
 - 7s - loss: 0.1782 - val_loss: 0.4427
/usr/lib/python3.5/importlib/_bootstrap.py:222: RuntimeWarning: numpy.dtype size changed, may indicate binary incompatibility. Expected 96, got 88
  return f(*args, **kwds)
Using TensorFlow backend.
/usr/lib/python3.5/importlib/_bootstrap.py:222: RuntimeWarning: numpy.dtype size changed, may indicate binary incompatibility. Expected 96, got 88
  return f(*args, **kwds)
/usr/lib/python3.5/importlib/_bootstrap.py:222: RuntimeWarning: numpy.dtype size changed, may indicate binary incompatibility. Expected 96, got 88
  return f(*args, **kwds)
Load model for predictions...
imported keras API for model creation
creating stateless cudnn lstm model
Model loaded from checkpoint
_________________________________________________________________
Layer (type)                 Output Shape              Param #   
=================================================================
cu_dnnlstm_3 (CuDNNLSTM)     (None, 28, 100)           49600     
_________________________________________________________________
batch_normalization_3 (Batch (None, 28, 100)           400       
_________________________________________________________________
cu_dnnlstm_4 (CuDNNLSTM)     (None, 100)               80800     
_________________________________________________________________
batch_normalization_4 (Batch (None, 100)               400       
_________________________________________________________________
time_output (Dense)          (None, 1)                 101       
=================================================================
Total params: 131,301
Trainable params: 130,901
Non-trainable params: 400
_________________________________________________________________
Make predictions...
sequences: 1314
finished prediction
tensorflow session cleaned
[Log] Finished process for: /bin/bash -c "python3 caise2019_c2k.py"
[Log] Process finished.
