[Log] Serializing /root/app/workdir/0-epochlogs.epochlog
[Log] Serializing /root/app/workdir/0-model.h5
[Log] Serializing /root/app/workdir/0-results.csv
[Log] Serializing /root/app/workdir/utility/__pycache__/exceptions.cpython-35.pyc
[Log] Serializing /root/app/workdir/utility/__pycache__/regularization.cpython-35.pyc
[Log] Serializing /root/app/workdir/utility/__pycache__/run.cpython-35.pyc
[Log] Serializing /root/app/workdir/utility/__pycache__/configuration.cpython-35.pyc
[Log] Serializing /root/app/workdir/utility/__pycache__/models.cpython-35.pyc
[Log] Serializing /root/app/workdir/utility/__pycache__/generator.cpython-35.pyc
[Log] Serializing /root/app/workdir/utility/__pycache__/preprocessing.cpython-35.pyc
[Log] Serializing /root/app/workdir/utility/__pycache__/hyperparameteroptimization.cpython-35.pyc
[Log] Serializing /root/app/workdir/utility/__pycache__/enums.cpython-35.pyc
[Log] Serializing /root/app/workdir/utility/__pycache__/dataoperations.cpython-35.pyc
[Log] Serializing /root/app/workdir/datadefinitions/__pycache__/bpi2012.cpython-35.pyc
[Log] Serializing /root/app/workdir/datadefinitions/__pycache__/generic.cpython-35.pyc
Send training results
[Log] Cleaned working directory
[Log] Finished work package
[Log] Fetch work.
Results sent.
[Log] Training Work package received from server: caise2019_bpic2012 391e8fed-95b3-40a9-8581-a023ebc55abc
[Log] Cleaned working directory
[Log] Deserializing 26 files 
[Log] Deserializing /root/app/workdir/caise2019_bpic2012.py
[Log] Deserializing /root/app/workdir/caise2019_bpic2017.py
[Log] Deserializing /root/app/workdir/caise2019_bpic2018.py
[Log] Deserializing /root/app/workdir/caise2019_c2k.py
[Log] Deserializing /root/app/workdir/caise2019_tt.py
[Log] Deserializing /root/app/workdir/requirements.txt
[Log] Deserializing /root/app/workdir/requirements_gpu.txt
[Log] Deserializing /root/app/workdir/version.xml
[Log] Deserializing /root/app/workdir/datadefinitions/bpi2012.py
[Log] Deserializing /root/app/workdir/datadefinitions/bpi2017.py
[Log] Deserializing /root/app/workdir/datadefinitions/bpi2018.py
[Log] Deserializing /root/app/workdir/datadefinitions/cargo2000.py
[Log] Deserializing /root/app/workdir/datadefinitions/cargo2000generic.py
[Log] Deserializing /root/app/workdir/datadefinitions/generic.py
[Log] Deserializing /root/app/workdir/datadefinitions/transformingtransport.py
[Log] Deserializing /root/app/workdir/datasets/bpi2012.csv
[Log] Deserializing /root/app/workdir/utility/configuration.py
[Log] Deserializing /root/app/workdir/utility/dataoperations.py
[Log] Deserializing /root/app/workdir/utility/enums.py
[Log] Deserializing /root/app/workdir/utility/exceptions.py
[Log] Deserializing /root/app/workdir/utility/generator.py
[Log] Deserializing /root/app/workdir/utility/hyperparameteroptimization.py
[Log] Deserializing /root/app/workdir/utility/models.py
[Log] Deserializing /root/app/workdir/utility/preprocessing.py
[Log] Deserializing /root/app/workdir/utility/regularization.py
[Log] Deserializing /root/app/workdir/utility/run.py
[Log] Deserialized 26 files
[Log] Processing training work package
[Log] Create worker process.
[Log] Create process for: /bin/bash -c "python3 caise2019_bpic2012.py" in /root/app/workdir
[Log] Starting process for: /bin/bash -c "python3 caise2019_bpic2012.py"
2019-02-25 12:50:00.086194: I tensorflow/core/platform/cpu_feature_guard.cc:141] Your CPU supports instructions that this TensorFlow binary was not compiled to use: AVX2 FMA
2019-02-25 12:50:00.159658: I tensorflow/stream_executor/cuda/cuda_gpu_executor.cc:897] successful NUMA node read from SysFS had negative value (-1), but there must be at least one NUMA node, so returning NUMA node zero
2019-02-25 12:50:00.160155: I tensorflow/core/common_runtime/gpu/gpu_device.cc:1392] Found device 0 with properties: 
name: GeForce GTX 1060 6GB major: 6 minor: 1 memoryClockRate(GHz): 1.7715
pciBusID: 0000:01:00.0
totalMemory: 5.93GiB freeMemory: 5.55GiB
2019-02-25 12:50:00.160172: I tensorflow/core/common_runtime/gpu/gpu_device.cc:1471] Adding visible gpu devices: 0
2019-02-25 12:50:00.749889: I tensorflow/core/common_runtime/gpu/gpu_device.cc:952] Device interconnect StreamExecutor with strength 1 edge matrix:
2019-02-25 12:50:00.749930: I tensorflow/core/common_runtime/gpu/gpu_device.cc:958]      0 
2019-02-25 12:50:00.749938: I tensorflow/core/common_runtime/gpu/gpu_device.cc:971] 0:   N 
2019-02-25 12:50:00.750160: I tensorflow/core/common_runtime/gpu/gpu_device.cc:1084] Created TensorFlow device (/job:localhost/replica:0/task:0/device:GPU:0 with 5323 MB memory) -> physical GPU (device: 0, name: GeForce GTX 1060 6GB, pci bus id: 0000:01:00.0, compute capability: 6.1)
traindata_split defined: 1
dropout defined: 0.1
max_sequencelength defined: 150000
max_epochs defined: 500
learningrate defined: 0.002
traindata_shuffle defined: False
layers defined: 2
bagging_putback defined: True
traindata_split_index defined: 0
processor defined: Processor.GPU
datadefinition defined: <datadefinitions.bpi2012.BPI2012 object at 0x7f8561bf2e10>
traindata_duplicate defined: 0
tensorboard defined: False
bidirectional defined: False
running defined: 0
cudnn defined: True
patience_reducelr defined: 10
neurons defined: 100
gradientclipvalue defined: 3
bagging_size defined: 0.6
save_model defined: True
verbose defined: False
validationdata_split defined: 0.2
datageneration_pattern defined: DataGenerationPattern.Generator
rnntype defined: RnnType.LSTM
batch_size defined: 64
patience_earlystopping defined: 40
bagging defined: True
testdata_split defined: 0.3333
keras version: 2.2.2
tensorflow version: 1.9.0
tensorflow session cleaned
multi process gpu usage: enabled
tensorflow configured
no value found for datadefinition.featureweight at index 4, setting default value
no value found for datadefinition.featureweight at index 5, setting default value
read 190827 rows
sequences truncated to 150000
offset0: null
offset1: null
offset2: 0
offset3: 0
offset4: null
offset5: null
divisor0: null
divisor1: null
divisor2: 4.770425059696304
divisor3: 9547.828404708018
divisor4: null
divisor5: null
maxlen 106 
total chars: 23, target chars: 24
characters:  ['A', 'B', 'C', 'D', 'E', 'F', 'G', 'H', 'I', 'J', 'K', 'L', 'M', 'N', 'O', 'P', 'Q', 'R', 'S', 'T', 'U', 'V', 'W']
unique characters:  ['A', 'B', 'C', 'D', 'E', 'F', 'G', 'H', 'I', 'J', 'K', 'L', 'M', 'N', 'O', 'P', 'Q', 'R', 'S', 'T', 'U', 'V', 'W']
total chars: 68, target chars: 69
characters:  ['10124', '10125', '10138', '10188', '10228', '10609', '10629', '10779', '10789', '10809', '10821', '10859', '10861', '10862', '10863', '10880', '10881', '10889', '10899', '10909', '10910', '10912', '10913', '10914', '10929', '10931', '10932', '10933', '10935', '10939', '10971', '10972', '10982', '11000', '11001', '11002', '11003', '11009', '11019', '11029', '11049', '11079', '11111', '11119', '11120', '11121', '11122', '11169', '11179', '11180', '11181', '11189', '112', '11200', '11201', '11202', '11203', '11254', '11259', '11269', '11289', '11299', '11300', '11302', '11304', '11309', '11319', '11339']
unique characters:  ['0', '1', '2', '3', '4', '5', '6', '7', '8', '9']
total chars: 2, target chars: 3
characters:  ['False', 'True']
unique characters:  ['F', 'T', 'a', 'e', 'l', 'r', 's', 'u']
category vectors length: 91
num features: 94
6980 sequences in train data
4362 sequences in test data
1745 sequences in validation data
6980 elements before bagging with putback True
4188 elements after bagging with putback True
created generator with with 4188 sequences and 60143 sentences
created generator with with 1745 sequences and 26772 sentences
created sentence generators
Generators detected: Vectorization will be performed during runtime
Build model...
imported keras API for model creation
creating stateless cudnn lstm model
_________________________________________________________________
Layer (type)                 Output Shape              Param #   
=================================================================
cu_dnnlstm_1 (CuDNNLSTM)     (None, 106, 100)          78400     
_________________________________________________________________
batch_normalization_1 (Batch (None, 106, 100)          400       
_________________________________________________________________
cu_dnnlstm_2 (CuDNNLSTM)     (None, 100)               80800     
_________________________________________________________________
batch_normalization_2 (Batch (None, 100)               400       
_________________________________________________________________
time_output (Dense)          (None, 1)                 101       
=================================================================
Total params: 160,101
Trainable params: 159,701
Non-trainable params: 400
_________________________________________________________________
Epoch 1/500
 - 63s - loss: 0.4505 - val_loss: 0.3648
Epoch 2/500
 - 61s - loss: 0.3889 - val_loss: 0.4406
Epoch 3/500
 - 61s - loss: 0.3817 - val_loss: 0.3847
Epoch 4/500
 - 61s - loss: 0.3784 - val_loss: 0.3532
Epoch 5/500
 - 61s - loss: 0.3908 - val_loss: 0.3278
Epoch 6/500
 - 61s - loss: 0.3804 - val_loss: 0.3056
Epoch 7/500
 - 61s - loss: 0.3746 - val_loss: 0.3202
Epoch 8/500
 - 61s - loss: 0.3694 - val_loss: 0.3793
Epoch 9/500
 - 61s - loss: 0.3654 - val_loss: 0.3422
Epoch 10/500
 - 61s - loss: 0.3645 - val_loss: 0.3108
Epoch 11/500
 - 61s - loss: 0.3642 - val_loss: 0.3539
Epoch 12/500
 - 61s - loss: 0.3590 - val_loss: 0.3587
Epoch 13/500
 - 61s - loss: 0.3610 - val_loss: 0.3010
Epoch 14/500
 - 61s - loss: 0.3626 - val_loss: 0.3224
Epoch 15/500
 - 61s - loss: 0.3634 - val_loss: 0.3057
Epoch 16/500
 - 61s - loss: 0.3541 - val_loss: 0.3364
Epoch 17/500
 - 61s - loss: 0.3640 - val_loss: 0.3735
Epoch 18/500
 - 61s - loss: 0.3586 - val_loss: 0.3199
Epoch 19/500
 - 61s - loss: 0.3615 - val_loss: 0.3377
Epoch 20/500
 - 61s - loss: 0.3618 - val_loss: 0.3108
Epoch 21/500
 - 61s - loss: 0.3595 - val_loss: 0.3042
Epoch 22/500
 - 61s - loss: 0.3550 - val_loss: 0.2973
Epoch 23/500
 - 61s - loss: 0.3571 - val_loss: 0.2908
Epoch 24/500
 - 61s - loss: 0.3559 - val_loss: 0.3044
Epoch 25/500
 - 61s - loss: 0.3560 - val_loss: 0.2936
Epoch 26/500
 - 61s - loss: 0.3555 - val_loss: 0.2977
Epoch 27/500
 - 61s - loss: 0.3519 - val_loss: 0.3656
Epoch 28/500
 - 61s - loss: 0.3501 - val_loss: 0.2954
Epoch 29/500
 - 61s - loss: 0.3504 - val_loss: 0.2983
Epoch 30/500
 - 61s - loss: 0.3550 - val_loss: 0.3019
Epoch 31/500
 - 61s - loss: 0.3463 - val_loss: 0.2897
Epoch 32/500
 - 55s - loss: 0.3427 - val_loss: 0.2865
Epoch 33/500
 - 56s - loss: 0.3492 - val_loss: 0.2885
Epoch 34/500
 - 61s - loss: 0.3488 - val_loss: 0.3103
Epoch 35/500
 - 61s - loss: 0.3454 - val_loss: 0.3157
Epoch 36/500
 - 61s - loss: 0.3456 - val_loss: 0.2897
Epoch 37/500
 - 61s - loss: 0.3445 - val_loss: 0.2935
Epoch 38/500
 - 61s - loss: 0.3435 - val_loss: 0.3106
Epoch 39/500
 - 61s - loss: 0.3418 - val_loss: 0.3036
Epoch 40/500
 - 61s - loss: 0.3424 - val_loss: 0.2970
Epoch 41/500
 - 61s - loss: 0.3417 - val_loss: 0.3247
Epoch 42/500
 - 61s - loss: 0.3412 - val_loss: 0.2897
Epoch 43/500
 - 61s - loss: 0.3363 - val_loss: 0.3038
Epoch 44/500
 - 61s - loss: 0.3374 - val_loss: 0.2972
Epoch 45/500
 - 61s - loss: 0.3297 - val_loss: 0.3036
Epoch 46/500
 - 61s - loss: 0.3342 - val_loss: 0.3074
Epoch 47/500
 - 61s - loss: 0.3364 - val_loss: 0.3021
Epoch 48/500
 - 61s - loss: 0.3378 - val_loss: 0.2996
Epoch 49/500
 - 61s - loss: 0.3395 - val_loss: 0.3087
Epoch 50/500
 - 61s - loss: 0.3307 - val_loss: 0.2931
Epoch 51/500
 - 61s - loss: 0.3335 - val_loss: 0.3004
Epoch 52/500
 - 61s - loss: 0.3260 - val_loss: 0.3086
Epoch 53/500
 - 61s - loss: 0.3273 - val_loss: 0.3073
Epoch 54/500
 - 61s - loss: 0.3230 - val_loss: 0.3045
Epoch 55/500
 - 61s - loss: 0.3240 - val_loss: 0.3041
Epoch 56/500
 - 61s - loss: 0.3284 - val_loss: 0.3062
Epoch 57/500
 - 61s - loss: 0.3221 - val_loss: 0.3083
Epoch 58/500
 - 61s - loss: 0.3229 - val_loss: 0.3096
Epoch 59/500
 - 61s - loss: 0.3306 - val_loss: 0.3094
Epoch 60/500
 - 61s - loss: 0.3248 - val_loss: 0.3099
Epoch 61/500
 - 54s - loss: 0.3251 - val_loss: 0.2965
Epoch 62/500
 - 59s - loss: 0.3175 - val_loss: 0.3037
Epoch 63/500
 - 61s - loss: 0.3197 - val_loss: 0.2998
Epoch 64/500
 - 61s - loss: 0.3265 - val_loss: 0.3027
Epoch 65/500
 - 61s - loss: 0.3218 - val_loss: 0.3038
Epoch 66/500
 - 61s - loss: 0.3170 - val_loss: 0.3018
Epoch 67/500
 - 61s - loss: 0.3229 - val_loss: 0.3103
Epoch 68/500
 - 61s - loss: 0.3188 - val_loss: 0.3052
Epoch 69/500
 - 61s - loss: 0.3161 - val_loss: 0.3162
Epoch 70/500
 - 61s - loss: 0.3139 - val_loss: 0.3059
Epoch 71/500
 - 61s - loss: 0.3198 - val_loss: 0.3117
Epoch 72/500
 - 61s - loss: 0.3139 - val_loss: 0.3045
/usr/lib/python3.5/importlib/_bootstrap.py:222: RuntimeWarning: numpy.dtype size changed, may indicate binary incompatibility. Expected 96, got 88
Load model for predictions...
imported keras API for model creation
creating stateless cudnn lstm model
Model loaded from checkpoint
_________________________________________________________________
Layer (type)                 Output Shape              Param #   
=================================================================
cu_dnnlstm_3 (CuDNNLSTM)     (None, 106, 100)          78400     
_________________________________________________________________
batch_normalization_3 (Batch (None, 106, 100)          400       
_________________________________________________________________
cu_dnnlstm_4 (CuDNNLSTM)     (None, 100)               80800     
_________________________________________________________________
batch_normalization_4 (Batch (None, 100)               400       
_________________________________________________________________
time_output (Dense)          (None, 1)                 101       
=================================================================
Total params: 160,101
  return f(*args, **kwds)
Using TensorFlow backend.
/usr/lib/python3.5/importlib/_bootstrap.py:222: RuntimeWarning: numpy.dtype size changed, may indicate binary incompatibility. Expected 96, got 88
  return f(*args, **kwds)
/usr/lib/python3.5/importlib/_bootstrap.py:222: RuntimeWarning: numpy.dtype size changed, may indicate binary incompatibility. Expected 96, got 88
  return f(*args, **kwds)
Trainable params: 159,701
Non-trainable params: 400
_________________________________________________________________
Make predictions...
sequences: 4362
finished prediction
tensorflow session cleaned
[Log] Finished process for: /bin/bash -c "python3 caise2019_bpic2012.py"
[Log] Process finished.
