[Log] Serializing /root/app/workdir/0-epochlogs.epochlog
[Log] Serializing /root/app/workdir/0-model.h5
[Log] Serializing /root/app/workdir/0-results.csv
[Log] Serializing /root/app/workdir/datadefinitions/__pycache__/bpi2012.cpython-35.pyc
[Log] Serializing /root/app/workdir/datadefinitions/__pycache__/generic.cpython-35.pyc
[Log] Serializing /root/app/workdir/utility/__pycache__/hyperparameteroptimization.cpython-35.pyc
[Log] Serializing /root/app/workdir/utility/__pycache__/run.cpython-35.pyc
[Log] Serializing /root/app/workdir/utility/__pycache__/exceptions.cpython-35.pyc
[Log] Serializing /root/app/workdir/utility/__pycache__/configuration.cpython-35.pyc
[Log] Serializing /root/app/workdir/utility/__pycache__/enums.cpython-35.pyc
[Log] Serializing /root/app/workdir/utility/__pycache__/preprocessing.cpython-35.pyc
[Log] Serializing /root/app/workdir/utility/__pycache__/models.cpython-35.pyc
[Log] Serializing /root/app/workdir/utility/__pycache__/generator.cpython-35.pyc
[Log] Serializing /root/app/workdir/utility/__pycache__/dataoperations.cpython-35.pyc
[Log] Serializing /root/app/workdir/utility/__pycache__/regularization.cpython-35.pyc
Send training results
[Log] Cleaned working directory
[Log] Finished work package
[Log] Fetch work.
Results sent.
[Log] Training Work package received from server: caise2019_bpic2012 73e30290-b879-4adc-8805-0cd8e974b260
[Log] Cleaned working directory
[Log] Deserializing 26 files 
[Log] Deserializing /root/app/workdir/caise2019_bpic2012.py
[Log] Deserializing /root/app/workdir/caise2019_bpic2017.py
[Log] Deserializing /root/app/workdir/caise2019_bpic2018.py
[Log] Deserializing /root/app/workdir/caise2019_c2k.py
[Log] Deserializing /root/app/workdir/caise2019_tt.py
[Log] Deserializing /root/app/workdir/requirements.txt
[Log] Deserializing /root/app/workdir/requirements_gpu.txt
[Log] Deserializing /root/app/workdir/version.xml
[Log] Deserializing /root/app/workdir/datadefinitions/bpi2012.py
[Log] Deserializing /root/app/workdir/datadefinitions/bpi2017.py
[Log] Deserializing /root/app/workdir/datadefinitions/bpi2018.py
[Log] Deserializing /root/app/workdir/datadefinitions/cargo2000.py
[Log] Deserializing /root/app/workdir/datadefinitions/cargo2000generic.py
[Log] Deserializing /root/app/workdir/datadefinitions/generic.py
[Log] Deserializing /root/app/workdir/datadefinitions/transformingtransport.py
[Log] Deserializing /root/app/workdir/datasets/bpi2012.csv
[Log] Deserializing /root/app/workdir/utility/configuration.py
[Log] Deserializing /root/app/workdir/utility/dataoperations.py
[Log] Deserializing /root/app/workdir/utility/enums.py
[Log] Deserializing /root/app/workdir/utility/exceptions.py
[Log] Deserializing /root/app/workdir/utility/generator.py
[Log] Deserializing /root/app/workdir/utility/hyperparameteroptimization.py
[Log] Deserializing /root/app/workdir/utility/models.py
[Log] Deserializing /root/app/workdir/utility/preprocessing.py
[Log] Deserializing /root/app/workdir/utility/regularization.py
[Log] Deserializing /root/app/workdir/utility/run.py
[Log] Deserialized 26 files
[Log] Processing training work package
[Log] Create worker process.
[Log] Create process for: /bin/bash -c "python3 caise2019_bpic2012.py" in /root/app/workdir
[Log] Starting process for: /bin/bash -c "python3 caise2019_bpic2012.py"
2019-02-26 00:37:50.563677: I tensorflow/core/platform/cpu_feature_guard.cc:141] Your CPU supports instructions that this TensorFlow binary was not compiled to use: AVX2 FMA
2019-02-26 00:37:50.640534: I tensorflow/stream_executor/cuda/cuda_gpu_executor.cc:897] successful NUMA node read from SysFS had negative value (-1), but there must be at least one NUMA node, so returning NUMA node zero
2019-02-26 00:37:50.641198: I tensorflow/core/common_runtime/gpu/gpu_device.cc:1392] Found device 0 with properties: 
name: GeForce GTX 1060 6GB major: 6 minor: 1 memoryClockRate(GHz): 1.7715
pciBusID: 0000:01:00.0
totalMemory: 5.93GiB freeMemory: 5.55GiB
2019-02-26 00:37:50.641233: I tensorflow/core/common_runtime/gpu/gpu_device.cc:1471] Adding visible gpu devices: 0
2019-02-26 00:37:51.232866: I tensorflow/core/common_runtime/gpu/gpu_device.cc:952] Device interconnect StreamExecutor with strength 1 edge matrix:
2019-02-26 00:37:51.232891: I tensorflow/core/common_runtime/gpu/gpu_device.cc:958]      0 
2019-02-26 00:37:51.232896: I tensorflow/core/common_runtime/gpu/gpu_device.cc:971] 0:   N 
2019-02-26 00:37:51.233060: I tensorflow/core/common_runtime/gpu/gpu_device.cc:1084] Created TensorFlow device (/job:localhost/replica:0/task:0/device:GPU:0 with 5323 MB memory) -> physical GPU (device: 0, name: GeForce GTX 1060 6GB, pci bus id: 0000:01:00.0, compute capability: 6.1)
max_epochs defined: 500
batch_size defined: 64
validationdata_split defined: 0.2
cudnn defined: True
rnntype defined: RnnType.LSTM
save_model defined: True
traindata_split_index defined: 0
verbose defined: False
bagging defined: True
datageneration_pattern defined: DataGenerationPattern.Generator
traindata_shuffle defined: False
processor defined: Processor.GPU
neurons defined: 100
traindata_duplicate defined: 0
tensorboard defined: False
patience_earlystopping defined: 40
learningrate defined: 0.002
layers defined: 2
datadefinition defined: <datadefinitions.bpi2012.BPI2012 object at 0x7f40281e5e10>
bagging_size defined: 0.6
bagging_putback defined: True
testdata_split defined: 0.3333
gradientclipvalue defined: 3
running defined: 0
max_sequencelength defined: 150000
dropout defined: 0.1
bidirectional defined: False
patience_reducelr defined: 10
traindata_split defined: 1
keras version: 2.2.2
tensorflow version: 1.9.0
tensorflow session cleaned
multi process gpu usage: enabled
tensorflow configured
no value found for datadefinition.featureweight at index 4, setting default value
no value found for datadefinition.featureweight at index 5, setting default value
read 190827 rows
sequences truncated to 150000
offset0: null
offset1: null
offset2: 0
offset3: 0
offset4: null
offset5: null
divisor0: null
divisor1: null
divisor2: 4.770425059696304
divisor3: 9547.828404708018
divisor4: null
divisor5: null
maxlen 106 
total chars: 23, target chars: 24
characters:  ['A', 'B', 'C', 'D', 'E', 'F', 'G', 'H', 'I', 'J', 'K', 'L', 'M', 'N', 'O', 'P', 'Q', 'R', 'S', 'T', 'U', 'V', 'W']
unique characters:  ['A', 'B', 'C', 'D', 'E', 'F', 'G', 'H', 'I', 'J', 'K', 'L', 'M', 'N', 'O', 'P', 'Q', 'R', 'S', 'T', 'U', 'V', 'W']
total chars: 68, target chars: 69
characters:  ['10124', '10125', '10138', '10188', '10228', '10609', '10629', '10779', '10789', '10809', '10821', '10859', '10861', '10862', '10863', '10880', '10881', '10889', '10899', '10909', '10910', '10912', '10913', '10914', '10929', '10931', '10932', '10933', '10935', '10939', '10971', '10972', '10982', '11000', '11001', '11002', '11003', '11009', '11019', '11029', '11049', '11079', '11111', '11119', '11120', '11121', '11122', '11169', '11179', '11180', '11181', '11189', '112', '11200', '11201', '11202', '11203', '11254', '11259', '11269', '11289', '11299', '11300', '11302', '11304', '11309', '11319', '11339']
unique characters:  ['0', '1', '2', '3', '4', '5', '6', '7', '8', '9']
total chars: 2, target chars: 3
characters:  ['False', 'True']
unique characters:  ['F', 'T', 'a', 'e', 'l', 'r', 's', 'u']
category vectors length: 91
num features: 94
6980 sequences in train data
4362 sequences in test data
1745 sequences in validation data
6980 elements before bagging with putback True
4188 elements after bagging with putback True
created generator with with 4188 sequences and 59295 sentences
created generator with with 1745 sequences and 26772 sentences
created sentence generators
Generators detected: Vectorization will be performed during runtime
Build model...
imported keras API for model creation
creating stateless cudnn lstm model
_________________________________________________________________
Layer (type)                 Output Shape              Param #   
=================================================================
cu_dnnlstm_1 (CuDNNLSTM)     (None, 106, 100)          78400     
_________________________________________________________________
batch_normalization_1 (Batch (None, 106, 100)          400       
_________________________________________________________________
cu_dnnlstm_2 (CuDNNLSTM)     (None, 100)               80800     
_________________________________________________________________
batch_normalization_2 (Batch (None, 100)               400       
_________________________________________________________________
time_output (Dense)          (None, 1)                 101       
=================================================================
Total params: 160,101
Trainable params: 159,701
Non-trainable params: 400
_________________________________________________________________
Epoch 1/500
 - 61s - loss: 0.4291 - val_loss: 0.3421
Epoch 2/500
 - 60s - loss: 0.3865 - val_loss: 0.3490
Epoch 3/500
 - 59s - loss: 0.3955 - val_loss: 0.4024
Epoch 4/500
 - 49s - loss: 0.3707 - val_loss: 0.4361
Epoch 5/500
 - 59s - loss: 0.3688 - val_loss: 0.3148
Epoch 6/500
 - 60s - loss: 0.3662 - val_loss: 0.3393
Epoch 7/500
 - 60s - loss: 0.3595 - val_loss: 0.2956
Epoch 8/500
 - 60s - loss: 0.3638 - val_loss: 0.4199
Epoch 9/500
 - 59s - loss: 0.3581 - val_loss: 0.2984
Epoch 10/500
 - 59s - loss: 0.3590 - val_loss: 0.3447
Epoch 11/500
 - 60s - loss: 0.3595 - val_loss: 0.3231
Epoch 12/500
 - 60s - loss: 0.3599 - val_loss: 0.3113
Epoch 13/500
 - 60s - loss: 0.3596 - val_loss: 0.2913
Epoch 14/500
 - 60s - loss: 0.3557 - val_loss: 0.3029
Epoch 15/500
 - 59s - loss: 0.3587 - val_loss: 0.2938
Epoch 16/500
 - 60s - loss: 0.3540 - val_loss: 0.2888
Epoch 17/500
 - 59s - loss: 0.3527 - val_loss: 0.2827
Epoch 18/500
 - 60s - loss: 0.3572 - val_loss: 0.3466
Epoch 19/500
 - 59s - loss: 0.3566 - val_loss: 0.3001
Epoch 20/500
 - 60s - loss: 0.3560 - val_loss: 0.2884
Epoch 21/500
 - 60s - loss: 0.3534 - val_loss: 0.3112
Epoch 22/500
 - 60s - loss: 0.3605 - val_loss: 0.4509
Epoch 23/500
 - 60s - loss: 0.3647 - val_loss: 0.2898
Epoch 24/500
 - 59s - loss: 0.3572 - val_loss: 0.2983
Epoch 25/500
 - 60s - loss: 0.3579 - val_loss: 0.2850
Epoch 26/500
 - 59s - loss: 0.3567 - val_loss: 0.2969
Epoch 27/500
 - 59s - loss: 0.3530 - val_loss: 0.2954
Epoch 28/500
 - 60s - loss: 0.3502 - val_loss: 0.2971
Epoch 29/500
 - 60s - loss: 0.3531 - val_loss: 0.2842
Epoch 30/500
 - 59s - loss: 0.3508 - val_loss: 0.2849
Epoch 31/500
 - 60s - loss: 0.3521 - val_loss: 0.2927
Epoch 32/500
 - 49s - loss: 0.3521 - val_loss: 0.2851
Epoch 33/500
 - 59s - loss: 0.3532 - val_loss: 0.2872
Epoch 34/500
 - 59s - loss: 0.3470 - val_loss: 0.2835
Epoch 35/500
 - 60s - loss: 0.3459 - val_loss: 0.3075
Epoch 36/500
 - 60s - loss: 0.3449 - val_loss: 0.2847
Epoch 37/500
 - 60s - loss: 0.3514 - val_loss: 0.3163
Epoch 38/500
 - 59s - loss: 0.3506 - val_loss: 0.2851
Epoch 39/500
 - 59s - loss: 0.3470 - val_loss: 0.2770
Epoch 40/500
 - 60s - loss: 0.3457 - val_loss: 0.2904
Epoch 41/500
 - 60s - loss: 0.3487 - val_loss: 0.2903
Epoch 42/500
 - 60s - loss: 0.3387 - val_loss: 0.3256
Epoch 43/500
 - 59s - loss: 0.3464 - val_loss: 0.2804
Epoch 44/500
 - 59s - loss: 0.3487 - val_loss: 0.2931
Epoch 45/500
 - 59s - loss: 0.3465 - val_loss: 0.3081
Epoch 46/500
 - 60s - loss: 0.3497 - val_loss: 0.2824
Epoch 47/500
 - 60s - loss: 0.3509 - val_loss: 0.3192
Epoch 48/500
 - 60s - loss: 0.3488 - val_loss: 0.2810
Epoch 49/500
 - 59s - loss: 0.3442 - val_loss: 0.3133
Epoch 50/500
 - 60s - loss: 0.3534 - val_loss: 0.2989
Epoch 51/500
 - 60s - loss: 0.3424 - val_loss: 0.2886
Epoch 52/500
 - 60s - loss: 0.3391 - val_loss: 0.2878
Epoch 53/500
 - 59s - loss: 0.3401 - val_loss: 0.2822
Epoch 54/500
 - 60s - loss: 0.3452 - val_loss: 0.3087
Epoch 55/500
 - 60s - loss: 0.3481 - val_loss: 0.2925
Epoch 56/500
 - 60s - loss: 0.3427 - val_loss: 0.2777
Epoch 57/500
 - 59s - loss: 0.3439 - val_loss: 0.2802
Epoch 58/500
 - 60s - loss: 0.3426 - val_loss: 0.3036
Epoch 59/500
 - 49s - loss: 0.3449 - val_loss: 0.2933
Epoch 60/500
 - 59s - loss: 0.3445 - val_loss: 0.2898
Epoch 61/500
 - 59s - loss: 0.3358 - val_loss: 0.2798
Epoch 62/500
 - 60s - loss: 0.3465 - val_loss: 0.2984
Epoch 63/500
 - 60s - loss: 0.3429 - val_loss: 0.2954
Epoch 64/500
 - 60s - loss: 0.3443 - val_loss: 0.2804
Epoch 65/500
 - 60s - loss: 0.3411 - val_loss: 0.2877
Epoch 66/500
 - 59s - loss: 0.3439 - val_loss: 0.2839
Epoch 67/500
 - 60s - loss: 0.3445 - val_loss: 0.2861
Epoch 68/500
 - 59s - loss: 0.3406 - val_loss: 0.2859
Epoch 69/500
 - 60s - loss: 0.3445 - val_loss: 0.2852
Epoch 70/500
 - 60s - loss: 0.3432 - val_loss: 0.2797
Epoch 71/500
 - 59s - loss: 0.3451 - val_loss: 0.2876
Epoch 72/500
 - 60s - loss: 0.3415 - val_loss: 0.2882
Epoch 73/500
 - 60s - loss: 0.3329 - val_loss: 0.2889
Epoch 74/500
 - 60s - loss: 0.3422 - val_loss: 0.2854
Epoch 75/500
 - 60s - loss: 0.3406 - val_loss: 0.2925
Epoch 76/500
 - 60s - loss: 0.3445 - val_loss: 0.2875
Epoch 77/500
 - 60s - loss: 0.3425 - val_loss: 0.2908
Epoch 78/500
 - 60s - loss: 0.3380 - val_loss: 0.2858
Epoch 79/500
 - 60s - loss: 0.3367 - val_loss: 0.2866
Load model for predictions...
/usr/lib/python3.5/importlib/_bootstrap.py:222: RuntimeWarning: numpy.dtype size changed, may indicate binary incompatibility. Expected 96, got 88
  return f(*args, **kwds)
Using TensorFlow backend.
/usr/lib/python3.5/importlib/_bootstrap.py:222: RuntimeWarning: numpy.dtype size changed, may indicate binary incompatibility. Expected 96, got 88
  return f(*args, **kwds)
/usr/lib/python3.5/importlib/_bootstrap.py:222: RuntimeWarning: numpy.dtype size changed, may indicate binary incompatibility. Expected 96, got 88
  return f(*args, **kwds)
imported keras API for model creation
creating stateless cudnn lstm model
Model loaded from checkpoint
_________________________________________________________________
Layer (type)                 Output Shape              Param #   
=================================================================
cu_dnnlstm_3 (CuDNNLSTM)     (None, 106, 100)          78400     
_________________________________________________________________
batch_normalization_3 (Batch (None, 106, 100)          400       
_________________________________________________________________
cu_dnnlstm_4 (CuDNNLSTM)     (None, 100)               80800     
_________________________________________________________________
batch_normalization_4 (Batch (None, 100)               400       
_________________________________________________________________
time_output (Dense)          (None, 1)                 101       
=================================================================
Total params: 160,101
Trainable params: 159,701
Non-trainable params: 400
_________________________________________________________________
Make predictions...
sequences: 4362
finished prediction
tensorflow session cleaned
[Log] Finished process for: /bin/bash -c "python3 caise2019_bpic2012.py"
[Log] Process finished.
