[Log] Serializing /root/app/workdir/0-model.h5
[Log] Serializing /root/app/workdir/0-results.csv
[Log] Serializing /root/app/workdir/0-epochlogs.epochlog
[Log] Serializing /root/app/workdir/datadefinitions/__pycache__/generic.cpython-35.pyc
[Log] Serializing /root/app/workdir/datadefinitions/__pycache__/cargo2000.cpython-35.pyc
[Log] Serializing /root/app/workdir/utility/__pycache__/exceptions.cpython-35.pyc
[Log] Serializing /root/app/workdir/utility/__pycache__/models.cpython-35.pyc
[Log] Serializing /root/app/workdir/utility/__pycache__/run.cpython-35.pyc
[Log] Serializing /root/app/workdir/utility/__pycache__/configuration.cpython-35.pyc
[Log] Serializing /root/app/workdir/utility/__pycache__/regularization.cpython-35.pyc
[Log] Serializing /root/app/workdir/utility/__pycache__/generator.cpython-35.pyc
[Log] Serializing /root/app/workdir/utility/__pycache__/enums.cpython-35.pyc
[Log] Serializing /root/app/workdir/utility/__pycache__/dataoperations.cpython-35.pyc
[Log] Serializing /root/app/workdir/utility/__pycache__/preprocessing.cpython-35.pyc
[Log] Serializing /root/app/workdir/utility/__pycache__/hyperparameteroptimization.cpython-35.pyc
Send training results
[Log] Cleaned working directory
[Log] Finished work package
[Log] Fetch work.
Results sent.
[Log] Training Work package received from server: caise2019_cargo2000 2be1fb50-386b-41c0-99f9-66667383e229
[Log] Cleaned working directory
[Log] Deserializing 26 files 
[Log] Deserializing /root/app/workdir/caise2019_bpic2012.py
[Log] Deserializing /root/app/workdir/caise2019_bpic2017.py
[Log] Deserializing /root/app/workdir/caise2019_bpic2018.py
[Log] Deserializing /root/app/workdir/caise2019_c2k.py
[Log] Deserializing /root/app/workdir/caise2019_tt.py
[Log] Deserializing /root/app/workdir/requirements.txt
[Log] Deserializing /root/app/workdir/requirements_gpu.txt
[Log] Deserializing /root/app/workdir/version.xml
[Log] Deserializing /root/app/workdir/datadefinitions/bpi2012.py
[Log] Deserializing /root/app/workdir/datadefinitions/bpi2017.py
[Log] Deserializing /root/app/workdir/datadefinitions/bpi2018.py
[Log] Deserializing /root/app/workdir/datadefinitions/cargo2000.py
[Log] Deserializing /root/app/workdir/datadefinitions/cargo2000generic.py
[Log] Deserializing /root/app/workdir/datadefinitions/generic.py
[Log] Deserializing /root/app/workdir/datadefinitions/transformingtransport.py
[Log] Deserializing /root/app/workdir/datasets/cargo2000.csv
[Log] Deserializing /root/app/workdir/utility/configuration.py
[Log] Deserializing /root/app/workdir/utility/dataoperations.py
[Log] Deserializing /root/app/workdir/utility/enums.py
[Log] Deserializing /root/app/workdir/utility/exceptions.py
[Log] Deserializing /root/app/workdir/utility/generator.py
[Log] Deserializing /root/app/workdir/utility/hyperparameteroptimization.py
[Log] Deserializing /root/app/workdir/utility/models.py
[Log] Deserializing /root/app/workdir/utility/preprocessing.py
[Log] Deserializing /root/app/workdir/utility/regularization.py
[Log] Deserializing /root/app/workdir/utility/run.py
[Log] Deserialized 26 files
[Log] Processing training work package
[Log] Create worker process.
[Log] Create process for: /bin/bash -c "python3 caise2019_c2k.py" in /root/app/workdir
[Log] Starting process for: /bin/bash -c "python3 caise2019_c2k.py"
2019-02-26 07:55:59.309706: I tensorflow/core/platform/cpu_feature_guard.cc:141] Your CPU supports instructions that this TensorFlow binary was not compiled to use: AVX2 FMA
2019-02-26 07:55:59.378798: I tensorflow/stream_executor/cuda/cuda_gpu_executor.cc:897] successful NUMA node read from SysFS had negative value (-1), but there must be at least one NUMA node, so returning NUMA node zero
2019-02-26 07:55:59.379361: I tensorflow/core/common_runtime/gpu/gpu_device.cc:1392] Found device 0 with properties: 
name: GeForce GTX 1060 6GB major: 6 minor: 1 memoryClockRate(GHz): 1.7715
pciBusID: 0000:01:00.0
totalMemory: 5.92GiB freeMemory: 5.52GiB
2019-02-26 07:55:59.379378: I tensorflow/core/common_runtime/gpu/gpu_device.cc:1471] Adding visible gpu devices: 0
2019-02-26 07:55:59.976992: I tensorflow/core/common_runtime/gpu/gpu_device.cc:952] Device interconnect StreamExecutor with strength 1 edge matrix:
2019-02-26 07:55:59.977014: I tensorflow/core/common_runtime/gpu/gpu_device.cc:958]      0 
2019-02-26 07:55:59.977020: I tensorflow/core/common_runtime/gpu/gpu_device.cc:971] 0:   N 
2019-02-26 07:55:59.977223: I tensorflow/core/common_runtime/gpu/gpu_device.cc:1084] Created TensorFlow device (/job:localhost/replica:0/task:0/device:GPU:0 with 5289 MB memory) -> physical GPU (device: 0, name: GeForce GTX 1060 6GB, pci bus id: 0000:01:00.0, compute capability: 6.1)
tensorboard defined: False
traindata_split defined: 1
bidirectional defined: False
layers defined: 2
verbose defined: False
running defined: 0
traindata_split_index defined: 0
bagging_size defined: 0.6
traindata_shuffle defined: False
max_epochs defined: 500
rnntype defined: RnnType.LSTM
testdata_split defined: 0.3333
learningrate defined: 0.002
dropout defined: 0.1
validationdata_split defined: 0.2
bagging_putback defined: True
cudnn defined: True
max_sequencelength defined: 150000
datadefinition defined: <datadefinitions.cargo2000.Cargo2000 object at 0x7f0ff6079e10>
batch_size defined: 64
gradientclipvalue defined: 3
patience_reducelr defined: 10
datageneration_pattern defined: DataGenerationPattern.Fit
traindata_duplicate defined: 0
save_model defined: True
processor defined: Processor.GPU
patience_earlystopping defined: 40
neurons defined: 100
bagging defined: True
keras version: 2.2.2
tensorflow version: 1.9.0
tensorflow session cleaned
multi process gpu usage: enabled
tensorflow configured
read 56082 rows
sequences truncated to 150000
offset0: null
offset1: 0
offset2: 0
offset3: 0
offset4: 0
offset5: 0
offset6: 0
offset7: 0
offset8: 0
divisor0: null
divisor1: 1153.615438108484
divisor2: 6666.367996861738
divisor3: 1412.8796226953389
divisor4: 1638.5187047537534
divisor5: 7332.0577368852755
divisor6: 17233.036482293785
divisor7: 17819.202310901892
divisor8: 1988.1400092721371
maxlen 28 
total chars: 16, target chars: 17
characters:  ['1', '10', '11', '12', '13', '14', '15', '16', '2', '3', '4', '5', '6', '7', '8', '9']
unique characters:  ['0', '1', '2', '3', '4', '5', '6', '7', '8', '9']
category vectors length: 16
num features: 22
2102 sequences in train data
1314 sequences in test data
526 sequences in validation data
2102 elements before bagging with putback True
1261 elements after bagging with putback True
perform full in-memory sentence generation
train_sentences: 17644
validation_sentences: 7440
Vectorization...
Build model...
imported keras API for model creation
creating stateless cudnn lstm model
_________________________________________________________________
Layer (type)                 Output Shape              Param #   
=================================================================
cu_dnnlstm_1 (CuDNNLSTM)     (None, 28, 100)           49600     
_________________________________________________________________
batch_normalization_1 (Batch (None, 28, 100)           400       
_________________________________________________________________
cu_dnnlstm_2 (CuDNNLSTM)     (None, 100)               80800     
_________________________________________________________________
batch_normalization_2 (Batch (None, 100)               400       
_________________________________________________________________
time_output (Dense)          (None, 1)                 101       
=================================================================
Total params: 131,301
Trainable params: 130,901
Non-trainable params: 400
_________________________________________________________________
Train on 17644 samples, validate on 7440 samples
Epoch 1/500
 - 9s - loss: 0.4674 - val_loss: 0.4163
Epoch 2/500
 - 7s - loss: 0.3807 - val_loss: 0.4017
Epoch 3/500
 - 7s - loss: 0.3713 - val_loss: 0.4102
Epoch 4/500
 - 7s - loss: 0.3700 - val_loss: 0.4562
Epoch 5/500
 - 7s - loss: 0.3675 - val_loss: 0.3983
Epoch 6/500
 - 7s - loss: 0.3619 - val_loss: 0.3933
Epoch 7/500
 - 7s - loss: 0.3622 - val_loss: 0.4159
Epoch 8/500
 - 7s - loss: 0.3595 - val_loss: 0.4170
Epoch 9/500
 - 7s - loss: 0.3557 - val_loss: 0.4123
Epoch 10/500
 - 7s - loss: 0.3517 - val_loss: 0.3862
Epoch 11/500
 - 7s - loss: 0.3470 - val_loss: 0.3800
Epoch 12/500
 - 7s - loss: 0.3466 - val_loss: 0.3963
Epoch 13/500
 - 7s - loss: 0.3422 - val_loss: 0.3788
Epoch 14/500
 - 7s - loss: 0.3380 - val_loss: 0.3918
Epoch 15/500
 - 7s - loss: 0.3343 - val_loss: 0.3887
Epoch 16/500
 - 7s - loss: 0.3284 - val_loss: 0.4124
Epoch 17/500
 - 7s - loss: 0.3251 - val_loss: 0.4061
Epoch 18/500
 - 7s - loss: 0.3195 - val_loss: 0.4081
Epoch 19/500
 - 7s - loss: 0.3148 - val_loss: 0.4022
Epoch 20/500
 - 7s - loss: 0.3034 - val_loss: 0.3986
Epoch 21/500
 - 7s - loss: 0.2977 - val_loss: 0.4046
Epoch 22/500
 - 7s - loss: 0.2956 - val_loss: 0.4062
Epoch 23/500
 - 7s - loss: 0.2855 - val_loss: 0.4139
Epoch 24/500
 - 7s - loss: 0.2648 - val_loss: 0.4127
Epoch 25/500
 - 7s - loss: 0.2608 - val_loss: 0.4265
Epoch 26/500
 - 7s - loss: 0.2543 - val_loss: 0.4093
Epoch 27/500
 - 7s - loss: 0.2500 - val_loss: 0.4181
Epoch 28/500
 - 7s - loss: 0.2471 - val_loss: 0.4231
Epoch 29/500
 - 7s - loss: 0.2421 - val_loss: 0.4193
Epoch 30/500
 - 7s - loss: 0.2360 - val_loss: 0.4224
Epoch 31/500
 - 7s - loss: 0.2325 - val_loss: 0.4228
Epoch 32/500
 - 7s - loss: 0.2281 - val_loss: 0.4235
Epoch 33/500
 - 5s - loss: 0.2272 - val_loss: 0.4290
Epoch 34/500
 - 5s - loss: 0.2164 - val_loss: 0.4339
Epoch 35/500
 - 3s - loss: 0.2146 - val_loss: 0.4312
Epoch 36/500
 - 2s - loss: 0.2167 - val_loss: 0.4323
Epoch 37/500
 - 6s - loss: 0.2161 - val_loss: 0.4344
Epoch 38/500
 - 7s - loss: 0.2075 - val_loss: 0.4403
Epoch 39/500
 - 7s - loss: 0.2105 - val_loss: 0.4373
Epoch 40/500
 - 7s - loss: 0.2080 - val_loss: 0.4545
Epoch 41/500
 - 7s - loss: 0.2095 - val_loss: 0.4505
Epoch 42/500
 - 7s - loss: 0.2055 - val_loss: 0.4420
Epoch 43/500
 - 7s - loss: 0.2045 - val_loss: 0.4490
Epoch 44/500
 - 7s - loss: 0.2009 - val_loss: 0.4477
Epoch 45/500
 - 7s - loss: 0.1943 - val_loss: 0.4384
Epoch 46/500
 - 7s - loss: 0.1950 - val_loss: 0.4472
Epoch 47/500
 - 7s - loss: 0.1959 - val_loss: 0.4486
Epoch 48/500
 - 7s - loss: 0.1992 - val_loss: 0.4421
Epoch 49/500
 - 7s - loss: 0.1920 - val_loss: 0.4453
Epoch 50/500
 - 7s - loss: 0.1950 - val_loss: 0.4535
Epoch 51/500
 - 7s - loss: 0.1929 - val_loss: 0.4434
Epoch 52/500
 - 7s - loss: 0.1878 - val_loss: 0.4491
Epoch 53/500
 - 7s - loss: 0.1902 - val_loss: 0.4459
/usr/lib/python3.5/importlib/_bootstrap.py:222: RuntimeWarning: numpy.dtype size changed, may indicate binary incompatibility. Expected 96, got 88
  return f(*args, **kwds)
Using TensorFlow backend.
/usr/lib/python3.5/importlib/_bootstrap.py:222: RuntimeWarning: numpy.dtype size changed, may indicate binary incompatibility. Expected 96, got 88
  return f(*args, **kwds)
/usr/lib/python3.5/importlib/_bootstrap.py:222: RuntimeWarning: numpy.dtype size changed, may indicate binary incompatibility. Expected 96, got 88
  return f(*args, **kwds)
Load model for predictions...
imported keras API for model creation
creating stateless cudnn lstm model
Model loaded from checkpoint
_________________________________________________________________
Layer (type)                 Output Shape              Param #   
=================================================================
cu_dnnlstm_3 (CuDNNLSTM)     (None, 28, 100)           49600     
_________________________________________________________________
batch_normalization_3 (Batch (None, 28, 100)           400       
_________________________________________________________________
cu_dnnlstm_4 (CuDNNLSTM)     (None, 100)               80800     
_________________________________________________________________
batch_normalization_4 (Batch (None, 100)               400       
_________________________________________________________________
time_output (Dense)          (None, 1)                 101       
=================================================================
Total params: 131,301
Trainable params: 130,901
Non-trainable params: 400
_________________________________________________________________
Make predictions...
sequences: 1314
finished prediction
tensorflow session cleaned
[Log] Finished process for: /bin/bash -c "python3 caise2019_c2k.py"
[Log] Process finished.
