[Log] Serializing /root/app/workdir/0-epochlogs.epochlog
[Log] Serializing /root/app/workdir/0-model.h5
[Log] Serializing /root/app/workdir/0-results.csv
[Log] Serializing /root/app/workdir/datadefinitions/__pycache__/bpi2012.cpython-35.pyc
[Log] Serializing /root/app/workdir/datadefinitions/__pycache__/generic.cpython-35.pyc
[Log] Serializing /root/app/workdir/utility/__pycache__/hyperparameteroptimization.cpython-35.pyc
[Log] Serializing /root/app/workdir/utility/__pycache__/run.cpython-35.pyc
[Log] Serializing /root/app/workdir/utility/__pycache__/exceptions.cpython-35.pyc
[Log] Serializing /root/app/workdir/utility/__pycache__/configuration.cpython-35.pyc
[Log] Serializing /root/app/workdir/utility/__pycache__/enums.cpython-35.pyc
[Log] Serializing /root/app/workdir/utility/__pycache__/preprocessing.cpython-35.pyc
[Log] Serializing /root/app/workdir/utility/__pycache__/models.cpython-35.pyc
[Log] Serializing /root/app/workdir/utility/__pycache__/generator.cpython-35.pyc
[Log] Serializing /root/app/workdir/utility/__pycache__/dataoperations.cpython-35.pyc
[Log] Serializing /root/app/workdir/utility/__pycache__/regularization.cpython-35.pyc
Send training results
[Log] Cleaned working directory
[Log] Finished work package
[Log] Fetch work.
Results sent.
[Log] Training Work package received from server: caise2019_bpic2012 436b86da-5da2-4ab1-8061-a6388b00f39e
[Log] Cleaned working directory
[Log] Deserializing 26 files 
[Log] Deserializing /root/app/workdir/caise2019_bpic2012.py
[Log] Deserializing /root/app/workdir/caise2019_bpic2017.py
[Log] Deserializing /root/app/workdir/caise2019_bpic2018.py
[Log] Deserializing /root/app/workdir/caise2019_c2k.py
[Log] Deserializing /root/app/workdir/caise2019_tt.py
[Log] Deserializing /root/app/workdir/requirements.txt
[Log] Deserializing /root/app/workdir/requirements_gpu.txt
[Log] Deserializing /root/app/workdir/version.xml
[Log] Deserializing /root/app/workdir/datadefinitions/bpi2012.py
[Log] Deserializing /root/app/workdir/datadefinitions/bpi2017.py
[Log] Deserializing /root/app/workdir/datadefinitions/bpi2018.py
[Log] Deserializing /root/app/workdir/datadefinitions/cargo2000.py
[Log] Deserializing /root/app/workdir/datadefinitions/cargo2000generic.py
[Log] Deserializing /root/app/workdir/datadefinitions/generic.py
[Log] Deserializing /root/app/workdir/datadefinitions/transformingtransport.py
[Log] Deserializing /root/app/workdir/datasets/bpi2012.csv
[Log] Deserializing /root/app/workdir/utility/configuration.py
[Log] Deserializing /root/app/workdir/utility/dataoperations.py
[Log] Deserializing /root/app/workdir/utility/enums.py
[Log] Deserializing /root/app/workdir/utility/exceptions.py
[Log] Deserializing /root/app/workdir/utility/generator.py
[Log] Deserializing /root/app/workdir/utility/hyperparameteroptimization.py
[Log] Deserializing /root/app/workdir/utility/models.py
[Log] Deserializing /root/app/workdir/utility/preprocessing.py
[Log] Deserializing /root/app/workdir/utility/regularization.py
[Log] Deserializing /root/app/workdir/utility/run.py
[Log] Deserialized 26 files
[Log] Processing training work package
[Log] Create worker process.
[Log] Create process for: /bin/bash -c "python3 caise2019_bpic2012.py" in /root/app/workdir
[Log] Starting process for: /bin/bash -c "python3 caise2019_bpic2012.py"
2019-02-25 20:58:58.273966: I tensorflow/core/platform/cpu_feature_guard.cc:141] Your CPU supports instructions that this TensorFlow binary was not compiled to use: AVX2 FMA
2019-02-25 20:58:58.348385: I tensorflow/stream_executor/cuda/cuda_gpu_executor.cc:897] successful NUMA node read from SysFS had negative value (-1), but there must be at least one NUMA node, so returning NUMA node zero
2019-02-25 20:58:58.349050: I tensorflow/core/common_runtime/gpu/gpu_device.cc:1392] Found device 0 with properties: 
name: GeForce GTX 1060 6GB major: 6 minor: 1 memoryClockRate(GHz): 1.7715
pciBusID: 0000:01:00.0
totalMemory: 5.93GiB freeMemory: 5.55GiB
2019-02-25 20:58:58.349071: I tensorflow/core/common_runtime/gpu/gpu_device.cc:1471] Adding visible gpu devices: 0
2019-02-25 20:58:58.935735: I tensorflow/core/common_runtime/gpu/gpu_device.cc:952] Device interconnect StreamExecutor with strength 1 edge matrix:
2019-02-25 20:58:58.935764: I tensorflow/core/common_runtime/gpu/gpu_device.cc:958]      0 
2019-02-25 20:58:58.935770: I tensorflow/core/common_runtime/gpu/gpu_device.cc:971] 0:   N 
2019-02-25 20:58:58.935947: I tensorflow/core/common_runtime/gpu/gpu_device.cc:1084] Created TensorFlow device (/job:localhost/replica:0/task:0/device:GPU:0 with 5323 MB memory) -> physical GPU (device: 0, name: GeForce GTX 1060 6GB, pci bus id: 0000:01:00.0, compute capability: 6.1)
tensorboard defined: False
bagging defined: True
max_sequencelength defined: 150000
traindata_duplicate defined: 0
bagging_putback defined: True
patience_reducelr defined: 10
bagging_size defined: 0.6
rnntype defined: RnnType.LSTM
validationdata_split defined: 0.2
save_model defined: True
neurons defined: 100
bidirectional defined: False
cudnn defined: True
dropout defined: 0.1
patience_earlystopping defined: 40
layers defined: 2
datageneration_pattern defined: DataGenerationPattern.Generator
traindata_split_index defined: 0
gradientclipvalue defined: 3
traindata_shuffle defined: False
verbose defined: False
testdata_split defined: 0.3333
running defined: 0
max_epochs defined: 500
batch_size defined: 64
learningrate defined: 0.002
datadefinition defined: <datadefinitions.bpi2012.BPI2012 object at 0x7f97a2fcae10>
traindata_split defined: 1
processor defined: Processor.GPU
keras version: 2.2.2
tensorflow version: 1.9.0
tensorflow session cleaned
multi process gpu usage: enabled
tensorflow configured
no value found for datadefinition.featureweight at index 4, setting default value
no value found for datadefinition.featureweight at index 5, setting default value
read 190827 rows
sequences truncated to 150000
offset0: null
offset1: null
offset2: 0
offset3: 0
offset4: null
offset5: null
divisor0: null
divisor1: null
divisor2: 4.770425059696304
divisor3: 9547.828404708018
divisor4: null
divisor5: null
maxlen 106 
total chars: 23, target chars: 24
characters:  ['A', 'B', 'C', 'D', 'E', 'F', 'G', 'H', 'I', 'J', 'K', 'L', 'M', 'N', 'O', 'P', 'Q', 'R', 'S', 'T', 'U', 'V', 'W']
unique characters:  ['A', 'B', 'C', 'D', 'E', 'F', 'G', 'H', 'I', 'J', 'K', 'L', 'M', 'N', 'O', 'P', 'Q', 'R', 'S', 'T', 'U', 'V', 'W']
total chars: 68, target chars: 69
characters:  ['10124', '10125', '10138', '10188', '10228', '10609', '10629', '10779', '10789', '10809', '10821', '10859', '10861', '10862', '10863', '10880', '10881', '10889', '10899', '10909', '10910', '10912', '10913', '10914', '10929', '10931', '10932', '10933', '10935', '10939', '10971', '10972', '10982', '11000', '11001', '11002', '11003', '11009', '11019', '11029', '11049', '11079', '11111', '11119', '11120', '11121', '11122', '11169', '11179', '11180', '11181', '11189', '112', '11200', '11201', '11202', '11203', '11254', '11259', '11269', '11289', '11299', '11300', '11302', '11304', '11309', '11319', '11339']
unique characters:  ['0', '1', '2', '3', '4', '5', '6', '7', '8', '9']
total chars: 2, target chars: 3
characters:  ['False', 'True']
unique characters:  ['F', 'T', 'a', 'e', 'l', 'r', 's', 'u']
category vectors length: 91
num features: 94
6980 sequences in train data
4362 sequences in test data
1745 sequences in validation data
6980 elements before bagging with putback True
4188 elements after bagging with putback True
created generator with with 4188 sequences and 62013 sentences
created generator with with 1745 sequences and 26772 sentences
created sentence generators
Generators detected: Vectorization will be performed during runtime
Build model...
imported keras API for model creation
creating stateless cudnn lstm model
_________________________________________________________________
Layer (type)                 Output Shape              Param #   
=================================================================
cu_dnnlstm_1 (CuDNNLSTM)     (None, 106, 100)          78400     
_________________________________________________________________
batch_normalization_1 (Batch (None, 106, 100)          400       
_________________________________________________________________
cu_dnnlstm_2 (CuDNNLSTM)     (None, 100)               80800     
_________________________________________________________________
batch_normalization_2 (Batch (None, 100)               400       
_________________________________________________________________
time_output (Dense)          (None, 1)                 101       
=================================================================
Total params: 160,101
Trainable params: 159,701
Non-trainable params: 400
_________________________________________________________________
Epoch 1/500
 - 63s - loss: 0.4366 - val_loss: 0.4067
Epoch 2/500
 - 62s - loss: 0.3925 - val_loss: 0.4209
Epoch 3/500
 - 61s - loss: 0.3846 - val_loss: 0.5559
Epoch 4/500
 - 62s - loss: 0.3763 - val_loss: 0.5821
Epoch 5/500
 - 62s - loss: 0.3761 - val_loss: 0.3234
Epoch 6/500
 - 61s - loss: 0.3713 - val_loss: 0.3092
Epoch 7/500
 - 62s - loss: 0.3680 - val_loss: 0.3556
Epoch 8/500
 - 62s - loss: 0.3665 - val_loss: 0.4008
Epoch 9/500
 - 62s - loss: 0.3656 - val_loss: 0.3167
Epoch 10/500
 - 61s - loss: 0.3652 - val_loss: 0.3513
Epoch 11/500
 - 62s - loss: 0.3700 - val_loss: 0.3378
Epoch 12/500
 - 62s - loss: 0.3632 - val_loss: 0.2942
Epoch 13/500
 - 62s - loss: 0.3638 - val_loss: 0.3338
Epoch 14/500
 - 62s - loss: 0.3608 - val_loss: 0.3202
Epoch 15/500
 - 62s - loss: 0.3610 - val_loss: 0.3124
Epoch 16/500
 - 62s - loss: 0.3556 - val_loss: 0.3571
Epoch 17/500
 - 62s - loss: 0.3563 - val_loss: 0.3030
Epoch 18/500
 - 51s - loss: 0.3566 - val_loss: 0.3065
Epoch 19/500
 - 62s - loss: 0.3526 - val_loss: 0.2944
Epoch 20/500
 - 62s - loss: 0.3558 - val_loss: 0.3118
Epoch 21/500
 - 62s - loss: 0.3481 - val_loss: 0.3532
Epoch 22/500
 - 62s - loss: 0.3543 - val_loss: 0.3402
Epoch 23/500
 - 62s - loss: 0.3453 - val_loss: 0.2896
Epoch 24/500
 - 62s - loss: 0.3506 - val_loss: 0.3051
Epoch 25/500
 - 62s - loss: 0.3451 - val_loss: 0.2952
Epoch 26/500
 - 62s - loss: 0.3441 - val_loss: 0.2926
Epoch 27/500
 - 62s - loss: 0.3446 - val_loss: 0.3113
Epoch 28/500
 - 62s - loss: 0.3440 - val_loss: 0.2976
Epoch 29/500
 - 62s - loss: 0.3485 - val_loss: 0.3260
Epoch 30/500
 - 62s - loss: 0.3442 - val_loss: 0.3087
Epoch 31/500
 - 61s - loss: 0.3459 - val_loss: 0.2893
Epoch 32/500
 - 62s - loss: 0.3441 - val_loss: 0.3052
Epoch 33/500
 - 62s - loss: 0.3449 - val_loss: 0.3086
Epoch 34/500
 - 62s - loss: 0.3420 - val_loss: 0.2994
Epoch 35/500
 - 62s - loss: 0.3352 - val_loss: 0.2927
Epoch 36/500
 - 62s - loss: 0.3457 - val_loss: 0.3100
Epoch 37/500
 - 62s - loss: 0.3450 - val_loss: 0.3236
Epoch 38/500
 - 61s - loss: 0.3412 - val_loss: 0.3012
Epoch 39/500
 - 62s - loss: 0.3471 - val_loss: 0.2957
Epoch 40/500
 - 61s - loss: 0.3381 - val_loss: 0.2959
Epoch 41/500
 - 61s - loss: 0.3450 - val_loss: 0.2999
Epoch 42/500
 - 62s - loss: 0.3359 - val_loss: 0.2982
Epoch 43/500
 - 61s - loss: 0.3424 - val_loss: 0.2955
Epoch 44/500
 - 51s - loss: 0.3394 - val_loss: 0.3010
Epoch 45/500
 - 62s - loss: 0.3375 - val_loss: 0.3069
Epoch 46/500
 - 62s - loss: 0.3358 - val_loss: 0.3071
Epoch 47/500
 - 62s - loss: 0.3405 - val_loss: 0.3126
Epoch 48/500
 - 61s - loss: 0.3358 - val_loss: 0.3000
Epoch 49/500
 - 62s - loss: 0.3308 - val_loss: 0.3111
Epoch 50/500
 - 61s - loss: 0.3391 - val_loss: 0.3106
Epoch 51/500
 - 62s - loss: 0.3371 - val_loss: 0.3071
Epoch 52/500
 - 61s - loss: 0.3359 - val_loss: 0.3118
Epoch 53/500
 - 62s - loss: 0.3351 - val_loss: 0.3105
Epoch 54/500
 - 62s - loss: 0.3335 - val_loss: 0.3115
Epoch 55/500
 - 62s - loss: 0.3272 - val_loss: 0.3122
Epoch 56/500
 - 61s - loss: 0.3301 - val_loss: 0.3073
Epoch 57/500
 - 61s - loss: 0.3340 - val_loss: 0.3115
Epoch 58/500
 - 62s - loss: 0.3350 - val_loss: 0.3156
Epoch 59/500
 - 62s - loss: 0.3319 - val_loss: 0.3144
Epoch 60/500
 - 62s - loss: 0.3259 - val_loss: 0.3187
Epoch 61/500
 - 62s - loss: 0.3292 - val_loss: 0.3189
Epoch 62/500
 - 62s - loss: 0.3340 - val_loss: 0.3120
Epoch 63/500
 - 62s - loss: 0.3243 - val_loss: 0.3177
Epoch 64/500
 - 61s - loss: 0.3253 - val_loss: 0.3234
Epoch 65/500
 - 62s - loss: 0.3290 - val_loss: 0.3230
Epoch 66/500
 - 62s - loss: 0.3265 - val_loss: 0.3176
Epoch 67/500
 - 61s - loss: 0.3286 - val_loss: 0.3217
Epoch 68/500
 - 62s - loss: 0.3351 - val_loss: 0.3237
Epoch 69/500
 - 62s - loss: 0.3269 - val_loss: 0.3226
Epoch 70/500
 - 61s - loss: 0.3177 - val_loss: 0.3202
Epoch 71/500
 - 60s - loss: 0.3224 - val_loss: 0.3206
/usr/lib/python3.5/importlib/_bootstrap.py:222: RuntimeWarning: numpy.dtype size changed, may indicate binary incompatibility. Expected 96, got 88
Load model for predictions...
  return f(*args, **kwds)
Using TensorFlow backend.
/usr/lib/python3.5/importlib/_bootstrap.py:222: RuntimeWarning: numpy.dtype size changed, may indicate binary incompatibility. Expected 96, got 88
imported keras API for model creation
  return f(*args, **kwds)
creating stateless cudnn lstm model
Model loaded from checkpoint
_________________________________________________________________
Layer (type)                 Output Shape              Param #   
=================================================================
cu_dnnlstm_3 (CuDNNLSTM)     (None, 106, 100)          78400     
_________________________________________________________________
batch_normalization_3 (Batch (None, 106, 100)          400       
_________________________________________________________________
cu_dnnlstm_4 (CuDNNLSTM)     (None, 100)               80800     
_________________________________________________________________
batch_normalization_4 (Batch (None, 100)               400       
_________________________________________________________________
time_output (Dense)          (None, 1)                 101       
=================================================================
Total params: 160,101
Trainable params: 159,701
/usr/lib/python3.5/importlib/_bootstrap.py:222: RuntimeWarning: numpy.dtype size changed, may indicate binary incompatibility. Expected 96, got 88
  return f(*args, **kwds)
Non-trainable params: 400
_________________________________________________________________
Make predictions...
sequences: 4362
finished prediction
tensorflow session cleaned
[Log] Finished process for: /bin/bash -c "python3 caise2019_bpic2012.py"
[Log] Process finished.
