[Log] Serializing /root/app/workdir/0-model.h5
[Log] Serializing /root/app/workdir/0-results.csv
[Log] Serializing /root/app/workdir/0-epochlogs.epochlog
[Log] Serializing /root/app/workdir/datadefinitions/__pycache__/generic.cpython-35.pyc
[Log] Serializing /root/app/workdir/datadefinitions/__pycache__/cargo2000.cpython-35.pyc
[Log] Serializing /root/app/workdir/utility/__pycache__/exceptions.cpython-35.pyc
[Log] Serializing /root/app/workdir/utility/__pycache__/models.cpython-35.pyc
[Log] Serializing /root/app/workdir/utility/__pycache__/run.cpython-35.pyc
[Log] Serializing /root/app/workdir/utility/__pycache__/configuration.cpython-35.pyc
[Log] Serializing /root/app/workdir/utility/__pycache__/regularization.cpython-35.pyc
[Log] Serializing /root/app/workdir/utility/__pycache__/generator.cpython-35.pyc
[Log] Serializing /root/app/workdir/utility/__pycache__/enums.cpython-35.pyc
[Log] Serializing /root/app/workdir/utility/__pycache__/dataoperations.cpython-35.pyc
[Log] Serializing /root/app/workdir/utility/__pycache__/preprocessing.cpython-35.pyc
[Log] Serializing /root/app/workdir/utility/__pycache__/hyperparameteroptimization.cpython-35.pyc
Send training results
[Log] Cleaned working directory
[Log] Finished work package
[Log] Fetch work.
Results sent.
[Log] Training Work package received from server: caise2019_cargo2000 2926a08e-2766-4c4c-ad3c-1ec112f182e5
[Log] Cleaned working directory
[Log] Deserializing 26 files 
[Log] Deserializing /root/app/workdir/caise2019_bpic2012.py
[Log] Deserializing /root/app/workdir/caise2019_bpic2017.py
[Log] Deserializing /root/app/workdir/caise2019_bpic2018.py
[Log] Deserializing /root/app/workdir/caise2019_c2k.py
[Log] Deserializing /root/app/workdir/caise2019_tt.py
[Log] Deserializing /root/app/workdir/requirements.txt
[Log] Deserializing /root/app/workdir/requirements_gpu.txt
[Log] Deserializing /root/app/workdir/version.xml
[Log] Deserializing /root/app/workdir/datadefinitions/bpi2012.py
[Log] Deserializing /root/app/workdir/datadefinitions/bpi2017.py
[Log] Deserializing /root/app/workdir/datadefinitions/bpi2018.py
[Log] Deserializing /root/app/workdir/datadefinitions/cargo2000.py
[Log] Deserializing /root/app/workdir/datadefinitions/cargo2000generic.py
[Log] Deserializing /root/app/workdir/datadefinitions/generic.py
[Log] Deserializing /root/app/workdir/datadefinitions/transformingtransport.py
[Log] Deserializing /root/app/workdir/datasets/cargo2000.csv
[Log] Deserializing /root/app/workdir/utility/configuration.py
[Log] Deserializing /root/app/workdir/utility/dataoperations.py
[Log] Deserializing /root/app/workdir/utility/enums.py
[Log] Deserializing /root/app/workdir/utility/exceptions.py
[Log] Deserializing /root/app/workdir/utility/generator.py
[Log] Deserializing /root/app/workdir/utility/hyperparameteroptimization.py
[Log] Deserializing /root/app/workdir/utility/models.py
[Log] Deserializing /root/app/workdir/utility/preprocessing.py
[Log] Deserializing /root/app/workdir/utility/regularization.py
[Log] Deserializing /root/app/workdir/utility/run.py
[Log] Deserialized 26 files
[Log] Processing training work package
[Log] Create worker process.
[Log] Create process for: /bin/bash -c "python3 caise2019_c2k.py" in /root/app/workdir
[Log] Starting process for: /bin/bash -c "python3 caise2019_c2k.py"
2019-02-26 07:14:27.723938: I tensorflow/core/platform/cpu_feature_guard.cc:141] Your CPU supports instructions that this TensorFlow binary was not compiled to use: AVX2 FMA
2019-02-26 07:14:27.799555: I tensorflow/stream_executor/cuda/cuda_gpu_executor.cc:897] successful NUMA node read from SysFS had negative value (-1), but there must be at least one NUMA node, so returning NUMA node zero
2019-02-26 07:14:27.800091: I tensorflow/core/common_runtime/gpu/gpu_device.cc:1392] Found device 0 with properties: 
name: GeForce GTX 1060 6GB major: 6 minor: 1 memoryClockRate(GHz): 1.7715
pciBusID: 0000:01:00.0
totalMemory: 5.92GiB freeMemory: 5.52GiB
2019-02-26 07:14:27.800107: I tensorflow/core/common_runtime/gpu/gpu_device.cc:1471] Adding visible gpu devices: 0
2019-02-26 07:14:28.379282: I tensorflow/core/common_runtime/gpu/gpu_device.cc:952] Device interconnect StreamExecutor with strength 1 edge matrix:
2019-02-26 07:14:28.379304: I tensorflow/core/common_runtime/gpu/gpu_device.cc:958]      0 
2019-02-26 07:14:28.379309: I tensorflow/core/common_runtime/gpu/gpu_device.cc:971] 0:   N 
2019-02-26 07:14:28.379498: I tensorflow/core/common_runtime/gpu/gpu_device.cc:1084] Created TensorFlow device (/job:localhost/replica:0/task:0/device:GPU:0 with 5289 MB memory) -> physical GPU (device: 0, name: GeForce GTX 1060 6GB, pci bus id: 0000:01:00.0, compute capability: 6.1)
traindata_split defined: 1
bagging_putback defined: True
cudnn defined: True
processor defined: Processor.GPU
tensorboard defined: False
gradientclipvalue defined: 3
dropout defined: 0.1
traindata_shuffle defined: False
neurons defined: 100
running defined: 0
patience_earlystopping defined: 40
save_model defined: True
bidirectional defined: False
learningrate defined: 0.002
datadefinition defined: <datadefinitions.cargo2000.Cargo2000 object at 0x7f9fa2f41e10>
rnntype defined: RnnType.LSTM
validationdata_split defined: 0.2
layers defined: 2
bagging_size defined: 0.6
traindata_split_index defined: 0
testdata_split defined: 0.3333
bagging defined: True
traindata_duplicate defined: 0
max_epochs defined: 500
verbose defined: False
batch_size defined: 64
patience_reducelr defined: 10
max_sequencelength defined: 150000
datageneration_pattern defined: DataGenerationPattern.Fit
keras version: 2.2.2
tensorflow version: 1.9.0
tensorflow session cleaned
multi process gpu usage: enabled
tensorflow configured
read 56082 rows
sequences truncated to 150000
offset0: null
offset1: 0
offset2: 0
offset3: 0
offset4: 0
offset5: 0
offset6: 0
offset7: 0
offset8: 0
divisor0: null
divisor1: 1153.615438108484
divisor2: 6666.367996861738
divisor3: 1412.8796226953389
divisor4: 1638.5187047537534
divisor5: 7332.0577368852755
divisor6: 17233.036482293785
divisor7: 17819.202310901892
divisor8: 1988.1400092721371
maxlen 28 
total chars: 16, target chars: 17
characters:  ['1', '10', '11', '12', '13', '14', '15', '16', '2', '3', '4', '5', '6', '7', '8', '9']
unique characters:  ['0', '1', '2', '3', '4', '5', '6', '7', '8', '9']
category vectors length: 16
num features: 22
2102 sequences in train data
1314 sequences in test data
526 sequences in validation data
2102 elements before bagging with putback True
1261 elements after bagging with putback True
perform full in-memory sentence generation
train_sentences: 17806
validation_sentences: 7440
Vectorization...
Build model...
imported keras API for model creation
creating stateless cudnn lstm model
_________________________________________________________________
Layer (type)                 Output Shape              Param #   
=================================================================
cu_dnnlstm_1 (CuDNNLSTM)     (None, 28, 100)           49600     
_________________________________________________________________
batch_normalization_1 (Batch (None, 28, 100)           400       
_________________________________________________________________
cu_dnnlstm_2 (CuDNNLSTM)     (None, 100)               80800     
_________________________________________________________________
batch_normalization_2 (Batch (None, 100)               400       
_________________________________________________________________
time_output (Dense)          (None, 1)                 101       
=================================================================
Total params: 131,301
Trainable params: 130,901
Non-trainable params: 400
_________________________________________________________________
Train on 17806 samples, validate on 7440 samples
Epoch 1/500
 - 9s - loss: 0.4219 - val_loss: 0.4605
Epoch 2/500
 - 7s - loss: 0.3360 - val_loss: 0.4029
Epoch 3/500
 - 7s - loss: 0.3271 - val_loss: 0.4811
Epoch 4/500
 - 7s - loss: 0.3251 - val_loss: 0.4017
Epoch 5/500
 - 7s - loss: 0.3220 - val_loss: 0.4038
Epoch 6/500
 - 7s - loss: 0.3177 - val_loss: 0.5277
Epoch 7/500
 - 7s - loss: 0.3158 - val_loss: 0.5247
Epoch 8/500
 - 7s - loss: 0.3145 - val_loss: 0.3984
Epoch 9/500
 - 7s - loss: 0.3112 - val_loss: 0.3859
Epoch 10/500
 - 7s - loss: 0.3064 - val_loss: 0.4081
Epoch 11/500
 - 7s - loss: 0.3035 - val_loss: 0.4071
Epoch 12/500
 - 7s - loss: 0.3011 - val_loss: 0.4417
Epoch 13/500
 - 7s - loss: 0.2971 - val_loss: 0.4070
Epoch 14/500
 - 7s - loss: 0.2937 - val_loss: 0.3909
Epoch 15/500
 - 7s - loss: 0.2913 - val_loss: 0.4290
Epoch 16/500
 - 7s - loss: 0.2854 - val_loss: 0.4250
Epoch 17/500
 - 7s - loss: 0.2818 - val_loss: 0.3957
Epoch 18/500
 - 7s - loss: 0.2782 - val_loss: 0.4178
Epoch 19/500
 - 7s - loss: 0.2734 - val_loss: 0.4062
Epoch 20/500
 - 7s - loss: 0.2591 - val_loss: 0.4050
Epoch 21/500
 - 7s - loss: 0.2545 - val_loss: 0.4079
Epoch 22/500
 - 7s - loss: 0.2529 - val_loss: 0.4155
Epoch 23/500
 - 7s - loss: 0.2506 - val_loss: 0.4186
Epoch 24/500
 - 7s - loss: 0.2468 - val_loss: 0.4280
Epoch 25/500
 - 7s - loss: 0.2415 - val_loss: 0.4188
Epoch 26/500
 - 7s - loss: 0.2398 - val_loss: 0.4286
Epoch 27/500
 - 5s - loss: 0.2397 - val_loss: 0.4266
Epoch 28/500
 - 5s - loss: 0.2325 - val_loss: 0.4333
Epoch 29/500
 - 5s - loss: 0.2308 - val_loss: 0.4344
Epoch 30/500
 - 2s - loss: 0.2219 - val_loss: 0.4303
Epoch 31/500
 - 4s - loss: 0.2188 - val_loss: 0.4320
Epoch 32/500
 - 7s - loss: 0.2170 - val_loss: 0.4392
Epoch 33/500
 - 7s - loss: 0.2151 - val_loss: 0.4392
Epoch 34/500
 - 7s - loss: 0.2147 - val_loss: 0.4350
Epoch 35/500
 - 7s - loss: 0.2159 - val_loss: 0.4313
Epoch 36/500
 - 7s - loss: 0.2136 - val_loss: 0.4429
Epoch 37/500
 - 7s - loss: 0.2087 - val_loss: 0.4405
Epoch 38/500
 - 7s - loss: 0.2078 - val_loss: 0.4425
Epoch 39/500
 - 7s - loss: 0.2068 - val_loss: 0.4473
Epoch 40/500
 - 7s - loss: 0.2010 - val_loss: 0.4410
Epoch 41/500
 - 7s - loss: 0.2005 - val_loss: 0.4412
Epoch 42/500
 - 7s - loss: 0.1980 - val_loss: 0.4408
Epoch 43/500
 - 7s - loss: 0.1977 - val_loss: 0.4480
Epoch 44/500
 - 7s - loss: 0.1974 - val_loss: 0.4470
Epoch 45/500
 - 7s - loss: 0.1976 - val_loss: 0.4486
Epoch 46/500
 - 7s - loss: 0.1967 - val_loss: 0.4525
Epoch 47/500
 - 7s - loss: 0.1936 - val_loss: 0.4488
Epoch 48/500
 - 7s - loss: 0.1962 - val_loss: 0.4484
Epoch 49/500
 - 7s - loss: 0.1952 - val_loss: 0.4438
/usr/lib/python3.5/importlib/_bootstrap.py:222: RuntimeWarning: numpy.dtype size changed, may indicate binary incompatibility. Expected 96, got 88
  return f(*args, **kwds)
Using TensorFlow backend.
/usr/lib/python3.5/importlib/_bootstrap.py:222: RuntimeWarning: numpy.dtype size changed, may indicate binary incompatibility. Expected 96, got 88
  return f(*args, **kwds)
/usr/lib/python3.5/importlib/_bootstrap.py:222: RuntimeWarning: numpy.dtype size changed, may indicate binary incompatibility. Expected 96, got 88
  return f(*args, **kwds)
Load model for predictions...
imported keras API for model creation
creating stateless cudnn lstm model
Model loaded from checkpoint
_________________________________________________________________
Layer (type)                 Output Shape              Param #   
=================================================================
cu_dnnlstm_3 (CuDNNLSTM)     (None, 28, 100)           49600     
_________________________________________________________________
batch_normalization_3 (Batch (None, 28, 100)           400       
_________________________________________________________________
cu_dnnlstm_4 (CuDNNLSTM)     (None, 100)               80800     
_________________________________________________________________
batch_normalization_4 (Batch (None, 100)               400       
_________________________________________________________________
time_output (Dense)          (None, 1)                 101       
=================================================================
Total params: 131,301
Trainable params: 130,901
Non-trainable params: 400
_________________________________________________________________
Make predictions...
sequences: 1314
finished prediction
tensorflow session cleaned
[Log] Finished process for: /bin/bash -c "python3 caise2019_c2k.py"
[Log] Process finished.
