[Log] Serializing /root/app/workdir/0-model.h5
[Log] Serializing /root/app/workdir/0-epochlogs.epochlog
[Log] Serializing /root/app/workdir/0-results.csv
[Log] Serializing /root/app/workdir/utility/__pycache__/enums.cpython-35.pyc
[Log] Serializing /root/app/workdir/utility/__pycache__/preprocessing.cpython-35.pyc
[Log] Serializing /root/app/workdir/utility/__pycache__/generator.cpython-35.pyc
[Log] Serializing /root/app/workdir/utility/__pycache__/hyperparameteroptimization.cpython-35.pyc
[Log] Serializing /root/app/workdir/utility/__pycache__/exceptions.cpython-35.pyc
[Log] Serializing /root/app/workdir/utility/__pycache__/dataoperations.cpython-35.pyc
[Log] Serializing /root/app/workdir/utility/__pycache__/models.cpython-35.pyc
[Log] Serializing /root/app/workdir/utility/__pycache__/regularization.cpython-35.pyc
[Log] Serializing /root/app/workdir/utility/__pycache__/run.cpython-35.pyc
[Log] Serializing /root/app/workdir/utility/__pycache__/configuration.cpython-35.pyc
[Log] Serializing /root/app/workdir/datadefinitions/__pycache__/cargo2000.cpython-35.pyc
[Log] Serializing /root/app/workdir/datadefinitions/__pycache__/generic.cpython-35.pyc
Send training results
[Log] Cleaned working directory
[Log] Finished work package
[Log] Fetch work.
Results sent.
[Log] Training Work package received from server: caise2019_cargo2000 fec19d0a-e866-4013-bfbc-8e2800e2a3bc
[Log] Cleaned working directory
[Log] Deserializing 26 files 
[Log] Deserializing /root/app/workdir/caise2019_bpic2012.py
[Log] Deserializing /root/app/workdir/caise2019_bpic2017.py
[Log] Deserializing /root/app/workdir/caise2019_bpic2018.py
[Log] Deserializing /root/app/workdir/caise2019_c2k.py
[Log] Deserializing /root/app/workdir/caise2019_tt.py
[Log] Deserializing /root/app/workdir/requirements.txt
[Log] Deserializing /root/app/workdir/requirements_gpu.txt
[Log] Deserializing /root/app/workdir/version.xml
[Log] Deserializing /root/app/workdir/datadefinitions/bpi2012.py
[Log] Deserializing /root/app/workdir/datadefinitions/bpi2017.py
[Log] Deserializing /root/app/workdir/datadefinitions/bpi2018.py
[Log] Deserializing /root/app/workdir/datadefinitions/cargo2000.py
[Log] Deserializing /root/app/workdir/datadefinitions/cargo2000generic.py
[Log] Deserializing /root/app/workdir/datadefinitions/generic.py
[Log] Deserializing /root/app/workdir/datadefinitions/transformingtransport.py
[Log] Deserializing /root/app/workdir/datasets/cargo2000.csv
[Log] Deserializing /root/app/workdir/utility/configuration.py
[Log] Deserializing /root/app/workdir/utility/dataoperations.py
[Log] Deserializing /root/app/workdir/utility/enums.py
[Log] Deserializing /root/app/workdir/utility/exceptions.py
[Log] Deserializing /root/app/workdir/utility/generator.py
[Log] Deserializing /root/app/workdir/utility/hyperparameteroptimization.py
[Log] Deserializing /root/app/workdir/utility/models.py
[Log] Deserializing /root/app/workdir/utility/preprocessing.py
[Log] Deserializing /root/app/workdir/utility/regularization.py
[Log] Deserializing /root/app/workdir/utility/run.py
[Log] Deserialized 26 files
[Log] Processing training work package
[Log] Create worker process.
[Log] Create process for: /bin/bash -c "python3 caise2019_c2k.py" in /root/app/workdir
[Log] Starting process for: /bin/bash -c "python3 caise2019_c2k.py"
2019-02-26 07:50:29.307007: I tensorflow/core/platform/cpu_feature_guard.cc:141] Your CPU supports instructions that this TensorFlow binary was not compiled to use: AVX2 FMA
2019-02-26 07:50:29.379906: I tensorflow/stream_executor/cuda/cuda_gpu_executor.cc:897] successful NUMA node read from SysFS had negative value (-1), but there must be at least one NUMA node, so returning NUMA node zero
2019-02-26 07:50:29.380622: I tensorflow/core/common_runtime/gpu/gpu_device.cc:1392] Found device 0 with properties: 
name: GeForce GTX 1060 6GB major: 6 minor: 1 memoryClockRate(GHz): 1.7715
pciBusID: 0000:01:00.0
totalMemory: 5.93GiB freeMemory: 5.55GiB
2019-02-26 07:50:29.380644: I tensorflow/core/common_runtime/gpu/gpu_device.cc:1471] Adding visible gpu devices: 0
2019-02-26 07:50:29.958484: I tensorflow/core/common_runtime/gpu/gpu_device.cc:952] Device interconnect StreamExecutor with strength 1 edge matrix:
2019-02-26 07:50:29.958507: I tensorflow/core/common_runtime/gpu/gpu_device.cc:958]      0 
2019-02-26 07:50:29.958512: I tensorflow/core/common_runtime/gpu/gpu_device.cc:971] 0:   N 
2019-02-26 07:50:29.958721: I tensorflow/core/common_runtime/gpu/gpu_device.cc:1084] Created TensorFlow device (/job:localhost/replica:0/task:0/device:GPU:0 with 5323 MB memory) -> physical GPU (device: 0, name: GeForce GTX 1060 6GB, pci bus id: 0000:01:00.0, compute capability: 6.1)
rnntype defined: RnnType.LSTM
processor defined: Processor.GPU
dropout defined: 0.1
datadefinition defined: <datadefinitions.cargo2000.Cargo2000 object at 0x7fb2fe398e48>
patience_reducelr defined: 10
bagging defined: True
traindata_duplicate defined: 0
testdata_split defined: 0.3333
neurons defined: 100
max_sequencelength defined: 150000
batch_size defined: 64
bidirectional defined: False
gradientclipvalue defined: 3
traindata_split defined: 1
datageneration_pattern defined: DataGenerationPattern.Fit
bagging_size defined: 0.6
bagging_putback defined: True
max_epochs defined: 500
running defined: 0
traindata_shuffle defined: False
learningrate defined: 0.002
tensorboard defined: False
verbose defined: False
validationdata_split defined: 0.2
layers defined: 2
save_model defined: True
cudnn defined: True
traindata_split_index defined: 0
patience_earlystopping defined: 40
keras version: 2.2.2
tensorflow version: 1.9.0
tensorflow session cleaned
multi process gpu usage: enabled
tensorflow configured
read 56082 rows
sequences truncated to 150000
offset0: null
offset1: 0
offset2: 0
offset3: 0
offset4: 0
offset5: 0
offset6: 0
offset7: 0
offset8: 0
divisor0: null
divisor1: 1153.615438108484
divisor2: 6666.367996861738
divisor3: 1412.8796226953389
divisor4: 1638.5187047537534
divisor5: 7332.0577368852755
divisor6: 17233.036482293785
divisor7: 17819.202310901892
divisor8: 1988.1400092721371
maxlen 28 
total chars: 16, target chars: 17
characters:  ['1', '10', '11', '12', '13', '14', '15', '16', '2', '3', '4', '5', '6', '7', '8', '9']
unique characters:  ['0', '1', '2', '3', '4', '5', '6', '7', '8', '9']
category vectors length: 16
num features: 22
2102 sequences in train data
1314 sequences in test data
526 sequences in validation data
2102 elements before bagging with putback True
1261 elements after bagging with putback True
perform full in-memory sentence generation
train_sentences: 17510
validation_sentences: 7440
Vectorization...
Build model...
imported keras API for model creation
creating stateless cudnn lstm model
_________________________________________________________________
Layer (type)                 Output Shape              Param #   
=================================================================
cu_dnnlstm_1 (CuDNNLSTM)     (None, 28, 100)           49600     
_________________________________________________________________
batch_normalization_1 (Batch (None, 28, 100)           400       
_________________________________________________________________
cu_dnnlstm_2 (CuDNNLSTM)     (None, 100)               80800     
_________________________________________________________________
batch_normalization_2 (Batch (None, 100)               400       
_________________________________________________________________
time_output (Dense)          (None, 1)                 101       
=================================================================
Total params: 131,301
Trainable params: 130,901
Non-trainable params: 400
_________________________________________________________________
Train on 17510 samples, validate on 7440 samples
Epoch 1/500
 - 9s - loss: 0.4204 - val_loss: 0.4851
Epoch 2/500
 - 7s - loss: 0.3239 - val_loss: 0.4037
Epoch 3/500
 - 7s - loss: 0.3161 - val_loss: 0.3828
Epoch 4/500
 - 7s - loss: 0.3095 - val_loss: 0.4866
Epoch 5/500
 - 7s - loss: 0.3069 - val_loss: 0.3837
Epoch 6/500
 - 7s - loss: 0.3029 - val_loss: 0.3945
Epoch 7/500
 - 7s - loss: 0.3018 - val_loss: 0.4004
Epoch 8/500
 - 7s - loss: 0.2981 - val_loss: 0.4105
Epoch 9/500
 - 7s - loss: 0.2989 - val_loss: 0.3918
Epoch 10/500
 - 7s - loss: 0.2937 - val_loss: 0.4189
Epoch 11/500
 - 7s - loss: 0.2924 - val_loss: 0.4017
Epoch 12/500
 - 7s - loss: 0.2874 - val_loss: 0.4203
Epoch 13/500
 - 7s - loss: 0.2869 - val_loss: 0.3997
Epoch 14/500
 - 7s - loss: 0.2729 - val_loss: 0.3934
Epoch 15/500
 - 7s - loss: 0.2700 - val_loss: 0.3962
Epoch 16/500
 - 7s - loss: 0.2661 - val_loss: 0.4012
Epoch 17/500
 - 7s - loss: 0.2657 - val_loss: 0.3935
Epoch 18/500
 - 7s - loss: 0.2630 - val_loss: 0.3929
Epoch 19/500
 - 7s - loss: 0.2610 - val_loss: 0.4052
Epoch 20/500
 - 7s - loss: 0.2574 - val_loss: 0.3976
Epoch 21/500
 - 7s - loss: 0.2556 - val_loss: 0.4072
Epoch 22/500
 - 7s - loss: 0.2518 - val_loss: 0.4038
Epoch 23/500
 - 7s - loss: 0.2488 - val_loss: 0.4118
Epoch 24/500
 - 7s - loss: 0.2376 - val_loss: 0.4091
Epoch 25/500
 - 7s - loss: 0.2349 - val_loss: 0.4091
Epoch 26/500
 - 7s - loss: 0.2326 - val_loss: 0.4189
Epoch 27/500
 - 7s - loss: 0.2338 - val_loss: 0.4220
Epoch 28/500
 - 7s - loss: 0.2272 - val_loss: 0.4156
Epoch 29/500
 - 7s - loss: 0.2257 - val_loss: 0.4231
Epoch 30/500
 - 7s - loss: 0.2247 - val_loss: 0.4161
Epoch 31/500
 - 7s - loss: 0.2218 - val_loss: 0.4222
Epoch 32/500
 - 7s - loss: 0.2200 - val_loss: 0.4180
Epoch 33/500
 - 7s - loss: 0.2148 - val_loss: 0.4267
Epoch 34/500
 - 7s - loss: 0.2098 - val_loss: 0.4215
Epoch 35/500
 - 7s - loss: 0.2064 - val_loss: 0.4213
Epoch 36/500
 - 7s - loss: 0.2077 - val_loss: 0.4299
Epoch 37/500
 - 7s - loss: 0.2072 - val_loss: 0.4224
Epoch 38/500
 - 7s - loss: 0.2053 - val_loss: 0.4288
Epoch 39/500
 - 7s - loss: 0.2074 - val_loss: 0.4265
Epoch 40/500
 - 7s - loss: 0.2049 - val_loss: 0.4311
Epoch 41/500
 - 7s - loss: 0.2028 - val_loss: 0.4363
Epoch 42/500
 - 7s - loss: 0.2036 - val_loss: 0.4285
Epoch 43/500
 - 7s - loss: 0.2025 - val_loss: 0.4301
/usr/lib/python3.5/importlib/_bootstrap.py:222: RuntimeWarning: numpy.dtype size changed, may indicate binary incompatibility. Expected 96, got 88
Load model for predictions...
imported keras API for model creation
creating stateless cudnn lstm model
  return f(*args, **kwds)
Model loaded from checkpoint
_________________________________________________________________
Using TensorFlow backend.
Layer (type)                 Output Shape              Param #   
/usr/lib/python3.5/importlib/_bootstrap.py:222: RuntimeWarning: numpy.dtype size changed, may indicate binary incompatibility. Expected 96, got 88
  return f(*args, **kwds)
/usr/lib/python3.5/importlib/_bootstrap.py:222: RuntimeWarning: numpy.dtype size changed, may indicate binary incompatibility. Expected 96, got 88
  return f(*args, **kwds)
=================================================================
cu_dnnlstm_3 (CuDNNLSTM)     (None, 28, 100)           49600     
_________________________________________________________________
batch_normalization_3 (Batch (None, 28, 100)           400       
_________________________________________________________________
cu_dnnlstm_4 (CuDNNLSTM)     (None, 100)               80800     
_________________________________________________________________
batch_normalization_4 (Batch (None, 100)               400       
_________________________________________________________________
time_output (Dense)          (None, 1)                 101       
=================================================================
Total params: 131,301
Trainable params: 130,901
Non-trainable params: 400
_________________________________________________________________
Make predictions...
sequences: 1314
finished prediction
tensorflow session cleaned
[Log] Finished process for: /bin/bash -c "python3 caise2019_c2k.py"
[Log] Process finished.
