[Log] Serializing /root/app/workdir/0-epochlogs.epochlog
[Log] Serializing /root/app/workdir/0-model.h5
[Log] Serializing /root/app/workdir/0-results.csv
[Log] Serializing /root/app/workdir/utility/__pycache__/exceptions.cpython-35.pyc
[Log] Serializing /root/app/workdir/utility/__pycache__/regularization.cpython-35.pyc
[Log] Serializing /root/app/workdir/utility/__pycache__/run.cpython-35.pyc
[Log] Serializing /root/app/workdir/utility/__pycache__/configuration.cpython-35.pyc
[Log] Serializing /root/app/workdir/utility/__pycache__/models.cpython-35.pyc
[Log] Serializing /root/app/workdir/utility/__pycache__/generator.cpython-35.pyc
[Log] Serializing /root/app/workdir/utility/__pycache__/preprocessing.cpython-35.pyc
[Log] Serializing /root/app/workdir/utility/__pycache__/hyperparameteroptimization.cpython-35.pyc
[Log] Serializing /root/app/workdir/utility/__pycache__/enums.cpython-35.pyc
[Log] Serializing /root/app/workdir/utility/__pycache__/dataoperations.cpython-35.pyc
[Log] Serializing /root/app/workdir/datadefinitions/__pycache__/cargo2000.cpython-35.pyc
[Log] Serializing /root/app/workdir/datadefinitions/__pycache__/generic.cpython-35.pyc
Send training results
[Log] Cleaned working directory
[Log] Finished work package
[Log] Fetch work.
Results sent.
[Log] Training Work package received from server: caise2019_cargo2000 b09608e1-c47e-4d40-8278-c550f92720bd
[Log] Cleaned working directory
[Log] Deserializing 26 files 
[Log] Deserializing /root/app/workdir/caise2019_bpic2012.py
[Log] Deserializing /root/app/workdir/caise2019_bpic2017.py
[Log] Deserializing /root/app/workdir/caise2019_bpic2018.py
[Log] Deserializing /root/app/workdir/caise2019_c2k.py
[Log] Deserializing /root/app/workdir/caise2019_tt.py
[Log] Deserializing /root/app/workdir/requirements.txt
[Log] Deserializing /root/app/workdir/requirements_gpu.txt
[Log] Deserializing /root/app/workdir/version.xml
[Log] Deserializing /root/app/workdir/datadefinitions/bpi2012.py
[Log] Deserializing /root/app/workdir/datadefinitions/bpi2017.py
[Log] Deserializing /root/app/workdir/datadefinitions/bpi2018.py
[Log] Deserializing /root/app/workdir/datadefinitions/cargo2000.py
[Log] Deserializing /root/app/workdir/datadefinitions/cargo2000generic.py
[Log] Deserializing /root/app/workdir/datadefinitions/generic.py
[Log] Deserializing /root/app/workdir/datadefinitions/transformingtransport.py
[Log] Deserializing /root/app/workdir/datasets/cargo2000.csv
[Log] Deserializing /root/app/workdir/utility/configuration.py
[Log] Deserializing /root/app/workdir/utility/dataoperations.py
[Log] Deserializing /root/app/workdir/utility/enums.py
[Log] Deserializing /root/app/workdir/utility/exceptions.py
[Log] Deserializing /root/app/workdir/utility/generator.py
[Log] Deserializing /root/app/workdir/utility/hyperparameteroptimization.py
[Log] Deserializing /root/app/workdir/utility/models.py
[Log] Deserializing /root/app/workdir/utility/preprocessing.py
[Log] Deserializing /root/app/workdir/utility/regularization.py
[Log] Deserializing /root/app/workdir/utility/run.py
[Log] Deserialized 26 files
[Log] Processing training work package
[Log] Create worker process.
[Log] Create process for: /bin/bash -c "python3 caise2019_c2k.py" in /root/app/workdir
[Log] Starting process for: /bin/bash -c "python3 caise2019_c2k.py"
2019-02-26 06:33:16.857295: I tensorflow/core/platform/cpu_feature_guard.cc:141] Your CPU supports instructions that this TensorFlow binary was not compiled to use: AVX2 FMA
2019-02-26 06:33:16.929527: I tensorflow/stream_executor/cuda/cuda_gpu_executor.cc:897] successful NUMA node read from SysFS had negative value (-1), but there must be at least one NUMA node, so returning NUMA node zero
2019-02-26 06:33:16.930034: I tensorflow/core/common_runtime/gpu/gpu_device.cc:1392] Found device 0 with properties: 
name: GeForce GTX 1060 6GB major: 6 minor: 1 memoryClockRate(GHz): 1.7715
pciBusID: 0000:01:00.0
totalMemory: 5.93GiB freeMemory: 5.55GiB
2019-02-26 06:33:16.930051: I tensorflow/core/common_runtime/gpu/gpu_device.cc:1471] Adding visible gpu devices: 0
2019-02-26 06:33:17.523753: I tensorflow/core/common_runtime/gpu/gpu_device.cc:952] Device interconnect StreamExecutor with strength 1 edge matrix:
2019-02-26 06:33:17.523777: I tensorflow/core/common_runtime/gpu/gpu_device.cc:958]      0 
2019-02-26 06:33:17.523782: I tensorflow/core/common_runtime/gpu/gpu_device.cc:971] 0:   N 
2019-02-26 06:33:17.523979: I tensorflow/core/common_runtime/gpu/gpu_device.cc:1084] Created TensorFlow device (/job:localhost/replica:0/task:0/device:GPU:0 with 5323 MB memory) -> physical GPU (device: 0, name: GeForce GTX 1060 6GB, pci bus id: 0000:01:00.0, compute capability: 6.1)
dropout defined: 0.1
patience_earlystopping defined: 40
layers defined: 2
neurons defined: 100
rnntype defined: RnnType.LSTM
learningrate defined: 0.002
verbose defined: False
processor defined: Processor.GPU
bagging_size defined: 0.6
cudnn defined: True
traindata_shuffle defined: False
traindata_split defined: 1
datageneration_pattern defined: DataGenerationPattern.Fit
traindata_duplicate defined: 0
testdata_split defined: 0.3333
bagging defined: True
bidirectional defined: False
running defined: 0
save_model defined: True
patience_reducelr defined: 10
gradientclipvalue defined: 3
validationdata_split defined: 0.2
batch_size defined: 64
bagging_putback defined: True
max_epochs defined: 500
tensorboard defined: False
datadefinition defined: <datadefinitions.cargo2000.Cargo2000 object at 0x7f685596de10>
max_sequencelength defined: 150000
traindata_split_index defined: 0
keras version: 2.2.2
tensorflow version: 1.9.0
tensorflow session cleaned
multi process gpu usage: enabled
tensorflow configured
read 56082 rows
sequences truncated to 150000
offset0: null
offset1: 0
offset2: 0
offset3: 0
offset4: 0
offset5: 0
offset6: 0
offset7: 0
offset8: 0
divisor0: null
divisor1: 1153.615438108484
divisor2: 6666.367996861738
divisor3: 1412.8796226953389
divisor4: 1638.5187047537534
divisor5: 7332.0577368852755
divisor6: 17233.036482293785
divisor7: 17819.202310901892
divisor8: 1988.1400092721371
maxlen 28 
total chars: 16, target chars: 17
characters:  ['1', '10', '11', '12', '13', '14', '15', '16', '2', '3', '4', '5', '6', '7', '8', '9']
unique characters:  ['0', '1', '2', '3', '4', '5', '6', '7', '8', '9']
category vectors length: 16
num features: 22
2102 sequences in train data
1314 sequences in test data
526 sequences in validation data
2102 elements before bagging with putback True
1261 elements after bagging with putback True
perform full in-memory sentence generation
train_sentences: 17800
validation_sentences: 7440
Vectorization...
Build model...
imported keras API for model creation
creating stateless cudnn lstm model
_________________________________________________________________
Layer (type)                 Output Shape              Param #   
=================================================================
cu_dnnlstm_1 (CuDNNLSTM)     (None, 28, 100)           49600     
_________________________________________________________________
batch_normalization_1 (Batch (None, 28, 100)           400       
_________________________________________________________________
cu_dnnlstm_2 (CuDNNLSTM)     (None, 100)               80800     
_________________________________________________________________
batch_normalization_2 (Batch (None, 100)               400       
_________________________________________________________________
time_output (Dense)          (None, 1)                 101       
=================================================================
Total params: 131,301
Trainable params: 130,901
Non-trainable params: 400
_________________________________________________________________
Train on 17800 samples, validate on 7440 samples
Epoch 1/500
 - 9s - loss: 0.4564 - val_loss: 0.5014
Epoch 2/500
 - 7s - loss: 0.3828 - val_loss: 0.4174
Epoch 3/500
 - 7s - loss: 0.3788 - val_loss: 0.5083
Epoch 4/500
 - 7s - loss: 0.3758 - val_loss: 0.4907
Epoch 5/500
 - 7s - loss: 0.3697 - val_loss: 0.4437
Epoch 6/500
 - 7s - loss: 0.3667 - val_loss: 0.4243
Epoch 7/500
 - 7s - loss: 0.3650 - val_loss: 0.3969
Epoch 8/500
 - 7s - loss: 0.3618 - val_loss: 0.3906
Epoch 9/500
 - 7s - loss: 0.3616 - val_loss: 0.4238
Epoch 10/500
 - 7s - loss: 0.3534 - val_loss: 0.4061
Epoch 11/500
 - 7s - loss: 0.3473 - val_loss: 0.3910
Epoch 12/500
 - 7s - loss: 0.3433 - val_loss: 0.3887
Epoch 13/500
 - 7s - loss: 0.3387 - val_loss: 0.4239
Epoch 14/500
 - 7s - loss: 0.3377 - val_loss: 0.3856
Epoch 15/500
 - 7s - loss: 0.3318 - val_loss: 0.4255
Epoch 16/500
 - 7s - loss: 0.3247 - val_loss: 0.4547
Epoch 17/500
 - 7s - loss: 0.3229 - val_loss: 0.4090
Epoch 18/500
 - 7s - loss: 0.3205 - val_loss: 0.3983
Epoch 19/500
 - 7s - loss: 0.3145 - val_loss: 0.4395
Epoch 20/500
 - 7s - loss: 0.3092 - val_loss: 0.4199
Epoch 21/500
 - 7s - loss: 0.3054 - val_loss: 0.4011
Epoch 22/500
 - 7s - loss: 0.2998 - val_loss: 0.4686
Epoch 23/500
 - 7s - loss: 0.2965 - val_loss: 0.4340
Epoch 24/500
 - 7s - loss: 0.2908 - val_loss: 0.4071
Epoch 25/500
 - 7s - loss: 0.2770 - val_loss: 0.4164
Epoch 26/500
 - 7s - loss: 0.2746 - val_loss: 0.4103
Epoch 27/500
 - 7s - loss: 0.2688 - val_loss: 0.4020
Epoch 28/500
 - 7s - loss: 0.2655 - val_loss: 0.4174
Epoch 29/500
 - 7s - loss: 0.2650 - val_loss: 0.4221
Epoch 30/500
 - 7s - loss: 0.2593 - val_loss: 0.4157
Epoch 31/500
 - 7s - loss: 0.2534 - val_loss: 0.4272
Epoch 32/500
 - 7s - loss: 0.2555 - val_loss: 0.4197
Epoch 33/500
 - 7s - loss: 0.2500 - val_loss: 0.4231
Epoch 34/500
 - 7s - loss: 0.2494 - val_loss: 0.4228
Epoch 35/500
 - 7s - loss: 0.2400 - val_loss: 0.4297
Epoch 36/500
 - 7s - loss: 0.2339 - val_loss: 0.4222
Epoch 37/500
 - 7s - loss: 0.2326 - val_loss: 0.4415
Epoch 38/500
 - 7s - loss: 0.2301 - val_loss: 0.4238
Epoch 39/500
 - 7s - loss: 0.2298 - val_loss: 0.4372
Epoch 40/500
 - 7s - loss: 0.2306 - val_loss: 0.4342
Epoch 41/500
 - 7s - loss: 0.2267 - val_loss: 0.4332
Epoch 42/500
 - 7s - loss: 0.2259 - val_loss: 0.4300
Epoch 43/500
 - 6s - loss: 0.2262 - val_loss: 0.4348
Epoch 44/500
 - 5s - loss: 0.2214 - val_loss: 0.4353
Epoch 45/500
 - 5s - loss: 0.2202 - val_loss: 0.4297
Epoch 46/500
 - 3s - loss: 0.2188 - val_loss: 0.4364
Epoch 47/500
 - 2s - loss: 0.2226 - val_loss: 0.4323
Epoch 48/500
 - 2s - loss: 0.2221 - val_loss: 0.4342
Epoch 49/500
 - 6s - loss: 0.2195 - val_loss: 0.4383
Epoch 50/500
 - 7s - loss: 0.2176 - val_loss: 0.4385
Epoch 51/500
 - 7s - loss: 0.2112 - val_loss: 0.4389
Epoch 52/500
 - 7s - loss: 0.2196 - val_loss: 0.4403
Epoch 53/500
 - 7s - loss: 0.2112 - val_loss: 0.4411
Epoch 54/500
 - 7s - loss: 0.2135 - val_loss: 0.4417
/usr/lib/python3.5/importlib/_bootstrap.py:222: RuntimeWarning: numpy.dtype size changed, may indicate binary incompatibility. Expected 96, got 88
  return f(*args, **kwds)
Load model for predictions...
imported keras API for model creation
creating stateless cudnn lstm model
Model loaded from checkpoint
_________________________________________________________________
Using TensorFlow backend.
Layer (type)                 Output Shape              Param #   
/usr/lib/python3.5/importlib/_bootstrap.py:222: RuntimeWarning: numpy.dtype size changed, may indicate binary incompatibility. Expected 96, got 88
  return f(*args, **kwds)
/usr/lib/python3.5/importlib/_bootstrap.py:222: RuntimeWarning: numpy.dtype size changed, may indicate binary incompatibility. Expected 96, got 88
=================================================================
cu_dnnlstm_3 (CuDNNLSTM)     (None, 28, 100)           49600     
_________________________________________________________________
batch_normalization_3 (Batch (None, 28, 100)           400       
  return f(*args, **kwds)
_________________________________________________________________
cu_dnnlstm_4 (CuDNNLSTM)     (None, 100)               80800     
_________________________________________________________________
batch_normalization_4 (Batch (None, 100)               400       
_________________________________________________________________
time_output (Dense)          (None, 1)                 101       
=================================================================
Total params: 131,301
Trainable params: 130,901
Non-trainable params: 400
_________________________________________________________________
Make predictions...
sequences: 1314
finished prediction
tensorflow session cleaned
[Log] Finished process for: /bin/bash -c "python3 caise2019_c2k.py"
[Log] Process finished.
