[Log] Serializing /root/app/workdir/0-model.h5
[Log] Serializing /root/app/workdir/0-results.csv
[Log] Serializing /root/app/workdir/0-epochlogs.epochlog
[Log] Serializing /root/app/workdir/datadefinitions/__pycache__/generic.cpython-35.pyc
[Log] Serializing /root/app/workdir/datadefinitions/__pycache__/cargo2000.cpython-35.pyc
[Log] Serializing /root/app/workdir/utility/__pycache__/exceptions.cpython-35.pyc
[Log] Serializing /root/app/workdir/utility/__pycache__/models.cpython-35.pyc
[Log] Serializing /root/app/workdir/utility/__pycache__/run.cpython-35.pyc
[Log] Serializing /root/app/workdir/utility/__pycache__/configuration.cpython-35.pyc
[Log] Serializing /root/app/workdir/utility/__pycache__/regularization.cpython-35.pyc
[Log] Serializing /root/app/workdir/utility/__pycache__/generator.cpython-35.pyc
[Log] Serializing /root/app/workdir/utility/__pycache__/enums.cpython-35.pyc
[Log] Serializing /root/app/workdir/utility/__pycache__/dataoperations.cpython-35.pyc
[Log] Serializing /root/app/workdir/utility/__pycache__/preprocessing.cpython-35.pyc
[Log] Serializing /root/app/workdir/utility/__pycache__/hyperparameteroptimization.cpython-35.pyc
Send training results
[Log] Cleaned working directory
[Log] Finished work package
[Log] Fetch work.
Results sent.
[Log] Training Work package received from server: caise2019_cargo2000 c1788d61-062a-4cbb-91c6-8b9be69edd45
[Log] Cleaned working directory
[Log] Deserializing 26 files 
[Log] Deserializing /root/app/workdir/caise2019_bpic2012.py
[Log] Deserializing /root/app/workdir/caise2019_bpic2017.py
[Log] Deserializing /root/app/workdir/caise2019_bpic2018.py
[Log] Deserializing /root/app/workdir/caise2019_c2k.py
[Log] Deserializing /root/app/workdir/caise2019_tt.py
[Log] Deserializing /root/app/workdir/requirements.txt
[Log] Deserializing /root/app/workdir/requirements_gpu.txt
[Log] Deserializing /root/app/workdir/version.xml
[Log] Deserializing /root/app/workdir/datadefinitions/bpi2012.py
[Log] Deserializing /root/app/workdir/datadefinitions/bpi2017.py
[Log] Deserializing /root/app/workdir/datadefinitions/bpi2018.py
[Log] Deserializing /root/app/workdir/datadefinitions/cargo2000.py
[Log] Deserializing /root/app/workdir/datadefinitions/cargo2000generic.py
[Log] Deserializing /root/app/workdir/datadefinitions/generic.py
[Log] Deserializing /root/app/workdir/datadefinitions/transformingtransport.py
[Log] Deserializing /root/app/workdir/datasets/cargo2000.csv
[Log] Deserializing /root/app/workdir/utility/configuration.py
[Log] Deserializing /root/app/workdir/utility/dataoperations.py
[Log] Deserializing /root/app/workdir/utility/enums.py
[Log] Deserializing /root/app/workdir/utility/exceptions.py
[Log] Deserializing /root/app/workdir/utility/generator.py
[Log] Deserializing /root/app/workdir/utility/hyperparameteroptimization.py
[Log] Deserializing /root/app/workdir/utility/models.py
[Log] Deserializing /root/app/workdir/utility/preprocessing.py
[Log] Deserializing /root/app/workdir/utility/regularization.py
[Log] Deserializing /root/app/workdir/utility/run.py
[Log] Deserialized 26 files
[Log] Processing training work package
[Log] Create worker process.
[Log] Create process for: /bin/bash -c "python3 caise2019_c2k.py" in /root/app/workdir
[Log] Starting process for: /bin/bash -c "python3 caise2019_c2k.py"
2019-02-26 07:34:36.545578: I tensorflow/core/platform/cpu_feature_guard.cc:141] Your CPU supports instructions that this TensorFlow binary was not compiled to use: AVX2 FMA
2019-02-26 07:34:36.620656: I tensorflow/stream_executor/cuda/cuda_gpu_executor.cc:897] successful NUMA node read from SysFS had negative value (-1), but there must be at least one NUMA node, so returning NUMA node zero
2019-02-26 07:34:36.621186: I tensorflow/core/common_runtime/gpu/gpu_device.cc:1392] Found device 0 with properties: 
name: GeForce GTX 1060 6GB major: 6 minor: 1 memoryClockRate(GHz): 1.7715
pciBusID: 0000:01:00.0
totalMemory: 5.92GiB freeMemory: 5.52GiB
2019-02-26 07:34:36.621202: I tensorflow/core/common_runtime/gpu/gpu_device.cc:1471] Adding visible gpu devices: 0
2019-02-26 07:34:37.224163: I tensorflow/core/common_runtime/gpu/gpu_device.cc:952] Device interconnect StreamExecutor with strength 1 edge matrix:
2019-02-26 07:34:37.224193: I tensorflow/core/common_runtime/gpu/gpu_device.cc:958]      0 
2019-02-26 07:34:37.224199: I tensorflow/core/common_runtime/gpu/gpu_device.cc:971] 0:   N 
2019-02-26 07:34:37.224404: I tensorflow/core/common_runtime/gpu/gpu_device.cc:1084] Created TensorFlow device (/job:localhost/replica:0/task:0/device:GPU:0 with 5289 MB memory) -> physical GPU (device: 0, name: GeForce GTX 1060 6GB, pci bus id: 0000:01:00.0, compute capability: 6.1)
tensorboard defined: False
patience_reducelr defined: 10
testdata_split defined: 0.3333
layers defined: 2
verbose defined: False
learningrate defined: 0.002
traindata_split defined: 1
patience_earlystopping defined: 40
bidirectional defined: False
datadefinition defined: <datadefinitions.cargo2000.Cargo2000 object at 0x7fcd4bdc3e48>
processor defined: Processor.GPU
rnntype defined: RnnType.LSTM
bagging defined: True
running defined: 0
dropout defined: 0.1
traindata_split_index defined: 0
max_sequencelength defined: 150000
max_epochs defined: 500
bagging_putback defined: True
gradientclipvalue defined: 3
traindata_shuffle defined: False
traindata_duplicate defined: 0
save_model defined: True
batch_size defined: 64
bagging_size defined: 0.6
datageneration_pattern defined: DataGenerationPattern.Fit
neurons defined: 100
cudnn defined: True
validationdata_split defined: 0.2
keras version: 2.2.2
tensorflow version: 1.9.0
tensorflow session cleaned
multi process gpu usage: enabled
tensorflow configured
read 56082 rows
sequences truncated to 150000
offset0: null
offset1: 0
offset2: 0
offset3: 0
offset4: 0
offset5: 0
offset6: 0
offset7: 0
offset8: 0
divisor0: null
divisor1: 1153.615438108484
divisor2: 6666.367996861738
divisor3: 1412.8796226953389
divisor4: 1638.5187047537534
divisor5: 7332.0577368852755
divisor6: 17233.036482293785
divisor7: 17819.202310901892
divisor8: 1988.1400092721371
maxlen 28 
total chars: 16, target chars: 17
characters:  ['1', '10', '11', '12', '13', '14', '15', '16', '2', '3', '4', '5', '6', '7', '8', '9']
unique characters:  ['0', '1', '2', '3', '4', '5', '6', '7', '8', '9']
category vectors length: 16
num features: 22
2102 sequences in train data
1314 sequences in test data
526 sequences in validation data
2102 elements before bagging with putback True
1261 elements after bagging with putback True
perform full in-memory sentence generation
train_sentences: 17494
validation_sentences: 7440
Vectorization...
Build model...
imported keras API for model creation
creating stateless cudnn lstm model
_________________________________________________________________
Layer (type)                 Output Shape              Param #   
=================================================================
cu_dnnlstm_1 (CuDNNLSTM)     (None, 28, 100)           49600     
_________________________________________________________________
batch_normalization_1 (Batch (None, 28, 100)           400       
_________________________________________________________________
cu_dnnlstm_2 (CuDNNLSTM)     (None, 100)               80800     
_________________________________________________________________
batch_normalization_2 (Batch (None, 100)               400       
_________________________________________________________________
time_output (Dense)          (None, 1)                 101       
=================================================================
Total params: 131,301
Trainable params: 130,901
Non-trainable params: 400
_________________________________________________________________
Train on 17494 samples, validate on 7440 samples
Epoch 1/500
 - 9s - loss: 0.4465 - val_loss: 0.4614
Epoch 2/500
 - 7s - loss: 0.3513 - val_loss: 0.4518
Epoch 3/500
 - 7s - loss: 0.3441 - val_loss: 0.3877
Epoch 4/500
 - 7s - loss: 0.3373 - val_loss: 0.4204
Epoch 5/500
 - 7s - loss: 0.3337 - val_loss: 0.4470
Epoch 6/500
 - 7s - loss: 0.3304 - val_loss: 0.4040
Epoch 7/500
 - 7s - loss: 0.3304 - val_loss: 0.3863
Epoch 8/500
 - 7s - loss: 0.3261 - val_loss: 0.3860
Epoch 9/500
 - 7s - loss: 0.3219 - val_loss: 0.3861
Epoch 10/500
 - 7s - loss: 0.3228 - val_loss: 0.3866
Epoch 11/500
 - 7s - loss: 0.3186 - val_loss: 0.3864
Epoch 12/500
 - 7s - loss: 0.3134 - val_loss: 0.4201
Epoch 13/500
 - 7s - loss: 0.3090 - val_loss: 0.4178
Epoch 14/500
 - 7s - loss: 0.3067 - val_loss: 0.3951
Epoch 15/500
 - 7s - loss: 0.3011 - val_loss: 0.4041
Epoch 16/500
 - 7s - loss: 0.2953 - val_loss: 0.3896
Epoch 17/500
 - 7s - loss: 0.2906 - val_loss: 0.3952
Epoch 18/500
 - 7s - loss: 0.2856 - val_loss: 0.4195
Epoch 19/500
 - 7s - loss: 0.2740 - val_loss: 0.4109
Epoch 20/500
 - 7s - loss: 0.2670 - val_loss: 0.4066
Epoch 21/500
 - 7s - loss: 0.2634 - val_loss: 0.4106
Epoch 22/500
 - 7s - loss: 0.2609 - val_loss: 0.4097
Epoch 23/500
 - 7s - loss: 0.2566 - val_loss: 0.4164
Epoch 24/500
 - 7s - loss: 0.2549 - val_loss: 0.4137
Epoch 25/500
 - 7s - loss: 0.2489 - val_loss: 0.4198
Epoch 26/500
 - 7s - loss: 0.2428 - val_loss: 0.4241
Epoch 27/500
 - 7s - loss: 0.2406 - val_loss: 0.4240
Epoch 28/500
 - 7s - loss: 0.2346 - val_loss: 0.4182
Epoch 29/500
 - 7s - loss: 0.2267 - val_loss: 0.4319
Epoch 30/500
 - 7s - loss: 0.2230 - val_loss: 0.4388
Epoch 31/500
 - 7s - loss: 0.2248 - val_loss: 0.4393
Epoch 32/500
 - 7s - loss: 0.2207 - val_loss: 0.4313
Epoch 33/500
 - 7s - loss: 0.2182 - val_loss: 0.4392
Epoch 34/500
 - 7s - loss: 0.2159 - val_loss: 0.4338
Epoch 35/500
 - 7s - loss: 0.2136 - val_loss: 0.4447
Epoch 36/500
 - 7s - loss: 0.2079 - val_loss: 0.4502
Epoch 37/500
 - 7s - loss: 0.2085 - val_loss: 0.4455
Epoch 38/500
 - 7s - loss: 0.2069 - val_loss: 0.4451
Epoch 39/500
 - 7s - loss: 0.2002 - val_loss: 0.4468
Epoch 40/500
 - 7s - loss: 0.1971 - val_loss: 0.4395
Epoch 41/500
 - 7s - loss: 0.1970 - val_loss: 0.4444
Epoch 42/500
 - 7s - loss: 0.1946 - val_loss: 0.4445
Epoch 43/500
 - 7s - loss: 0.1949 - val_loss: 0.4425
Epoch 44/500
 - 7s - loss: 0.1940 - val_loss: 0.4490
Epoch 45/500
 - 7s - loss: 0.1928 - val_loss: 0.4490
Epoch 46/500
 - 7s - loss: 0.1922 - val_loss: 0.4417
Epoch 47/500
 - 4s - loss: 0.1916 - val_loss: 0.4479
Epoch 48/500
 - 5s - loss: 0.1918 - val_loss: 0.4415
/usr/lib/python3.5/importlib/_bootstrap.py:222: RuntimeWarning: numpy.dtype size changed, may indicate binary incompatibility. Expected 96, got 88
  return f(*args, **kwds)
Using TensorFlow backend.
/usr/lib/python3.5/importlib/_bootstrap.py:222: RuntimeWarning: numpy.dtype size changed, may indicate binary incompatibility. Expected 96, got 88
  return f(*args, **kwds)
/usr/lib/python3.5/importlib/_bootstrap.py:222: RuntimeWarning: numpy.dtype size changed, may indicate binary incompatibility. Expected 96, got 88
  return f(*args, **kwds)
Load model for predictions...
imported keras API for model creation
creating stateless cudnn lstm model
Model loaded from checkpoint
_________________________________________________________________
Layer (type)                 Output Shape              Param #   
=================================================================
cu_dnnlstm_3 (CuDNNLSTM)     (None, 28, 100)           49600     
_________________________________________________________________
batch_normalization_3 (Batch (None, 28, 100)           400       
_________________________________________________________________
cu_dnnlstm_4 (CuDNNLSTM)     (None, 100)               80800     
_________________________________________________________________
batch_normalization_4 (Batch (None, 100)               400       
_________________________________________________________________
time_output (Dense)          (None, 1)                 101       
=================================================================
Total params: 131,301
Trainable params: 130,901
Non-trainable params: 400
_________________________________________________________________
Make predictions...
sequences: 1314
finished prediction
tensorflow session cleaned
[Log] Finished process for: /bin/bash -c "python3 caise2019_c2k.py"
[Log] Process finished.
