[Log] Serializing /root/app/workdir/0-epochlogs.epochlog
[Log] Serializing /root/app/workdir/0-model.h5
[Log] Serializing /root/app/workdir/0-results.csv
[Log] Serializing /root/app/workdir/datadefinitions/__pycache__/generic.cpython-35.pyc
[Log] Serializing /root/app/workdir/datadefinitions/__pycache__/bpi2012.cpython-35.pyc
[Log] Serializing /root/app/workdir/utility/__pycache__/hyperparameteroptimization.cpython-35.pyc
[Log] Serializing /root/app/workdir/utility/__pycache__/generator.cpython-35.pyc
[Log] Serializing /root/app/workdir/utility/__pycache__/preprocessing.cpython-35.pyc
[Log] Serializing /root/app/workdir/utility/__pycache__/configuration.cpython-35.pyc
[Log] Serializing /root/app/workdir/utility/__pycache__/run.cpython-35.pyc
[Log] Serializing /root/app/workdir/utility/__pycache__/enums.cpython-35.pyc
[Log] Serializing /root/app/workdir/utility/__pycache__/regularization.cpython-35.pyc
[Log] Serializing /root/app/workdir/utility/__pycache__/exceptions.cpython-35.pyc
[Log] Serializing /root/app/workdir/utility/__pycache__/dataoperations.cpython-35.pyc
[Log] Serializing /root/app/workdir/utility/__pycache__/models.cpython-35.pyc
Send training results
[Log] Cleaned working directory
[Log] Finished work package
[Log] Fetch work.
Results sent.
[Log] Training Work package received from server: caise2019_bpic2012 f61d153e-7d5c-4b52-937c-7b710a51440e
[Log] Cleaned working directory
[Log] Deserializing 26 files 
[Log] Deserializing /root/app/workdir/caise2019_bpic2012.py
[Log] Deserializing /root/app/workdir/caise2019_bpic2017.py
[Log] Deserializing /root/app/workdir/caise2019_bpic2018.py
[Log] Deserializing /root/app/workdir/caise2019_c2k.py
[Log] Deserializing /root/app/workdir/caise2019_tt.py
[Log] Deserializing /root/app/workdir/requirements.txt
[Log] Deserializing /root/app/workdir/requirements_gpu.txt
[Log] Deserializing /root/app/workdir/version.xml
[Log] Deserializing /root/app/workdir/datadefinitions/bpi2012.py
[Log] Deserializing /root/app/workdir/datadefinitions/bpi2017.py
[Log] Deserializing /root/app/workdir/datadefinitions/bpi2018.py
[Log] Deserializing /root/app/workdir/datadefinitions/cargo2000.py
[Log] Deserializing /root/app/workdir/datadefinitions/cargo2000generic.py
[Log] Deserializing /root/app/workdir/datadefinitions/generic.py
[Log] Deserializing /root/app/workdir/datadefinitions/transformingtransport.py
[Log] Deserializing /root/app/workdir/datasets/bpi2012.csv
[Log] Deserializing /root/app/workdir/utility/configuration.py
[Log] Deserializing /root/app/workdir/utility/dataoperations.py
[Log] Deserializing /root/app/workdir/utility/enums.py
[Log] Deserializing /root/app/workdir/utility/exceptions.py
[Log] Deserializing /root/app/workdir/utility/generator.py
[Log] Deserializing /root/app/workdir/utility/hyperparameteroptimization.py
[Log] Deserializing /root/app/workdir/utility/models.py
[Log] Deserializing /root/app/workdir/utility/preprocessing.py
[Log] Deserializing /root/app/workdir/utility/regularization.py
[Log] Deserializing /root/app/workdir/utility/run.py
[Log] Deserialized 26 files
[Log] Processing training work package
[Log] Create worker process.
[Log] Create process for: /bin/bash -c "python3 caise2019_bpic2012.py" in /root/app/workdir
[Log] Starting process for: /bin/bash -c "python3 caise2019_bpic2012.py"
2019-02-25 12:36:28.867640: I tensorflow/core/platform/cpu_feature_guard.cc:141] Your CPU supports instructions that this TensorFlow binary was not compiled to use: AVX2 FMA
2019-02-25 12:36:28.939690: I tensorflow/stream_executor/cuda/cuda_gpu_executor.cc:897] successful NUMA node read from SysFS had negative value (-1), but there must be at least one NUMA node, so returning NUMA node zero
2019-02-25 12:36:28.940159: I tensorflow/core/common_runtime/gpu/gpu_device.cc:1392] Found device 0 with properties: 
name: GeForce GTX 1060 6GB major: 6 minor: 1 memoryClockRate(GHz): 1.7715
pciBusID: 0000:01:00.0
totalMemory: 5.93GiB freeMemory: 5.49GiB
2019-02-25 12:36:28.940173: I tensorflow/core/common_runtime/gpu/gpu_device.cc:1471] Adding visible gpu devices: 0
2019-02-25 12:36:29.526139: I tensorflow/core/common_runtime/gpu/gpu_device.cc:952] Device interconnect StreamExecutor with strength 1 edge matrix:
2019-02-25 12:36:29.526165: I tensorflow/core/common_runtime/gpu/gpu_device.cc:958]      0 
2019-02-25 12:36:29.526171: I tensorflow/core/common_runtime/gpu/gpu_device.cc:971] 0:   N 
2019-02-25 12:36:29.526319: I tensorflow/core/common_runtime/gpu/gpu_device.cc:1084] Created TensorFlow device (/job:localhost/replica:0/task:0/device:GPU:0 with 5259 MB memory) -> physical GPU (device: 0, name: GeForce GTX 1060 6GB, pci bus id: 0000:01:00.0, compute capability: 6.1)
cudnn defined: True
datadefinition defined: <datadefinitions.bpi2012.BPI2012 object at 0x7ff5b351de48>
tensorboard defined: False
traindata_split defined: 1
processor defined: Processor.GPU
running defined: 0
gradientclipvalue defined: 3
bagging_size defined: 0.6
traindata_duplicate defined: 0
verbose defined: False
datageneration_pattern defined: DataGenerationPattern.Generator
bidirectional defined: False
testdata_split defined: 0.3333
save_model defined: True
dropout defined: 0.1
bagging defined: True
traindata_shuffle defined: False
learningrate defined: 0.002
layers defined: 2
batch_size defined: 64
max_epochs defined: 500
rnntype defined: RnnType.LSTM
neurons defined: 100
max_sequencelength defined: 150000
validationdata_split defined: 0.2
traindata_split_index defined: 0
patience_earlystopping defined: 40
patience_reducelr defined: 10
bagging_putback defined: True
keras version: 2.2.2
tensorflow version: 1.9.0
tensorflow session cleaned
multi process gpu usage: enabled
tensorflow configured
no value found for datadefinition.featureweight at index 4, setting default value
no value found for datadefinition.featureweight at index 5, setting default value
read 190827 rows
sequences truncated to 150000
offset0: null
offset1: null
offset2: 0
offset3: 0
offset4: null
offset5: null
divisor0: null
divisor1: null
divisor2: 4.770425059696304
divisor3: 9547.828404708018
divisor4: null
divisor5: null
maxlen 106 
total chars: 23, target chars: 24
characters:  ['A', 'B', 'C', 'D', 'E', 'F', 'G', 'H', 'I', 'J', 'K', 'L', 'M', 'N', 'O', 'P', 'Q', 'R', 'S', 'T', 'U', 'V', 'W']
unique characters:  ['A', 'B', 'C', 'D', 'E', 'F', 'G', 'H', 'I', 'J', 'K', 'L', 'M', 'N', 'O', 'P', 'Q', 'R', 'S', 'T', 'U', 'V', 'W']
total chars: 68, target chars: 69
characters:  ['10124', '10125', '10138', '10188', '10228', '10609', '10629', '10779', '10789', '10809', '10821', '10859', '10861', '10862', '10863', '10880', '10881', '10889', '10899', '10909', '10910', '10912', '10913', '10914', '10929', '10931', '10932', '10933', '10935', '10939', '10971', '10972', '10982', '11000', '11001', '11002', '11003', '11009', '11019', '11029', '11049', '11079', '11111', '11119', '11120', '11121', '11122', '11169', '11179', '11180', '11181', '11189', '112', '11200', '11201', '11202', '11203', '11254', '11259', '11269', '11289', '11299', '11300', '11302', '11304', '11309', '11319', '11339']
unique characters:  ['0', '1', '2', '3', '4', '5', '6', '7', '8', '9']
total chars: 2, target chars: 3
characters:  ['False', 'True']
unique characters:  ['F', 'T', 'a', 'e', 'l', 'r', 's', 'u']
category vectors length: 91
num features: 94
6980 sequences in train data
4362 sequences in test data
1745 sequences in validation data
6980 elements before bagging with putback True
4188 elements after bagging with putback True
created generator with with 4188 sequences and 61213 sentences
created generator with with 1745 sequences and 26772 sentences
created sentence generators
Generators detected: Vectorization will be performed during runtime
Build model...
imported keras API for model creation
creating stateless cudnn lstm model
_________________________________________________________________
Layer (type)                 Output Shape              Param #   
=================================================================
cu_dnnlstm_1 (CuDNNLSTM)     (None, 106, 100)          78400     
_________________________________________________________________
batch_normalization_1 (Batch (None, 106, 100)          400       
_________________________________________________________________
cu_dnnlstm_2 (CuDNNLSTM)     (None, 100)               80800     
_________________________________________________________________
batch_normalization_2 (Batch (None, 100)               400       
_________________________________________________________________
time_output (Dense)          (None, 1)                 101       
=================================================================
Total params: 160,101
Trainable params: 159,701
Non-trainable params: 400
_________________________________________________________________
Epoch 1/500
 - 62s - loss: 0.4369 - val_loss: 0.4156
Epoch 2/500
 - 61s - loss: 0.3839 - val_loss: 0.3934
Epoch 3/500
 - 61s - loss: 0.3774 - val_loss: 0.3620
Epoch 4/500
 - 61s - loss: 0.3744 - val_loss: 0.2852
Epoch 5/500
 - 61s - loss: 0.3742 - val_loss: 0.3510
Epoch 6/500
 - 60s - loss: 0.3668 - val_loss: 0.3609
Epoch 7/500
 - 61s - loss: 0.3699 - val_loss: 0.3293
Epoch 8/500
 - 61s - loss: 0.3628 - val_loss: 0.3230
Epoch 9/500
 - 61s - loss: 0.3618 - val_loss: 0.2837
Epoch 10/500
 - 60s - loss: 0.3590 - val_loss: 0.3419
Epoch 11/500
 - 61s - loss: 0.3577 - val_loss: 0.3222
Epoch 12/500
 - 61s - loss: 0.3540 - val_loss: 0.3005
Epoch 13/500
 - 61s - loss: 0.3560 - val_loss: 0.2816
Epoch 14/500
 - 60s - loss: 0.3585 - val_loss: 0.3209
Epoch 15/500
 - 60s - loss: 0.3551 - val_loss: 0.2772
Epoch 16/500
 - 59s - loss: 0.3521 - val_loss: 0.2884
Epoch 17/500
 - 59s - loss: 0.3521 - val_loss: 0.3540
Epoch 18/500
 - 59s - loss: 0.3546 - val_loss: 0.2952
Epoch 19/500
 - 59s - loss: 0.3548 - val_loss: 0.2955
Epoch 20/500
 - 59s - loss: 0.3533 - val_loss: 0.3013
Epoch 21/500
 - 59s - loss: 0.3516 - val_loss: 0.3017
Epoch 22/500
 - 59s - loss: 0.3582 - val_loss: 0.2902
Epoch 23/500
 - 59s - loss: 0.3550 - val_loss: 0.2798
Epoch 24/500
 - 50s - loss: 0.3506 - val_loss: 0.3418
Epoch 25/500
 - 58s - loss: 0.3488 - val_loss: 0.2810
Epoch 26/500
 - 60s - loss: 0.3480 - val_loss: 0.3077
Epoch 27/500
 - 60s - loss: 0.3399 - val_loss: 0.2845
Epoch 28/500
 - 61s - loss: 0.3481 - val_loss: 0.2977
Epoch 29/500
 - 60s - loss: 0.3495 - val_loss: 0.2852
Epoch 30/500
 - 61s - loss: 0.3447 - val_loss: 0.2796
Epoch 31/500
 - 61s - loss: 0.3493 - val_loss: 0.2846
Epoch 32/500
 - 61s - loss: 0.3419 - val_loss: 0.2886
Epoch 33/500
 - 60s - loss: 0.3376 - val_loss: 0.2908
Epoch 34/500
 - 61s - loss: 0.3470 - val_loss: 0.2882
Epoch 35/500
 - 61s - loss: 0.3432 - val_loss: 0.2805
Epoch 36/500
 - 61s - loss: 0.3374 - val_loss: 0.2868
Epoch 37/500
 - 61s - loss: 0.3419 - val_loss: 0.2864
Epoch 38/500
 - 61s - loss: 0.3387 - val_loss: 0.2846
Epoch 39/500
 - 61s - loss: 0.3385 - val_loss: 0.2859
Epoch 40/500
 - 61s - loss: 0.3406 - val_loss: 0.2930
Epoch 41/500
 - 61s - loss: 0.3425 - val_loss: 0.2963
Epoch 42/500
 - 61s - loss: 0.3368 - val_loss: 0.2881
Epoch 43/500
 - 61s - loss: 0.3417 - val_loss: 0.2885
Epoch 44/500
 - 61s - loss: 0.3405 - val_loss: 0.2902
Epoch 45/500
 - 61s - loss: 0.3356 - val_loss: 0.2822
Epoch 46/500
 - 61s - loss: 0.3363 - val_loss: 0.2843
Epoch 47/500
 - 61s - loss: 0.3384 - val_loss: 0.2839
Epoch 48/500
 - 61s - loss: 0.3365 - val_loss: 0.2884
Epoch 49/500
 - 61s - loss: 0.3386 - val_loss: 0.2883
Epoch 50/500
 - 54s - loss: 0.3404 - val_loss: 0.2809
Epoch 51/500
 - 58s - loss: 0.3395 - val_loss: 0.2915
Epoch 52/500
 - 61s - loss: 0.3357 - val_loss: 0.2883
Epoch 53/500
 - 61s - loss: 0.3387 - val_loss: 0.2860
Epoch 54/500
 - 61s - loss: 0.3420 - val_loss: 0.2949
Epoch 55/500
 - 60s - loss: 0.3399 - val_loss: 0.2947
/usr/lib/python3.5/importlib/_bootstrap.py:222: RuntimeWarning: numpy.dtype size changed, may indicate binary incompatibility. Expected 96, got 88
Load model for predictions...
imported keras API for model creation
creating stateless cudnn lstm model
Model loaded from checkpoint
_________________________________________________________________
Layer (type)                 Output Shape              Param #   
  return f(*args, **kwds)
=================================================================
Using TensorFlow backend.
/usr/lib/python3.5/importlib/_bootstrap.py:222: RuntimeWarning: numpy.dtype size changed, may indicate binary incompatibility. Expected 96, got 88
cu_dnnlstm_3 (CuDNNLSTM)     (None, 106, 100)          78400     
  return f(*args, **kwds)
/usr/lib/python3.5/importlib/_bootstrap.py:222: RuntimeWarning: numpy.dtype size changed, may indicate binary incompatibility. Expected 96, got 88
_________________________________________________________________
  return f(*args, **kwds)
batch_normalization_3 (Batch (None, 106, 100)          400       
_________________________________________________________________
cu_dnnlstm_4 (CuDNNLSTM)     (None, 100)               80800     
_________________________________________________________________
batch_normalization_4 (Batch (None, 100)               400       
_________________________________________________________________
time_output (Dense)          (None, 1)                 101       
=================================================================
Total params: 160,101
Trainable params: 159,701
Non-trainable params: 400
_________________________________________________________________
Make predictions...
sequences: 4362
finished prediction
tensorflow session cleaned
[Log] Finished process for: /bin/bash -c "python3 caise2019_bpic2012.py"
[Log] Process finished.
