[Log] Serializing /root/app/workdir/0-model.h5
[Log] Serializing /root/app/workdir/0-results.csv
[Log] Serializing /root/app/workdir/0-epochlogs.epochlog
[Log] Serializing /root/app/workdir/datadefinitions/__pycache__/generic.cpython-35.pyc
[Log] Serializing /root/app/workdir/datadefinitions/__pycache__/cargo2000.cpython-35.pyc
[Log] Serializing /root/app/workdir/utility/__pycache__/exceptions.cpython-35.pyc
[Log] Serializing /root/app/workdir/utility/__pycache__/models.cpython-35.pyc
[Log] Serializing /root/app/workdir/utility/__pycache__/run.cpython-35.pyc
[Log] Serializing /root/app/workdir/utility/__pycache__/configuration.cpython-35.pyc
[Log] Serializing /root/app/workdir/utility/__pycache__/regularization.cpython-35.pyc
[Log] Serializing /root/app/workdir/utility/__pycache__/generator.cpython-35.pyc
[Log] Serializing /root/app/workdir/utility/__pycache__/enums.cpython-35.pyc
[Log] Serializing /root/app/workdir/utility/__pycache__/dataoperations.cpython-35.pyc
[Log] Serializing /root/app/workdir/utility/__pycache__/preprocessing.cpython-35.pyc
[Log] Serializing /root/app/workdir/utility/__pycache__/hyperparameteroptimization.cpython-35.pyc
Send training results
[Log] Cleaned working directory
[Log] Finished work package
[Log] Fetch work.
Results sent.
[Log] Training Work package received from server: caise2019_cargo2000 ba1b23e6-46e0-47c4-b69b-da54ada2abce
[Log] Cleaned working directory
[Log] Deserializing 26 files 
[Log] Deserializing /root/app/workdir/caise2019_bpic2012.py
[Log] Deserializing /root/app/workdir/caise2019_bpic2017.py
[Log] Deserializing /root/app/workdir/caise2019_bpic2018.py
[Log] Deserializing /root/app/workdir/caise2019_c2k.py
[Log] Deserializing /root/app/workdir/caise2019_tt.py
[Log] Deserializing /root/app/workdir/requirements.txt
[Log] Deserializing /root/app/workdir/requirements_gpu.txt
[Log] Deserializing /root/app/workdir/version.xml
[Log] Deserializing /root/app/workdir/datadefinitions/bpi2012.py
[Log] Deserializing /root/app/workdir/datadefinitions/bpi2017.py
[Log] Deserializing /root/app/workdir/datadefinitions/bpi2018.py
[Log] Deserializing /root/app/workdir/datadefinitions/cargo2000.py
[Log] Deserializing /root/app/workdir/datadefinitions/cargo2000generic.py
[Log] Deserializing /root/app/workdir/datadefinitions/generic.py
[Log] Deserializing /root/app/workdir/datadefinitions/transformingtransport.py
[Log] Deserializing /root/app/workdir/datasets/cargo2000.csv
[Log] Deserializing /root/app/workdir/utility/configuration.py
[Log] Deserializing /root/app/workdir/utility/dataoperations.py
[Log] Deserializing /root/app/workdir/utility/enums.py
[Log] Deserializing /root/app/workdir/utility/exceptions.py
[Log] Deserializing /root/app/workdir/utility/generator.py
[Log] Deserializing /root/app/workdir/utility/hyperparameteroptimization.py
[Log] Deserializing /root/app/workdir/utility/models.py
[Log] Deserializing /root/app/workdir/utility/preprocessing.py
[Log] Deserializing /root/app/workdir/utility/regularization.py
[Log] Deserializing /root/app/workdir/utility/run.py
[Log] Deserialized 26 files
[Log] Processing training work package
[Log] Create worker process.
[Log] Create process for: /bin/bash -c "python3 caise2019_c2k.py" in /root/app/workdir
[Log] Starting process for: /bin/bash -c "python3 caise2019_c2k.py"
2019-02-26 08:03:20.867186: I tensorflow/core/platform/cpu_feature_guard.cc:141] Your CPU supports instructions that this TensorFlow binary was not compiled to use: AVX2 FMA
2019-02-26 08:03:20.941799: I tensorflow/stream_executor/cuda/cuda_gpu_executor.cc:897] successful NUMA node read from SysFS had negative value (-1), but there must be at least one NUMA node, so returning NUMA node zero
2019-02-26 08:03:20.942325: I tensorflow/core/common_runtime/gpu/gpu_device.cc:1392] Found device 0 with properties: 
name: GeForce GTX 1060 6GB major: 6 minor: 1 memoryClockRate(GHz): 1.7715
pciBusID: 0000:01:00.0
totalMemory: 5.92GiB freeMemory: 5.52GiB
2019-02-26 08:03:20.942342: I tensorflow/core/common_runtime/gpu/gpu_device.cc:1471] Adding visible gpu devices: 0
2019-02-26 08:03:21.532041: I tensorflow/core/common_runtime/gpu/gpu_device.cc:952] Device interconnect StreamExecutor with strength 1 edge matrix:
2019-02-26 08:03:21.532063: I tensorflow/core/common_runtime/gpu/gpu_device.cc:958]      0 
2019-02-26 08:03:21.532068: I tensorflow/core/common_runtime/gpu/gpu_device.cc:971] 0:   N 
2019-02-26 08:03:21.532263: I tensorflow/core/common_runtime/gpu/gpu_device.cc:1084] Created TensorFlow device (/job:localhost/replica:0/task:0/device:GPU:0 with 5289 MB memory) -> physical GPU (device: 0, name: GeForce GTX 1060 6GB, pci bus id: 0000:01:00.0, compute capability: 6.1)
testdata_split defined: 0.3333
neurons defined: 100
bagging defined: True
learningrate defined: 0.002
datadefinition defined: <datadefinitions.cargo2000.Cargo2000 object at 0x7fde00ce8e48>
batch_size defined: 64
traindata_shuffle defined: False
save_model defined: True
rnntype defined: RnnType.LSTM
traindata_split defined: 1
patience_reducelr defined: 10
dropout defined: 0.1
processor defined: Processor.GPU
bagging_size defined: 0.6
validationdata_split defined: 0.2
layers defined: 2
verbose defined: False
traindata_split_index defined: 0
tensorboard defined: False
bidirectional defined: False
gradientclipvalue defined: 3
bagging_putback defined: True
patience_earlystopping defined: 40
datageneration_pattern defined: DataGenerationPattern.Fit
max_sequencelength defined: 150000
running defined: 0
max_epochs defined: 500
traindata_duplicate defined: 0
cudnn defined: True
keras version: 2.2.2
tensorflow version: 1.9.0
tensorflow session cleaned
multi process gpu usage: enabled
tensorflow configured
read 56082 rows
sequences truncated to 150000
offset0: null
offset1: 0
offset2: 0
offset3: 0
offset4: 0
offset5: 0
offset6: 0
offset7: 0
offset8: 0
divisor0: null
divisor1: 1153.615438108484
divisor2: 6666.367996861738
divisor3: 1412.8796226953389
divisor4: 1638.5187047537534
divisor5: 7332.0577368852755
divisor6: 17233.036482293785
divisor7: 17819.202310901892
divisor8: 1988.1400092721371
maxlen 28 
total chars: 16, target chars: 17
characters:  ['1', '10', '11', '12', '13', '14', '15', '16', '2', '3', '4', '5', '6', '7', '8', '9']
unique characters:  ['0', '1', '2', '3', '4', '5', '6', '7', '8', '9']
category vectors length: 16
num features: 22
2102 sequences in train data
1314 sequences in test data
526 sequences in validation data
2102 elements before bagging with putback True
1261 elements after bagging with putback True
perform full in-memory sentence generation
train_sentences: 17730
validation_sentences: 7440
Vectorization...
Build model...
imported keras API for model creation
creating stateless cudnn lstm model
_________________________________________________________________
Layer (type)                 Output Shape              Param #   
=================================================================
cu_dnnlstm_1 (CuDNNLSTM)     (None, 28, 100)           49600     
_________________________________________________________________
batch_normalization_1 (Batch (None, 28, 100)           400       
_________________________________________________________________
cu_dnnlstm_2 (CuDNNLSTM)     (None, 100)               80800     
_________________________________________________________________
batch_normalization_2 (Batch (None, 100)               400       
_________________________________________________________________
time_output (Dense)          (None, 1)                 101       
=================================================================
Total params: 131,301
Trainable params: 130,901
Non-trainable params: 400
_________________________________________________________________
Train on 17730 samples, validate on 7440 samples
Epoch 1/500
 - 9s - loss: 0.4533 - val_loss: 1.2165
Epoch 2/500
 - 7s - loss: 0.3616 - val_loss: 0.4339
Epoch 3/500
 - 7s - loss: 0.3472 - val_loss: 0.5189
Epoch 4/500
 - 7s - loss: 0.3522 - val_loss: 0.8000
Epoch 5/500
 - 7s - loss: 0.3405 - val_loss: 0.3788
Epoch 6/500
 - 7s - loss: 0.3344 - val_loss: 0.5322
Epoch 7/500
 - 7s - loss: 0.3335 - val_loss: 0.5695
Epoch 8/500
 - 7s - loss: 0.3322 - val_loss: 0.4165
Epoch 9/500
 - 7s - loss: 0.3276 - val_loss: 0.4655
Epoch 10/500
 - 7s - loss: 0.3253 - val_loss: 0.4412
Epoch 11/500
 - 7s - loss: 0.3217 - val_loss: 0.3922
Epoch 12/500
 - 7s - loss: 0.3192 - val_loss: 0.4175
Epoch 13/500
 - 7s - loss: 0.3159 - val_loss: 0.5566
Epoch 14/500
 - 7s - loss: 0.3125 - val_loss: 0.4244
Epoch 15/500
 - 7s - loss: 0.3064 - val_loss: 0.4265
Epoch 16/500
 - 7s - loss: 0.2912 - val_loss: 0.3938
Epoch 17/500
 - 7s - loss: 0.2852 - val_loss: 0.4759
Epoch 18/500
 - 7s - loss: 0.2824 - val_loss: 0.3926
Epoch 19/500
 - 7s - loss: 0.2780 - val_loss: 0.4052
Epoch 20/500
 - 7s - loss: 0.2715 - val_loss: 0.3963
Epoch 21/500
 - 7s - loss: 0.2683 - val_loss: 0.4022
Epoch 22/500
 - 7s - loss: 0.2635 - val_loss: 0.4105
Epoch 23/500
 - 7s - loss: 0.2648 - val_loss: 0.4140
Epoch 24/500
 - 7s - loss: 0.2563 - val_loss: 0.4188
Epoch 25/500
 - 7s - loss: 0.2566 - val_loss: 0.4142
Epoch 26/500
 - 7s - loss: 0.2426 - val_loss: 0.4120
Epoch 27/500
 - 7s - loss: 0.2454 - val_loss: 0.4069
Epoch 28/500
 - 7s - loss: 0.2388 - val_loss: 0.4128
Epoch 29/500
 - 7s - loss: 0.2396 - val_loss: 0.4112
Epoch 30/500
 - 7s - loss: 0.2350 - val_loss: 0.4114
Epoch 31/500
 - 7s - loss: 0.2346 - val_loss: 0.4149
Epoch 32/500
 - 7s - loss: 0.2344 - val_loss: 0.4232
Epoch 33/500
 - 7s - loss: 0.2348 - val_loss: 0.4169
Epoch 34/500
 - 7s - loss: 0.2319 - val_loss: 0.4202
Epoch 35/500
 - 7s - loss: 0.2288 - val_loss: 0.4217
Epoch 36/500
 - 6s - loss: 0.2258 - val_loss: 0.4194
Epoch 37/500
 - 5s - loss: 0.2236 - val_loss: 0.4172
Epoch 38/500
 - 5s - loss: 0.2254 - val_loss: 0.4140
Epoch 39/500
 - 3s - loss: 0.2222 - val_loss: 0.4259
Epoch 40/500
 - 2s - loss: 0.2195 - val_loss: 0.4201
Epoch 41/500
 - 7s - loss: 0.2213 - val_loss: 0.4194
Epoch 42/500
 - 7s - loss: 0.2183 - val_loss: 0.4198
Epoch 43/500
 - 7s - loss: 0.2192 - val_loss: 0.4190
Epoch 44/500
 - 7s - loss: 0.2199 - val_loss: 0.4232
Epoch 45/500
 - 7s - loss: 0.2175 - val_loss: 0.4258
/usr/lib/python3.5/importlib/_bootstrap.py:222: RuntimeWarning: numpy.dtype size changed, may indicate binary incompatibility. Expected 96, got 88
  return f(*args, **kwds)
Using TensorFlow backend.
/usr/lib/python3.5/importlib/_bootstrap.py:222: RuntimeWarning: numpy.dtype size changed, may indicate binary incompatibility. Expected 96, got 88
  return f(*args, **kwds)
/usr/lib/python3.5/importlib/_bootstrap.py:222: RuntimeWarning: numpy.dtype size changed, may indicate binary incompatibility. Expected 96, got 88
  return f(*args, **kwds)
Load model for predictions...
imported keras API for model creation
creating stateless cudnn lstm model
Model loaded from checkpoint
_________________________________________________________________
Layer (type)                 Output Shape              Param #   
=================================================================
cu_dnnlstm_3 (CuDNNLSTM)     (None, 28, 100)           49600     
_________________________________________________________________
batch_normalization_3 (Batch (None, 28, 100)           400       
_________________________________________________________________
cu_dnnlstm_4 (CuDNNLSTM)     (None, 100)               80800     
_________________________________________________________________
batch_normalization_4 (Batch (None, 100)               400       
_________________________________________________________________
time_output (Dense)          (None, 1)                 101       
=================================================================
Total params: 131,301
Trainable params: 130,901
Non-trainable params: 400
_________________________________________________________________
Make predictions...
sequences: 1314
finished prediction
tensorflow session cleaned
[Log] Finished process for: /bin/bash -c "python3 caise2019_c2k.py"
[Log] Process finished.
