[Log] Serializing /root/app/workdir/0-epochlogs.epochlog
[Log] Serializing /root/app/workdir/0-model.h5
[Log] Serializing /root/app/workdir/0-results.csv
[Log] Serializing /root/app/workdir/utility/__pycache__/exceptions.cpython-35.pyc
[Log] Serializing /root/app/workdir/utility/__pycache__/regularization.cpython-35.pyc
[Log] Serializing /root/app/workdir/utility/__pycache__/run.cpython-35.pyc
[Log] Serializing /root/app/workdir/utility/__pycache__/configuration.cpython-35.pyc
[Log] Serializing /root/app/workdir/utility/__pycache__/models.cpython-35.pyc
[Log] Serializing /root/app/workdir/utility/__pycache__/generator.cpython-35.pyc
[Log] Serializing /root/app/workdir/utility/__pycache__/preprocessing.cpython-35.pyc
[Log] Serializing /root/app/workdir/utility/__pycache__/hyperparameteroptimization.cpython-35.pyc
[Log] Serializing /root/app/workdir/utility/__pycache__/enums.cpython-35.pyc
[Log] Serializing /root/app/workdir/utility/__pycache__/dataoperations.cpython-35.pyc
[Log] Serializing /root/app/workdir/datadefinitions/__pycache__/bpi2012.cpython-35.pyc
[Log] Serializing /root/app/workdir/datadefinitions/__pycache__/generic.cpython-35.pyc
Send training results
[Log] Cleaned working directory
[Log] Finished work package
[Log] Fetch work.
Results sent.
[Log] Training Work package received from server: caise2019_bpic2012 365876a7-dbe3-4c4a-9dea-a87fb4e8539f
[Log] Cleaned working directory
[Log] Deserializing 26 files 
[Log] Deserializing /root/app/workdir/caise2019_bpic2012.py
[Log] Deserializing /root/app/workdir/caise2019_bpic2017.py
[Log] Deserializing /root/app/workdir/caise2019_bpic2018.py
[Log] Deserializing /root/app/workdir/caise2019_c2k.py
[Log] Deserializing /root/app/workdir/caise2019_tt.py
[Log] Deserializing /root/app/workdir/requirements.txt
[Log] Deserializing /root/app/workdir/requirements_gpu.txt
[Log] Deserializing /root/app/workdir/version.xml
[Log] Deserializing /root/app/workdir/datadefinitions/bpi2012.py
[Log] Deserializing /root/app/workdir/datadefinitions/bpi2017.py
[Log] Deserializing /root/app/workdir/datadefinitions/bpi2018.py
[Log] Deserializing /root/app/workdir/datadefinitions/cargo2000.py
[Log] Deserializing /root/app/workdir/datadefinitions/cargo2000generic.py
[Log] Deserializing /root/app/workdir/datadefinitions/generic.py
[Log] Deserializing /root/app/workdir/datadefinitions/transformingtransport.py
[Log] Deserializing /root/app/workdir/datasets/bpi2012.csv
[Log] Deserializing /root/app/workdir/utility/configuration.py
[Log] Deserializing /root/app/workdir/utility/dataoperations.py
[Log] Deserializing /root/app/workdir/utility/enums.py
[Log] Deserializing /root/app/workdir/utility/exceptions.py
[Log] Deserializing /root/app/workdir/utility/generator.py
[Log] Deserializing /root/app/workdir/utility/hyperparameteroptimization.py
[Log] Deserializing /root/app/workdir/utility/models.py
[Log] Deserializing /root/app/workdir/utility/preprocessing.py
[Log] Deserializing /root/app/workdir/utility/regularization.py
[Log] Deserializing /root/app/workdir/utility/run.py
[Log] Deserialized 26 files
[Log] Processing training work package
[Log] Create worker process.
[Log] Create process for: /bin/bash -c "python3 caise2019_bpic2012.py" in /root/app/workdir
[Log] Starting process for: /bin/bash -c "python3 caise2019_bpic2012.py"
2019-02-26 01:07:40.988061: I tensorflow/core/platform/cpu_feature_guard.cc:141] Your CPU supports instructions that this TensorFlow binary was not compiled to use: AVX2 FMA
2019-02-26 01:07:41.060003: I tensorflow/stream_executor/cuda/cuda_gpu_executor.cc:897] successful NUMA node read from SysFS had negative value (-1), but there must be at least one NUMA node, so returning NUMA node zero
2019-02-26 01:07:41.060560: I tensorflow/core/common_runtime/gpu/gpu_device.cc:1392] Found device 0 with properties: 
name: GeForce GTX 1060 6GB major: 6 minor: 1 memoryClockRate(GHz): 1.7715
pciBusID: 0000:01:00.0
totalMemory: 5.93GiB freeMemory: 5.55GiB
2019-02-26 01:07:41.060591: I tensorflow/core/common_runtime/gpu/gpu_device.cc:1471] Adding visible gpu devices: 0
2019-02-26 01:07:41.646850: I tensorflow/core/common_runtime/gpu/gpu_device.cc:952] Device interconnect StreamExecutor with strength 1 edge matrix:
2019-02-26 01:07:41.646891: I tensorflow/core/common_runtime/gpu/gpu_device.cc:958]      0 
2019-02-26 01:07:41.646899: I tensorflow/core/common_runtime/gpu/gpu_device.cc:971] 0:   N 
2019-02-26 01:07:41.647112: I tensorflow/core/common_runtime/gpu/gpu_device.cc:1084] Created TensorFlow device (/job:localhost/replica:0/task:0/device:GPU:0 with 5323 MB memory) -> physical GPU (device: 0, name: GeForce GTX 1060 6GB, pci bus id: 0000:01:00.0, compute capability: 6.1)
batch_size defined: 64
validationdata_split defined: 0.2
max_sequencelength defined: 150000
neurons defined: 100
dropout defined: 0.1
save_model defined: True
testdata_split defined: 0.3333
traindata_split_index defined: 0
running defined: 0
rnntype defined: RnnType.LSTM
patience_reducelr defined: 10
bagging_putback defined: True
traindata_split defined: 1
datadefinition defined: <datadefinitions.bpi2012.BPI2012 object at 0x7fe6d32e0e10>
learningrate defined: 0.002
traindata_duplicate defined: 0
traindata_shuffle defined: False
bidirectional defined: False
gradientclipvalue defined: 3
bagging_size defined: 0.6
layers defined: 2
bagging defined: True
tensorboard defined: False
processor defined: Processor.GPU
patience_earlystopping defined: 40
cudnn defined: True
datageneration_pattern defined: DataGenerationPattern.Generator
max_epochs defined: 500
verbose defined: False
keras version: 2.2.2
tensorflow version: 1.9.0
tensorflow session cleaned
multi process gpu usage: enabled
tensorflow configured
no value found for datadefinition.featureweight at index 4, setting default value
no value found for datadefinition.featureweight at index 5, setting default value
read 190827 rows
sequences truncated to 150000
offset0: null
offset1: null
offset2: 0
offset3: 0
offset4: null
offset5: null
divisor0: null
divisor1: null
divisor2: 4.770425059696304
divisor3: 9547.828404708018
divisor4: null
divisor5: null
maxlen 106 
total chars: 23, target chars: 24
characters:  ['A', 'B', 'C', 'D', 'E', 'F', 'G', 'H', 'I', 'J', 'K', 'L', 'M', 'N', 'O', 'P', 'Q', 'R', 'S', 'T', 'U', 'V', 'W']
unique characters:  ['A', 'B', 'C', 'D', 'E', 'F', 'G', 'H', 'I', 'J', 'K', 'L', 'M', 'N', 'O', 'P', 'Q', 'R', 'S', 'T', 'U', 'V', 'W']
total chars: 68, target chars: 69
characters:  ['10124', '10125', '10138', '10188', '10228', '10609', '10629', '10779', '10789', '10809', '10821', '10859', '10861', '10862', '10863', '10880', '10881', '10889', '10899', '10909', '10910', '10912', '10913', '10914', '10929', '10931', '10932', '10933', '10935', '10939', '10971', '10972', '10982', '11000', '11001', '11002', '11003', '11009', '11019', '11029', '11049', '11079', '11111', '11119', '11120', '11121', '11122', '11169', '11179', '11180', '11181', '11189', '112', '11200', '11201', '11202', '11203', '11254', '11259', '11269', '11289', '11299', '11300', '11302', '11304', '11309', '11319', '11339']
unique characters:  ['0', '1', '2', '3', '4', '5', '6', '7', '8', '9']
total chars: 2, target chars: 3
characters:  ['False', 'True']
unique characters:  ['F', 'T', 'a', 'e', 'l', 'r', 's', 'u']
category vectors length: 91
num features: 94
6980 sequences in train data
4362 sequences in test data
1745 sequences in validation data
6980 elements before bagging with putback True
4188 elements after bagging with putback True
created generator with with 4188 sequences and 61068 sentences
created generator with with 1745 sequences and 26772 sentences
created sentence generators
Generators detected: Vectorization will be performed during runtime
Build model...
imported keras API for model creation
creating stateless cudnn lstm model
_________________________________________________________________
Layer (type)                 Output Shape              Param #   
=================================================================
cu_dnnlstm_1 (CuDNNLSTM)     (None, 106, 100)          78400     
_________________________________________________________________
batch_normalization_1 (Batch (None, 106, 100)          400       
_________________________________________________________________
cu_dnnlstm_2 (CuDNNLSTM)     (None, 100)               80800     
_________________________________________________________________
batch_normalization_2 (Batch (None, 100)               400       
_________________________________________________________________
time_output (Dense)          (None, 1)                 101       
=================================================================
Total params: 160,101
Trainable params: 159,701
Non-trainable params: 400
_________________________________________________________________
Epoch 1/500
 - 62s - loss: 0.4414 - val_loss: 0.3849
Epoch 2/500
 - 61s - loss: 0.3886 - val_loss: 0.3455
Epoch 3/500
 - 60s - loss: 0.3845 - val_loss: 0.3235
Epoch 4/500
 - 61s - loss: 0.3784 - val_loss: 0.5074
Epoch 5/500
 - 61s - loss: 0.3695 - val_loss: 0.3339
Epoch 6/500
 - 61s - loss: 0.3710 - val_loss: 0.3315
Epoch 7/500
 - 61s - loss: 0.3651 - val_loss: 0.3115
Epoch 8/500
 - 61s - loss: 0.3648 - val_loss: 0.2955
Epoch 9/500
 - 59s - loss: 0.3637 - val_loss: 0.3075
Epoch 10/500
 - 53s - loss: 0.3761 - val_loss: 0.3687
Epoch 11/500
 - 61s - loss: 0.3641 - val_loss: 0.3784
Epoch 12/500
 - 61s - loss: 0.3704 - val_loss: 0.3157
Epoch 13/500
 - 60s - loss: 0.3596 - val_loss: 0.3069
Epoch 14/500
 - 61s - loss: 0.3557 - val_loss: 0.3203
Epoch 15/500
 - 61s - loss: 0.3624 - val_loss: 0.3005
Epoch 16/500
 - 61s - loss: 0.3597 - val_loss: 0.2860
Epoch 17/500
 - 61s - loss: 0.3540 - val_loss: 0.2999
Epoch 18/500
 - 60s - loss: 0.3527 - val_loss: 0.2919
Epoch 19/500
 - 61s - loss: 0.3481 - val_loss: 0.3152
Epoch 20/500
 - 61s - loss: 0.3539 - val_loss: 0.3082
Epoch 21/500
 - 61s - loss: 0.3535 - val_loss: 0.2968
Epoch 22/500
 - 61s - loss: 0.3522 - val_loss: 0.3189
Epoch 23/500
 - 61s - loss: 0.3504 - val_loss: 0.3286
Epoch 24/500
 - 61s - loss: 0.3533 - val_loss: 0.3237
Epoch 25/500
 - 61s - loss: 0.3510 - val_loss: 0.3067
Epoch 26/500
 - 60s - loss: 0.3452 - val_loss: 0.3001
Epoch 27/500
 - 61s - loss: 0.3418 - val_loss: 0.3066
Epoch 28/500
 - 61s - loss: 0.3416 - val_loss: 0.3203
Epoch 29/500
 - 61s - loss: 0.3426 - val_loss: 0.3190
Epoch 30/500
 - 61s - loss: 0.3434 - val_loss: 0.2907
Epoch 31/500
 - 60s - loss: 0.3315 - val_loss: 0.3258
Epoch 32/500
 - 61s - loss: 0.3413 - val_loss: 0.3120
Epoch 33/500
 - 61s - loss: 0.3402 - val_loss: 0.3172
Epoch 34/500
 - 61s - loss: 0.3389 - val_loss: 0.3058
Epoch 35/500
 - 61s - loss: 0.3298 - val_loss: 0.3082
Epoch 36/500
 - 60s - loss: 0.3348 - val_loss: 0.3120
Epoch 37/500
 - 61s - loss: 0.3357 - val_loss: 0.3017
Epoch 38/500
 - 50s - loss: 0.3294 - val_loss: 0.3073
Epoch 39/500
 - 61s - loss: 0.3312 - val_loss: 0.2965
Epoch 40/500
 - 61s - loss: 0.3341 - val_loss: 0.2994
Epoch 41/500
 - 61s - loss: 0.3237 - val_loss: 0.3082
Epoch 42/500
 - 61s - loss: 0.3264 - val_loss: 0.3028
Epoch 43/500
 - 61s - loss: 0.3256 - val_loss: 0.3074
Epoch 44/500
 - 61s - loss: 0.3227 - val_loss: 0.2998
Epoch 45/500
 - 61s - loss: 0.3253 - val_loss: 0.3065
Epoch 46/500
 - 61s - loss: 0.3246 - val_loss: 0.3235
Epoch 47/500
 - 61s - loss: 0.3176 - val_loss: 0.3038
Epoch 48/500
 - 61s - loss: 0.3321 - val_loss: 0.3117
Epoch 49/500
 - 61s - loss: 0.3286 - val_loss: 0.3099
Epoch 50/500
 - 61s - loss: 0.3188 - val_loss: 0.2999
Epoch 51/500
 - 61s - loss: 0.3202 - val_loss: 0.3064
Epoch 52/500
 - 61s - loss: 0.3221 - val_loss: 0.3053
Epoch 53/500
 - 61s - loss: 0.3215 - val_loss: 0.3066
Epoch 54/500
 - 61s - loss: 0.3169 - val_loss: 0.3003
Epoch 55/500
 - 61s - loss: 0.3195 - val_loss: 0.2986
Epoch 56/500
 - 61s - loss: 0.3184 - val_loss: 0.3052
/usr/lib/python3.5/importlib/_bootstrap.py:222: RuntimeWarning: numpy.dtype size changed, may indicate binary incompatibility. Expected 96, got 88
Load model for predictions...
imported keras API for model creation
creating stateless cudnn lstm model
Model loaded from checkpoint
_________________________________________________________________
Layer (type)                 Output Shape              Param #   
=================================================================
cu_dnnlstm_3 (CuDNNLSTM)     (None, 106, 100)          78400     
_________________________________________________________________
  return f(*args, **kwds)
batch_normalization_3 (Batch (None, 106, 100)          400       
Using TensorFlow backend.
/usr/lib/python3.5/importlib/_bootstrap.py:222: RuntimeWarning: numpy.dtype size changed, may indicate binary incompatibility. Expected 96, got 88
_________________________________________________________________
  return f(*args, **kwds)
cu_dnnlstm_4 (CuDNNLSTM)     (None, 100)               80800     
/usr/lib/python3.5/importlib/_bootstrap.py:222: RuntimeWarning: numpy.dtype size changed, may indicate binary incompatibility. Expected 96, got 88
_________________________________________________________________
batch_normalization_4 (Batch (None, 100)               400       
_________________________________________________________________
  return f(*args, **kwds)
time_output (Dense)          (None, 1)                 101       
=================================================================
Total params: 160,101
Trainable params: 159,701
Non-trainable params: 400
_________________________________________________________________
Make predictions...
sequences: 4362
finished prediction
tensorflow session cleaned
[Log] Finished process for: /bin/bash -c "python3 caise2019_bpic2012.py"
[Log] Process finished.
