[Log] Serializing /root/app/workdir/0_results.csv
[Log] Serializing /root/app/workdir/0_epochlogs.epochlog
[Log] Serializing /root/app/workdir/0_model.h5
Send training results
[Log] Cleaned working directory
[Log] Finished work package
[Log] Fetch work.
Results sent.
[Log] Training Work package received from server: caise2019_trafficfine fa5a54b8-b578-4114-8e23-1114993d97f7
[Log] Cleaned working directory
[Log] Deserializing 23 files 
[Log] Deserializing /root/app/workdir/roadtraffic_train_and_predict.py
[Log] Deserializing /root/app/workdir/version.xml
[Log] Deserializing /root/app/workdir/datadefinitions/bpi2012.py
[Log] Deserializing /root/app/workdir/datadefinitions/bpi2017.py
[Log] Deserializing /root/app/workdir/datadefinitions/bpi2018.py
[Log] Deserializing /root/app/workdir/datadefinitions/cargo2000.py
[Log] Deserializing /root/app/workdir/datadefinitions/cargo2000generic.py
[Log] Deserializing /root/app/workdir/datadefinitions/generic.py
[Log] Deserializing /root/app/workdir/datadefinitions/road_traffic_fine_management.py
[Log] Deserializing /root/app/workdir/datadefinitions/sepsis.py
[Log] Deserializing /root/app/workdir/datadefinitions/transformingtransport.py
[Log] Deserializing /root/app/workdir/datasets/road_traffic_fine_management.csv
[Log] Deserializing /root/app/workdir/utility/configuration.py
[Log] Deserializing /root/app/workdir/utility/dataoperations.py
[Log] Deserializing /root/app/workdir/utility/enums.py
[Log] Deserializing /root/app/workdir/utility/exceptions.py
[Log] Deserializing /root/app/workdir/utility/generator.py
[Log] Deserializing /root/app/workdir/utility/hyperparameteroptimization.py
[Log] Deserializing /root/app/workdir/utility/models.py
[Log] Deserializing /root/app/workdir/utility/preprocessing.py
[Log] Deserializing /root/app/workdir/utility/regularization.py
[Log] Deserializing /root/app/workdir/utility/run.py
[Log] Deserializing /root/app/workdir/utility/send_results.py
[Log] Deserialized 23 files
[Log] Processing training work package
[Log] Create worker process.
[Log] Create process for: /bin/bash -c "python3 roadtraffic_train_and_predict.py" in /root/app/workdir
[Log] Starting process for: /bin/bash -c "python3 roadtraffic_train_and_predict.py"
2019-03-02 04:41:15.006618: I tensorflow/core/platform/cpu_feature_guard.cc:141] Your CPU supports instructions that this TensorFlow binary was not compiled to use: AVX2 FMA
2019-03-02 04:41:15.079107: I tensorflow/stream_executor/cuda/cuda_gpu_executor.cc:897] successful NUMA node read from SysFS had negative value (-1), but there must be at least one NUMA node, so returning NUMA node zero
2019-03-02 04:41:15.079640: I tensorflow/core/common_runtime/gpu/gpu_device.cc:1392] Found device 0 with properties: 
name: GeForce GTX 1060 6GB major: 6 minor: 1 memoryClockRate(GHz): 1.7715
pciBusID: 0000:01:00.0
totalMemory: 5.92GiB freeMemory: 5.52GiB
2019-03-02 04:41:15.079663: I tensorflow/core/common_runtime/gpu/gpu_device.cc:1471] Adding visible gpu devices: 0
2019-03-02 04:41:15.677955: I tensorflow/core/common_runtime/gpu/gpu_device.cc:952] Device interconnect StreamExecutor with strength 1 edge matrix:
2019-03-02 04:41:15.677980: I tensorflow/core/common_runtime/gpu/gpu_device.cc:958]      0 
2019-03-02 04:41:15.677987: I tensorflow/core/common_runtime/gpu/gpu_device.cc:971] 0:   N 
2019-03-02 04:41:15.678221: I tensorflow/core/common_runtime/gpu/gpu_device.cc:1084] Created TensorFlow device (/job:localhost/replica:0/task:0/device:GPU:0 with 5289 MB memory) -> physical GPU (device: 0, name: GeForce GTX 1060 6GB, pci bus id: 0000:01:00.0, compute capability: 6.1)
rnntype defined: RnnType.LSTM
save_model defined: True
dropout defined: 0.1
datageneration_pattern defined: DataGenerationPattern.Generator
datadefinition defined: <datadefinitions.road_traffic_fine_management.RoadTrafficFine object at 0x7f4bd6e9af98>
validationdata_split defined: 0.2
traindata_split_index defined: 0
layers defined: 2
cudnn defined: True
processor defined: Processor.GPU
patience_earlystopping defined: 40
running defined: 0
tensorboard defined: False
verbose defined: False
max_sequencelength defined: 150000
batch_size defined: 64
neurons defined: 100
bagging_size defined: 0.8
bidirectional defined: False
patience_reducelr defined: 10
testdata_split defined: 0.3333
bagging defined: True
gradientclipvalue defined: 3
traindata_split defined: 1
target_host defined: 
traindata_shuffle defined: False
traindata_duplicate defined: 0
learningrate defined: 0.002
bagging_putback defined: True
max_epochs defined: 500
keras version: 2.2.2
tensorflow version: 1.9.0
tensorflow session cleaned
multi process gpu usage: enabled
tensorflow configured
read 561470 rows
sequences truncated to 150000
offset0: null
offset1: null
offset2: null
offset3: null
offset4: 0
offset5: 0
offset6: 0
offset7: 0
offset8: 0
offset9: null
offset10: null
divisor0: null
divisor1: null
divisor2: null
divisor3: null
divisor4: 147.96269613692627
divisor5: 7.777812100379358
divisor6: 62.31673109872299
divisor7: 7.018027374570325
divisor8: 0.1074928313177908
divisor9: null
divisor10: null
maxlen 20 
total chars: 11, target chars: 12
characters:  ['A', 'B', 'C', 'D', 'E', 'F', 'G', 'H', 'I', 'J', 'K']
unique characters:  ['A', 'B', 'C', 'D', 'E', 'F', 'G', 'H', 'I', 'J', 'K']
total chars: 148, target chars: 149
characters:  ['0', '10', '11', '12', '13', '14', '15', '16', '17', '18', '19', '20', '21', '22', '23', '24', '25', '26', '27', '28', '29', '3', '30', '31', '32', '33', '34', '35', '36', '37', '38', '39', '4', '40', '41', '42', '43', '44', '45', '46', '47', '48', '49', '50', '51', '52', '53', '536', '537', '538', '54', '540', '541', '546', '548', '55', '550', '551', '552', '553', '554', '555', '556', '557', '558', '559', '56', '560', '561', '562', '563', '564', '565', '566', '567', '568', '57', '58', '59', '60', '61', '62', '63', '64', '65', '66', '704', '8', '802', '807', '808', '810', '811', '813', '816', '817', '818', '819', '820', '821', '823', '824', '825', '826', '827', '828', '829', '830', '831', '832', '833', '834', '835', '836', '837', '838', '839', '840', '841', '842', '843', '844', '845', '846', '847', '848', '849', '850', '851', '852', '853', '854', '855', '856', '857', '858', '859', '860', '861', '862', '864', '865', '866', '867', '868', '869', '870', '9']
unique characters:  ['0', '1', '2', '3', '4', '5', '6', '7', '8', '9']
total chars: 66, target chars: 67
characters:  ['100', '102', '115', '116', '122', '125', '126', '132', '135', '136', '141', '142', '143', '144', '145', '146', '148', '149', '15', '152', '153', '154', '155', '156', '157', '158', '159', '161', '164', '167', '169', '170', '171', '172', '173', '180', '181', '186', '187', '188', '189', '190', '191', '192', '193', '20', '21', '213', '214', '218', '23', '29', '40', '401', '41', '43', '61', '64', '68', '7', '71', '72', '79', '80', '94', '97']
unique characters:  ['0', '1', '2', '3', '4', '5', '6', '7', '8', '9']
total chars: 4, target chars: 5
characters:  ['A', 'C', 'M', 'R']
unique characters:  ['A', 'C', 'M', 'R']
total chars: 2, target chars: 3
characters:  ['False', 'True']
unique characters:  ['F', 'T', 'a', 'e', 'l', 'r', 's', 'u']
category vectors length: 229
num features: 235
80200 sequences in train data
50119 sequences in test data
20051 sequences in validation data
80200 elements before bagging with putback True
64160 elements after bagging with putback True
created generator with with 64160 sequences and 239690 sentences
created generator with with 20051 sequences and 71074 sentences
created sentence generators
Generators detected: Vectorization will be performed during runtime
Build model...
imported keras API for model creation
creating stateless cudnn lstm model
_________________________________________________________________
Layer (type)                 Output Shape              Param #   
=================================================================
cu_dnnlstm_1 (CuDNNLSTM)     (None, 20, 100)           134800    
_________________________________________________________________
batch_normalization_1 (Batch (None, 20, 100)           400       
_________________________________________________________________
cu_dnnlstm_2 (CuDNNLSTM)     (None, 100)               80800     
_________________________________________________________________
batch_normalization_2 (Batch (None, 100)               400       
_________________________________________________________________
time_output (Dense)          (None, 1)                 101       
=================================================================
Total params: 216,501
Trainable params: 216,101
Non-trainable params: 400
_________________________________________________________________
Epoch 1/500
 - 77s - loss: 0.2640 - val_loss: 0.2728
Epoch 2/500
 - 59s - loss: 0.2381 - val_loss: 0.2749
Epoch 3/500
 - 79s - loss: 0.2385 - val_loss: 0.3097
Epoch 4/500
 - 79s - loss: 0.2379 - val_loss: 0.2722
Epoch 5/500
 - 80s - loss: 0.2323 - val_loss: 0.2517
Epoch 6/500
 - 80s - loss: 0.2275 - val_loss: 0.2552
Epoch 7/500
 - 80s - loss: 0.2252 - val_loss: 0.2569
Epoch 8/500
 - 80s - loss: 0.2236 - val_loss: 0.2620
Epoch 9/500
 - 80s - loss: 0.2230 - val_loss: 0.2524
Epoch 10/500
 - 58s - loss: 0.2217 - val_loss: 0.2515
Epoch 11/500
 - 67s - loss: 0.2208 - val_loss: 0.2566
Epoch 12/500
 - 79s - loss: 0.2208 - val_loss: 0.2439
Epoch 13/500
 - 79s - loss: 0.2194 - val_loss: 0.2542
Epoch 14/500
 - 80s - loss: 0.2188 - val_loss: 0.2496
Epoch 15/500
 - 80s - loss: 0.2183 - val_loss: 0.2473
Epoch 16/500
 - 80s - loss: 0.2173 - val_loss: 0.2505
Epoch 17/500
 - 79s - loss: 0.2172 - val_loss: 0.2494
Epoch 18/500
 - 58s - loss: 0.2165 - val_loss: 0.2473
Epoch 19/500
 - 69s - loss: 0.2156 - val_loss: 0.2470
Epoch 20/500
 - 80s - loss: 0.2162 - val_loss: 0.2576
Epoch 21/500
 - 79s - loss: 0.2157 - val_loss: 0.2482
Epoch 22/500
 - 80s - loss: 0.2147 - val_loss: 0.2464
Epoch 23/500
 - 79s - loss: 0.2135 - val_loss: 0.2480
Epoch 24/500
 - 79s - loss: 0.2131 - val_loss: 0.2483
Epoch 25/500
 - 80s - loss: 0.2120 - val_loss: 0.2481
Epoch 26/500
 - 77s - loss: 0.2120 - val_loss: 0.2448
Epoch 27/500
 - 59s - loss: 0.2113 - val_loss: 0.2504
Epoch 28/500
 - 72s - loss: 0.2105 - val_loss: 0.2523
Epoch 29/500
 - 80s - loss: 0.2103 - val_loss: 0.2511
Epoch 30/500
 - 79s - loss: 0.2107 - val_loss: 0.2488
Epoch 31/500
 - 79s - loss: 0.2104 - val_loss: 0.2491
Epoch 32/500
 - 79s - loss: 0.2102 - val_loss: 0.2508
Epoch 33/500
 - 80s - loss: 0.2093 - val_loss: 0.2517
Epoch 34/500
 - 80s - loss: 0.2083 - val_loss: 0.2503
Epoch 35/500
 - 75s - loss: 0.2086 - val_loss: 0.2511
Epoch 36/500
 - 59s - loss: 0.2082 - val_loss: 0.2500
Epoch 37/500
 - 79s - loss: 0.2079 - val_loss: 0.2519
Epoch 38/500
 - 80s - loss: 0.2075 - val_loss: 0.2533
Epoch 39/500
 - 79s - loss: 0.2087 - val_loss: 0.2530
Epoch 40/500
 - 80s - loss: 0.2076 - val_loss: 0.2532
Epoch 41/500
 - 79s - loss: 0.2067 - val_loss: 0.2514
Epoch 42/500
 - 79s - loss: 0.2075 - val_loss: 0.2528
Epoch 43/500
 - 77s - loss: 0.2067 - val_loss: 0.2540
Epoch 44/500
 - 57s - loss: 0.2058 - val_loss: 0.2554
Epoch 45/500
 - 74s - loss: 0.2053 - val_loss: 0.2537
Epoch 46/500
 - 79s - loss: 0.2064 - val_loss: 0.2520
Epoch 47/500
 - 79s - loss: 0.2060 - val_loss: 0.2552
Epoch 48/500
 - 79s - loss: 0.2053 - val_loss: 0.2549
Epoch 49/500
 - 79s - loss: 0.2057 - val_loss: 0.2556
Epoch 50/500
 - 79s - loss: 0.2049 - val_loss: 0.2545
Epoch 51/500
 - 80s - loss: 0.2053 - val_loss: 0.2544
Epoch 52/500
 - 62s - loss: 0.2056 - val_loss: 0.2539
/usr/lib/python3.5/importlib/_bootstrap.py:222: RuntimeWarning: numpy.dtype size changed, may indicate binary incompatibility. Expected 96, got 88
Load model for predictions...
imported keras API for model creation
creating stateless cudnn lstm model
Model loaded from checkpoint
_________________________________________________________________
Layer (type)                 Output Shape              Param #   
=================================================================
  return f(*args, **kwds)
cu_dnnlstm_3 (CuDNNLSTM)     (None, 20, 100)           134800    
Using TensorFlow backend.
_________________________________________________________________
/usr/lib/python3.5/importlib/_bootstrap.py:222: RuntimeWarning: numpy.dtype size changed, may indicate binary incompatibility. Expected 96, got 88
batch_normalization_3 (Batch (None, 20, 100)           400       
  return f(*args, **kwds)
/usr/lib/python3.5/importlib/_bootstrap.py:222: RuntimeWarning: numpy.dtype size changed, may indicate binary incompatibility. Expected 96, got 88
_________________________________________________________________
cu_dnnlstm_4 (CuDNNLSTM)     (None, 100)               80800     
  return f(*args, **kwds)
_________________________________________________________________
batch_normalization_4 (Batch (None, 100)               400       
_________________________________________________________________
time_output (Dense)          (None, 1)                 101       
=================================================================
Total params: 216,501
Trainable params: 216,101
Non-trainable params: 400
_________________________________________________________________
Make predictions...
sequences: 50119
finished prediction
tensorflow session cleaned
[Log] Finished process for: /bin/bash -c "python3 roadtraffic_train_and_predict.py"
[Log] Process finished.
